[1.745s] Invoking command in '/home/fideow/ROBOCON25_simulation-master/src/lidar_avoidance': PYTHONPATH=/home/fideow/ROBOCON25_simulation-master/src/build/lidar_avoidance/prefix_override:/usr/lib/python3/dist-packages/colcon_core/task/python/colcon_distutils_commands:/home/fideow/ROBOCON25_simulation-master/src/install/lidar_avoidance/lib/python3.10/site-packages:${PYTHONPATH} /usr/bin/python3 -W ignore:setup.py install is deprecated -W ignore:easy_install command is deprecated setup.py egg_info --egg-base ../build/lidar_avoidance build --build-base /home/fideow/ROBOCON25_simulation-master/src/build/lidar_avoidance/build install --record /home/fideow/ROBOCON25_simulation-master/src/build/lidar_avoidance/install.log --single-version-externally-managed install_data
[2.151s] running egg_info
[2.151s] creating ../build/lidar_avoidance/lidar_avoidance.egg-info
[2.151s] writing ../build/lidar_avoidance/lidar_avoidance.egg-info/PKG-INFO
[2.151s] writing dependency_links to ../build/lidar_avoidance/lidar_avoidance.egg-info/dependency_links.txt
[2.151s] writing entry points to ../build/lidar_avoidance/lidar_avoidance.egg-info/entry_points.txt
[2.151s] writing requirements to ../build/lidar_avoidance/lidar_avoidance.egg-info/requires.txt
[2.151s] writing top-level names to ../build/lidar_avoidance/lidar_avoidance.egg-info/top_level.txt
[2.151s] writing manifest file '../build/lidar_avoidance/lidar_avoidance.egg-info/SOURCES.txt'
[2.151s] reading manifest file '../build/lidar_avoidance/lidar_avoidance.egg-info/SOURCES.txt'
[2.152s] writing manifest file '../build/lidar_avoidance/lidar_avoidance.egg-info/SOURCES.txt'
[2.152s] running build
[2.152s] running build_py
[2.152s] creating /home/fideow/ROBOCON25_simulation-master/src/build/lidar_avoidance/build
[2.152s] creating /home/fideow/ROBOCON25_simulation-master/src/build/lidar_avoidance/build/lib
[2.152s] creating /home/fideow/ROBOCON25_simulation-master/src/build/lidar_avoidance/build/lib/lidar_avoidance
[2.152s] copying lidar_avoidance/avoidance.py -> /home/fideow/ROBOCON25_simulation-master/src/build/lidar_avoidance/build/lib/lidar_avoidance
[2.152s] copying lidar_avoidance/__init__.py -> /home/fideow/ROBOCON25_simulation-master/src/build/lidar_avoidance/build/lib/lidar_avoidance
[2.153s] running install
[2.153s] running install_lib
[2.154s] creating /home/fideow/ROBOCON25_simulation-master/src/install/lidar_avoidance/lib/python3.10/site-packages/lidar_avoidance
[2.155s] copying /home/fideow/ROBOCON25_simulation-master/src/build/lidar_avoidance/build/lib/lidar_avoidance/avoidance.py -> /home/fideow/ROBOCON25_simulation-master/src/install/lidar_avoidance/lib/python3.10/site-packages/lidar_avoidance
[2.155s] copying /home/fideow/ROBOCON25_simulation-master/src/build/lidar_avoidance/build/lib/lidar_avoidance/__init__.py -> /home/fideow/ROBOCON25_simulation-master/src/install/lidar_avoidance/lib/python3.10/site-packages/lidar_avoidance
[2.159s] byte-compiling /home/fideow/ROBOCON25_simulation-master/src/install/lidar_avoidance/lib/python3.10/site-packages/lidar_avoidance/avoidance.py to avoidance.cpython-310.pyc
[2.159s] byte-compiling /home/fideow/ROBOCON25_simulation-master/src/install/lidar_avoidance/lib/python3.10/site-packages/lidar_avoidance/__init__.py to __init__.cpython-310.pyc
[2.159s] running install_data
[2.160s] creating /home/fideow/ROBOCON25_simulation-master/src/install/lidar_avoidance/share/ament_index
[2.160s] creating /home/fideow/ROBOCON25_simulation-master/src/install/lidar_avoidance/share/ament_index/resource_index
[2.160s] creating /home/fideow/ROBOCON25_simulation-master/src/install/lidar_avoidance/share/ament_index/resource_index/packages
[2.160s] copying resource/lidar_avoidance -> /home/fideow/ROBOCON25_simulation-master/src/install/lidar_avoidance/share/ament_index/resource_index/packages
[2.160s] copying package.xml -> /home/fideow/ROBOCON25_simulation-master/src/install/lidar_avoidance/share/lidar_avoidance
[2.161s] creating /home/fideow/ROBOCON25_simulation-master/src/install/lidar_avoidance/share/lidar_avoidance/launch
[2.161s] copying launch/avoidance.launch.py -> /home/fideow/ROBOCON25_simulation-master/src/install/lidar_avoidance/share/lidar_avoidance/launch
[2.161s] running install_egg_info
[2.164s] Copying ../build/lidar_avoidance/lidar_avoidance.egg-info to /home/fideow/ROBOCON25_simulation-master/src/install/lidar_avoidance/lib/python3.10/site-packages/lidar_avoidance-0.0.0-py3.10.egg-info
[2.165s] running install_scripts
[2.206s] Installing lidar_avoidance script to /home/fideow/ROBOCON25_simulation-master/src/install/lidar_avoidance/lib/lidar_avoidance
[2.206s] writing list of installed files to '/home/fideow/ROBOCON25_simulation-master/src/build/lidar_avoidance/install.log'
[2.257s] Invoked command in '/home/fideow/ROBOCON25_simulation-master/src/lidar_avoidance' returned '0': PYTHONPATH=/home/fideow/ROBOCON25_simulation-master/src/build/lidar_avoidance/prefix_override:/usr/lib/python3/dist-packages/colcon_core/task/python/colcon_distutils_commands:/home/fideow/ROBOCON25_simulation-master/src/install/lidar_avoidance/lib/python3.10/site-packages:${PYTHONPATH} /usr/bin/python3 -W ignore:setup.py install is deprecated -W ignore:easy_install command is deprecated setup.py egg_info --egg-base ../build/lidar_avoidance build --build-base /home/fideow/ROBOCON25_simulation-master/src/build/lidar_avoidance/build install --record /home/fideow/ROBOCON25_simulation-master/src/build/lidar_avoidance/install.log --single-version-externally-managed install_data
