-- The C compiler identification is GNU 11.4.0
-- The CXX compiler identification is GNU 11.4.0
-- Detecting C compiler ABI info
-- Detecting C compiler ABI info - done
-- Check for working C compiler: /usr/bin/cc - skipped
-- Detecting C compile features
-- Detecting C compile features - done
-- Detecting CXX compiler ABI info
-- Detecting CXX compiler ABI info - done
-- Check for working CXX compiler: /usr/bin/c++ - skipped
-- Detecting CXX compile features
-- Detecting CXX compile features - done
-- Found ament_cmake_auto: 1.3.11 (/opt/ros/humble/share/ament_cmake_auto/cmake)
-- Found Python3: /usr/bin/python3 (found version "3.10.12") found components: Interpreter 
-- Override CMake install command with custom implementation using symlinks instead of copying resources
-- Configuring done
-- Generating done
-- Build files have been written to: /home/furry/Desktop/ARES_simulation_master/build/ares_bringup
-- Install configuration: ""
-- Execute custom install script
-- Symlinking: /home/furry/Desktop/ARES_simulation_master/install/ares_bringup/share/ares_bringup/launch/bringup.launch.py
-- Symlinking: /home/furry/Desktop/ARES_simulation_master/install/ares_bringup/share/ament_index/resource_index/package_run_dependencies/ares_bringup
-- Symlinking: /home/furry/Desktop/ARES_simulation_master/install/ares_bringup/share/ament_index/resource_index/parent_prefix_path/ares_bringup
-- Symlinking: /home/furry/Desktop/ARES_simulation_master/install/ares_bringup/share/ares_bringup/environment/ament_prefix_path.sh
-- Symlinking: /home/furry/Desktop/ARES_simulation_master/install/ares_bringup/share/ares_bringup/environment/ament_prefix_path.dsv
-- Symlinking: /home/furry/Desktop/ARES_simulation_master/install/ares_bringup/share/ares_bringup/environment/path.sh
-- Symlinking: /home/furry/Desktop/ARES_simulation_master/install/ares_bringup/share/ares_bringup/environment/path.dsv
-- Symlinking: /home/furry/Desktop/ARES_simulation_master/install/ares_bringup/share/ares_bringup/local_setup.bash
-- Symlinking: /home/furry/Desktop/ARES_simulation_master/install/ares_bringup/share/ares_bringup/local_setup.sh
-- Symlinking: /home/furry/Desktop/ARES_simulation_master/install/ares_bringup/share/ares_bringup/local_setup.zsh
-- Symlinking: /home/furry/Desktop/ARES_simulation_master/install/ares_bringup/share/ares_bringup/local_setup.dsv
-- Symlinking: /home/furry/Desktop/ARES_simulation_master/install/ares_bringup/share/ares_bringup/package.dsv
-- Symlinking: /home/furry/Desktop/ARES_simulation_master/install/ares_bringup/share/ament_index/resource_index/packages/ares_bringup
-- Symlinking: /home/furry/Desktop/ARES_simulation_master/install/ares_bringup/share/ares_bringup/cmake/ares_bringupConfig.cmake
-- Symlinking: /home/furry/Desktop/ARES_simulation_master/install/ares_bringup/share/ares_bringup/cmake/ares_bringupConfig-version.cmake
-- Symlinking: /home/furry/Desktop/ARES_simulation_master/install/ares_bringup/share/ares_bringup/package.xml
