[0.023s] Invoking command in '/home/furry/Desktop/ARES_simulation_master/build/ares_bringup': CMAKE_PREFIX_PATH=${CMAKE_PREFIX_PATH}:/home/furry/Desktop/dog/install/laser:/opt/ros/humble /usr/bin/cmake /home/furry/Desktop/ARES_simulation_master/src/ares_bringup -DAMENT_CMAKE_SYMLINK_INSTALL=1 -DCMAKE_INSTALL_PREFIX=/home/furry/Desktop/ARES_simulation_master/install/ares_bringup
[0.593s] -- The C compiler identification is GNU 11.4.0
[0.593s] -- The CXX compiler identification is GNU 11.4.0
[0.593s] -- Detecting C compiler ABI info
[0.593s] -- Detecting C compiler ABI info - done
[0.593s] -- Check for working C compiler: /usr/bin/cc - skipped
[0.593s] -- Detecting C compile features
[0.593s] -- Detecting C compile features - done
[0.593s] -- Detecting CXX compiler ABI info
[0.593s] -- Detecting CXX compiler ABI info - done
[0.593s] -- Check for working CXX compiler: /usr/bin/c++ - skipped
[0.593s] -- Detecting CXX compile features
[0.593s] -- Detecting CXX compile features - done
[0.593s] -- Found ament_cmake_auto: 1.3.11 (/opt/ros/humble/share/ament_cmake_auto/cmake)
[0.593s] -- Found Python3: /usr/bin/python3 (found version "3.10.12") found components: Interpreter 
[0.593s] -- Override CMake install command with custom implementation using symlinks instead of copying resources
[0.593s] -- Configuring done
[0.593s] -- Generating done
[0.593s] -- Build files have been written to: /home/furry/Desktop/ARES_simulation_master/build/ares_bringup
[0.737s] Invoked command in '/home/furry/Desktop/ARES_simulation_master/build/ares_bringup' returned '0': CMAKE_PREFIX_PATH=${CMAKE_PREFIX_PATH}:/home/furry/Desktop/dog/install/laser:/opt/ros/humble /usr/bin/cmake /home/furry/Desktop/ARES_simulation_master/src/ares_bringup -DAMENT_CMAKE_SYMLINK_INSTALL=1 -DCMAKE_INSTALL_PREFIX=/home/furry/Desktop/ARES_simulation_master/install/ares_bringup
[0.738s] Invoking command in '/home/furry/Desktop/ARES_simulation_master/build/ares_bringup': CMAKE_PREFIX_PATH=${CMAKE_PREFIX_PATH}:/home/furry/Desktop/dog/install/laser:/opt/ros/humble /usr/bin/cmake --build /home/furry/Desktop/ARES_simulation_master/build/ares_bringup -- -j24 -l24
[0.770s] Invoked command in '/home/furry/Desktop/ARES_simulation_master/build/ares_bringup' returned '0': CMAKE_PREFIX_PATH=${CMAKE_PREFIX_PATH}:/home/furry/Desktop/dog/install/laser:/opt/ros/humble /usr/bin/cmake --build /home/furry/Desktop/ARES_simulation_master/build/ares_bringup -- -j24 -l24
[0.772s] Invoking command in '/home/furry/Desktop/ARES_simulation_master/build/ares_bringup': CMAKE_PREFIX_PATH=${CMAKE_PREFIX_PATH}:/home/furry/Desktop/dog/install/laser:/opt/ros/humble /usr/bin/cmake --install /home/furry/Desktop/ARES_simulation_master/build/ares_bringup
[0.779s] -- Install configuration: ""
[0.779s] -- Execute custom install script
[0.780s] -- Symlinking: /home/furry/Desktop/ARES_simulation_master/install/ares_bringup/share/ares_bringup/launch/bringup.launch.py
[0.786s] -- Symlinking: /home/furry/Desktop/ARES_simulation_master/install/ares_bringup/share/ament_index/resource_index/package_run_dependencies/ares_bringup
[0.792s] -- Symlinking: /home/furry/Desktop/ARES_simulation_master/install/ares_bringup/share/ament_index/resource_index/parent_prefix_path/ares_bringup
[0.798s] -- Symlinking: /home/furry/Desktop/ARES_simulation_master/install/ares_bringup/share/ares_bringup/environment/ament_prefix_path.sh
[0.803s] -- Symlinking: /home/furry/Desktop/ARES_simulation_master/install/ares_bringup/share/ares_bringup/environment/ament_prefix_path.dsv
[0.809s] -- Symlinking: /home/furry/Desktop/ARES_simulation_master/install/ares_bringup/share/ares_bringup/environment/path.sh
[0.817s] -- Symlinking: /home/furry/Desktop/ARES_simulation_master/install/ares_bringup/share/ares_bringup/environment/path.dsv
[0.825s] -- Symlinking: /home/furry/Desktop/ARES_simulation_master/install/ares_bringup/share/ares_bringup/local_setup.bash
[0.832s] -- Symlinking: /home/furry/Desktop/ARES_simulation_master/install/ares_bringup/share/ares_bringup/local_setup.sh
[0.838s] -- Symlinking: /home/furry/Desktop/ARES_simulation_master/install/ares_bringup/share/ares_bringup/local_setup.zsh
[0.846s] -- Symlinking: /home/furry/Desktop/ARES_simulation_master/install/ares_bringup/share/ares_bringup/local_setup.dsv
[0.852s] -- Symlinking: /home/furry/Desktop/ARES_simulation_master/install/ares_bringup/share/ares_bringup/package.dsv
[0.858s] -- Symlinking: /home/furry/Desktop/ARES_simulation_master/install/ares_bringup/share/ament_index/resource_index/packages/ares_bringup
[0.863s] -- Symlinking: /home/furry/Desktop/ARES_simulation_master/install/ares_bringup/share/ares_bringup/cmake/ares_bringupConfig.cmake
[0.869s] -- Symlinking: /home/furry/Desktop/ARES_simulation_master/install/ares_bringup/share/ares_bringup/cmake/ares_bringupConfig-version.cmake
[0.877s] -- Symlinking: /home/furry/Desktop/ARES_simulation_master/install/ares_bringup/share/ares_bringup/package.xml
[0.886s] Invoked command in '/home/furry/Desktop/ARES_simulation_master/build/ares_bringup' returned '0': CMAKE_PREFIX_PATH=${CMAKE_PREFIX_PATH}:/home/furry/Desktop/dog/install/laser:/opt/ros/humble /usr/bin/cmake --install /home/furry/Desktop/ARES_simulation_master/build/ares_bringup
