[0.026s] Invoking command in '/home/fideow/ROBOCON25_simulation-master/build/ares_bringup': CMAKE_PREFIX_PATH=/opt/ros/humble /usr/bin/cmake --build /home/fideow/ROBOCON25_simulation-master/build/ares_bringup -- -j8 -l8
[0.843s] Invoked command in '/home/fideow/ROBOCON25_simulation-master/build/ares_bringup' returned '0': CMAKE_PREFIX_PATH=/opt/ros/humble /usr/bin/cmake --build /home/fideow/ROBOCON25_simulation-master/build/ares_bringup -- -j8 -l8
[0.850s] Invoking command in '/home/fideow/ROBOCON25_simulation-master/build/ares_bringup': CMAKE_PREFIX_PATH=/opt/ros/humble /usr/bin/cmake --install /home/fideow/ROBOCON25_simulation-master/build/ares_bringup
[0.858s] -- Install configuration: ""
[0.858s] -- Execute custom install script
[0.859s] -- Up-to-date symlink: /home/fideow/ROBOCON25_simulation-master/install/ares_bringup/share/ares_bringup/launch/bringup.launch.py
[0.859s] -- Up-to-date symlink: /home/fideow/ROBOCON25_simulation-master/install/ares_bringup/share/ament_index/resource_index/package_run_dependencies/ares_bringup
[0.859s] -- Up-to-date symlink: /home/fideow/ROBOCON25_simulation-master/install/ares_bringup/share/ament_index/resource_index/parent_prefix_path/ares_bringup
[0.860s] -- Up-to-date symlink: /home/fideow/ROBOCON25_simulation-master/install/ares_bringup/share/ares_bringup/environment/ament_prefix_path.sh
[0.860s] -- Up-to-date symlink: /home/fideow/ROBOCON25_simulation-master/install/ares_bringup/share/ares_bringup/environment/ament_prefix_path.dsv
[0.860s] -- Up-to-date symlink: /home/fideow/ROBOCON25_simulation-master/install/ares_bringup/share/ares_bringup/environment/path.sh
[0.861s] -- Up-to-date symlink: /home/fideow/ROBOCON25_simulation-master/install/ares_bringup/share/ares_bringup/environment/path.dsv
[0.861s] -- Up-to-date symlink: /home/fideow/ROBOCON25_simulation-master/install/ares_bringup/share/ares_bringup/local_setup.bash
[0.861s] -- Up-to-date symlink: /home/fideow/ROBOCON25_simulation-master/install/ares_bringup/share/ares_bringup/local_setup.sh
[0.861s] -- Up-to-date symlink: /home/fideow/ROBOCON25_simulation-master/install/ares_bringup/share/ares_bringup/local_setup.zsh
[0.861s] -- Up-to-date symlink: /home/fideow/ROBOCON25_simulation-master/install/ares_bringup/share/ares_bringup/local_setup.dsv
[0.861s] -- Symlinking: /home/fideow/ROBOCON25_simulation-master/install/ares_bringup/share/ares_bringup/package.dsv
[0.882s] -- Up-to-date symlink: /home/fideow/ROBOCON25_simulation-master/install/ares_bringup/share/ament_index/resource_index/packages/ares_bringup
[0.884s] -- Up-to-date symlink: /home/fideow/ROBOCON25_simulation-master/install/ares_bringup/share/ares_bringup/cmake/ares_bringupConfig.cmake
[0.884s] -- Up-to-date symlink: /home/fideow/ROBOCON25_simulation-master/install/ares_bringup/share/ares_bringup/cmake/ares_bringupConfig-version.cmake
[0.884s] -- Up-to-date symlink: /home/fideow/ROBOCON25_simulation-master/install/ares_bringup/share/ares_bringup/package.xml
[0.946s] Invoked command in '/home/fideow/ROBOCON25_simulation-master/build/ares_bringup' returned '0': CMAKE_PREFIX_PATH=/opt/ros/humble /usr/bin/cmake --install /home/fideow/ROBOCON25_simulation-master/build/ares_bringup
