running develop
running egg_info
creating new_teleotwistkeyboard.egg-info
writing new_teleotwistkeyboard.egg-info/PKG-INFO
writing dependency_links to new_teleotwistkeyboard.egg-info/dependency_links.txt
writing entry points to new_teleotwistkeyboard.egg-info/entry_points.txt
writing requirements to new_teleotwistkeyboard.egg-info/requires.txt
writing top-level names to new_teleotwistkeyboard.egg-info/top_level.txt
writing manifest file 'new_teleotwistkeyboard.egg-info/SOURCES.txt'
reading manifest file 'new_teleotwistkeyboard.egg-info/SOURCES.txt'
writing manifest file 'new_teleotwistkeyboard.egg-info/SOURCES.txt'
running build_ext
Creating /home/furry/Desktop/ARES_simulation_master/install/new_teleotwistkeyboard/lib/python3.10/site-packages/new-teleotwistkeyboard.egg-link (link to .)
Installing ares_keyboard script to /home/furry/Desktop/ARES_simulation_master/install/new_teleotwistkeyboard/lib/new_teleotwistkeyboard

Installed /home/furry/Desktop/ARES_simulation_master/build/new_teleotwistkeyboard
running symlink_data
creating /home/furry/Desktop/ARES_simulation_master/install/new_teleotwistkeyboard/share/ament_index
creating /home/furry/Desktop/ARES_simulation_master/install/new_teleotwistkeyboard/share/ament_index/resource_index
creating /home/furry/Desktop/ARES_simulation_master/install/new_teleotwistkeyboard/share/ament_index/resource_index/packages
symbolically linking /home/furry/Desktop/ARES_simulation_master/build/new_teleotwistkeyboard/resource/new_teleotwistkeyboard -> /home/furry/Desktop/ARES_simulation_master/install/new_teleotwistkeyboard/share/ament_index/resource_index/packages
symbolically linking /home/furry/Desktop/ARES_simulation_master/build/new_teleotwistkeyboard/package.xml -> /home/furry/Desktop/ARES_simulation_master/install/new_teleotwistkeyboard/share/new_teleotwistkeyboard
