[1.007s] Invoking command in '/home/furry/Desktop/ARES_simulation_master/build/new_teleotwistkeyboard': PYTHONPATH=/home/furry/Desktop/ARES_simulation_master/build/new_teleotwistkeyboard/prefix_override:/usr/lib/python3/dist-packages/colcon_core/task/python/colcon_distutils_commands:/home/furry/Desktop/ARES_simulation_master/install/new_teleotwistkeyboard/lib/python3.10/site-packages:${PYTHONPATH} /usr/bin/python3 -W ignore:setup.py install is deprecated -W ignore:easy_install command is deprecated setup.py develop --editable --build-directory /home/furry/Desktop/ARES_simulation_master/build/new_teleotwistkeyboard/build --no-deps symlink_data
[1.159s] running develop
[1.239s] running egg_info
[1.239s] creating new_teleotwistkeyboard.egg-info
[1.239s] writing new_teleotwistkeyboard.egg-info/PKG-INFO
[1.239s] writing dependency_links to new_teleotwistkeyboard.egg-info/dependency_links.txt
[1.239s] writing entry points to new_teleotwistkeyboard.egg-info/entry_points.txt
[1.239s] writing requirements to new_teleotwistkeyboard.egg-info/requires.txt
[1.239s] writing top-level names to new_teleotwistkeyboard.egg-info/top_level.txt
[1.239s] writing manifest file 'new_teleotwistkeyboard.egg-info/SOURCES.txt'
[1.241s] reading manifest file 'new_teleotwistkeyboard.egg-info/SOURCES.txt'
[1.241s] writing manifest file 'new_teleotwistkeyboard.egg-info/SOURCES.txt'
[1.280s] running build_ext
[1.280s] Creating /home/furry/Desktop/ARES_simulation_master/install/new_teleotwistkeyboard/lib/python3.10/site-packages/new-teleotwistkeyboard.egg-link (link to .)
[1.281s] Installing ares_keyboard script to /home/furry/Desktop/ARES_simulation_master/install/new_teleotwistkeyboard/lib/new_teleotwistkeyboard
[1.281s] 
[1.281s] Installed /home/furry/Desktop/ARES_simulation_master/build/new_teleotwistkeyboard
[1.281s] running symlink_data
[1.281s] creating /home/furry/Desktop/ARES_simulation_master/install/new_teleotwistkeyboard/share/ament_index
[1.281s] creating /home/furry/Desktop/ARES_simulation_master/install/new_teleotwistkeyboard/share/ament_index/resource_index
[1.282s] creating /home/furry/Desktop/ARES_simulation_master/install/new_teleotwistkeyboard/share/ament_index/resource_index/packages
[1.282s] symbolically linking /home/furry/Desktop/ARES_simulation_master/build/new_teleotwistkeyboard/resource/new_teleotwistkeyboard -> /home/furry/Desktop/ARES_simulation_master/install/new_teleotwistkeyboard/share/ament_index/resource_index/packages
[1.282s] symbolically linking /home/furry/Desktop/ARES_simulation_master/build/new_teleotwistkeyboard/package.xml -> /home/furry/Desktop/ARES_simulation_master/install/new_teleotwistkeyboard/share/new_teleotwistkeyboard
[1.333s] Invoked command in '/home/furry/Desktop/ARES_simulation_master/build/new_teleotwistkeyboard' returned '0': PYTHONPATH=/home/furry/Desktop/ARES_simulation_master/build/new_teleotwistkeyboard/prefix_override:/usr/lib/python3/dist-packages/colcon_core/task/python/colcon_distutils_commands:/home/furry/Desktop/ARES_simulation_master/install/new_teleotwistkeyboard/lib/python3.10/site-packages:${PYTHONPATH} /usr/bin/python3 -W ignore:setup.py install is deprecated -W ignore:easy_install command is deprecated setup.py develop --editable --build-directory /home/furry/Desktop/ARES_simulation_master/build/new_teleotwistkeyboard/build --no-deps symlink_data
