[0.044s] Invoking command in '/home/fideow/ROBOCON25_simulation-master/build/ares_bringup': CMAKE_PREFIX_PATH=${CMAKE_PREFIX_PATH}:/home/fideow/ROBOCON25_simulation-master/install/visualizer:/home/fideow/ROBOCON25_simulation-master/install/omni_mpc_controller:/home/fideow/ROBOCON25_simulation-master/install/new_teleotwistkeyboard:/home/fideow/ROBOCON25_simulation-master/install/lidar_avoidance:/home/fideow/ROBOCON25_simulation-master/install/laser:/opt/ros/humble /usr/bin/cmake /home/fideow/ROBOCON25_simulation-master/src/ares_bringup -DAMENT_CMAKE_SYMLINK_INSTALL=1 -DCMAKE_INSTALL_PREFIX=/home/fideow/ROBOCON25_simulation-master/install/ares_bringup
[0.971s] -- The C compiler identification is GNU 11.4.0
[0.971s] -- The CXX compiler identification is GNU 11.4.0
[0.971s] -- Detecting C compiler ABI info
[0.971s] -- Detecting C compiler ABI info - done
[0.971s] -- Check for working C compiler: /usr/bin/cc - skipped
[0.971s] -- Detecting C compile features
[0.971s] -- Detecting C compile features - done
[0.971s] -- Detecting CXX compiler ABI info
[0.971s] -- Detecting CXX compiler ABI info - done
[0.971s] -- Check for working CXX compiler: /usr/bin/c++ - skipped
[0.971s] -- Detecting CXX compile features
[0.971s] -- Detecting CXX compile features - done
[0.971s] -- Found ament_cmake_auto: 1.3.11 (/opt/ros/humble/share/ament_cmake_auto/cmake)
[0.971s] -- Found Python3: /usr/bin/python3 (found version "3.10.12") found components: Interpreter 
[0.971s] -- Override CMake install command with custom implementation using symlinks instead of copying resources
[0.972s] -- Configuring done
[0.972s] -- Generating done
[0.972s] -- Build files have been written to: /home/fideow/ROBOCON25_simulation-master/build/ares_bringup
[1.217s] Invoked command in '/home/fideow/ROBOCON25_simulation-master/build/ares_bringup' returned '0': CMAKE_PREFIX_PATH=${CMAKE_PREFIX_PATH}:/home/fideow/ROBOCON25_simulation-master/install/visualizer:/home/fideow/ROBOCON25_simulation-master/install/omni_mpc_controller:/home/fideow/ROBOCON25_simulation-master/install/new_teleotwistkeyboard:/home/fideow/ROBOCON25_simulation-master/install/lidar_avoidance:/home/fideow/ROBOCON25_simulation-master/install/laser:/opt/ros/humble /usr/bin/cmake /home/fideow/ROBOCON25_simulation-master/src/ares_bringup -DAMENT_CMAKE_SYMLINK_INSTALL=1 -DCMAKE_INSTALL_PREFIX=/home/fideow/ROBOCON25_simulation-master/install/ares_bringup
[1.218s] Invoking command in '/home/fideow/ROBOCON25_simulation-master/build/ares_bringup': CMAKE_PREFIX_PATH=${CMAKE_PREFIX_PATH}:/home/fideow/ROBOCON25_simulation-master/install/visualizer:/home/fideow/ROBOCON25_simulation-master/install/omni_mpc_controller:/home/fideow/ROBOCON25_simulation-master/install/new_teleotwistkeyboard:/home/fideow/ROBOCON25_simulation-master/install/lidar_avoidance:/home/fideow/ROBOCON25_simulation-master/install/laser:/opt/ros/humble /usr/bin/cmake --build /home/fideow/ROBOCON25_simulation-master/build/ares_bringup -- -j8 -l8
[1.262s] Invoked command in '/home/fideow/ROBOCON25_simulation-master/build/ares_bringup' returned '0': CMAKE_PREFIX_PATH=${CMAKE_PREFIX_PATH}:/home/fideow/ROBOCON25_simulation-master/install/visualizer:/home/fideow/ROBOCON25_simulation-master/install/omni_mpc_controller:/home/fideow/ROBOCON25_simulation-master/install/new_teleotwistkeyboard:/home/fideow/ROBOCON25_simulation-master/install/lidar_avoidance:/home/fideow/ROBOCON25_simulation-master/install/laser:/opt/ros/humble /usr/bin/cmake --build /home/fideow/ROBOCON25_simulation-master/build/ares_bringup -- -j8 -l8
[1.276s] Invoking command in '/home/fideow/ROBOCON25_simulation-master/build/ares_bringup': CMAKE_PREFIX_PATH=${CMAKE_PREFIX_PATH}:/home/fideow/ROBOCON25_simulation-master/install/visualizer:/home/fideow/ROBOCON25_simulation-master/install/omni_mpc_controller:/home/fideow/ROBOCON25_simulation-master/install/new_teleotwistkeyboard:/home/fideow/ROBOCON25_simulation-master/install/lidar_avoidance:/home/fideow/ROBOCON25_simulation-master/install/laser:/opt/ros/humble /usr/bin/cmake --install /home/fideow/ROBOCON25_simulation-master/build/ares_bringup
[1.286s] -- Install configuration: ""
[1.286s] -- Execute custom install script
[1.286s] -- Symlinking: /home/fideow/ROBOCON25_simulation-master/install/ares_bringup/share/ares_bringup/launch/bringup.launch.py
[1.298s] -- Symlinking: /home/fideow/ROBOCON25_simulation-master/install/ares_bringup/share/ament_index/resource_index/package_run_dependencies/ares_bringup
[1.311s] -- Symlinking: /home/fideow/ROBOCON25_simulation-master/install/ares_bringup/share/ament_index/resource_index/parent_prefix_path/ares_bringup
[1.322s] -- Symlinking: /home/fideow/ROBOCON25_simulation-master/install/ares_bringup/share/ares_bringup/environment/ament_prefix_path.sh
[1.333s] -- Symlinking: /home/fideow/ROBOCON25_simulation-master/install/ares_bringup/share/ares_bringup/environment/ament_prefix_path.dsv
[1.344s] -- Symlinking: /home/fideow/ROBOCON25_simulation-master/install/ares_bringup/share/ares_bringup/environment/path.sh
[1.354s] -- Symlinking: /home/fideow/ROBOCON25_simulation-master/install/ares_bringup/share/ares_bringup/environment/path.dsv
[1.365s] -- Symlinking: /home/fideow/ROBOCON25_simulation-master/install/ares_bringup/share/ares_bringup/local_setup.bash
[1.375s] -- Symlinking: /home/fideow/ROBOCON25_simulation-master/install/ares_bringup/share/ares_bringup/local_setup.sh
[1.386s] -- Symlinking: /home/fideow/ROBOCON25_simulation-master/install/ares_bringup/share/ares_bringup/local_setup.zsh
[1.396s] -- Symlinking: /home/fideow/ROBOCON25_simulation-master/install/ares_bringup/share/ares_bringup/local_setup.dsv
[1.407s] -- Symlinking: /home/fideow/ROBOCON25_simulation-master/install/ares_bringup/share/ares_bringup/package.dsv
[1.426s] -- Symlinking: /home/fideow/ROBOCON25_simulation-master/install/ares_bringup/share/ament_index/resource_index/packages/ares_bringup
[1.444s] -- Symlinking: /home/fideow/ROBOCON25_simulation-master/install/ares_bringup/share/ares_bringup/cmake/ares_bringupConfig.cmake
[1.459s] -- Symlinking: /home/fideow/ROBOCON25_simulation-master/install/ares_bringup/share/ares_bringup/cmake/ares_bringupConfig-version.cmake
[1.471s] -- Symlinking: /home/fideow/ROBOCON25_simulation-master/install/ares_bringup/share/ares_bringup/package.xml
[1.489s] Invoked command in '/home/fideow/ROBOCON25_simulation-master/build/ares_bringup' returned '0': CMAKE_PREFIX_PATH=${CMAKE_PREFIX_PATH}:/home/fideow/ROBOCON25_simulation-master/install/visualizer:/home/fideow/ROBOCON25_simulation-master/install/omni_mpc_controller:/home/fideow/ROBOCON25_simulation-master/install/new_teleotwistkeyboard:/home/fideow/ROBOCON25_simulation-master/install/lidar_avoidance:/home/fideow/ROBOCON25_simulation-master/install/laser:/opt/ros/humble /usr/bin/cmake --install /home/fideow/ROBOCON25_simulation-master/build/ares_bringup
