running develop
running egg_info
creating lidar_avoidance.egg-info
writing lidar_avoidance.egg-info/PKG-INFO
writing dependency_links to lidar_avoidance.egg-info/dependency_links.txt
writing entry points to lidar_avoidance.egg-info/entry_points.txt
writing requirements to lidar_avoidance.egg-info/requires.txt
writing top-level names to lidar_avoidance.egg-info/top_level.txt
writing manifest file 'lidar_avoidance.egg-info/SOURCES.txt'
reading manifest file 'lidar_avoidance.egg-info/SOURCES.txt'
writing manifest file 'lidar_avoidance.egg-info/SOURCES.txt'
running build_ext
Creating /home/furry/Desktop/ARES_simulation_master/install/lidar_avoidance/lib/python3.10/site-packages/lidar-avoidance.egg-link (link to .)
Installing lidar_avoidance script to /home/furry/Desktop/ARES_simulation_master/install/lidar_avoidance/lib/lidar_avoidance

Installed /home/furry/Desktop/ARES_simulation_master/build/lidar_avoidance
running symlink_data
creating /home/furry/Desktop/ARES_simulation_master/install/lidar_avoidance/share/ament_index
creating /home/furry/Desktop/ARES_simulation_master/install/lidar_avoidance/share/ament_index/resource_index
creating /home/furry/Desktop/ARES_simulation_master/install/lidar_avoidance/share/ament_index/resource_index/packages
symbolically linking /home/furry/Desktop/ARES_simulation_master/build/lidar_avoidance/resource/lidar_avoidance -> /home/furry/Desktop/ARES_simulation_master/install/lidar_avoidance/share/ament_index/resource_index/packages
symbolically linking /home/furry/Desktop/ARES_simulation_master/build/lidar_avoidance/package.xml -> /home/furry/Desktop/ARES_simulation_master/install/lidar_avoidance/share/lidar_avoidance
creating /home/furry/Desktop/ARES_simulation_master/install/lidar_avoidance/share/lidar_avoidance/launch
symbolically linking /home/furry/Desktop/ARES_simulation_master/build/lidar_avoidance/launch/avoidance.launch.py -> /home/furry/Desktop/ARES_simulation_master/install/lidar_avoidance/share/lidar_avoidance/launch
