running egg_info
creating ../build/visualizer/visualizer.egg-info
writing ../build/visualizer/visualizer.egg-info/PKG-INFO
writing dependency_links to ../build/visualizer/visualizer.egg-info/dependency_links.txt
writing entry points to ../build/visualizer/visualizer.egg-info/entry_points.txt
writing requirements to ../build/visualizer/visualizer.egg-info/requires.txt
writing top-level names to ../build/visualizer/visualizer.egg-info/top_level.txt
writing manifest file '../build/visualizer/visualizer.egg-info/SOURCES.txt'
reading manifest file '../build/visualizer/visualizer.egg-info/SOURCES.txt'
writing manifest file '../build/visualizer/visualizer.egg-info/SOURCES.txt'
running build
running build_py
creating /home/fideow/ROBOCON25_simulation-master/src/build/visualizer/build
creating /home/fideow/ROBOCON25_simulation-master/src/build/visualizer/build/lib
creating /home/fideow/ROBOCON25_simulation-master/src/build/visualizer/build/lib/visualizer
copying visualizer/__init__.py -> /home/fideow/ROBOCON25_simulation-master/src/build/visualizer/build/lib/visualizer
copying visualizer/trajectory_visualizer.py -> /home/fideow/ROBOCON25_simulation-master/src/build/visualizer/build/lib/visualizer
running install
running install_lib
creating /home/fideow/ROBOCON25_simulation-master/src/install/visualizer/lib/python3.10/site-packages/visualizer
copying /home/fideow/ROBOCON25_simulation-master/src/build/visualizer/build/lib/visualizer/__init__.py -> /home/fideow/ROBOCON25_simulation-master/src/install/visualizer/lib/python3.10/site-packages/visualizer
copying /home/fideow/ROBOCON25_simulation-master/src/build/visualizer/build/lib/visualizer/trajectory_visualizer.py -> /home/fideow/ROBOCON25_simulation-master/src/install/visualizer/lib/python3.10/site-packages/visualizer
byte-compiling /home/fideow/ROBOCON25_simulation-master/src/install/visualizer/lib/python3.10/site-packages/visualizer/__init__.py to __init__.cpython-310.pyc
byte-compiling /home/fideow/ROBOCON25_simulation-master/src/install/visualizer/lib/python3.10/site-packages/visualizer/trajectory_visualizer.py to trajectory_visualizer.cpython-310.pyc
running install_data
creating /home/fideow/ROBOCON25_simulation-master/src/install/visualizer/share/ament_index
creating /home/fideow/ROBOCON25_simulation-master/src/install/visualizer/share/ament_index/resource_index
creating /home/fideow/ROBOCON25_simulation-master/src/install/visualizer/share/ament_index/resource_index/packages
copying resource/visualizer -> /home/fideow/ROBOCON25_simulation-master/src/install/visualizer/share/ament_index/resource_index/packages
copying package.xml -> /home/fideow/ROBOCON25_simulation-master/src/install/visualizer/share/visualizer
running install_egg_info
Copying ../build/visualizer/visualizer.egg-info to /home/fideow/ROBOCON25_simulation-master/src/install/visualizer/lib/python3.10/site-packages/visualizer-0.0.0-py3.10.egg-info
running install_scripts
Installing trajectory_visualizer script to /home/fideow/ROBOCON25_simulation-master/src/install/visualizer/lib/visualizer
writing list of installed files to '/home/fideow/ROBOCON25_simulation-master/src/build/visualizer/install.log'
