[0.042s] Invoking command in '/home/fideow/ROBOCON25_simulation-master/build/my_robot_description': CMAKE_PREFIX_PATH=${CMAKE_PREFIX_PATH}:/home/fideow/ROBOCON25_simulation-master/install/visualizer:/home/fideow/ROBOCON25_simulation-master/install/omni_mpc_controller:/home/fideow/ROBOCON25_simulation-master/install/new_teleotwistkeyboard:/home/fideow/ROBOCON25_simulation-master/install/lidar_avoidance:/home/fideow/ROBOCON25_simulation-master/install/laser:/opt/ros/humble /usr/bin/cmake /home/fideow/ROBOCON25_simulation-master/src/my_robot_description -DAMENT_CMAKE_SYMLINK_INSTALL=1 -DCMAKE_INSTALL_PREFIX=/home/fideow/ROBOCON25_simulation-master/install/my_robot_description
[0.970s] -- The C compiler identification is GNU 11.4.0
[0.971s] -- The CXX compiler identification is GNU 11.4.0
[0.971s] -- Detecting C compiler ABI info
[0.971s] -- Detecting C compiler ABI info - done
[0.971s] -- Check for working C compiler: /usr/bin/cc - skipped
[0.972s] -- Detecting C compile features
[0.972s] -- Detecting C compile features - done
[0.972s] -- Detecting CXX compiler ABI info
[0.972s] -- Detecting CXX compiler ABI info - done
[0.972s] -- Check for working CXX compiler: /usr/bin/c++ - skipped
[0.972s] -- Detecting CXX compile features
[0.972s] -- Detecting CXX compile features - done
[0.972s] -- Found ament_cmake: 1.3.11 (/opt/ros/humble/share/ament_cmake/cmake)
[0.972s] -- Found Python3: /usr/bin/python3 (found version "3.10.12") found components: Interpreter 
[0.972s] -- Override CMake install command with custom implementation using symlinks instead of copying resources
[0.972s] -- Configuring done
[0.972s] -- Generating done
[0.973s] -- Build files have been written to: /home/fideow/ROBOCON25_simulation-master/build/my_robot_description
[1.218s] Invoked command in '/home/fideow/ROBOCON25_simulation-master/build/my_robot_description' returned '0': CMAKE_PREFIX_PATH=${CMAKE_PREFIX_PATH}:/home/fideow/ROBOCON25_simulation-master/install/visualizer:/home/fideow/ROBOCON25_simulation-master/install/omni_mpc_controller:/home/fideow/ROBOCON25_simulation-master/install/new_teleotwistkeyboard:/home/fideow/ROBOCON25_simulation-master/install/lidar_avoidance:/home/fideow/ROBOCON25_simulation-master/install/laser:/opt/ros/humble /usr/bin/cmake /home/fideow/ROBOCON25_simulation-master/src/my_robot_description -DAMENT_CMAKE_SYMLINK_INSTALL=1 -DCMAKE_INSTALL_PREFIX=/home/fideow/ROBOCON25_simulation-master/install/my_robot_description
[1.220s] Invoking command in '/home/fideow/ROBOCON25_simulation-master/build/my_robot_description': CMAKE_PREFIX_PATH=${CMAKE_PREFIX_PATH}:/home/fideow/ROBOCON25_simulation-master/install/visualizer:/home/fideow/ROBOCON25_simulation-master/install/omni_mpc_controller:/home/fideow/ROBOCON25_simulation-master/install/new_teleotwistkeyboard:/home/fideow/ROBOCON25_simulation-master/install/lidar_avoidance:/home/fideow/ROBOCON25_simulation-master/install/laser:/opt/ros/humble /usr/bin/cmake --build /home/fideow/ROBOCON25_simulation-master/build/my_robot_description -- -j8 -l8
[1.284s] Invoked command in '/home/fideow/ROBOCON25_simulation-master/build/my_robot_description' returned '0': CMAKE_PREFIX_PATH=${CMAKE_PREFIX_PATH}:/home/fideow/ROBOCON25_simulation-master/install/visualizer:/home/fideow/ROBOCON25_simulation-master/install/omni_mpc_controller:/home/fideow/ROBOCON25_simulation-master/install/new_teleotwistkeyboard:/home/fideow/ROBOCON25_simulation-master/install/lidar_avoidance:/home/fideow/ROBOCON25_simulation-master/install/laser:/opt/ros/humble /usr/bin/cmake --build /home/fideow/ROBOCON25_simulation-master/build/my_robot_description -- -j8 -l8
[1.285s] Invoking command in '/home/fideow/ROBOCON25_simulation-master/build/my_robot_description': CMAKE_PREFIX_PATH=${CMAKE_PREFIX_PATH}:/home/fideow/ROBOCON25_simulation-master/install/visualizer:/home/fideow/ROBOCON25_simulation-master/install/omni_mpc_controller:/home/fideow/ROBOCON25_simulation-master/install/new_teleotwistkeyboard:/home/fideow/ROBOCON25_simulation-master/install/lidar_avoidance:/home/fideow/ROBOCON25_simulation-master/install/laser:/opt/ros/humble /usr/bin/cmake --install /home/fideow/ROBOCON25_simulation-master/build/my_robot_description
[1.297s] -- Install configuration: ""
[1.297s] -- Execute custom install script
[1.298s] -- Symlinking: /home/fideow/ROBOCON25_simulation-master/install/my_robot_description/share/my_robot_description//worlds/basketball.world
[1.309s] -- Symlinking: /home/fideow/ROBOCON25_simulation-master/install/my_robot_description/share/my_robot_description//worlds/new_vision.world
[1.323s] -- Symlinking: /home/fideow/ROBOCON25_simulation-master/install/my_robot_description/share/my_robot_description//worlds/robocon25.world
[1.331s] -- Symlinking: /home/fideow/ROBOCON25_simulation-master/install/my_robot_description/share/my_robot_description//models/RoboCon25_Field/materials/scripts/robocon25_field.material
[1.343s] -- Symlinking: /home/fideow/ROBOCON25_simulation-master/install/my_robot_description/share/my_robot_description//models/RoboCon25_Field/materials/textures/carpet.jpg
[1.355s] -- Symlinking: /home/fideow/ROBOCON25_simulation-master/install/my_robot_description/share/my_robot_description//models/RoboCon25_Field/materials/textures/lines.png
[1.366s] -- Symlinking: /home/fideow/ROBOCON25_simulation-master/install/my_robot_description/share/my_robot_description//models/RoboCon25_Field/model.config
[1.376s] -- Symlinking: /home/fideow/ROBOCON25_simulation-master/install/my_robot_description/share/my_robot_description//models/RoboCon25_Field/model.sdf
[1.391s] -- Symlinking: /home/fideow/ROBOCON25_simulation-master/install/my_robot_description/share/my_robot_description//models/basketball/basketball.sdf
[1.399s] -- Symlinking: /home/fideow/ROBOCON25_simulation-master/install/my_robot_description/share/my_robot_description//models/basketball/model.config
[1.418s] -- Symlinking: /home/fideow/ROBOCON25_simulation-master/install/my_robot_description/share/my_robot_description//models/basketball/model.dae
[1.435s] -- Symlinking: /home/fideow/ROBOCON25_simulation-master/install/my_robot_description/share/my_robot_description//models/hoop1/hoop.sdf
[1.449s] -- Symlinking: /home/fideow/ROBOCON25_simulation-master/install/my_robot_description/share/my_robot_description//models/hoop1/model.config
[1.468s] -- Symlinking: /home/fideow/ROBOCON25_simulation-master/install/my_robot_description/share/my_robot_description//models/hoop1/model.dae
[1.479s] -- Symlinking: /home/fideow/ROBOCON25_simulation-master/install/my_robot_description/share/my_robot_description//models/hoop1/model/BB2140.jpg
[1.493s] -- Symlinking: /home/fideow/ROBOCON25_simulation-master/install/my_robot_description/share/my_robot_description//models/hoop1/model/model.config
[1.505s] -- Symlinking: /home/fideow/ROBOCON25_simulation-master/install/my_robot_description/share/my_robot_description//models/hoop2/hoop.sdf
[1.513s] -- Symlinking: /home/fideow/ROBOCON25_simulation-master/install/my_robot_description/share/my_robot_description//models/hoop2/model.config
[1.529s] -- Symlinking: /home/fideow/ROBOCON25_simulation-master/install/my_robot_description/share/my_robot_description//models/hoop2/model.dae
[1.537s] -- Symlinking: /home/fideow/ROBOCON25_simulation-master/install/my_robot_description/share/my_robot_description//models/hoop2/model/BB2140.jpg
[1.549s] -- Symlinking: /home/fideow/ROBOCON25_simulation-master/install/my_robot_description/share/my_robot_description//models/hoop2/model/model.config
[1.566s] -- Symlinking: /home/fideow/ROBOCON25_simulation-master/install/my_robot_description/share/my_robot_description//models/hoopC/model.config
[1.581s] -- Symlinking: /home/fideow/ROBOCON25_simulation-master/install/my_robot_description/share/my_robot_description//models/hoopC/model.dae
[1.598s] -- Symlinking: /home/fideow/ROBOCON25_simulation-master/install/my_robot_description/share/my_robot_description//models/model.config
[1.622s] -- Symlinking: /home/fideow/ROBOCON25_simulation-master/install/my_robot_description/share/my_robot_description//models/robot.model
[1.641s] -- Symlinking: /home/fideow/ROBOCON25_simulation-master/install/my_robot_description/share/my_robot_description//urdf/actuator/wheel.urdf.xacro
[1.655s] -- Symlinking: /home/fideow/ROBOCON25_simulation-master/install/my_robot_description/share/my_robot_description//urdf/color.xacro
[1.669s] -- Symlinking: /home/fideow/ROBOCON25_simulation-master/install/my_robot_description/share/my_robot_description//urdf/common_inertia.xacro
[1.685s] -- Symlinking: /home/fideow/ROBOCON25_simulation-master/install/my_robot_description/share/my_robot_description//urdf/my_robot.urdf.xacro
[1.720s] -- Symlinking: /home/fideow/ROBOCON25_simulation-master/install/my_robot_description/share/my_robot_description//urdf/my_robot.urdf1.xacro
[1.723s] -- Symlinking: /home/fideow/ROBOCON25_simulation-master/install/my_robot_description/share/my_robot_description//urdf/my_robot.urdf_bak.xacro
[1.739s] -- Symlinking: /home/fideow/ROBOCON25_simulation-master/install/my_robot_description/share/my_robot_description//urdf/my_robot.urdf_bak1.xacro
[1.747s] -- Symlinking: /home/fideow/ROBOCON25_simulation-master/install/my_robot_description/share/my_robot_description//urdf/myrobot_ros2_control.xacro
[1.761s] -- Symlinking: /home/fideow/ROBOCON25_simulation-master/install/my_robot_description/share/my_robot_description//urdf/plugin/imu_plugin copy.xacro
[1.772s] -- Symlinking: /home/fideow/ROBOCON25_simulation-master/install/my_robot_description/share/my_robot_description//urdf/plugin/imu_plugin.xacro
[1.783s] -- Symlinking: /home/fideow/ROBOCON25_simulation-master/install/my_robot_description/share/my_robot_description//urdf/plugin/laser_plugin.xacro
[1.795s] -- Symlinking: /home/fideow/ROBOCON25_simulation-master/install/my_robot_description/share/my_robot_description//urdf/plugin/laser_plugin_single.xacro
[1.805s] -- Symlinking: /home/fideow/ROBOCON25_simulation-master/install/my_robot_description/share/my_robot_description//urdf/sensor/imu.urdf copy.xacro
[1.816s] -- Symlinking: /home/fideow/ROBOCON25_simulation-master/install/my_robot_description/share/my_robot_description//urdf/sensor/imu.urdf.xacro
[1.827s] -- Symlinking: /home/fideow/ROBOCON25_simulation-master/install/my_robot_description/share/my_robot_description//urdf/sensor/laser.urdf.xacro
[1.838s] -- Symlinking: /home/fideow/ROBOCON25_simulation-master/install/my_robot_description/share/my_robot_description//urdf/sensor/laser_single.urdf.xacro
[1.849s] -- Symlinking: /home/fideow/ROBOCON25_simulation-master/install/my_robot_description/share/my_robot_description//urdf/舵轮底盘0.csv
[1.861s] -- Symlinking: /home/fideow/ROBOCON25_simulation-master/install/my_robot_description/share/my_robot_description//launch/control.launch.py
[1.868s] -- Symlinking: /home/fideow/ROBOCON25_simulation-master/install/my_robot_description/share/my_robot_description//launch/display.launch.xml
[1.876s] -- Symlinking: /home/fideow/ROBOCON25_simulation-master/install/my_robot_description/share/my_robot_description//launch/load_world.launch.py
[1.883s] -- Symlinking: /home/fideow/ROBOCON25_simulation-master/install/my_robot_description/share/my_robot_description//launch/load_world.launch.xml
[1.891s] -- Symlinking: /home/fideow/ROBOCON25_simulation-master/install/my_robot_description/share/my_robot_description//rviz/urdf_config.rviz
[1.899s] -- Symlinking: /home/fideow/ROBOCON25_simulation-master/install/my_robot_description/share/my_robot_description//meshes/base_link.STL
[1.906s] -- Symlinking: /home/fideow/ROBOCON25_simulation-master/install/my_robot_description/share/my_robot_description//meshes/wheel1.STL
[1.914s] -- Symlinking: /home/fideow/ROBOCON25_simulation-master/install/my_robot_description/share/my_robot_description//meshes/wheel1_1.STL
[1.921s] -- Symlinking: /home/fideow/ROBOCON25_simulation-master/install/my_robot_description/share/my_robot_description//meshes/wheel2.STL
[1.929s] -- Symlinking: /home/fideow/ROBOCON25_simulation-master/install/my_robot_description/share/my_robot_description//meshes/wheel2_2.STL
[1.938s] -- Symlinking: /home/fideow/ROBOCON25_simulation-master/install/my_robot_description/share/my_robot_description//meshes/wheel3.STL
[1.948s] -- Symlinking: /home/fideow/ROBOCON25_simulation-master/install/my_robot_description/share/my_robot_description//meshes/wheel3_3.STL
[1.959s] -- Symlinking: /home/fideow/ROBOCON25_simulation-master/install/my_robot_description/share/my_robot_description//config/joint_names_舵轮底盘0.yaml
[1.972s] -- Symlinking: /home/fideow/ROBOCON25_simulation-master/install/my_robot_description/share/ament_index/resource_index/package_run_dependencies/my_robot_description
[1.985s] -- Symlinking: /home/fideow/ROBOCON25_simulation-master/install/my_robot_description/share/ament_index/resource_index/parent_prefix_path/my_robot_description
[1.998s] -- Symlinking: /home/fideow/ROBOCON25_simulation-master/install/my_robot_description/share/my_robot_description/environment/ament_prefix_path.sh
[2.011s] -- Symlinking: /home/fideow/ROBOCON25_simulation-master/install/my_robot_description/share/my_robot_description/environment/ament_prefix_path.dsv
[2.022s] -- Symlinking: /home/fideow/ROBOCON25_simulation-master/install/my_robot_description/share/my_robot_description/environment/path.sh
[2.035s] -- Symlinking: /home/fideow/ROBOCON25_simulation-master/install/my_robot_description/share/my_robot_description/environment/path.dsv
[2.047s] -- Symlinking: /home/fideow/ROBOCON25_simulation-master/install/my_robot_description/share/my_robot_description/local_setup.bash
[2.060s] -- Symlinking: /home/fideow/ROBOCON25_simulation-master/install/my_robot_description/share/my_robot_description/local_setup.sh
[2.073s] -- Symlinking: /home/fideow/ROBOCON25_simulation-master/install/my_robot_description/share/my_robot_description/local_setup.zsh
[2.084s] -- Symlinking: /home/fideow/ROBOCON25_simulation-master/install/my_robot_description/share/my_robot_description/local_setup.dsv
[2.096s] -- Symlinking: /home/fideow/ROBOCON25_simulation-master/install/my_robot_description/share/my_robot_description/package.dsv
[2.108s] -- Symlinking: /home/fideow/ROBOCON25_simulation-master/install/my_robot_description/share/ament_index/resource_index/packages/my_robot_description
[2.121s] -- Symlinking: /home/fideow/ROBOCON25_simulation-master/install/my_robot_description/share/my_robot_description/cmake/my_robot_descriptionConfig.cmake
[2.133s] -- Symlinking: /home/fideow/ROBOCON25_simulation-master/install/my_robot_description/share/my_robot_description/cmake/my_robot_descriptionConfig-version.cmake
[2.146s] -- Symlinking: /home/fideow/ROBOCON25_simulation-master/install/my_robot_description/share/my_robot_description/package.xml
[2.160s] Invoked command in '/home/fideow/ROBOCON25_simulation-master/build/my_robot_description' returned '0': CMAKE_PREFIX_PATH=${CMAKE_PREFIX_PATH}:/home/fideow/ROBOCON25_simulation-master/install/visualizer:/home/fideow/ROBOCON25_simulation-master/install/omni_mpc_controller:/home/fideow/ROBOCON25_simulation-master/install/new_teleotwistkeyboard:/home/fideow/ROBOCON25_simulation-master/install/lidar_avoidance:/home/fideow/ROBOCON25_simulation-master/install/laser:/opt/ros/humble /usr/bin/cmake --install /home/fideow/ROBOCON25_simulation-master/build/my_robot_description
