[0.392s] Invoking command in '/home/fideow/ROBOCON25_simulation-master/src/build/simulation_bringup': AMENT_PREFIX_PATH=/home/fideow/ROBOCON25_simulation-master/src/install/my_robot_description:${AMENT_PREFIX_PATH} CMAKE_PREFIX_PATH=/home/fideow/ROBOCON25_simulation-master/src/install/my_robot_description:/home/fideow/ros2_ws/install/myrobot_controller:/home/fideow/ros2_ws/install/my_robot_bringup:/home/fideow/ros2_ws/install/my_robot_description:/opt/ros/humble /usr/bin/cmake --build /home/fideow/ROBOCON25_simulation-master/src/build/simulation_bringup -- -j8 -l8
[0.452s] Invoked command in '/home/fideow/ROBOCON25_simulation-master/src/build/simulation_bringup' returned '0': AMENT_PREFIX_PATH=/home/fideow/ROBOCON25_simulation-master/src/install/my_robot_description:${AMENT_PREFIX_PATH} CMAKE_PREFIX_PATH=/home/fideow/ROBOCON25_simulation-master/src/install/my_robot_description:/home/fideow/ros2_ws/install/myrobot_controller:/home/fideow/ros2_ws/install/my_robot_bringup:/home/fideow/ros2_ws/install/my_robot_description:/opt/ros/humble /usr/bin/cmake --build /home/fideow/ROBOCON25_simulation-master/src/build/simulation_bringup -- -j8 -l8
[0.462s] Invoking command in '/home/fideow/ROBOCON25_simulation-master/src/build/simulation_bringup': AMENT_PREFIX_PATH=/home/fideow/ROBOCON25_simulation-master/src/install/my_robot_description:${AMENT_PREFIX_PATH} CMAKE_PREFIX_PATH=/home/fideow/ROBOCON25_simulation-master/src/install/my_robot_description:/home/fideow/ros2_ws/install/myrobot_controller:/home/fideow/ros2_ws/install/my_robot_bringup:/home/fideow/ros2_ws/install/my_robot_description:/opt/ros/humble /usr/bin/cmake --install /home/fideow/ROBOCON25_simulation-master/src/build/simulation_bringup
[0.468s] -- Install configuration: ""
[0.468s] -- Up-to-date: /home/fideow/ROBOCON25_simulation-master/src/install/simulation_bringup/share/simulation_bringup/launch
[0.468s] -- Up-to-date: /home/fideow/ROBOCON25_simulation-master/src/install/simulation_bringup/share/simulation_bringup/launch/my_robot.launch.py
[0.468s] -- Up-to-date: /home/fideow/ROBOCON25_simulation-master/src/install/simulation_bringup/share/simulation_bringup/launch/wheel_test.launch.py
[0.468s] -- Up-to-date: /home/fideow/ROBOCON25_simulation-master/src/install/simulation_bringup/share/simulation_bringup/launch/my_robot_gazebo.launch.xml
[0.468s] -- Up-to-date: /home/fideow/ROBOCON25_simulation-master/src/install/simulation_bringup/share/simulation_bringup/rviz
[0.468s] -- Up-to-date: /home/fideow/ROBOCON25_simulation-master/src/install/simulation_bringup/share/simulation_bringup/rviz/urdf_config.rviz
[0.468s] -- Up-to-date: /home/fideow/ROBOCON25_simulation-master/src/install/simulation_bringup/share/simulation_bringup/src
[0.468s] -- Up-to-date: /home/fideow/ROBOCON25_simulation-master/src/install/simulation_bringup/share/simulation_bringup/src/robot_controller.py
[0.468s] -- Up-to-date: /home/fideow/ROBOCON25_simulation-master/src/install/simulation_bringup/share/ament_index/resource_index/package_run_dependencies/simulation_bringup
[0.468s] -- Up-to-date: /home/fideow/ROBOCON25_simulation-master/src/install/simulation_bringup/share/ament_index/resource_index/parent_prefix_path/simulation_bringup
[0.469s] -- Up-to-date: /home/fideow/ROBOCON25_simulation-master/src/install/simulation_bringup/share/simulation_bringup/environment/ament_prefix_path.sh
[0.469s] -- Up-to-date: /home/fideow/ROBOCON25_simulation-master/src/install/simulation_bringup/share/simulation_bringup/environment/ament_prefix_path.dsv
[0.469s] -- Up-to-date: /home/fideow/ROBOCON25_simulation-master/src/install/simulation_bringup/share/simulation_bringup/environment/path.sh
[0.469s] -- Up-to-date: /home/fideow/ROBOCON25_simulation-master/src/install/simulation_bringup/share/simulation_bringup/environment/path.dsv
[0.469s] -- Up-to-date: /home/fideow/ROBOCON25_simulation-master/src/install/simulation_bringup/share/simulation_bringup/local_setup.bash
[0.469s] -- Up-to-date: /home/fideow/ROBOCON25_simulation-master/src/install/simulation_bringup/share/simulation_bringup/local_setup.sh
[0.469s] -- Up-to-date: /home/fideow/ROBOCON25_simulation-master/src/install/simulation_bringup/share/simulation_bringup/local_setup.zsh
[0.469s] -- Up-to-date: /home/fideow/ROBOCON25_simulation-master/src/install/simulation_bringup/share/simulation_bringup/local_setup.dsv
[0.469s] -- Up-to-date: /home/fideow/ROBOCON25_simulation-master/src/install/simulation_bringup/share/simulation_bringup/package.dsv
[0.469s] -- Up-to-date: /home/fideow/ROBOCON25_simulation-master/src/install/simulation_bringup/share/ament_index/resource_index/packages/simulation_bringup
[0.470s] -- Up-to-date: /home/fideow/ROBOCON25_simulation-master/src/install/simulation_bringup/share/simulation_bringup/cmake/simulation_bringupConfig.cmake
[0.470s] -- Up-to-date: /home/fideow/ROBOCON25_simulation-master/src/install/simulation_bringup/share/simulation_bringup/cmake/simulation_bringupConfig-version.cmake
[0.470s] -- Up-to-date: /home/fideow/ROBOCON25_simulation-master/src/install/simulation_bringup/share/simulation_bringup/package.xml
[0.474s] Invoked command in '/home/fideow/ROBOCON25_simulation-master/src/build/simulation_bringup' returned '0': AMENT_PREFIX_PATH=/home/fideow/ROBOCON25_simulation-master/src/install/my_robot_description:${AMENT_PREFIX_PATH} CMAKE_PREFIX_PATH=/home/fideow/ROBOCON25_simulation-master/src/install/my_robot_description:/home/fideow/ros2_ws/install/myrobot_controller:/home/fideow/ros2_ws/install/my_robot_bringup:/home/fideow/ros2_ws/install/my_robot_description:/opt/ros/humble /usr/bin/cmake --install /home/fideow/ROBOCON25_simulation-master/src/build/simulation_bringup
