[0.033s] Invoking command in '/home/fideow/ROBOCON25_simulation-master/src/build/ares_comm': CMAKE_PREFIX_PATH=${CMAKE_PREFIX_PATH}:/opt/ros/humble /usr/bin/cmake --build /home/fideow/ROBOCON25_simulation-master/src/build/ares_comm -- -j8 -l8
[0.998s] [  1%] Built target ares_comm__cpp
[0.998s] [35m[1mConsolidate compiler generated dependencies of target ares_comm_lib[0m
[0.998s] [35m[1mConsolidate compiler generated dependencies of target ares_comm__rosidl_generator_c[0m
[0.998s] [35m[1mConsolidate compiler generated dependencies of target ares_comm__rosidl_typesupport_cpp[0m
[0.998s] [35m[1mConsolidate compiler generated dependencies of target ares_comm__rosidl_typesupport_fastrtps_cpp[0m
[0.998s] [35m[1mConsolidate compiler generated dependencies of target ares_comm__rosidl_typesupport_introspection_cpp[0m
[0.999s] [  9%] Built target ares_comm__rosidl_generator_c
[0.999s] [ 24%] Built target ares_comm__rosidl_typesupport_cpp
[0.999s] [ 22%] Built target ares_comm_lib
[0.999s] [ 24%] Built target ament_cmake_python_copy_ares_comm
[0.999s] [ 32%] Built target ares_comm__rosidl_typesupport_fastrtps_cpp
[0.999s] [ 40%] Built target ares_comm__rosidl_typesupport_introspection_cpp
[0.999s] [35m[1mConsolidate compiler generated dependencies of target ares_comm__rosidl_typesupport_introspection_c[0m
[0.999s] [35m[1mConsolidate compiler generated dependencies of target ares_comm__rosidl_typesupport_fastrtps_c[0m
[0.999s] [35m[1mConsolidate compiler generated dependencies of target ares_comm__rosidl_typesupport_c[0m
[0.999s] [ 49%] Built target ares_comm__rosidl_typesupport_introspection_c
[0.999s] [ 65%] Built target ares_comm__rosidl_typesupport_fastrtps_c
[0.999s] [ 65%] Built target ares_comm__rosidl_typesupport_c
[0.999s] [ 65%] Built target ares_comm
[0.999s] [35m[1mConsolidate compiler generated dependencies of target ares_comm_node[0m
[0.999s] [35m[1mConsolidate compiler generated dependencies of target imu_sensor_node[0m
[0.999s] [ 67%] Built target ares_comm__py
[0.999s] [ 75%] Built target ares_comm_node
[0.999s] [35m[1mConsolidate compiler generated dependencies of target ares_comm__rosidl_generator_py[0m
[0.999s] [ 83%] Built target imu_sensor_node
[0.999s] [ 90%] Built target ares_comm__rosidl_generator_py
[0.999s] [35m[1mConsolidate compiler generated dependencies of target ares_comm__rosidl_typesupport_introspection_c__pyext[0m
[0.999s] [35m[1mConsolidate compiler generated dependencies of target ares_comm__rosidl_typesupport_fastrtps_c__pyext[0m
[1.000s] [35m[1mConsolidate compiler generated dependencies of target ares_comm__rosidl_typesupport_c__pyext[0m
[1.000s] [ 93%] Built target ares_comm__rosidl_typesupport_introspection_c__pyext
[1.000s] [ 96%] Built target ares_comm__rosidl_typesupport_fastrtps_c__pyext
[1.000s] [100%] Built target ares_comm__rosidl_typesupport_c__pyext
[1.000s] running egg_info
[1.000s] writing ares_comm.egg-info/PKG-INFO
[1.000s] writing dependency_links to ares_comm.egg-info/dependency_links.txt
[1.000s] writing top-level names to ares_comm.egg-info/top_level.txt
[1.000s] reading manifest file 'ares_comm.egg-info/SOURCES.txt'
[1.000s] writing manifest file 'ares_comm.egg-info/SOURCES.txt'
[1.000s] [100%] Built target ament_cmake_python_build_ares_comm_egg
[1.014s] Invoked command in '/home/fideow/ROBOCON25_simulation-master/src/build/ares_comm' returned '0': CMAKE_PREFIX_PATH=${CMAKE_PREFIX_PATH}:/opt/ros/humble /usr/bin/cmake --build /home/fideow/ROBOCON25_simulation-master/src/build/ares_comm -- -j8 -l8
[1.016s] Invoking command in '/home/fideow/ROBOCON25_simulation-master/src/build/ares_comm': CMAKE_PREFIX_PATH=${CMAKE_PREFIX_PATH}:/opt/ros/humble /usr/bin/cmake --install /home/fideow/ROBOCON25_simulation-master/src/build/ares_comm
[1.040s] -- Install configuration: ""
[1.040s] -- Up-to-date: /home/fideow/ROBOCON25_simulation-master/src/install/ares_comm/share/ament_index/resource_index/rosidl_interfaces/ares_comm
[1.040s] -- Up-to-date: /home/fideow/ROBOCON25_simulation-master/src/install/ares_comm/include/ares_comm/ares_comm
[1.040s] -- Up-to-date: /home/fideow/ROBOCON25_simulation-master/src/install/ares_comm/include/ares_comm/ares_comm/srv
[1.040s] -- Up-to-date: /home/fideow/ROBOCON25_simulation-master/src/install/ares_comm/include/ares_comm/ares_comm/srv/detail
[1.040s] -- Up-to-date: /home/fideow/ROBOCON25_simulation-master/src/install/ares_comm/include/ares_comm/ares_comm/srv/detail/execute__functions.c
[1.041s] -- Up-to-date: /home/fideow/ROBOCON25_simulation-master/src/install/ares_comm/include/ares_comm/ares_comm/srv/detail/execute__type_support.h
[1.041s] -- Up-to-date: /home/fideow/ROBOCON25_simulation-master/src/install/ares_comm/include/ares_comm/ares_comm/srv/detail/execute__struct.h
[1.041s] -- Up-to-date: /home/fideow/ROBOCON25_simulation-master/src/install/ares_comm/include/ares_comm/ares_comm/srv/detail/execute__functions.h
[1.043s] -- Up-to-date: /home/fideow/ROBOCON25_simulation-master/src/install/ares_comm/include/ares_comm/ares_comm/srv/execute.h
[1.043s] -- Up-to-date: /home/fideow/ROBOCON25_simulation-master/src/install/ares_comm/include/ares_comm/ares_comm/msg
[1.043s] -- Up-to-date: /home/fideow/ROBOCON25_simulation-master/src/install/ares_comm/include/ares_comm/ares_comm/msg/detail
[1.043s] -- Up-to-date: /home/fideow/ROBOCON25_simulation-master/src/install/ares_comm/include/ares_comm/ares_comm/msg/detail/data__functions.c
[1.043s] -- Up-to-date: /home/fideow/ROBOCON25_simulation-master/src/install/ares_comm/include/ares_comm/ares_comm/msg/detail/error__functions.h
[1.043s] -- Up-to-date: /home/fideow/ROBOCON25_simulation-master/src/install/ares_comm/include/ares_comm/ares_comm/msg/detail/data__struct.h
[1.044s] -- Up-to-date: /home/fideow/ROBOCON25_simulation-master/src/install/ares_comm/include/ares_comm/ares_comm/msg/detail/data__functions.h
[1.044s] -- Up-to-date: /home/fideow/ROBOCON25_simulation-master/src/install/ares_comm/include/ares_comm/ares_comm/msg/detail/error__functions.c
[1.044s] -- Up-to-date: /home/fideow/ROBOCON25_simulation-master/src/install/ares_comm/include/ares_comm/ares_comm/msg/detail/data__type_support.h
[1.044s] -- Up-to-date: /home/fideow/ROBOCON25_simulation-master/src/install/ares_comm/include/ares_comm/ares_comm/msg/detail/error__type_support.h
[1.044s] -- Up-to-date: /home/fideow/ROBOCON25_simulation-master/src/install/ares_comm/include/ares_comm/ares_comm/msg/detail/error__struct.h
[1.044s] -- Up-to-date: /home/fideow/ROBOCON25_simulation-master/src/install/ares_comm/include/ares_comm/ares_comm/msg/error.h
[1.044s] -- Up-to-date: /home/fideow/ROBOCON25_simulation-master/src/install/ares_comm/include/ares_comm/ares_comm/msg/rosidl_generator_c__visibility_control.h
[1.044s] -- Up-to-date: /home/fideow/ROBOCON25_simulation-master/src/install/ares_comm/include/ares_comm/ares_comm/msg/data.h
[1.044s] -- Up-to-date: /home/fideow/ROBOCON25_simulation-master/src/install/ares_comm/share/ares_comm/environment/library_path.sh
[1.044s] -- Up-to-date: /home/fideow/ROBOCON25_simulation-master/src/install/ares_comm/share/ares_comm/environment/library_path.dsv
[1.044s] -- Up-to-date: /home/fideow/ROBOCON25_simulation-master/src/install/ares_comm/lib/libares_comm__rosidl_generator_c.so
[1.044s] -- Up-to-date: /home/fideow/ROBOCON25_simulation-master/src/install/ares_comm/include/ares_comm/ares_comm
[1.044s] -- Up-to-date: /home/fideow/ROBOCON25_simulation-master/src/install/ares_comm/include/ares_comm/ares_comm/srv
[1.045s] -- Up-to-date: /home/fideow/ROBOCON25_simulation-master/src/install/ares_comm/include/ares_comm/ares_comm/srv/detail
[1.045s] -- Up-to-date: /home/fideow/ROBOCON25_simulation-master/src/install/ares_comm/include/ares_comm/ares_comm/srv/detail/execute__rosidl_typesupport_fastrtps_c.h
[1.045s] -- Up-to-date: /home/fideow/ROBOCON25_simulation-master/src/install/ares_comm/include/ares_comm/ares_comm/msg
[1.045s] -- Up-to-date: /home/fideow/ROBOCON25_simulation-master/src/install/ares_comm/include/ares_comm/ares_comm/msg/detail
[1.045s] -- Up-to-date: /home/fideow/ROBOCON25_simulation-master/src/install/ares_comm/include/ares_comm/ares_comm/msg/detail/data__rosidl_typesupport_fastrtps_c.h
[1.045s] -- Up-to-date: /home/fideow/ROBOCON25_simulation-master/src/install/ares_comm/include/ares_comm/ares_comm/msg/detail/error__rosidl_typesupport_fastrtps_c.h
[1.045s] -- Up-to-date: /home/fideow/ROBOCON25_simulation-master/src/install/ares_comm/include/ares_comm/ares_comm/msg/rosidl_typesupport_fastrtps_c__visibility_control.h
[1.045s] -- Up-to-date: /home/fideow/ROBOCON25_simulation-master/src/install/ares_comm/lib/libares_comm__rosidl_typesupport_fastrtps_c.so
[1.045s] -- Up-to-date: /home/fideow/ROBOCON25_simulation-master/src/install/ares_comm/include/ares_comm/ares_comm
[1.045s] -- Up-to-date: /home/fideow/ROBOCON25_simulation-master/src/install/ares_comm/include/ares_comm/ares_comm/srv
[1.045s] -- Up-to-date: /home/fideow/ROBOCON25_simulation-master/src/install/ares_comm/include/ares_comm/ares_comm/srv/detail
[1.045s] -- Up-to-date: /home/fideow/ROBOCON25_simulation-master/src/install/ares_comm/include/ares_comm/ares_comm/srv/detail/execute__rosidl_typesupport_introspection_c.h
[1.045s] -- Up-to-date: /home/fideow/ROBOCON25_simulation-master/src/install/ares_comm/include/ares_comm/ares_comm/srv/detail/execute__type_support.c
[1.046s] -- Up-to-date: /home/fideow/ROBOCON25_simulation-master/src/install/ares_comm/include/ares_comm/ares_comm/msg
[1.046s] -- Up-to-date: /home/fideow/ROBOCON25_simulation-master/src/install/ares_comm/include/ares_comm/ares_comm/msg/detail
[1.046s] -- Up-to-date: /home/fideow/ROBOCON25_simulation-master/src/install/ares_comm/include/ares_comm/ares_comm/msg/detail/data__rosidl_typesupport_introspection_c.h
[1.046s] -- Up-to-date: /home/fideow/ROBOCON25_simulation-master/src/install/ares_comm/include/ares_comm/ares_comm/msg/detail/error__rosidl_typesupport_introspection_c.h
[1.046s] -- Up-to-date: /home/fideow/ROBOCON25_simulation-master/src/install/ares_comm/include/ares_comm/ares_comm/msg/detail/error__type_support.c
[1.046s] -- Up-to-date: /home/fideow/ROBOCON25_simulation-master/src/install/ares_comm/include/ares_comm/ares_comm/msg/detail/data__type_support.c
[1.046s] -- Up-to-date: /home/fideow/ROBOCON25_simulation-master/src/install/ares_comm/include/ares_comm/ares_comm/msg/rosidl_typesupport_introspection_c__visibility_control.h
[1.046s] -- Up-to-date: /home/fideow/ROBOCON25_simulation-master/src/install/ares_comm/lib/libares_comm__rosidl_typesupport_introspection_c.so
[1.046s] -- Up-to-date: /home/fideow/ROBOCON25_simulation-master/src/install/ares_comm/lib/libares_comm__rosidl_typesupport_c.so
[1.046s] -- Up-to-date: /home/fideow/ROBOCON25_simulation-master/src/install/ares_comm/include/ares_comm/ares_comm
[1.046s] -- Up-to-date: /home/fideow/ROBOCON25_simulation-master/src/install/ares_comm/include/ares_comm/ares_comm/srv
[1.047s] -- Up-to-date: /home/fideow/ROBOCON25_simulation-master/src/install/ares_comm/include/ares_comm/ares_comm/srv/detail
[1.047s] -- Up-to-date: /home/fideow/ROBOCON25_simulation-master/src/install/ares_comm/include/ares_comm/ares_comm/srv/detail/execute__builder.hpp
[1.047s] -- Up-to-date: /home/fideow/ROBOCON25_simulation-master/src/install/ares_comm/include/ares_comm/ares_comm/srv/detail/execute__type_support.hpp
[1.051s] -- Up-to-date: /home/fideow/ROBOCON25_simulation-master/src/install/ares_comm/include/ares_comm/ares_comm/srv/detail/execute__traits.hpp
[1.051s] -- Up-to-date: /home/fideow/ROBOCON25_simulation-master/src/install/ares_comm/include/ares_comm/ares_comm/srv/detail/execute__struct.hpp
[1.052s] -- Up-to-date: /home/fideow/ROBOCON25_simulation-master/src/install/ares_comm/include/ares_comm/ares_comm/srv/execute.hpp
[1.052s] -- Up-to-date: /home/fideow/ROBOCON25_simulation-master/src/install/ares_comm/include/ares_comm/ares_comm/msg
[1.052s] -- Up-to-date: /home/fideow/ROBOCON25_simulation-master/src/install/ares_comm/include/ares_comm/ares_comm/msg/detail
[1.052s] -- Up-to-date: /home/fideow/ROBOCON25_simulation-master/src/install/ares_comm/include/ares_comm/ares_comm/msg/detail/error__struct.hpp
[1.052s] -- Up-to-date: /home/fideow/ROBOCON25_simulation-master/src/install/ares_comm/include/ares_comm/ares_comm/msg/detail/error__traits.hpp
[1.052s] -- Up-to-date: /home/fideow/ROBOCON25_simulation-master/src/install/ares_comm/include/ares_comm/ares_comm/msg/detail/error__type_support.hpp
[1.052s] -- Up-to-date: /home/fideow/ROBOCON25_simulation-master/src/install/ares_comm/include/ares_comm/ares_comm/msg/detail/error__builder.hpp
[1.052s] -- Up-to-date: /home/fideow/ROBOCON25_simulation-master/src/install/ares_comm/include/ares_comm/ares_comm/msg/detail/data__builder.hpp
[1.052s] -- Up-to-date: /home/fideow/ROBOCON25_simulation-master/src/install/ares_comm/include/ares_comm/ares_comm/msg/detail/data__type_support.hpp
[1.052s] -- Up-to-date: /home/fideow/ROBOCON25_simulation-master/src/install/ares_comm/include/ares_comm/ares_comm/msg/detail/data__struct.hpp
[1.052s] -- Up-to-date: /home/fideow/ROBOCON25_simulation-master/src/install/ares_comm/include/ares_comm/ares_comm/msg/detail/data__traits.hpp
[1.052s] -- Up-to-date: /home/fideow/ROBOCON25_simulation-master/src/install/ares_comm/include/ares_comm/ares_comm/msg/data.hpp
[1.053s] -- Up-to-date: /home/fideow/ROBOCON25_simulation-master/src/install/ares_comm/include/ares_comm/ares_comm/msg/error.hpp
[1.053s] -- Up-to-date: /home/fideow/ROBOCON25_simulation-master/src/install/ares_comm/include/ares_comm/ares_comm/msg/rosidl_generator_cpp__visibility_control.hpp
[1.053s] -- Up-to-date: /home/fideow/ROBOCON25_simulation-master/src/install/ares_comm/include/ares_comm/ares_comm
[1.053s] -- Up-to-date: /home/fideow/ROBOCON25_simulation-master/src/install/ares_comm/include/ares_comm/ares_comm/srv
[1.053s] -- Up-to-date: /home/fideow/ROBOCON25_simulation-master/src/install/ares_comm/include/ares_comm/ares_comm/srv/detail
[1.053s] -- Up-to-date: /home/fideow/ROBOCON25_simulation-master/src/install/ares_comm/include/ares_comm/ares_comm/srv/detail/dds_fastrtps
[1.053s] -- Up-to-date: /home/fideow/ROBOCON25_simulation-master/src/install/ares_comm/include/ares_comm/ares_comm/srv/detail/execute__rosidl_typesupport_fastrtps_cpp.hpp
[1.053s] -- Up-to-date: /home/fideow/ROBOCON25_simulation-master/src/install/ares_comm/include/ares_comm/ares_comm/msg
[1.053s] -- Up-to-date: /home/fideow/ROBOCON25_simulation-master/src/install/ares_comm/include/ares_comm/ares_comm/msg/detail
[1.053s] -- Up-to-date: /home/fideow/ROBOCON25_simulation-master/src/install/ares_comm/include/ares_comm/ares_comm/msg/detail/dds_fastrtps
[1.053s] -- Up-to-date: /home/fideow/ROBOCON25_simulation-master/src/install/ares_comm/include/ares_comm/ares_comm/msg/detail/data__rosidl_typesupport_fastrtps_cpp.hpp
[1.053s] -- Up-to-date: /home/fideow/ROBOCON25_simulation-master/src/install/ares_comm/include/ares_comm/ares_comm/msg/detail/error__rosidl_typesupport_fastrtps_cpp.hpp
[1.053s] -- Up-to-date: /home/fideow/ROBOCON25_simulation-master/src/install/ares_comm/include/ares_comm/ares_comm/msg/rosidl_typesupport_fastrtps_cpp__visibility_control.h
[1.054s] -- Up-to-date: /home/fideow/ROBOCON25_simulation-master/src/install/ares_comm/lib/libares_comm__rosidl_typesupport_fastrtps_cpp.so
[1.054s] -- Up-to-date: /home/fideow/ROBOCON25_simulation-master/src/install/ares_comm/include/ares_comm/ares_comm
[1.054s] -- Up-to-date: /home/fideow/ROBOCON25_simulation-master/src/install/ares_comm/include/ares_comm/ares_comm/srv
[1.054s] -- Up-to-date: /home/fideow/ROBOCON25_simulation-master/src/install/ares_comm/include/ares_comm/ares_comm/srv/detail
[1.054s] -- Up-to-date: /home/fideow/ROBOCON25_simulation-master/src/install/ares_comm/include/ares_comm/ares_comm/srv/detail/execute__type_support.cpp
[1.054s] -- Up-to-date: /home/fideow/ROBOCON25_simulation-master/src/install/ares_comm/include/ares_comm/ares_comm/srv/detail/execute__rosidl_typesupport_introspection_cpp.hpp
[1.054s] -- Up-to-date: /home/fideow/ROBOCON25_simulation-master/src/install/ares_comm/include/ares_comm/ares_comm/msg
[1.054s] -- Up-to-date: /home/fideow/ROBOCON25_simulation-master/src/install/ares_comm/include/ares_comm/ares_comm/msg/detail
[1.054s] -- Up-to-date: /home/fideow/ROBOCON25_simulation-master/src/install/ares_comm/include/ares_comm/ares_comm/msg/detail/data__rosidl_typesupport_introspection_cpp.hpp
[1.054s] -- Up-to-date: /home/fideow/ROBOCON25_simulation-master/src/install/ares_comm/include/ares_comm/ares_comm/msg/detail/data__type_support.cpp
[1.054s] -- Up-to-date: /home/fideow/ROBOCON25_simulation-master/src/install/ares_comm/include/ares_comm/ares_comm/msg/detail/error__type_support.cpp
[1.054s] -- Up-to-date: /home/fideow/ROBOCON25_simulation-master/src/install/ares_comm/include/ares_comm/ares_comm/msg/detail/error__rosidl_typesupport_introspection_cpp.hpp
[1.055s] -- Up-to-date: /home/fideow/ROBOCON25_simulation-master/src/install/ares_comm/lib/libares_comm__rosidl_typesupport_introspection_cpp.so
[1.055s] -- Up-to-date: /home/fideow/ROBOCON25_simulation-master/src/install/ares_comm/lib/libares_comm__rosidl_typesupport_cpp.so
[1.055s] -- Up-to-date: /home/fideow/ROBOCON25_simulation-master/src/install/ares_comm/share/ares_comm/environment/pythonpath.sh
[1.060s] -- Up-to-date: /home/fideow/ROBOCON25_simulation-master/src/install/ares_comm/share/ares_comm/environment/pythonpath.dsv
[1.060s] -- Up-to-date: /home/fideow/ROBOCON25_simulation-master/src/install/ares_comm/local/lib/python3.10/dist-packages/ares_comm-0.0.0-py3.10.egg-info
[1.061s] -- Installing: /home/fideow/ROBOCON25_simulation-master/src/install/ares_comm/local/lib/python3.10/dist-packages/ares_comm-0.0.0-py3.10.egg-info/top_level.txt
[1.061s] -- Installing: /home/fideow/ROBOCON25_simulation-master/src/install/ares_comm/local/lib/python3.10/dist-packages/ares_comm-0.0.0-py3.10.egg-info/PKG-INFO
[1.061s] -- Installing: /home/fideow/ROBOCON25_simulation-master/src/install/ares_comm/local/lib/python3.10/dist-packages/ares_comm-0.0.0-py3.10.egg-info/dependency_links.txt
[1.061s] -- Installing: /home/fideow/ROBOCON25_simulation-master/src/install/ares_comm/local/lib/python3.10/dist-packages/ares_comm-0.0.0-py3.10.egg-info/SOURCES.txt
[1.061s] -- Up-to-date: /home/fideow/ROBOCON25_simulation-master/src/install/ares_comm/local/lib/python3.10/dist-packages/ares_comm
[1.061s] -- Up-to-date: /home/fideow/ROBOCON25_simulation-master/src/install/ares_comm/local/lib/python3.10/dist-packages/ares_comm/_ares_comm_s.ep.rosidl_typesupport_fastrtps_c.c
[1.061s] -- Up-to-date: /home/fideow/ROBOCON25_simulation-master/src/install/ares_comm/local/lib/python3.10/dist-packages/ares_comm/libares_comm__rosidl_generator_py.so
[1.061s] -- Up-to-date: /home/fideow/ROBOCON25_simulation-master/src/install/ares_comm/local/lib/python3.10/dist-packages/ares_comm/ares_comm_s__rosidl_typesupport_introspection_c.cpython-310-x86_64-linux-gnu.so
[1.061s] -- Up-to-date: /home/fideow/ROBOCON25_simulation-master/src/install/ares_comm/local/lib/python3.10/dist-packages/ares_comm/_ares_comm_s.ep.rosidl_typesupport_c.c
[1.061s] -- Up-to-date: /home/fideow/ROBOCON25_simulation-master/src/install/ares_comm/local/lib/python3.10/dist-packages/ares_comm/__init__.py
[1.061s] -- Up-to-date: /home/fideow/ROBOCON25_simulation-master/src/install/ares_comm/local/lib/python3.10/dist-packages/ares_comm/srv
[1.061s] -- Up-to-date: /home/fideow/ROBOCON25_simulation-master/src/install/ares_comm/local/lib/python3.10/dist-packages/ares_comm/srv/__init__.py
[1.061s] -- Up-to-date: /home/fideow/ROBOCON25_simulation-master/src/install/ares_comm/local/lib/python3.10/dist-packages/ares_comm/srv/_execute_s.c
[1.062s] -- Up-to-date: /home/fideow/ROBOCON25_simulation-master/src/install/ares_comm/local/lib/python3.10/dist-packages/ares_comm/srv/_execute.py
[1.062s] -- Up-to-date: /home/fideow/ROBOCON25_simulation-master/src/install/ares_comm/local/lib/python3.10/dist-packages/ares_comm/ares_comm_s__rosidl_typesupport_fastrtps_c.cpython-310-x86_64-linux-gnu.so
[1.062s] -- Up-to-date: /home/fideow/ROBOCON25_simulation-master/src/install/ares_comm/local/lib/python3.10/dist-packages/ares_comm/ares_comm_s__rosidl_typesupport_c.cpython-310-x86_64-linux-gnu.so
[1.062s] -- Up-to-date: /home/fideow/ROBOCON25_simulation-master/src/install/ares_comm/local/lib/python3.10/dist-packages/ares_comm/_ares_comm_s.ep.rosidl_typesupport_introspection_c.c
[1.062s] -- Up-to-date: /home/fideow/ROBOCON25_simulation-master/src/install/ares_comm/local/lib/python3.10/dist-packages/ares_comm/msg
[1.062s] -- Up-to-date: /home/fideow/ROBOCON25_simulation-master/src/install/ares_comm/local/lib/python3.10/dist-packages/ares_comm/msg/_error.py
[1.062s] -- Up-to-date: /home/fideow/ROBOCON25_simulation-master/src/install/ares_comm/local/lib/python3.10/dist-packages/ares_comm/msg/_data_s.c
[1.062s] -- Up-to-date: /home/fideow/ROBOCON25_simulation-master/src/install/ares_comm/local/lib/python3.10/dist-packages/ares_comm/msg/__init__.py
[1.062s] -- Up-to-date: /home/fideow/ROBOCON25_simulation-master/src/install/ares_comm/local/lib/python3.10/dist-packages/ares_comm/msg/_error_s.c
[1.062s] -- Up-to-date: /home/fideow/ROBOCON25_simulation-master/src/install/ares_comm/local/lib/python3.10/dist-packages/ares_comm/msg/_data.py
[1.078s] Listing '/home/fideow/ROBOCON25_simulation-master/src/install/ares_comm/local/lib/python3.10/dist-packages/ares_comm'...
[1.078s] Listing '/home/fideow/ROBOCON25_simulation-master/src/install/ares_comm/local/lib/python3.10/dist-packages/ares_comm/msg'...
[1.078s] Listing '/home/fideow/ROBOCON25_simulation-master/src/install/ares_comm/local/lib/python3.10/dist-packages/ares_comm/srv'...
[1.086s] -- Up-to-date: /home/fideow/ROBOCON25_simulation-master/src/install/ares_comm/local/lib/python3.10/dist-packages/ares_comm/ares_comm_s__rosidl_typesupport_fastrtps_c.cpython-310-x86_64-linux-gnu.so
[1.086s] -- Up-to-date: /home/fideow/ROBOCON25_simulation-master/src/install/ares_comm/local/lib/python3.10/dist-packages/ares_comm/ares_comm_s__rosidl_typesupport_introspection_c.cpython-310-x86_64-linux-gnu.so
[1.086s] -- Up-to-date: /home/fideow/ROBOCON25_simulation-master/src/install/ares_comm/local/lib/python3.10/dist-packages/ares_comm/ares_comm_s__rosidl_typesupport_c.cpython-310-x86_64-linux-gnu.so
[1.087s] -- Up-to-date: /home/fideow/ROBOCON25_simulation-master/src/install/ares_comm/lib/libares_comm__rosidl_generator_py.so
[1.087s] -- Up-to-date: /home/fideow/ROBOCON25_simulation-master/src/install/ares_comm/share/ares_comm/msg/Data.idl
[1.087s] -- Up-to-date: /home/fideow/ROBOCON25_simulation-master/src/install/ares_comm/share/ares_comm/msg/Error.idl
[1.087s] -- Up-to-date: /home/fideow/ROBOCON25_simulation-master/src/install/ares_comm/share/ares_comm/srv/Execute.idl
[1.087s] -- Up-to-date: /home/fideow/ROBOCON25_simulation-master/src/install/ares_comm/share/ares_comm/msg/Data.msg
[1.087s] -- Up-to-date: /home/fideow/ROBOCON25_simulation-master/src/install/ares_comm/share/ares_comm/msg/Error.msg
[1.087s] -- Up-to-date: /home/fideow/ROBOCON25_simulation-master/src/install/ares_comm/share/ares_comm/srv/Execute.srv
[1.087s] -- Up-to-date: /home/fideow/ROBOCON25_simulation-master/src/install/ares_comm/share/ares_comm/srv/Execute_Request.msg
[1.087s] -- Up-to-date: /home/fideow/ROBOCON25_simulation-master/src/install/ares_comm/share/ares_comm/srv/Execute_Response.msg
[1.087s] -- Up-to-date: /home/fideow/ROBOCON25_simulation-master/src/install/ares_comm/lib/libares_comm_lib.so
[1.087s] -- Up-to-date: /home/fideow/ROBOCON25_simulation-master/src/install/ares_comm/lib/ares_comm/ares_comm_node
[1.087s] -- Up-to-date: /home/fideow/ROBOCON25_simulation-master/src/install/ares_comm/lib/ares_comm/imu_sensor_node
[1.087s] -- Up-to-date: /home/fideow/ROBOCON25_simulation-master/src/install/ares_comm/share/ares_comm//launch
[1.088s] -- Up-to-date: /home/fideow/ROBOCON25_simulation-master/src/install/ares_comm/share/ares_comm//launch/imu_sensor.launch.py
[1.088s] -- Up-to-date: /home/fideow/ROBOCON25_simulation-master/src/install/ares_comm/share/ares_comm//launch/ares_comm.launch.py
[1.088s] -- Up-to-date: /home/fideow/ROBOCON25_simulation-master/src/install/ares_comm/include
[1.088s] -- Up-to-date: /home/fideow/ROBOCON25_simulation-master/src/install/ares_comm/include/ares_comm
[1.088s] -- Up-to-date: /home/fideow/ROBOCON25_simulation-master/src/install/ares_comm/include/ares_comm/protocol_parser.hpp
[1.088s] -- Up-to-date: /home/fideow/ROBOCON25_simulation-master/src/install/ares_comm/include/ares_comm/serial_interface.hpp
[1.088s] -- Up-to-date: /home/fideow/ROBOCON25_simulation-master/src/install/ares_comm/include/ares_comm/crc.hpp
[1.088s] -- Up-to-date: /home/fideow/ROBOCON25_simulation-master/src/install/ares_comm/share/ament_index/resource_index/package_run_dependencies/ares_comm
[1.088s] -- Up-to-date: /home/fideow/ROBOCON25_simulation-master/src/install/ares_comm/share/ament_index/resource_index/parent_prefix_path/ares_comm
[1.088s] -- Up-to-date: /home/fideow/ROBOCON25_simulation-master/src/install/ares_comm/share/ares_comm/environment/ament_prefix_path.sh
[1.088s] -- Up-to-date: /home/fideow/ROBOCON25_simulation-master/src/install/ares_comm/share/ares_comm/environment/ament_prefix_path.dsv
[1.088s] -- Up-to-date: /home/fideow/ROBOCON25_simulation-master/src/install/ares_comm/share/ares_comm/environment/path.sh
[1.089s] -- Up-to-date: /home/fideow/ROBOCON25_simulation-master/src/install/ares_comm/share/ares_comm/environment/path.dsv
[1.089s] -- Up-to-date: /home/fideow/ROBOCON25_simulation-master/src/install/ares_comm/share/ares_comm/local_setup.bash
[1.089s] -- Up-to-date: /home/fideow/ROBOCON25_simulation-master/src/install/ares_comm/share/ares_comm/local_setup.sh
[1.090s] -- Up-to-date: /home/fideow/ROBOCON25_simulation-master/src/install/ares_comm/share/ares_comm/local_setup.zsh
[1.090s] -- Up-to-date: /home/fideow/ROBOCON25_simulation-master/src/install/ares_comm/share/ares_comm/local_setup.dsv
[1.090s] -- Installing: /home/fideow/ROBOCON25_simulation-master/src/install/ares_comm/share/ares_comm/package.dsv
[1.090s] -- Up-to-date: /home/fideow/ROBOCON25_simulation-master/src/install/ares_comm/share/ament_index/resource_index/packages/ares_comm
[1.090s] -- Up-to-date: /home/fideow/ROBOCON25_simulation-master/src/install/ares_comm/share/ares_comm/cmake/export_ares_comm__rosidl_generator_cExport.cmake
[1.090s] -- Up-to-date: /home/fideow/ROBOCON25_simulation-master/src/install/ares_comm/share/ares_comm/cmake/export_ares_comm__rosidl_generator_cExport-noconfig.cmake
[1.090s] -- Up-to-date: /home/fideow/ROBOCON25_simulation-master/src/install/ares_comm/share/ares_comm/cmake/export_ares_comm__rosidl_typesupport_fastrtps_cExport.cmake
[1.090s] -- Up-to-date: /home/fideow/ROBOCON25_simulation-master/src/install/ares_comm/share/ares_comm/cmake/export_ares_comm__rosidl_typesupport_fastrtps_cExport-noconfig.cmake
[1.090s] -- Up-to-date: /home/fideow/ROBOCON25_simulation-master/src/install/ares_comm/share/ares_comm/cmake/ares_comm__rosidl_typesupport_introspection_cExport.cmake
[1.091s] -- Up-to-date: /home/fideow/ROBOCON25_simulation-master/src/install/ares_comm/share/ares_comm/cmake/ares_comm__rosidl_typesupport_introspection_cExport-noconfig.cmake
[1.091s] -- Up-to-date: /home/fideow/ROBOCON25_simulation-master/src/install/ares_comm/share/ares_comm/cmake/ares_comm__rosidl_typesupport_cExport.cmake
[1.091s] -- Up-to-date: /home/fideow/ROBOCON25_simulation-master/src/install/ares_comm/share/ares_comm/cmake/ares_comm__rosidl_typesupport_cExport-noconfig.cmake
[1.091s] -- Up-to-date: /home/fideow/ROBOCON25_simulation-master/src/install/ares_comm/share/ares_comm/cmake/export_ares_comm__rosidl_generator_cppExport.cmake
[1.091s] -- Up-to-date: /home/fideow/ROBOCON25_simulation-master/src/install/ares_comm/share/ares_comm/cmake/export_ares_comm__rosidl_typesupport_fastrtps_cppExport.cmake
[1.091s] -- Up-to-date: /home/fideow/ROBOCON25_simulation-master/src/install/ares_comm/share/ares_comm/cmake/export_ares_comm__rosidl_typesupport_fastrtps_cppExport-noconfig.cmake
[1.091s] -- Up-to-date: /home/fideow/ROBOCON25_simulation-master/src/install/ares_comm/share/ares_comm/cmake/ares_comm__rosidl_typesupport_introspection_cppExport.cmake
[1.092s] -- Up-to-date: /home/fideow/ROBOCON25_simulation-master/src/install/ares_comm/share/ares_comm/cmake/ares_comm__rosidl_typesupport_introspection_cppExport-noconfig.cmake
[1.092s] -- Up-to-date: /home/fideow/ROBOCON25_simulation-master/src/install/ares_comm/share/ares_comm/cmake/ares_comm__rosidl_typesupport_cppExport.cmake
[1.092s] -- Up-to-date: /home/fideow/ROBOCON25_simulation-master/src/install/ares_comm/share/ares_comm/cmake/ares_comm__rosidl_typesupport_cppExport-noconfig.cmake
[1.092s] -- Up-to-date: /home/fideow/ROBOCON25_simulation-master/src/install/ares_comm/share/ares_comm/cmake/export_ares_comm__rosidl_generator_pyExport.cmake
[1.092s] -- Up-to-date: /home/fideow/ROBOCON25_simulation-master/src/install/ares_comm/share/ares_comm/cmake/export_ares_comm__rosidl_generator_pyExport-noconfig.cmake
[1.093s] -- Up-to-date: /home/fideow/ROBOCON25_simulation-master/src/install/ares_comm/share/ares_comm/cmake/export_ares_comm_libExport.cmake
[1.093s] -- Up-to-date: /home/fideow/ROBOCON25_simulation-master/src/install/ares_comm/share/ares_comm/cmake/export_ares_comm_libExport-noconfig.cmake
[1.093s] -- Up-to-date: /home/fideow/ROBOCON25_simulation-master/src/install/ares_comm/share/ares_comm/cmake/rosidl_cmake-extras.cmake
[1.093s] -- Up-to-date: /home/fideow/ROBOCON25_simulation-master/src/install/ares_comm/share/ares_comm/cmake/ament_cmake_export_include_directories-extras.cmake
[1.093s] -- Up-to-date: /home/fideow/ROBOCON25_simulation-master/src/install/ares_comm/share/ares_comm/cmake/ament_cmake_export_libraries-extras.cmake
[1.093s] -- Up-to-date: /home/fideow/ROBOCON25_simulation-master/src/install/ares_comm/share/ares_comm/cmake/ament_cmake_export_targets-extras.cmake
[1.093s] -- Up-to-date: /home/fideow/ROBOCON25_simulation-master/src/install/ares_comm/share/ares_comm/cmake/rosidl_cmake_export_typesupport_targets-extras.cmake
[1.093s] -- Up-to-date: /home/fideow/ROBOCON25_simulation-master/src/install/ares_comm/share/ares_comm/cmake/ament_cmake_export_dependencies-extras.cmake
[1.093s] -- Up-to-date: /home/fideow/ROBOCON25_simulation-master/src/install/ares_comm/share/ares_comm/cmake/rosidl_cmake_export_typesupport_libraries-extras.cmake
[1.093s] -- Up-to-date: /home/fideow/ROBOCON25_simulation-master/src/install/ares_comm/share/ares_comm/cmake/ares_commConfig.cmake
[1.093s] -- Up-to-date: /home/fideow/ROBOCON25_simulation-master/src/install/ares_comm/share/ares_comm/cmake/ares_commConfig-version.cmake
[1.094s] -- Up-to-date: /home/fideow/ROBOCON25_simulation-master/src/install/ares_comm/share/ares_comm/package.xml
[1.152s] Invoked command in '/home/fideow/ROBOCON25_simulation-master/src/build/ares_comm' returned '0': CMAKE_PREFIX_PATH=${CMAKE_PREFIX_PATH}:/opt/ros/humble /usr/bin/cmake --install /home/fideow/ROBOCON25_simulation-master/src/build/ares_comm
