[0.032s] Invoking command in '/home/fideow/ROBOCON25_simulation-master/build/ares_bringup': CMAKE_PREFIX_PATH=/opt/ros/humble /usr/bin/cmake --build /home/fideow/ROBOCON25_simulation-master/build/ares_bringup -- -j8 -l8
[0.989s] Invoked command in '/home/fideow/ROBOCON25_simulation-master/build/ares_bringup' returned '0': CMAKE_PREFIX_PATH=/opt/ros/humble /usr/bin/cmake --build /home/fideow/ROBOCON25_simulation-master/build/ares_bringup -- -j8 -l8
[0.990s] Invoking command in '/home/fideow/ROBOCON25_simulation-master/build/ares_bringup': CMAKE_PREFIX_PATH=/opt/ros/humble /usr/bin/cmake --install /home/fideow/ROBOCON25_simulation-master/build/ares_bringup
[0.997s] -- Install configuration: ""
[0.998s] -- Execute custom install script
[1.000s] -- Up-to-date symlink: /home/fideow/ROBOCON25_simulation-master/install/ares_bringup/share/ares_bringup/launch/bringup.launch.py
[1.005s] -- Up-to-date symlink: /home/fideow/ROBOCON25_simulation-master/install/ares_bringup/share/ament_index/resource_index/package_run_dependencies/ares_bringup
[1.007s] -- Up-to-date symlink: /home/fideow/ROBOCON25_simulation-master/install/ares_bringup/share/ament_index/resource_index/parent_prefix_path/ares_bringup
[1.008s] -- Up-to-date symlink: /home/fideow/ROBOCON25_simulation-master/install/ares_bringup/share/ares_bringup/environment/ament_prefix_path.sh
[1.008s] -- Up-to-date symlink: /home/fideow/ROBOCON25_simulation-master/install/ares_bringup/share/ares_bringup/environment/ament_prefix_path.dsv
[1.008s] -- Up-to-date symlink: /home/fideow/ROBOCON25_simulation-master/install/ares_bringup/share/ares_bringup/environment/path.sh
[1.008s] -- Up-to-date symlink: /home/fideow/ROBOCON25_simulation-master/install/ares_bringup/share/ares_bringup/environment/path.dsv
[1.008s] -- Up-to-date symlink: /home/fideow/ROBOCON25_simulation-master/install/ares_bringup/share/ares_bringup/local_setup.bash
[1.008s] -- Up-to-date symlink: /home/fideow/ROBOCON25_simulation-master/install/ares_bringup/share/ares_bringup/local_setup.sh
[1.008s] -- Up-to-date symlink: /home/fideow/ROBOCON25_simulation-master/install/ares_bringup/share/ares_bringup/local_setup.zsh
[1.009s] -- Up-to-date symlink: /home/fideow/ROBOCON25_simulation-master/install/ares_bringup/share/ares_bringup/local_setup.dsv
[1.009s] -- Symlinking: /home/fideow/ROBOCON25_simulation-master/install/ares_bringup/share/ares_bringup/package.dsv
[1.019s] -- Up-to-date symlink: /home/fideow/ROBOCON25_simulation-master/install/ares_bringup/share/ament_index/resource_index/packages/ares_bringup
[1.019s] -- Up-to-date symlink: /home/fideow/ROBOCON25_simulation-master/install/ares_bringup/share/ares_bringup/cmake/ares_bringupConfig.cmake
[1.019s] -- Up-to-date symlink: /home/fideow/ROBOCON25_simulation-master/install/ares_bringup/share/ares_bringup/cmake/ares_bringupConfig-version.cmake
[1.019s] -- Up-to-date symlink: /home/fideow/ROBOCON25_simulation-master/install/ares_bringup/share/ares_bringup/package.xml
[1.041s] Invoked command in '/home/fideow/ROBOCON25_simulation-master/build/ares_bringup' returned '0': CMAKE_PREFIX_PATH=/opt/ros/humble /usr/bin/cmake --install /home/fideow/ROBOCON25_simulation-master/build/ares_bringup
