[0.427s] Invoking command in '/home/fideow/ROBOCON25_simulation-master/src/build/simulation_bringup': AMENT_PREFIX_PATH=/home/fideow/ROBOCON25_simulation-master/src/install/my_robot_description:${AMENT_PREFIX_PATH} CMAKE_PREFIX_PATH=/home/fideow/ROBOCON25_simulation-master/src/install/my_robot_description:/home/fideow/ros2_ws/install/myrobot_controller:/home/fideow/ros2_ws/install/my_robot_bringup:/home/fideow/ros2_ws/install/my_robot_description:/opt/ros/humble /usr/bin/cmake /home/fideow/ROBOCON25_simulation-master/src/simulation_bringup -DCMAKE_INSTALL_PREFIX=/home/fideow/ROBOCON25_simulation-master/src/install/simulation_bringup
[0.494s] -- The C compiler identification is GNU 11.4.0
[0.588s] -- The CXX compiler identification is GNU 11.4.0
[0.600s] -- Detecting C compiler ABI info
[0.705s] -- Detecting C compiler ABI info - done
[0.723s] -- Check for working C compiler: /usr/bin/cc - skipped
[0.724s] -- Detecting C compile features
[0.725s] -- Detecting C compile features - done
[0.731s] -- Detecting CXX compiler ABI info
[0.918s] -- Detecting CXX compiler ABI info - done
[0.933s] -- Check for working CXX compiler: /usr/bin/c++ - skipped
[0.933s] -- Detecting CXX compile features
[0.933s] -- Detecting CXX compile features - done
[0.934s] -- Found ament_cmake: 1.3.11 (/opt/ros/humble/share/ament_cmake/cmake)
[1.114s] -- Found Python3: /usr/bin/python3 (found version "3.10.12") found components: Interpreter 
[1.216s] -- Found rclpy: 3.3.15 (/opt/ros/humble/share/rclpy/cmake)
[1.330s] -- Configuring done
[1.336s] -- Generating done
[1.338s] -- Build files have been written to: /home/fideow/ROBOCON25_simulation-master/src/build/simulation_bringup
[1.344s] Invoked command in '/home/fideow/ROBOCON25_simulation-master/src/build/simulation_bringup' returned '0': AMENT_PREFIX_PATH=/home/fideow/ROBOCON25_simulation-master/src/install/my_robot_description:${AMENT_PREFIX_PATH} CMAKE_PREFIX_PATH=/home/fideow/ROBOCON25_simulation-master/src/install/my_robot_description:/home/fideow/ros2_ws/install/myrobot_controller:/home/fideow/ros2_ws/install/my_robot_bringup:/home/fideow/ros2_ws/install/my_robot_description:/opt/ros/humble /usr/bin/cmake /home/fideow/ROBOCON25_simulation-master/src/simulation_bringup -DCMAKE_INSTALL_PREFIX=/home/fideow/ROBOCON25_simulation-master/src/install/simulation_bringup
[1.353s] Invoking command in '/home/fideow/ROBOCON25_simulation-master/src/build/simulation_bringup': AMENT_PREFIX_PATH=/home/fideow/ROBOCON25_simulation-master/src/install/my_robot_description:${AMENT_PREFIX_PATH} CMAKE_PREFIX_PATH=/home/fideow/ROBOCON25_simulation-master/src/install/my_robot_description:/home/fideow/ros2_ws/install/myrobot_controller:/home/fideow/ros2_ws/install/my_robot_bringup:/home/fideow/ros2_ws/install/my_robot_description:/opt/ros/humble /usr/bin/cmake --build /home/fideow/ROBOCON25_simulation-master/src/build/simulation_bringup -- -j8 -l8
[1.405s] Invoked command in '/home/fideow/ROBOCON25_simulation-master/src/build/simulation_bringup' returned '0': AMENT_PREFIX_PATH=/home/fideow/ROBOCON25_simulation-master/src/install/my_robot_description:${AMENT_PREFIX_PATH} CMAKE_PREFIX_PATH=/home/fideow/ROBOCON25_simulation-master/src/install/my_robot_description:/home/fideow/ros2_ws/install/myrobot_controller:/home/fideow/ros2_ws/install/my_robot_bringup:/home/fideow/ros2_ws/install/my_robot_description:/opt/ros/humble /usr/bin/cmake --build /home/fideow/ROBOCON25_simulation-master/src/build/simulation_bringup -- -j8 -l8
[1.407s] Invoking command in '/home/fideow/ROBOCON25_simulation-master/src/build/simulation_bringup': AMENT_PREFIX_PATH=/home/fideow/ROBOCON25_simulation-master/src/install/my_robot_description:${AMENT_PREFIX_PATH} CMAKE_PREFIX_PATH=/home/fideow/ROBOCON25_simulation-master/src/install/my_robot_description:/home/fideow/ros2_ws/install/myrobot_controller:/home/fideow/ros2_ws/install/my_robot_bringup:/home/fideow/ros2_ws/install/my_robot_description:/opt/ros/humble /usr/bin/cmake --install /home/fideow/ROBOCON25_simulation-master/src/build/simulation_bringup
[1.425s] -- Install configuration: ""
[1.425s] -- Installing: /home/fideow/ROBOCON25_simulation-master/src/install/simulation_bringup/share/simulation_bringup/launch
[1.425s] -- Installing: /home/fideow/ROBOCON25_simulation-master/src/install/simulation_bringup/share/simulation_bringup/launch/my_robot.launch.py
[1.426s] -- Installing: /home/fideow/ROBOCON25_simulation-master/src/install/simulation_bringup/share/simulation_bringup/launch/wheel_test.launch.py
[1.426s] -- Installing: /home/fideow/ROBOCON25_simulation-master/src/install/simulation_bringup/share/simulation_bringup/launch/my_robot_gazebo.launch.xml
[1.426s] -- Installing: /home/fideow/ROBOCON25_simulation-master/src/install/simulation_bringup/share/simulation_bringup/rviz
[1.426s] -- Installing: /home/fideow/ROBOCON25_simulation-master/src/install/simulation_bringup/share/simulation_bringup/rviz/urdf_config.rviz
[1.426s] -- Installing: /home/fideow/ROBOCON25_simulation-master/src/install/simulation_bringup/share/simulation_bringup/src
[1.426s] -- Installing: /home/fideow/ROBOCON25_simulation-master/src/install/simulation_bringup/share/simulation_bringup/src/robot_controller.py
[1.426s] -- Installing: /home/fideow/ROBOCON25_simulation-master/src/install/simulation_bringup/share/ament_index/resource_index/package_run_dependencies/simulation_bringup
[1.426s] -- Installing: /home/fideow/ROBOCON25_simulation-master/src/install/simulation_bringup/share/ament_index/resource_index/parent_prefix_path/simulation_bringup
[1.426s] -- Installing: /home/fideow/ROBOCON25_simulation-master/src/install/simulation_bringup/share/simulation_bringup/environment/ament_prefix_path.sh
[1.427s] -- Installing: /home/fideow/ROBOCON25_simulation-master/src/install/simulation_bringup/share/simulation_bringup/environment/ament_prefix_path.dsv
[1.427s] -- Installing: /home/fideow/ROBOCON25_simulation-master/src/install/simulation_bringup/share/simulation_bringup/environment/path.sh
[1.427s] -- Installing: /home/fideow/ROBOCON25_simulation-master/src/install/simulation_bringup/share/simulation_bringup/environment/path.dsv
[1.427s] -- Installing: /home/fideow/ROBOCON25_simulation-master/src/install/simulation_bringup/share/simulation_bringup/local_setup.bash
[1.427s] -- Installing: /home/fideow/ROBOCON25_simulation-master/src/install/simulation_bringup/share/simulation_bringup/local_setup.sh
[1.427s] -- Installing: /home/fideow/ROBOCON25_simulation-master/src/install/simulation_bringup/share/simulation_bringup/local_setup.zsh
[1.427s] -- Installing: /home/fideow/ROBOCON25_simulation-master/src/install/simulation_bringup/share/simulation_bringup/local_setup.dsv
[1.428s] -- Installing: /home/fideow/ROBOCON25_simulation-master/src/install/simulation_bringup/share/simulation_bringup/package.dsv
[1.428s] -- Installing: /home/fideow/ROBOCON25_simulation-master/src/install/simulation_bringup/share/ament_index/resource_index/packages/simulation_bringup
[1.428s] -- Installing: /home/fideow/ROBOCON25_simulation-master/src/install/simulation_bringup/share/simulation_bringup/cmake/simulation_bringupConfig.cmake
[1.428s] -- Installing: /home/fideow/ROBOCON25_simulation-master/src/install/simulation_bringup/share/simulation_bringup/cmake/simulation_bringupConfig-version.cmake
[1.428s] -- Installing: /home/fideow/ROBOCON25_simulation-master/src/install/simulation_bringup/share/simulation_bringup/package.xml
[1.434s] Invoked command in '/home/fideow/ROBOCON25_simulation-master/src/build/simulation_bringup' returned '0': AMENT_PREFIX_PATH=/home/fideow/ROBOCON25_simulation-master/src/install/my_robot_description:${AMENT_PREFIX_PATH} CMAKE_PREFIX_PATH=/home/fideow/ROBOCON25_simulation-master/src/install/my_robot_description:/home/fideow/ros2_ws/install/myrobot_controller:/home/fideow/ros2_ws/install/my_robot_bringup:/home/fideow/ros2_ws/install/my_robot_description:/opt/ros/humble /usr/bin/cmake --install /home/fideow/ROBOCON25_simulation-master/src/build/simulation_bringup
