[0.103s] DEBUG:colcon:Command line arguments: ['/usr/bin/colcon', 'build', '--packages-select', 'omni_mpc_controller']
[0.104s] DEBUG:colcon:Parsed command line arguments: Namespace(log_base=None, log_level=None, verb_name='build', build_base='build', install_base='install', merge_install=False, symlink_install=False, test_result_base=None, continue_on_error=False, executor='parallel', parallel_workers=8, event_handlers=None, ignore_user_meta=False, metas=['./colcon.meta'], base_paths=['.'], packages_ignore=None, packages_ignore_regex=None, paths=None, packages_up_to=None, packages_up_to_regex=None, packages_above=None, packages_above_and_dependencies=None, packages_above_depth=None, packages_select_by_dep=None, packages_skip_by_dep=None, packages_skip_up_to=None, packages_select_build_failed=False, packages_skip_build_finished=False, packages_select_test_failures=False, packages_skip_test_passed=False, packages_select=['omni_mpc_controller'], packages_skip=None, packages_select_regex=None, packages_skip_regex=None, packages_start=None, packages_end=None, allow_overriding=[], cmake_args=None, cmake_target=None, cmake_target_skip_unavailable=False, cmake_clean_cache=False, cmake_clean_first=False, cmake_force_configure=False, ament_cmake_args=None, catkin_cmake_args=None, catkin_skip_building_tests=False, mixin_files=None, mixin=None, verb_parser=<colcon_mixin.mixin.mixin_argument.MixinArgumentDecorator object at 0x71e74e130910>, verb_extension=<colcon_core.verb.build.BuildVerb object at 0x71e74e29d8a0>, main=<bound method BuildVerb.main of <colcon_core.verb.build.BuildVerb object at 0x71e74e29d8a0>>, mixin_verb=('build',))
[0.263s] Level 1:colcon.colcon_core.package_discovery:discover_packages(colcon_meta) check parameters
[0.263s] Level 1:colcon.colcon_core.package_discovery:discover_packages(recursive) check parameters
[0.263s] Level 1:colcon.colcon_core.package_discovery:discover_packages(ignore) check parameters
[0.263s] Level 1:colcon.colcon_core.package_discovery:discover_packages(path) check parameters
[0.263s] Level 1:colcon.colcon_core.package_discovery:discover_packages(colcon_meta) discover
[0.263s] Level 1:colcon.colcon_core.package_discovery:discover_packages(recursive) discover
[0.263s] INFO:colcon.colcon_core.package_discovery:Crawling recursively for packages in '/home/fideow/ROBOCON25_simulation-master'
[0.263s] Level 1:colcon.colcon_core.package_identification:_identify(.) by extensions ['ignore', 'ignore_ament_install']
[0.264s] Level 1:colcon.colcon_core.package_identification:_identify(.) by extension 'ignore'
[0.264s] Level 1:colcon.colcon_core.package_identification:_identify(.) by extension 'ignore_ament_install'
[0.264s] Level 1:colcon.colcon_core.package_identification:_identify(.) by extensions ['colcon_pkg']
[0.264s] Level 1:colcon.colcon_core.package_identification:_identify(.) by extension 'colcon_pkg'
[0.264s] Level 1:colcon.colcon_core.package_identification:_identify(.) by extensions ['colcon_meta']
[0.264s] Level 1:colcon.colcon_core.package_identification:_identify(.) by extension 'colcon_meta'
[0.264s] Level 1:colcon.colcon_core.package_identification:_identify(.) by extensions ['ros']
[0.264s] Level 1:colcon.colcon_core.package_identification:_identify(.) by extension 'ros'
[0.273s] Level 1:colcon.colcon_core.package_identification:_identify(.) by extensions ['cmake', 'python']
[0.273s] Level 1:colcon.colcon_core.package_identification:_identify(.) by extension 'cmake'
[0.273s] Level 1:colcon.colcon_core.package_identification:_identify(.) by extension 'python'
[0.274s] Level 1:colcon.colcon_core.package_identification:_identify(.) by extensions ['python_setup_py']
[0.274s] Level 1:colcon.colcon_core.package_identification:_identify(.) by extension 'python_setup_py'
[0.274s] Level 1:colcon.colcon_core.package_identification:_identify(build) by extensions ['ignore', 'ignore_ament_install']
[0.274s] Level 1:colcon.colcon_core.package_identification:_identify(build) by extension 'ignore'
[0.274s] Level 1:colcon.colcon_core.package_identification:_identify(build) ignored
[0.274s] Level 1:colcon.colcon_core.package_identification:_identify(docs) by extensions ['ignore', 'ignore_ament_install']
[0.274s] Level 1:colcon.colcon_core.package_identification:_identify(docs) by extension 'ignore'
[0.274s] Level 1:colcon.colcon_core.package_identification:_identify(docs) by extension 'ignore_ament_install'
[0.274s] Level 1:colcon.colcon_core.package_identification:_identify(docs) by extensions ['colcon_pkg']
[0.274s] Level 1:colcon.colcon_core.package_identification:_identify(docs) by extension 'colcon_pkg'
[0.274s] Level 1:colcon.colcon_core.package_identification:_identify(docs) by extensions ['colcon_meta']
[0.274s] Level 1:colcon.colcon_core.package_identification:_identify(docs) by extension 'colcon_meta'
[0.274s] Level 1:colcon.colcon_core.package_identification:_identify(docs) by extensions ['ros']
[0.274s] Level 1:colcon.colcon_core.package_identification:_identify(docs) by extension 'ros'
[0.274s] Level 1:colcon.colcon_core.package_identification:_identify(docs) by extensions ['cmake', 'python']
[0.274s] Level 1:colcon.colcon_core.package_identification:_identify(docs) by extension 'cmake'
[0.274s] Level 1:colcon.colcon_core.package_identification:_identify(docs) by extension 'python'
[0.274s] Level 1:colcon.colcon_core.package_identification:_identify(docs) by extensions ['python_setup_py']
[0.274s] Level 1:colcon.colcon_core.package_identification:_identify(docs) by extension 'python_setup_py'
[0.274s] Level 1:colcon.colcon_core.package_identification:_identify(install) by extensions ['ignore', 'ignore_ament_install']
[0.274s] Level 1:colcon.colcon_core.package_identification:_identify(install) by extension 'ignore'
[0.275s] Level 1:colcon.colcon_core.package_identification:_identify(install) ignored
[0.275s] Level 1:colcon.colcon_core.package_identification:_identify(log) by extensions ['ignore', 'ignore_ament_install']
[0.275s] Level 1:colcon.colcon_core.package_identification:_identify(log) by extension 'ignore'
[0.275s] Level 1:colcon.colcon_core.package_identification:_identify(log) ignored
[0.275s] Level 1:colcon.colcon_core.package_identification:_identify(src) by extensions ['ignore', 'ignore_ament_install']
[0.275s] Level 1:colcon.colcon_core.package_identification:_identify(src) by extension 'ignore'
[0.275s] Level 1:colcon.colcon_core.package_identification:_identify(src) by extension 'ignore_ament_install'
[0.275s] Level 1:colcon.colcon_core.package_identification:_identify(src) by extensions ['colcon_pkg']
[0.275s] Level 1:colcon.colcon_core.package_identification:_identify(src) by extension 'colcon_pkg'
[0.275s] Level 1:colcon.colcon_core.package_identification:_identify(src) by extensions ['colcon_meta']
[0.275s] Level 1:colcon.colcon_core.package_identification:_identify(src) by extension 'colcon_meta'
[0.275s] Level 1:colcon.colcon_core.package_identification:_identify(src) by extensions ['ros']
[0.275s] Level 1:colcon.colcon_core.package_identification:_identify(src) by extension 'ros'
[0.275s] Level 1:colcon.colcon_core.package_identification:_identify(src) by extensions ['cmake', 'python']
[0.275s] Level 1:colcon.colcon_core.package_identification:_identify(src) by extension 'cmake'
[0.275s] Level 1:colcon.colcon_core.package_identification:_identify(src) by extension 'python'
[0.275s] Level 1:colcon.colcon_core.package_identification:_identify(src) by extensions ['python_setup_py']
[0.275s] Level 1:colcon.colcon_core.package_identification:_identify(src) by extension 'python_setup_py'
[0.275s] Level 1:colcon.colcon_core.package_identification:_identify(src/ares_bringup) by extensions ['ignore', 'ignore_ament_install']
[0.275s] Level 1:colcon.colcon_core.package_identification:_identify(src/ares_bringup) by extension 'ignore'
[0.275s] Level 1:colcon.colcon_core.package_identification:_identify(src/ares_bringup) by extension 'ignore_ament_install'
[0.275s] Level 1:colcon.colcon_core.package_identification:_identify(src/ares_bringup) by extensions ['colcon_pkg']
[0.275s] Level 1:colcon.colcon_core.package_identification:_identify(src/ares_bringup) by extension 'colcon_pkg'
[0.275s] Level 1:colcon.colcon_core.package_identification:_identify(src/ares_bringup) by extensions ['colcon_meta']
[0.275s] Level 1:colcon.colcon_core.package_identification:_identify(src/ares_bringup) by extension 'colcon_meta'
[0.276s] Level 1:colcon.colcon_core.package_identification:_identify(src/ares_bringup) by extensions ['ros']
[0.276s] Level 1:colcon.colcon_core.package_identification:_identify(src/ares_bringup) by extension 'ros'
[0.278s] DEBUG:colcon.colcon_core.package_identification:Package 'src/ares_bringup' with type 'ros.ament_cmake' and name 'ares_bringup'
[0.278s] Level 1:colcon.colcon_core.package_identification:_identify(src/ares_comm) by extensions ['ignore', 'ignore_ament_install']
[0.278s] Level 1:colcon.colcon_core.package_identification:_identify(src/ares_comm) by extension 'ignore'
[0.278s] Level 1:colcon.colcon_core.package_identification:_identify(src/ares_comm) by extension 'ignore_ament_install'
[0.278s] Level 1:colcon.colcon_core.package_identification:_identify(src/ares_comm) by extensions ['colcon_pkg']
[0.278s] Level 1:colcon.colcon_core.package_identification:_identify(src/ares_comm) by extension 'colcon_pkg'
[0.278s] Level 1:colcon.colcon_core.package_identification:_identify(src/ares_comm) by extensions ['colcon_meta']
[0.278s] Level 1:colcon.colcon_core.package_identification:_identify(src/ares_comm) by extension 'colcon_meta'
[0.278s] Level 1:colcon.colcon_core.package_identification:_identify(src/ares_comm) by extensions ['ros']
[0.278s] Level 1:colcon.colcon_core.package_identification:_identify(src/ares_comm) by extension 'ros'
[0.279s] DEBUG:colcon.colcon_core.package_identification:Package 'src/ares_comm' with type 'ros.ament_cmake' and name 'ares_comm'
[0.279s] Level 1:colcon.colcon_core.package_identification:_identify(src/build) by extensions ['ignore', 'ignore_ament_install']
[0.279s] Level 1:colcon.colcon_core.package_identification:_identify(src/build) by extension 'ignore'
[0.279s] Level 1:colcon.colcon_core.package_identification:_identify(src/build) ignored
[0.279s] Level 1:colcon.colcon_core.package_identification:_identify(src/install) by extensions ['ignore', 'ignore_ament_install']
[0.279s] Level 1:colcon.colcon_core.package_identification:_identify(src/install) by extension 'ignore'
[0.279s] Level 1:colcon.colcon_core.package_identification:_identify(src/install) ignored
[0.279s] Level 1:colcon.colcon_core.package_identification:_identify(src/laser) by extensions ['ignore', 'ignore_ament_install']
[0.279s] Level 1:colcon.colcon_core.package_identification:_identify(src/laser) by extension 'ignore'
[0.279s] Level 1:colcon.colcon_core.package_identification:_identify(src/laser) by extension 'ignore_ament_install'
[0.280s] Level 1:colcon.colcon_core.package_identification:_identify(src/laser) by extensions ['colcon_pkg']
[0.280s] Level 1:colcon.colcon_core.package_identification:_identify(src/laser) by extension 'colcon_pkg'
[0.280s] Level 1:colcon.colcon_core.package_identification:_identify(src/laser) by extensions ['colcon_meta']
[0.280s] Level 1:colcon.colcon_core.package_identification:_identify(src/laser) by extension 'colcon_meta'
[0.280s] Level 1:colcon.colcon_core.package_identification:_identify(src/laser) by extensions ['ros']
[0.280s] Level 1:colcon.colcon_core.package_identification:_identify(src/laser) by extension 'ros'
[0.280s] DEBUG:colcon.colcon_core.package_identification:Package 'src/laser' with type 'ros.ament_python' and name 'laser'
[0.280s] Level 1:colcon.colcon_core.package_identification:_identify(src/lidar_avoidance) by extensions ['ignore', 'ignore_ament_install']
[0.280s] Level 1:colcon.colcon_core.package_identification:_identify(src/lidar_avoidance) by extension 'ignore'
[0.280s] Level 1:colcon.colcon_core.package_identification:_identify(src/lidar_avoidance) by extension 'ignore_ament_install'
[0.280s] Level 1:colcon.colcon_core.package_identification:_identify(src/lidar_avoidance) by extensions ['colcon_pkg']
[0.280s] Level 1:colcon.colcon_core.package_identification:_identify(src/lidar_avoidance) by extension 'colcon_pkg'
[0.281s] Level 1:colcon.colcon_core.package_identification:_identify(src/lidar_avoidance) by extensions ['colcon_meta']
[0.281s] Level 1:colcon.colcon_core.package_identification:_identify(src/lidar_avoidance) by extension 'colcon_meta'
[0.281s] Level 1:colcon.colcon_core.package_identification:_identify(src/lidar_avoidance) by extensions ['ros']
[0.281s] Level 1:colcon.colcon_core.package_identification:_identify(src/lidar_avoidance) by extension 'ros'
[0.281s] DEBUG:colcon.colcon_core.package_identification:Package 'src/lidar_avoidance' with type 'ros.ament_python' and name 'lidar_avoidance'
[0.281s] Level 1:colcon.colcon_core.package_identification:_identify(src/log) by extensions ['ignore', 'ignore_ament_install']
[0.281s] Level 1:colcon.colcon_core.package_identification:_identify(src/log) by extension 'ignore'
[0.281s] Level 1:colcon.colcon_core.package_identification:_identify(src/log) ignored
[0.281s] Level 1:colcon.colcon_core.package_identification:_identify(src/my_robot_description) by extensions ['ignore', 'ignore_ament_install']
[0.282s] Level 1:colcon.colcon_core.package_identification:_identify(src/my_robot_description) by extension 'ignore'
[0.282s] Level 1:colcon.colcon_core.package_identification:_identify(src/my_robot_description) by extension 'ignore_ament_install'
[0.283s] Level 1:colcon.colcon_core.package_identification:_identify(src/my_robot_description) by extensions ['colcon_pkg']
[0.283s] Level 1:colcon.colcon_core.package_identification:_identify(src/my_robot_description) by extension 'colcon_pkg'
[0.283s] Level 1:colcon.colcon_core.package_identification:_identify(src/my_robot_description) by extensions ['colcon_meta']
[0.283s] Level 1:colcon.colcon_core.package_identification:_identify(src/my_robot_description) by extension 'colcon_meta'
[0.283s] Level 1:colcon.colcon_core.package_identification:_identify(src/my_robot_description) by extensions ['ros']
[0.283s] Level 1:colcon.colcon_core.package_identification:_identify(src/my_robot_description) by extension 'ros'
[0.283s] DEBUG:colcon.colcon_core.package_identification:Package 'src/my_robot_description' with type 'ros.ament_cmake' and name 'my_robot_description'
[0.283s] Level 1:colcon.colcon_core.package_identification:_identify(src/myrobot_controller) by extensions ['ignore', 'ignore_ament_install']
[0.283s] Level 1:colcon.colcon_core.package_identification:_identify(src/myrobot_controller) by extension 'ignore'
[0.283s] Level 1:colcon.colcon_core.package_identification:_identify(src/myrobot_controller) by extension 'ignore_ament_install'
[0.283s] Level 1:colcon.colcon_core.package_identification:_identify(src/myrobot_controller) by extensions ['colcon_pkg']
[0.283s] Level 1:colcon.colcon_core.package_identification:_identify(src/myrobot_controller) by extension 'colcon_pkg'
[0.283s] Level 1:colcon.colcon_core.package_identification:_identify(src/myrobot_controller) by extensions ['colcon_meta']
[0.283s] Level 1:colcon.colcon_core.package_identification:_identify(src/myrobot_controller) by extension 'colcon_meta'
[0.283s] Level 1:colcon.colcon_core.package_identification:_identify(src/myrobot_controller) by extensions ['ros']
[0.283s] Level 1:colcon.colcon_core.package_identification:_identify(src/myrobot_controller) by extension 'ros'
[0.284s] DEBUG:colcon.colcon_core.package_identification:Package 'src/myrobot_controller' with type 'ros.ament_cmake' and name 'myrobot_controller'
[0.284s] Level 1:colcon.colcon_core.package_identification:_identify(src/new_teleotwistkeyboard) by extensions ['ignore', 'ignore_ament_install']
[0.284s] Level 1:colcon.colcon_core.package_identification:_identify(src/new_teleotwistkeyboard) by extension 'ignore'
[0.285s] Level 1:colcon.colcon_core.package_identification:_identify(src/new_teleotwistkeyboard) by extension 'ignore_ament_install'
[0.285s] Level 1:colcon.colcon_core.package_identification:_identify(src/new_teleotwistkeyboard) by extensions ['colcon_pkg']
[0.285s] Level 1:colcon.colcon_core.package_identification:_identify(src/new_teleotwistkeyboard) by extension 'colcon_pkg'
[0.285s] Level 1:colcon.colcon_core.package_identification:_identify(src/new_teleotwistkeyboard) by extensions ['colcon_meta']
[0.285s] Level 1:colcon.colcon_core.package_identification:_identify(src/new_teleotwistkeyboard) by extension 'colcon_meta'
[0.285s] Level 1:colcon.colcon_core.package_identification:_identify(src/new_teleotwistkeyboard) by extensions ['ros']
[0.285s] Level 1:colcon.colcon_core.package_identification:_identify(src/new_teleotwistkeyboard) by extension 'ros'
[0.285s] DEBUG:colcon.colcon_core.package_identification:Package 'src/new_teleotwistkeyboard' with type 'ros.ament_python' and name 'new_teleotwistkeyboard'
[0.285s] Level 1:colcon.colcon_core.package_identification:_identify(src/omni_mpc_controller) by extensions ['ignore', 'ignore_ament_install']
[0.285s] Level 1:colcon.colcon_core.package_identification:_identify(src/omni_mpc_controller) by extension 'ignore'
[0.285s] Level 1:colcon.colcon_core.package_identification:_identify(src/omni_mpc_controller) by extension 'ignore_ament_install'
[0.285s] Level 1:colcon.colcon_core.package_identification:_identify(src/omni_mpc_controller) by extensions ['colcon_pkg']
[0.285s] Level 1:colcon.colcon_core.package_identification:_identify(src/omni_mpc_controller) by extension 'colcon_pkg'
[0.285s] Level 1:colcon.colcon_core.package_identification:_identify(src/omni_mpc_controller) by extensions ['colcon_meta']
[0.285s] Level 1:colcon.colcon_core.package_identification:_identify(src/omni_mpc_controller) by extension 'colcon_meta'
[0.285s] Level 1:colcon.colcon_core.package_identification:_identify(src/omni_mpc_controller) by extensions ['ros']
[0.285s] Level 1:colcon.colcon_core.package_identification:_identify(src/omni_mpc_controller) by extension 'ros'
[0.286s] DEBUG:colcon.colcon_core.package_identification:Package 'src/omni_mpc_controller' with type 'ros.ament_python' and name 'omni_mpc_controller'
[0.286s] Level 1:colcon.colcon_core.package_identification:_identify(src/simulation_bringup) by extensions ['ignore', 'ignore_ament_install']
[0.286s] Level 1:colcon.colcon_core.package_identification:_identify(src/simulation_bringup) by extension 'ignore'
[0.286s] Level 1:colcon.colcon_core.package_identification:_identify(src/simulation_bringup) by extension 'ignore_ament_install'
[0.286s] Level 1:colcon.colcon_core.package_identification:_identify(src/simulation_bringup) by extensions ['colcon_pkg']
[0.286s] Level 1:colcon.colcon_core.package_identification:_identify(src/simulation_bringup) by extension 'colcon_pkg'
[0.286s] Level 1:colcon.colcon_core.package_identification:_identify(src/simulation_bringup) by extensions ['colcon_meta']
[0.286s] Level 1:colcon.colcon_core.package_identification:_identify(src/simulation_bringup) by extension 'colcon_meta'
[0.286s] Level 1:colcon.colcon_core.package_identification:_identify(src/simulation_bringup) by extensions ['ros']
[0.286s] Level 1:colcon.colcon_core.package_identification:_identify(src/simulation_bringup) by extension 'ros'
[0.287s] DEBUG:colcon.colcon_core.package_identification:Package 'src/simulation_bringup' with type 'ros.ament_cmake' and name 'simulation_bringup'
[0.287s] Level 1:colcon.colcon_core.package_identification:_identify(src/test_serial) by extensions ['ignore', 'ignore_ament_install']
[0.287s] Level 1:colcon.colcon_core.package_identification:_identify(src/test_serial) by extension 'ignore'
[0.287s] Level 1:colcon.colcon_core.package_identification:_identify(src/test_serial) by extension 'ignore_ament_install'
[0.287s] Level 1:colcon.colcon_core.package_identification:_identify(src/test_serial) by extensions ['colcon_pkg']
[0.287s] Level 1:colcon.colcon_core.package_identification:_identify(src/test_serial) by extension 'colcon_pkg'
[0.287s] Level 1:colcon.colcon_core.package_identification:_identify(src/test_serial) by extensions ['colcon_meta']
[0.287s] Level 1:colcon.colcon_core.package_identification:_identify(src/test_serial) by extension 'colcon_meta'
[0.287s] Level 1:colcon.colcon_core.package_identification:_identify(src/test_serial) by extensions ['ros']
[0.287s] Level 1:colcon.colcon_core.package_identification:_identify(src/test_serial) by extension 'ros'
[0.297s] DEBUG:colcon.colcon_core.package_identification:Package 'src/test_serial' with type 'ros.ament_cmake' and name 'test_serial'
[0.297s] Level 1:colcon.colcon_core.package_identification:_identify(src/visualizer) by extensions ['ignore', 'ignore_ament_install']
[0.297s] Level 1:colcon.colcon_core.package_identification:_identify(src/visualizer) by extension 'ignore'
[0.297s] Level 1:colcon.colcon_core.package_identification:_identify(src/visualizer) by extension 'ignore_ament_install'
[0.297s] Level 1:colcon.colcon_core.package_identification:_identify(src/visualizer) by extensions ['colcon_pkg']
[0.297s] Level 1:colcon.colcon_core.package_identification:_identify(src/visualizer) by extension 'colcon_pkg'
[0.297s] Level 1:colcon.colcon_core.package_identification:_identify(src/visualizer) by extensions ['colcon_meta']
[0.297s] Level 1:colcon.colcon_core.package_identification:_identify(src/visualizer) by extension 'colcon_meta'
[0.297s] Level 1:colcon.colcon_core.package_identification:_identify(src/visualizer) by extensions ['ros']
[0.297s] Level 1:colcon.colcon_core.package_identification:_identify(src/visualizer) by extension 'ros'
[0.298s] DEBUG:colcon.colcon_core.package_identification:Package 'src/visualizer' with type 'ros.ament_python' and name 'visualizer'
[0.298s] Level 1:colcon.colcon_core.package_discovery:discover_packages(recursive) using defaults
[0.298s] Level 1:colcon.colcon_core.package_discovery:discover_packages(ignore) discover
[0.298s] Level 1:colcon.colcon_core.package_discovery:discover_packages(ignore) using defaults
[0.298s] Level 1:colcon.colcon_core.package_discovery:discover_packages(path) discover
[0.298s] Level 1:colcon.colcon_core.package_discovery:discover_packages(path) using defaults
[0.317s] INFO:colcon.colcon_core.package_selection:Skipping not selected package 'ares_bringup' in 'src/ares_bringup'
[0.317s] INFO:colcon.colcon_core.package_selection:Skipping not selected package 'ares_comm' in 'src/ares_comm'
[0.317s] INFO:colcon.colcon_core.package_selection:Skipping not selected package 'laser' in 'src/laser'
[0.317s] INFO:colcon.colcon_core.package_selection:Skipping not selected package 'lidar_avoidance' in 'src/lidar_avoidance'
[0.317s] INFO:colcon.colcon_core.package_selection:Skipping not selected package 'my_robot_description' in 'src/my_robot_description'
[0.317s] INFO:colcon.colcon_core.package_selection:Skipping not selected package 'myrobot_controller' in 'src/myrobot_controller'
[0.317s] INFO:colcon.colcon_core.package_selection:Skipping not selected package 'new_teleotwistkeyboard' in 'src/new_teleotwistkeyboard'
[0.317s] INFO:colcon.colcon_core.package_selection:Skipping not selected package 'visualizer' in 'src/visualizer'
[0.317s] INFO:colcon.colcon_core.package_selection:Skipping not selected package 'simulation_bringup' in 'src/simulation_bringup'
[0.317s] INFO:colcon.colcon_core.package_selection:Skipping not selected package 'test_serial' in 'src/test_serial'
[0.317s] Level 1:colcon.colcon_core.package_discovery:discover_packages(prefix_path) check parameters
[0.317s] Level 1:colcon.colcon_core.package_discovery:discover_packages(prefix_path) discover
[0.319s] DEBUG:colcon.colcon_installed_package_information.package_discovery:Found 11 installed packages in /home/fideow/ROBOCON25_simulation-master/install
[0.320s] DEBUG:colcon.colcon_installed_package_information.package_discovery:Found 345 installed packages in /opt/ros/humble
[0.322s] Level 1:colcon.colcon_core.package_discovery:discover_packages(prefix_path) using defaults
[0.361s] Level 5:colcon.colcon_core.verb:set package 'omni_mpc_controller' build argument 'cmake_args' from command line to 'None'
[0.361s] Level 5:colcon.colcon_core.verb:set package 'omni_mpc_controller' build argument 'cmake_target' from command line to 'None'
[0.361s] Level 5:colcon.colcon_core.verb:set package 'omni_mpc_controller' build argument 'cmake_target_skip_unavailable' from command line to 'False'
[0.361s] Level 5:colcon.colcon_core.verb:set package 'omni_mpc_controller' build argument 'cmake_clean_cache' from command line to 'False'
[0.361s] Level 5:colcon.colcon_core.verb:set package 'omni_mpc_controller' build argument 'cmake_clean_first' from command line to 'False'
[0.361s] Level 5:colcon.colcon_core.verb:set package 'omni_mpc_controller' build argument 'cmake_force_configure' from command line to 'False'
[0.361s] Level 5:colcon.colcon_core.verb:set package 'omni_mpc_controller' build argument 'ament_cmake_args' from command line to 'None'
[0.361s] Level 5:colcon.colcon_core.verb:set package 'omni_mpc_controller' build argument 'catkin_cmake_args' from command line to 'None'
[0.361s] Level 5:colcon.colcon_core.verb:set package 'omni_mpc_controller' build argument 'catkin_skip_building_tests' from command line to 'False'
[0.361s] DEBUG:colcon.colcon_core.verb:Building package 'omni_mpc_controller' with the following arguments: {'ament_cmake_args': None, 'build_base': '/home/fideow/ROBOCON25_simulation-master/build/omni_mpc_controller', 'catkin_cmake_args': None, 'catkin_skip_building_tests': False, 'cmake_args': None, 'cmake_clean_cache': False, 'cmake_clean_first': False, 'cmake_force_configure': False, 'cmake_target': None, 'cmake_target_skip_unavailable': False, 'install_base': '/home/fideow/ROBOCON25_simulation-master/install/omni_mpc_controller', 'merge_install': False, 'path': '/home/fideow/ROBOCON25_simulation-master/src/omni_mpc_controller', 'symlink_install': False, 'test_result_base': None}
[0.361s] INFO:colcon.colcon_core.executor:Executing jobs using 'parallel' executor
[0.362s] DEBUG:colcon.colcon_parallel_executor.executor.parallel:run_until_complete
[0.362s] INFO:colcon.colcon_ros.task.ament_python.build:Building ROS package in '/home/fideow/ROBOCON25_simulation-master/src/omni_mpc_controller' with build type 'ament_python'
[0.362s] Level 1:colcon.colcon_core.shell:create_environment_hook('omni_mpc_controller', 'ament_prefix_path')
[0.364s] INFO:colcon.colcon_core.plugin_system:Skipping extension 'colcon_core.shell.bat': Not used on non-Windows systems
[0.364s] INFO:colcon.colcon_core.shell:Creating environment hook '/home/fideow/ROBOCON25_simulation-master/install/omni_mpc_controller/share/omni_mpc_controller/hook/ament_prefix_path.ps1'
[0.365s] INFO:colcon.colcon_core.shell:Creating environment descriptor '/home/fideow/ROBOCON25_simulation-master/install/omni_mpc_controller/share/omni_mpc_controller/hook/ament_prefix_path.dsv'
[0.365s] INFO:colcon.colcon_core.shell:Creating environment hook '/home/fideow/ROBOCON25_simulation-master/install/omni_mpc_controller/share/omni_mpc_controller/hook/ament_prefix_path.sh'
[0.366s] INFO:colcon.colcon_core.shell:Skip shell extension 'powershell' for command environment: Not usable outside of PowerShell
[0.366s] DEBUG:colcon.colcon_core.shell:Skip shell extension 'dsv' for command environment
[0.628s] INFO:colcon.colcon_core.task.python.build:Building Python package in '/home/fideow/ROBOCON25_simulation-master/src/omni_mpc_controller'
[0.628s] INFO:colcon.colcon_core.shell:Skip shell extension 'powershell' for command environment: Not usable outside of PowerShell
[0.628s] DEBUG:colcon.colcon_core.shell:Skip shell extension 'dsv' for command environment
[1.002s] DEBUG:colcon.colcon_core.event_handler.log_command:Invoking command in '/home/fideow/ROBOCON25_simulation-master/build/omni_mpc_controller': PYTHONPATH=/home/fideow/ROBOCON25_simulation-master/build/omni_mpc_controller/prefix_override:/usr/lib/python3/dist-packages/colcon_core/task/python/colcon_distutils_commands:/home/fideow/ROBOCON25_simulation-master/install/omni_mpc_controller/lib/python3.10/site-packages:${PYTHONPATH} /usr/bin/python3 -W ignore:setup.py install is deprecated -W ignore:easy_install command is deprecated setup.py develop --uninstall --editable --build-directory /home/fideow/ROBOCON25_simulation-master/build/omni_mpc_controller/build
[1.443s] DEBUG:colcon.colcon_core.event_handler.log_command:Invoked command in '/home/fideow/ROBOCON25_simulation-master/build/omni_mpc_controller' returned '0': PYTHONPATH=/home/fideow/ROBOCON25_simulation-master/build/omni_mpc_controller/prefix_override:/usr/lib/python3/dist-packages/colcon_core/task/python/colcon_distutils_commands:/home/fideow/ROBOCON25_simulation-master/install/omni_mpc_controller/lib/python3.10/site-packages:${PYTHONPATH} /usr/bin/python3 -W ignore:setup.py install is deprecated -W ignore:easy_install command is deprecated setup.py develop --uninstall --editable --build-directory /home/fideow/ROBOCON25_simulation-master/build/omni_mpc_controller/build
[1.444s] DEBUG:colcon.colcon_core.event_handler.log_command:Invoking command in '/home/fideow/ROBOCON25_simulation-master/src/omni_mpc_controller': PYTHONPATH=/home/fideow/ROBOCON25_simulation-master/build/omni_mpc_controller/prefix_override:/usr/lib/python3/dist-packages/colcon_core/task/python/colcon_distutils_commands:/home/fideow/ROBOCON25_simulation-master/install/omni_mpc_controller/lib/python3.10/site-packages:${PYTHONPATH} /usr/bin/python3 -W ignore:setup.py install is deprecated -W ignore:easy_install command is deprecated setup.py egg_info --egg-base ../../build/omni_mpc_controller build --build-base /home/fideow/ROBOCON25_simulation-master/build/omni_mpc_controller/build install --record /home/fideow/ROBOCON25_simulation-master/build/omni_mpc_controller/install.log --single-version-externally-managed install_data --force
[1.719s] DEBUG:colcon.colcon_core.event_handler.log_command:Invoked command in '/home/fideow/ROBOCON25_simulation-master/src/omni_mpc_controller' returned '0': PYTHONPATH=/home/fideow/ROBOCON25_simulation-master/build/omni_mpc_controller/prefix_override:/usr/lib/python3/dist-packages/colcon_core/task/python/colcon_distutils_commands:/home/fideow/ROBOCON25_simulation-master/install/omni_mpc_controller/lib/python3.10/site-packages:${PYTHONPATH} /usr/bin/python3 -W ignore:setup.py install is deprecated -W ignore:easy_install command is deprecated setup.py egg_info --egg-base ../../build/omni_mpc_controller build --build-base /home/fideow/ROBOCON25_simulation-master/build/omni_mpc_controller/build install --record /home/fideow/ROBOCON25_simulation-master/build/omni_mpc_controller/install.log --single-version-externally-managed install_data --force
[1.721s] Level 1:colcon.colcon_core.environment:checking '/home/fideow/ROBOCON25_simulation-master/install/omni_mpc_controller' for CMake module files
[1.721s] Level 1:colcon.colcon_core.environment:checking '/home/fideow/ROBOCON25_simulation-master/install/omni_mpc_controller' for CMake config files
[1.722s] Level 1:colcon.colcon_core.environment:checking '/home/fideow/ROBOCON25_simulation-master/install/omni_mpc_controller/lib'
[1.722s] Level 1:colcon.colcon_core.environment:checking '/home/fideow/ROBOCON25_simulation-master/install/omni_mpc_controller/bin'
[1.722s] Level 1:colcon.colcon_core.environment:checking '/home/fideow/ROBOCON25_simulation-master/install/omni_mpc_controller/lib/pkgconfig/omni_mpc_controller.pc'
[1.722s] Level 1:colcon.colcon_core.environment:checking '/home/fideow/ROBOCON25_simulation-master/install/omni_mpc_controller/lib/python3.10/site-packages'
[1.722s] Level 1:colcon.colcon_core.shell:create_environment_hook('omni_mpc_controller', 'pythonpath')
[1.722s] INFO:colcon.colcon_core.shell:Creating environment hook '/home/fideow/ROBOCON25_simulation-master/install/omni_mpc_controller/share/omni_mpc_controller/hook/pythonpath.ps1'
[1.723s] INFO:colcon.colcon_core.shell:Creating environment descriptor '/home/fideow/ROBOCON25_simulation-master/install/omni_mpc_controller/share/omni_mpc_controller/hook/pythonpath.dsv'
[1.723s] INFO:colcon.colcon_core.shell:Creating environment hook '/home/fideow/ROBOCON25_simulation-master/install/omni_mpc_controller/share/omni_mpc_controller/hook/pythonpath.sh'
[1.724s] Level 1:colcon.colcon_core.environment:checking '/home/fideow/ROBOCON25_simulation-master/install/omni_mpc_controller/bin'
[1.724s] Level 1:colcon.colcon_core.environment:create_environment_scripts_only(omni_mpc_controller)
[1.724s] INFO:colcon.colcon_core.shell:Creating package script '/home/fideow/ROBOCON25_simulation-master/install/omni_mpc_controller/share/omni_mpc_controller/package.ps1'
[1.725s] INFO:colcon.colcon_core.shell:Creating package descriptor '/home/fideow/ROBOCON25_simulation-master/install/omni_mpc_controller/share/omni_mpc_controller/package.dsv'
[1.725s] INFO:colcon.colcon_core.shell:Creating package script '/home/fideow/ROBOCON25_simulation-master/install/omni_mpc_controller/share/omni_mpc_controller/package.sh'
[1.726s] INFO:colcon.colcon_core.shell:Creating package script '/home/fideow/ROBOCON25_simulation-master/install/omni_mpc_controller/share/omni_mpc_controller/package.bash'
[1.726s] INFO:colcon.colcon_core.shell:Creating package script '/home/fideow/ROBOCON25_simulation-master/install/omni_mpc_controller/share/omni_mpc_controller/package.zsh'
[1.727s] Level 1:colcon.colcon_core.environment:create_file_with_runtime_dependencies(/home/fideow/ROBOCON25_simulation-master/install/omni_mpc_controller/share/colcon-core/packages/omni_mpc_controller)
[1.727s] DEBUG:colcon.colcon_parallel_executor.executor.parallel:closing loop
[1.727s] DEBUG:colcon.colcon_parallel_executor.executor.parallel:loop closed
[1.727s] DEBUG:colcon.colcon_parallel_executor.executor.parallel:run_until_complete finished with '0'
[1.727s] DEBUG:colcon.colcon_core.event_reactor:joining thread
[1.732s] INFO:colcon.colcon_core.plugin_system:Skipping extension 'colcon_notification.desktop_notification.terminal_notifier': Not used on non-Darwin systems
[1.732s] INFO:colcon.colcon_core.plugin_system:Skipping extension 'colcon_notification.desktop_notification.win32': Not used on non-Windows systems
[1.732s] INFO:colcon.colcon_notification.desktop_notification:Sending desktop notification using 'notify2'
[1.772s] DEBUG:colcon.colcon_core.event_reactor:joined thread
[1.773s] INFO:colcon.colcon_core.shell:Creating prefix script '/home/fideow/ROBOCON25_simulation-master/install/local_setup.ps1'
[1.774s] INFO:colcon.colcon_core.shell:Creating prefix util module '/home/fideow/ROBOCON25_simulation-master/install/_local_setup_util_ps1.py'
[1.775s] INFO:colcon.colcon_core.shell:Creating prefix chain script '/home/fideow/ROBOCON25_simulation-master/install/setup.ps1'
[1.777s] INFO:colcon.colcon_core.shell:Creating prefix script '/home/fideow/ROBOCON25_simulation-master/install/local_setup.sh'
[1.777s] INFO:colcon.colcon_core.shell:Creating prefix util module '/home/fideow/ROBOCON25_simulation-master/install/_local_setup_util_sh.py'
[1.778s] INFO:colcon.colcon_core.shell:Creating prefix chain script '/home/fideow/ROBOCON25_simulation-master/install/setup.sh'
[1.779s] INFO:colcon.colcon_core.shell:Creating prefix script '/home/fideow/ROBOCON25_simulation-master/install/local_setup.bash'
[1.779s] INFO:colcon.colcon_core.shell:Creating prefix chain script '/home/fideow/ROBOCON25_simulation-master/install/setup.bash'
[1.780s] INFO:colcon.colcon_core.shell:Creating prefix script '/home/fideow/ROBOCON25_simulation-master/install/local_setup.zsh'
[1.781s] INFO:colcon.colcon_core.shell:Creating prefix chain script '/home/fideow/ROBOCON25_simulation-master/install/setup.zsh'
