[0.572s] Invoking command in '/home/fideow/ROBOCON25_simulation-master/src/build/myrobot_controller': CMAKE_PREFIX_PATH=${CMAKE_PREFIX_PATH}:/opt/ros/humble /usr/bin/cmake /home/fideow/ROBOCON25_simulation-master/src/myrobot_controller -DCMAKE_INSTALL_PREFIX=/home/fideow/ROBOCON25_simulation-master/src/install/myrobot_controller
[0.857s] -- The C compiler identification is GNU 11.4.0
[0.857s] -- The CXX compiler identification is GNU 11.4.0
[0.857s] -- Detecting C compiler ABI info
[0.857s] -- Detecting C compiler ABI info - done
[0.857s] -- Check for working C compiler: /usr/bin/cc - skipped
[0.857s] -- Detecting C compile features
[0.857s] -- Detecting C compile features - done
[0.857s] -- Detecting CXX compiler ABI info
[0.858s] -- Detecting CXX compiler ABI info - done
[0.868s] -- Check for working CXX compiler: /usr/bin/c++ - skipped
[0.868s] -- Detecting CXX compile features
[0.868s] -- Detecting CXX compile features - done
[0.871s] -- Found ament_cmake: 1.3.11 (/opt/ros/humble/share/ament_cmake/cmake)
[1.020s] -- Found Python3: /usr/bin/python3 (found version "3.10.12") found components: Interpreter 
[1.101s] -- Found rclpy: 3.3.15 (/opt/ros/humble/share/rclpy/cmake)
[1.103s] -- Found std_msgs: 4.2.4 (/opt/ros/humble/share/std_msgs/cmake)
[1.143s] -- Found rosidl_generator_c: 3.1.6 (/opt/ros/humble/share/rosidl_generator_c/cmake)
[1.150s] -- Found rosidl_adapter: 3.1.6 (/opt/ros/humble/share/rosidl_adapter/cmake)
[1.162s] -- Found rosidl_generator_cpp: 3.1.6 (/opt/ros/humble/share/rosidl_generator_cpp/cmake)
[1.180s] -- Using all available rosidl_typesupport_c: rosidl_typesupport_fastrtps_c;rosidl_typesupport_introspection_c
[1.215s] -- Using all available rosidl_typesupport_cpp: rosidl_typesupport_fastrtps_cpp;rosidl_typesupport_introspection_cpp
[1.248s] -- Found geometry_msgs: 4.2.4 (/opt/ros/humble/share/geometry_msgs/cmake)
[1.266s] -- Found rclcpp: 16.0.11 (/opt/ros/humble/share/rclcpp/cmake)
[1.326s] -- Found rmw_implementation_cmake: 6.1.2 (/opt/ros/humble/share/rmw_implementation_cmake/cmake)
[1.330s] -- Found rmw_fastrtps_cpp: 6.2.7 (/opt/ros/humble/share/rmw_fastrtps_cpp/cmake)
[1.459s] -- Found OpenSSL: /usr/lib/x86_64-linux-gnu/libcrypto.so (found version "3.0.2")  
[1.490s] -- Found FastRTPS: /opt/ros/humble/include  
[1.526s] -- Using RMW implementation 'rmw_fastrtps_cpp' as default
[1.538s] -- Looking for pthread.h
[1.634s] -- Looking for pthread.h - found
[1.635s] -- Performing Test CMAKE_HAVE_LIBC_PTHREAD
[1.756s] -- Performing Test CMAKE_HAVE_LIBC_PTHREAD - Success
[1.757s] -- Found Threads: TRUE  
[1.953s] -- Found ament_lint_auto: 0.12.11 (/opt/ros/humble/share/ament_lint_auto/cmake)
[2.070s] -- Added test 'cppcheck' to perform static code analysis on C / C++ code
[2.071s] -- Configured cppcheck include dirs: /home/fideow/ROBOCON25_simulation-master/src/myrobot_controller/include
[2.071s] -- Configured cppcheck exclude dirs and/or files: 
[2.072s] -- Added test 'flake8' to check Python code syntax and style conventions
[2.074s] -- Added test 'lint_cmake' to check CMake code style
[2.076s] -- Added test 'pep257' to check Python code against some of the docstring style conventions in PEP 257
[2.080s] -- Added test 'uncrustify' to check C / C++ code style
[2.081s] -- Configured uncrustify additional arguments: 
[2.081s] -- Added test 'xmllint' to check XML markup files
[2.083s] -- Configuring done
[2.128s] -- Generating done
[2.147s] -- Build files have been written to: /home/fideow/ROBOCON25_simulation-master/src/build/myrobot_controller
[2.193s] Invoked command in '/home/fideow/ROBOCON25_simulation-master/src/build/myrobot_controller' returned '0': CMAKE_PREFIX_PATH=${CMAKE_PREFIX_PATH}:/opt/ros/humble /usr/bin/cmake /home/fideow/ROBOCON25_simulation-master/src/myrobot_controller -DCMAKE_INSTALL_PREFIX=/home/fideow/ROBOCON25_simulation-master/src/install/myrobot_controller
[2.194s] Invoking command in '/home/fideow/ROBOCON25_simulation-master/src/build/myrobot_controller': CMAKE_PREFIX_PATH=${CMAKE_PREFIX_PATH}:/opt/ros/humble /usr/bin/cmake --build /home/fideow/ROBOCON25_simulation-master/src/build/myrobot_controller -- -j8 -l8
[2.278s] [ 50%] [32mBuilding CXX object CMakeFiles/simple_controller.dir/src/simple_controller.cpp.o[0m
[2.287s] [ 50%] Built target ament_cmake_python_copy_myrobot_controller
[2.554s] running egg_info
[2.555s] creating myrobot_controller.egg-info
[2.556s] writing myrobot_controller.egg-info/PKG-INFO
[2.556s] writing dependency_links to myrobot_controller.egg-info/dependency_links.txt
[2.557s] writing top-level names to myrobot_controller.egg-info/top_level.txt
[2.557s] writing manifest file 'myrobot_controller.egg-info/SOURCES.txt'
[2.560s] reading manifest file 'myrobot_controller.egg-info/SOURCES.txt'
[2.563s] writing manifest file 'myrobot_controller.egg-info/SOURCES.txt'
[2.600s] [ 50%] Built target ament_cmake_python_build_myrobot_controller_egg
[11.920s] [100%] [32m[1mLinking CXX executable simple_controller[0m
[12.277s] [100%] Built target simple_controller
[12.286s] Invoked command in '/home/fideow/ROBOCON25_simulation-master/src/build/myrobot_controller' returned '0': CMAKE_PREFIX_PATH=${CMAKE_PREFIX_PATH}:/opt/ros/humble /usr/bin/cmake --build /home/fideow/ROBOCON25_simulation-master/src/build/myrobot_controller -- -j8 -l8
[12.287s] Invoking command in '/home/fideow/ROBOCON25_simulation-master/src/build/myrobot_controller': CMAKE_PREFIX_PATH=${CMAKE_PREFIX_PATH}:/opt/ros/humble /usr/bin/cmake --install /home/fideow/ROBOCON25_simulation-master/src/build/myrobot_controller
[12.294s] -- Install configuration: ""
[12.294s] -- Installing: /home/fideow/ROBOCON25_simulation-master/src/install/myrobot_controller/share/myrobot_controller/environment/pythonpath.sh
[12.294s] -- Installing: /home/fideow/ROBOCON25_simulation-master/src/install/myrobot_controller/share/myrobot_controller/environment/pythonpath.dsv
[12.295s] -- Installing: /home/fideow/ROBOCON25_simulation-master/src/install/myrobot_controller/local/lib/python3.10/dist-packages/myrobot_controller-0.0.0-py3.10.egg-info
[12.295s] -- Installing: /home/fideow/ROBOCON25_simulation-master/src/install/myrobot_controller/local/lib/python3.10/dist-packages/myrobot_controller-0.0.0-py3.10.egg-info/top_level.txt
[12.295s] -- Installing: /home/fideow/ROBOCON25_simulation-master/src/install/myrobot_controller/local/lib/python3.10/dist-packages/myrobot_controller-0.0.0-py3.10.egg-info/PKG-INFO
[12.295s] -- Installing: /home/fideow/ROBOCON25_simulation-master/src/install/myrobot_controller/local/lib/python3.10/dist-packages/myrobot_controller-0.0.0-py3.10.egg-info/dependency_links.txt
[12.295s] -- Installing: /home/fideow/ROBOCON25_simulation-master/src/install/myrobot_controller/local/lib/python3.10/dist-packages/myrobot_controller-0.0.0-py3.10.egg-info/SOURCES.txt
[12.295s] -- Installing: /home/fideow/ROBOCON25_simulation-master/src/install/myrobot_controller/local/lib/python3.10/dist-packages/myrobot_controller
[12.295s] -- Installing: /home/fideow/ROBOCON25_simulation-master/src/install/myrobot_controller/local/lib/python3.10/dist-packages/myrobot_controller/read_laser copy.py
[12.295s] -- Installing: /home/fideow/ROBOCON25_simulation-master/src/install/myrobot_controller/local/lib/python3.10/dist-packages/myrobot_controller/test_cmd.py
[12.295s] -- Installing: /home/fideow/ROBOCON25_simulation-master/src/install/myrobot_controller/local/lib/python3.10/dist-packages/myrobot_controller/read_laser.py
[12.295s] -- Installing: /home/fideow/ROBOCON25_simulation-master/src/install/myrobot_controller/local/lib/python3.10/dist-packages/myrobot_controller/__init__.py
[12.295s] -- Installing: /home/fideow/ROBOCON25_simulation-master/src/install/myrobot_controller/local/lib/python3.10/dist-packages/myrobot_controller/simple_controller.py
[12.295s] -- Installing: /home/fideow/ROBOCON25_simulation-master/src/install/myrobot_controller/local/lib/python3.10/dist-packages/myrobot_controller/read_imu_yaw.py
[12.325s] Listing '/home/fideow/ROBOCON25_simulation-master/src/install/myrobot_controller/local/lib/python3.10/dist-packages/myrobot_controller'...
[12.325s] Compiling '/home/fideow/ROBOCON25_simulation-master/src/install/myrobot_controller/local/lib/python3.10/dist-packages/myrobot_controller/__init__.py'...
[12.325s] Compiling '/home/fideow/ROBOCON25_simulation-master/src/install/myrobot_controller/local/lib/python3.10/dist-packages/myrobot_controller/read_imu_yaw.py'...
[12.325s] Compiling '/home/fideow/ROBOCON25_simulation-master/src/install/myrobot_controller/local/lib/python3.10/dist-packages/myrobot_controller/read_laser copy.py'...
[12.325s] Compiling '/home/fideow/ROBOCON25_simulation-master/src/install/myrobot_controller/local/lib/python3.10/dist-packages/myrobot_controller/read_laser.py'...
[12.325s] Compiling '/home/fideow/ROBOCON25_simulation-master/src/install/myrobot_controller/local/lib/python3.10/dist-packages/myrobot_controller/simple_controller.py'...
[12.325s] Compiling '/home/fideow/ROBOCON25_simulation-master/src/install/myrobot_controller/local/lib/python3.10/dist-packages/myrobot_controller/test_cmd.py'...
[12.328s] -- Installing: /home/fideow/ROBOCON25_simulation-master/src/install/myrobot_controller/include/include
[12.329s] -- Installing: /home/fideow/ROBOCON25_simulation-master/src/install/myrobot_controller/include/include/myrobot_controller
[12.329s] -- Installing: /home/fideow/ROBOCON25_simulation-master/src/install/myrobot_controller/include/include/myrobot_controller/simple_controller.hpp
[12.329s] -- Installing: /home/fideow/ROBOCON25_simulation-master/src/install/myrobot_controller/lib/myrobot_controller/simple_controller
[12.331s] -- Set runtime path of "/home/fideow/ROBOCON25_simulation-master/src/install/myrobot_controller/lib/myrobot_controller/simple_controller" to ""
[12.331s] -- Installing: /home/fideow/ROBOCON25_simulation-master/src/install/myrobot_controller/share/myrobot_controller/config
[12.331s] -- Installing: /home/fideow/ROBOCON25_simulation-master/src/install/myrobot_controller/share/myrobot_controller/config/joy_teleop.yaml
[12.331s] -- Installing: /home/fideow/ROBOCON25_simulation-master/src/install/myrobot_controller/share/myrobot_controller/config/myrobot_controllers.yaml
[12.331s] -- Installing: /home/fideow/ROBOCON25_simulation-master/src/install/myrobot_controller/share/myrobot_controller/config/joy_config.yaml
[12.331s] -- Installing: /home/fideow/ROBOCON25_simulation-master/src/install/myrobot_controller/share/myrobot_controller/launch
[12.331s] -- Installing: /home/fideow/ROBOCON25_simulation-master/src/install/myrobot_controller/share/myrobot_controller/launch/controller.launch.py
[12.331s] -- Installing: /home/fideow/ROBOCON25_simulation-master/src/install/myrobot_controller/share/myrobot_controller/launch/joystick_teleop.launch.py
[12.331s] -- Installing: /home/fideow/ROBOCON25_simulation-master/src/install/myrobot_controller/lib/myrobot_controller/simple_controller.py
[12.331s] -- Installing: /home/fideow/ROBOCON25_simulation-master/src/install/myrobot_controller/share/ament_index/resource_index/package_run_dependencies/myrobot_controller
[12.332s] -- Installing: /home/fideow/ROBOCON25_simulation-master/src/install/myrobot_controller/share/ament_index/resource_index/parent_prefix_path/myrobot_controller
[12.332s] -- Installing: /home/fideow/ROBOCON25_simulation-master/src/install/myrobot_controller/share/myrobot_controller/environment/ament_prefix_path.sh
[12.332s] -- Installing: /home/fideow/ROBOCON25_simulation-master/src/install/myrobot_controller/share/myrobot_controller/environment/ament_prefix_path.dsv
[12.332s] -- Installing: /home/fideow/ROBOCON25_simulation-master/src/install/myrobot_controller/share/myrobot_controller/environment/path.sh
[12.332s] -- Installing: /home/fideow/ROBOCON25_simulation-master/src/install/myrobot_controller/share/myrobot_controller/environment/path.dsv
[12.332s] -- Installing: /home/fideow/ROBOCON25_simulation-master/src/install/myrobot_controller/share/myrobot_controller/local_setup.bash
[12.332s] -- Installing: /home/fideow/ROBOCON25_simulation-master/src/install/myrobot_controller/share/myrobot_controller/local_setup.sh
[12.332s] -- Installing: /home/fideow/ROBOCON25_simulation-master/src/install/myrobot_controller/share/myrobot_controller/local_setup.zsh
[12.332s] -- Installing: /home/fideow/ROBOCON25_simulation-master/src/install/myrobot_controller/share/myrobot_controller/local_setup.dsv
[12.332s] -- Installing: /home/fideow/ROBOCON25_simulation-master/src/install/myrobot_controller/share/myrobot_controller/package.dsv
[12.332s] -- Installing: /home/fideow/ROBOCON25_simulation-master/src/install/myrobot_controller/share/ament_index/resource_index/packages/myrobot_controller
[12.333s] -- Installing: /home/fideow/ROBOCON25_simulation-master/src/install/myrobot_controller/share/myrobot_controller/cmake/myrobot_controllerConfig.cmake
[12.333s] -- Installing: /home/fideow/ROBOCON25_simulation-master/src/install/myrobot_controller/share/myrobot_controller/cmake/myrobot_controllerConfig-version.cmake
[12.333s] -- Installing: /home/fideow/ROBOCON25_simulation-master/src/install/myrobot_controller/share/myrobot_controller/package.xml
[12.335s] Invoked command in '/home/fideow/ROBOCON25_simulation-master/src/build/myrobot_controller' returned '0': CMAKE_PREFIX_PATH=${CMAKE_PREFIX_PATH}:/opt/ros/humble /usr/bin/cmake --install /home/fideow/ROBOCON25_simulation-master/src/build/myrobot_controller
