[0.034s] Invoking command in '/home/fideow/ROBOCON25_simulation-master/build/ares_comm': CMAKE_PREFIX_PATH=/opt/ros/humble /usr/bin/cmake --build /home/fideow/ROBOCON25_simulation-master/build/ares_comm -- -j8 -l8
[0.754s] [  1%] Built target ares_comm__cpp
[0.754s] [  9%] Built target ares_comm__rosidl_generator_c
[0.755s] [  9%] Built target ament_cmake_python_symlink_ares_comm
[0.755s] [ 16%] Built target ares_comm_lib
[0.755s] [ 24%] Built target ares_comm__rosidl_typesupport_cpp
[0.755s] [ 36%] Built target ares_comm__rosidl_typesupport_fastrtps_cpp
[0.755s] [ 40%] Built target ares_comm__rosidl_typesupport_introspection_cpp
[0.755s] [ 50%] Built target ares_comm__rosidl_typesupport_introspection_c
[0.755s] [ 57%] Built target ares_comm__rosidl_typesupport_fastrtps_c
[0.755s] [ 65%] Built target ares_comm__rosidl_typesupport_c
[0.755s] [ 65%] Built target ares_comm
[0.755s] [ 67%] Built target ares_comm__py
[0.755s] [ 75%] Built target ares_comm_node
[0.755s] [ 83%] Built target imu_sensor_node
[0.756s] [ 90%] Built target ares_comm__rosidl_generator_py
[0.756s] [ 93%] Built target ares_comm__rosidl_typesupport_introspection_c__pyext
[0.756s] [100%] Built target ares_comm__rosidl_typesupport_fastrtps_c__pyext
[0.756s] [100%] Built target ares_comm__rosidl_typesupport_c__pyext
[0.756s] running egg_info
[0.756s] writing ares_comm.egg-info/PKG-INFO
[0.756s] writing dependency_links to ares_comm.egg-info/dependency_links.txt
[0.756s] writing top-level names to ares_comm.egg-info/top_level.txt
[0.756s] reading manifest file 'ares_comm.egg-info/SOURCES.txt'
[0.756s] writing manifest file 'ares_comm.egg-info/SOURCES.txt'
[0.756s] [100%] Built target ament_cmake_python_build_ares_comm_egg
[0.999s] Invoked command in '/home/fideow/ROBOCON25_simulation-master/build/ares_comm' returned '0': CMAKE_PREFIX_PATH=/opt/ros/humble /usr/bin/cmake --build /home/fideow/ROBOCON25_simulation-master/build/ares_comm -- -j8 -l8
[1.000s] Invoking command in '/home/fideow/ROBOCON25_simulation-master/build/ares_comm': CMAKE_PREFIX_PATH=/opt/ros/humble /usr/bin/cmake --install /home/fideow/ROBOCON25_simulation-master/build/ares_comm
[1.009s] -- Install configuration: ""
[1.017s] -- Execute custom install script
[1.018s] -- Up-to-date symlink: /home/fideow/ROBOCON25_simulation-master/install/ares_comm/share/ament_index/resource_index/rosidl_interfaces/ares_comm
[1.018s] -- Up-to-date symlink: /home/fideow/ROBOCON25_simulation-master/install/ares_comm/include/ares_comm/ares_comm/msg/data.h
[1.018s] -- Up-to-date symlink: /home/fideow/ROBOCON25_simulation-master/install/ares_comm/include/ares_comm/ares_comm/msg/detail/data__functions.h
[1.018s] -- Up-to-date symlink: /home/fideow/ROBOCON25_simulation-master/install/ares_comm/include/ares_comm/ares_comm/msg/detail/data__struct.h
[1.018s] -- Up-to-date symlink: /home/fideow/ROBOCON25_simulation-master/install/ares_comm/include/ares_comm/ares_comm/msg/detail/data__type_support.h
[1.018s] -- Up-to-date symlink: /home/fideow/ROBOCON25_simulation-master/install/ares_comm/include/ares_comm/ares_comm/msg/detail/error__functions.h
[1.018s] -- Up-to-date symlink: /home/fideow/ROBOCON25_simulation-master/install/ares_comm/include/ares_comm/ares_comm/msg/detail/error__struct.h
[1.019s] -- Up-to-date symlink: /home/fideow/ROBOCON25_simulation-master/install/ares_comm/include/ares_comm/ares_comm/msg/detail/error__type_support.h
[1.019s] -- Up-to-date symlink: /home/fideow/ROBOCON25_simulation-master/install/ares_comm/include/ares_comm/ares_comm/msg/error.h
[1.019s] -- Up-to-date symlink: /home/fideow/ROBOCON25_simulation-master/install/ares_comm/include/ares_comm/ares_comm/msg/rosidl_generator_c__visibility_control.h
[1.019s] -- Up-to-date symlink: /home/fideow/ROBOCON25_simulation-master/install/ares_comm/include/ares_comm/ares_comm/srv/detail/execute__functions.h
[1.021s] -- Up-to-date symlink: /home/fideow/ROBOCON25_simulation-master/install/ares_comm/include/ares_comm/ares_comm/srv/detail/execute__struct.h
[1.021s] -- Up-to-date symlink: /home/fideow/ROBOCON25_simulation-master/install/ares_comm/include/ares_comm/ares_comm/srv/detail/execute__type_support.h
[1.021s] -- Up-to-date symlink: /home/fideow/ROBOCON25_simulation-master/install/ares_comm/include/ares_comm/ares_comm/srv/execute.h
[1.021s] -- Up-to-date symlink: /home/fideow/ROBOCON25_simulation-master/install/ares_comm/share/ares_comm/environment/library_path.sh
[1.022s] -- Up-to-date symlink: /home/fideow/ROBOCON25_simulation-master/install/ares_comm/share/ares_comm/environment/library_path.dsv
[1.022s] -- Up-to-date symlink: /home/fideow/ROBOCON25_simulation-master/install/ares_comm/include/ares_comm/ares_comm/msg/detail/data__rosidl_typesupport_fastrtps_c.h
[1.023s] -- Up-to-date symlink: /home/fideow/ROBOCON25_simulation-master/install/ares_comm/include/ares_comm/ares_comm/msg/detail/error__rosidl_typesupport_fastrtps_c.h
[1.023s] -- Up-to-date symlink: /home/fideow/ROBOCON25_simulation-master/install/ares_comm/include/ares_comm/ares_comm/msg/rosidl_typesupport_fastrtps_c__visibility_control.h
[1.023s] -- Up-to-date symlink: /home/fideow/ROBOCON25_simulation-master/install/ares_comm/include/ares_comm/ares_comm/srv/detail/execute__rosidl_typesupport_fastrtps_c.h
[1.023s] -- Up-to-date symlink: /home/fideow/ROBOCON25_simulation-master/install/ares_comm/include/ares_comm/ares_comm/msg/detail/data__rosidl_typesupport_introspection_c.h
[1.024s] -- Up-to-date symlink: /home/fideow/ROBOCON25_simulation-master/install/ares_comm/include/ares_comm/ares_comm/msg/detail/error__rosidl_typesupport_introspection_c.h
[1.024s] -- Up-to-date symlink: /home/fideow/ROBOCON25_simulation-master/install/ares_comm/include/ares_comm/ares_comm/msg/rosidl_typesupport_introspection_c__visibility_control.h
[1.024s] -- Up-to-date symlink: /home/fideow/ROBOCON25_simulation-master/install/ares_comm/include/ares_comm/ares_comm/srv/detail/execute__rosidl_typesupport_introspection_c.h
[1.024s] -- Up-to-date symlink: /home/fideow/ROBOCON25_simulation-master/install/ares_comm/include/ares_comm/ares_comm/msg/data.hpp
[1.024s] -- Up-to-date symlink: /home/fideow/ROBOCON25_simulation-master/install/ares_comm/include/ares_comm/ares_comm/msg/detail/data__builder.hpp
[1.024s] -- Up-to-date symlink: /home/fideow/ROBOCON25_simulation-master/install/ares_comm/include/ares_comm/ares_comm/msg/detail/data__struct.hpp
[1.024s] -- Up-to-date symlink: /home/fideow/ROBOCON25_simulation-master/install/ares_comm/include/ares_comm/ares_comm/msg/detail/data__traits.hpp
[1.024s] -- Up-to-date symlink: /home/fideow/ROBOCON25_simulation-master/install/ares_comm/include/ares_comm/ares_comm/msg/detail/data__type_support.hpp
[1.024s] -- Up-to-date symlink: /home/fideow/ROBOCON25_simulation-master/install/ares_comm/include/ares_comm/ares_comm/msg/detail/error__builder.hpp
[1.028s] -- Up-to-date symlink: /home/fideow/ROBOCON25_simulation-master/install/ares_comm/include/ares_comm/ares_comm/msg/detail/error__struct.hpp
[1.028s] -- Up-to-date symlink: /home/fideow/ROBOCON25_simulation-master/install/ares_comm/include/ares_comm/ares_comm/msg/detail/error__traits.hpp
[1.028s] -- Up-to-date symlink: /home/fideow/ROBOCON25_simulation-master/install/ares_comm/include/ares_comm/ares_comm/msg/detail/error__type_support.hpp
[1.032s] -- Up-to-date symlink: /home/fideow/ROBOCON25_simulation-master/install/ares_comm/include/ares_comm/ares_comm/msg/error.hpp
[1.032s] -- Up-to-date symlink: /home/fideow/ROBOCON25_simulation-master/install/ares_comm/include/ares_comm/ares_comm/msg/rosidl_generator_cpp__visibility_control.hpp
[1.032s] -- Up-to-date symlink: /home/fideow/ROBOCON25_simulation-master/install/ares_comm/include/ares_comm/ares_comm/srv/detail/execute__builder.hpp
[1.032s] -- Up-to-date symlink: /home/fideow/ROBOCON25_simulation-master/install/ares_comm/include/ares_comm/ares_comm/srv/detail/execute__struct.hpp
[1.033s] -- Up-to-date symlink: /home/fideow/ROBOCON25_simulation-master/install/ares_comm/include/ares_comm/ares_comm/srv/detail/execute__traits.hpp
[1.033s] -- Up-to-date symlink: /home/fideow/ROBOCON25_simulation-master/install/ares_comm/include/ares_comm/ares_comm/srv/detail/execute__type_support.hpp
[1.033s] -- Up-to-date symlink: /home/fideow/ROBOCON25_simulation-master/install/ares_comm/include/ares_comm/ares_comm/srv/execute.hpp
[1.033s] -- Up-to-date symlink: /home/fideow/ROBOCON25_simulation-master/install/ares_comm/include/ares_comm/ares_comm/msg/detail/data__rosidl_typesupport_fastrtps_cpp.hpp
[1.033s] -- Up-to-date symlink: /home/fideow/ROBOCON25_simulation-master/install/ares_comm/include/ares_comm/ares_comm/msg/detail/error__rosidl_typesupport_fastrtps_cpp.hpp
[1.033s] -- Up-to-date symlink: /home/fideow/ROBOCON25_simulation-master/install/ares_comm/include/ares_comm/ares_comm/msg/rosidl_typesupport_fastrtps_cpp__visibility_control.h
[1.033s] -- Up-to-date symlink: /home/fideow/ROBOCON25_simulation-master/install/ares_comm/include/ares_comm/ares_comm/srv/detail/execute__rosidl_typesupport_fastrtps_cpp.hpp
[1.033s] -- Up-to-date symlink: /home/fideow/ROBOCON25_simulation-master/install/ares_comm/include/ares_comm/ares_comm/msg/detail/data__rosidl_typesupport_introspection_cpp.hpp
[1.033s] -- Up-to-date symlink: /home/fideow/ROBOCON25_simulation-master/install/ares_comm/include/ares_comm/ares_comm/msg/detail/error__rosidl_typesupport_introspection_cpp.hpp
[1.034s] -- Up-to-date symlink: /home/fideow/ROBOCON25_simulation-master/install/ares_comm/include/ares_comm/ares_comm/srv/detail/execute__rosidl_typesupport_introspection_cpp.hpp
[1.034s] -- Up-to-date symlink: /home/fideow/ROBOCON25_simulation-master/install/ares_comm/share/ares_comm/environment/pythonpath.sh
[1.034s] -- Up-to-date symlink: /home/fideow/ROBOCON25_simulation-master/install/ares_comm/share/ares_comm/environment/pythonpath.dsv
[1.034s] -- Up-to-date symlink: /home/fideow/ROBOCON25_simulation-master/install/ares_comm/local/lib/python3.10/dist-packages/ares_comm-0.0.0-py3.10.egg-info/PKG-INFO
[1.034s] -- Up-to-date symlink: /home/fideow/ROBOCON25_simulation-master/install/ares_comm/local/lib/python3.10/dist-packages/ares_comm-0.0.0-py3.10.egg-info/SOURCES.txt
[1.034s] -- Up-to-date symlink: /home/fideow/ROBOCON25_simulation-master/install/ares_comm/local/lib/python3.10/dist-packages/ares_comm-0.0.0-py3.10.egg-info/dependency_links.txt
[1.034s] -- Up-to-date symlink: /home/fideow/ROBOCON25_simulation-master/install/ares_comm/local/lib/python3.10/dist-packages/ares_comm-0.0.0-py3.10.egg-info/top_level.txt
[1.034s] -- Up-to-date symlink: /home/fideow/ROBOCON25_simulation-master/install/ares_comm/local/lib/python3.10/dist-packages/ares_comm/__init__.py
[1.034s] -- Up-to-date symlink: /home/fideow/ROBOCON25_simulation-master/install/ares_comm/local/lib/python3.10/dist-packages/ares_comm/_ares_comm_s.ep.rosidl_typesupport_c.c
[1.034s] -- Up-to-date symlink: /home/fideow/ROBOCON25_simulation-master/install/ares_comm/local/lib/python3.10/dist-packages/ares_comm/_ares_comm_s.ep.rosidl_typesupport_fastrtps_c.c
[1.034s] -- Up-to-date symlink: /home/fideow/ROBOCON25_simulation-master/install/ares_comm/local/lib/python3.10/dist-packages/ares_comm/_ares_comm_s.ep.rosidl_typesupport_introspection_c.c
[1.034s] -- Up-to-date symlink: /home/fideow/ROBOCON25_simulation-master/install/ares_comm/local/lib/python3.10/dist-packages/ares_comm/ares_comm_s__rosidl_typesupport_c.cpython-310-x86_64-linux-gnu.so
[1.034s] -- Up-to-date symlink: /home/fideow/ROBOCON25_simulation-master/install/ares_comm/local/lib/python3.10/dist-packages/ares_comm/ares_comm_s__rosidl_typesupport_fastrtps_c.cpython-310-x86_64-linux-gnu.so
[1.035s] -- Up-to-date symlink: /home/fideow/ROBOCON25_simulation-master/install/ares_comm/local/lib/python3.10/dist-packages/ares_comm/ares_comm_s__rosidl_typesupport_introspection_c.cpython-310-x86_64-linux-gnu.so
[1.035s] -- Up-to-date symlink: /home/fideow/ROBOCON25_simulation-master/install/ares_comm/local/lib/python3.10/dist-packages/ares_comm/libares_comm__rosidl_generator_py.so
[1.035s] -- Up-to-date symlink: /home/fideow/ROBOCON25_simulation-master/install/ares_comm/local/lib/python3.10/dist-packages/ares_comm/msg/__init__.py
[1.035s] -- Up-to-date symlink: /home/fideow/ROBOCON25_simulation-master/install/ares_comm/local/lib/python3.10/dist-packages/ares_comm/msg/_data.py
[1.035s] -- Up-to-date symlink: /home/fideow/ROBOCON25_simulation-master/install/ares_comm/local/lib/python3.10/dist-packages/ares_comm/msg/_data_s.c
[1.035s] -- Up-to-date symlink: /home/fideow/ROBOCON25_simulation-master/install/ares_comm/local/lib/python3.10/dist-packages/ares_comm/msg/_error.py
[1.035s] -- Up-to-date symlink: /home/fideow/ROBOCON25_simulation-master/install/ares_comm/local/lib/python3.10/dist-packages/ares_comm/msg/_error_s.c
[1.035s] -- Up-to-date symlink: /home/fideow/ROBOCON25_simulation-master/install/ares_comm/local/lib/python3.10/dist-packages/ares_comm/srv/__init__.py
[1.035s] -- Up-to-date symlink: /home/fideow/ROBOCON25_simulation-master/install/ares_comm/local/lib/python3.10/dist-packages/ares_comm/srv/_execute.py
[1.035s] -- Up-to-date symlink: /home/fideow/ROBOCON25_simulation-master/install/ares_comm/local/lib/python3.10/dist-packages/ares_comm/srv/_execute_s.c
[1.036s] -- Up-to-date symlink: /home/fideow/ROBOCON25_simulation-master/install/ares_comm/local/lib/python3.10/dist-packages/ares_comm/ares_comm_s__rosidl_typesupport_fastrtps_c.cpython-310-x86_64-linux-gnu.so
[1.036s] -- Up-to-date symlink: /home/fideow/ROBOCON25_simulation-master/install/ares_comm/local/lib/python3.10/dist-packages/ares_comm/ares_comm_s__rosidl_typesupport_introspection_c.cpython-310-x86_64-linux-gnu.so
[1.036s] -- Up-to-date symlink: /home/fideow/ROBOCON25_simulation-master/install/ares_comm/local/lib/python3.10/dist-packages/ares_comm/ares_comm_s__rosidl_typesupport_c.cpython-310-x86_64-linux-gnu.so
[1.038s] -- Up-to-date symlink: /home/fideow/ROBOCON25_simulation-master/install/ares_comm/share/ares_comm/msg/Data.idl
[1.038s] -- Up-to-date symlink: /home/fideow/ROBOCON25_simulation-master/install/ares_comm/share/ares_comm/msg/Error.idl
[1.038s] -- Up-to-date symlink: /home/fideow/ROBOCON25_simulation-master/install/ares_comm/share/ares_comm/srv/Execute.idl
[1.038s] -- Up-to-date symlink: /home/fideow/ROBOCON25_simulation-master/install/ares_comm/share/ares_comm/msg/Data.msg
[1.038s] -- Up-to-date symlink: /home/fideow/ROBOCON25_simulation-master/install/ares_comm/share/ares_comm/msg/Error.msg
[1.038s] -- Up-to-date symlink: /home/fideow/ROBOCON25_simulation-master/install/ares_comm/share/ares_comm/srv/Execute.srv
[1.038s] -- Up-to-date symlink: /home/fideow/ROBOCON25_simulation-master/install/ares_comm/share/ares_comm/srv/Execute_Request.msg
[1.039s] -- Up-to-date symlink: /home/fideow/ROBOCON25_simulation-master/install/ares_comm/share/ares_comm/srv/Execute_Response.msg
[1.039s] -- Up-to-date symlink: /home/fideow/ROBOCON25_simulation-master/install/ares_comm/lib/ares_comm/ares_comm_node
[1.039s] -- Up-to-date symlink: /home/fideow/ROBOCON25_simulation-master/install/ares_comm/lib/ares_comm/imu_sensor_node
[1.039s] -- Up-to-date symlink: /home/fideow/ROBOCON25_simulation-master/install/ares_comm/share/ares_comm//launch/ares_comm.launch.py
[1.039s] -- Up-to-date symlink: /home/fideow/ROBOCON25_simulation-master/install/ares_comm/share/ares_comm//launch/imu_sensor.launch.py
[1.040s] -- Up-to-date symlink: /home/fideow/ROBOCON25_simulation-master/install/ares_comm/include/ares_comm/crc.hpp
[1.040s] -- Up-to-date symlink: /home/fideow/ROBOCON25_simulation-master/install/ares_comm/include/ares_comm/protocol_parser.hpp
[1.040s] -- Up-to-date symlink: /home/fideow/ROBOCON25_simulation-master/install/ares_comm/include/ares_comm/serial_interface.hpp
[1.040s] -- Up-to-date symlink: /home/fideow/ROBOCON25_simulation-master/install/ares_comm/share/ament_index/resource_index/package_run_dependencies/ares_comm
[1.040s] -- Up-to-date symlink: /home/fideow/ROBOCON25_simulation-master/install/ares_comm/share/ament_index/resource_index/parent_prefix_path/ares_comm
[1.040s] -- Up-to-date symlink: /home/fideow/ROBOCON25_simulation-master/install/ares_comm/share/ares_comm/environment/ament_prefix_path.sh
[1.045s] -- Up-to-date symlink: /home/fideow/ROBOCON25_simulation-master/install/ares_comm/share/ares_comm/environment/ament_prefix_path.dsv
[1.046s] -- Up-to-date symlink: /home/fideow/ROBOCON25_simulation-master/install/ares_comm/share/ares_comm/environment/path.sh
[1.046s] -- Up-to-date symlink: /home/fideow/ROBOCON25_simulation-master/install/ares_comm/share/ares_comm/environment/path.dsv
[1.046s] -- Up-to-date symlink: /home/fideow/ROBOCON25_simulation-master/install/ares_comm/share/ares_comm/local_setup.bash
[1.046s] -- Up-to-date symlink: /home/fideow/ROBOCON25_simulation-master/install/ares_comm/share/ares_comm/local_setup.sh
[1.047s] -- Up-to-date symlink: /home/fideow/ROBOCON25_simulation-master/install/ares_comm/share/ares_comm/local_setup.zsh
[1.047s] -- Up-to-date symlink: /home/fideow/ROBOCON25_simulation-master/install/ares_comm/share/ares_comm/local_setup.dsv
[1.047s] -- Symlinking: /home/fideow/ROBOCON25_simulation-master/install/ares_comm/share/ares_comm/package.dsv
[1.049s] -- Up-to-date symlink: /home/fideow/ROBOCON25_simulation-master/install/ares_comm/share/ament_index/resource_index/packages/ares_comm
[1.049s] -- Up-to-date symlink: /home/fideow/ROBOCON25_simulation-master/install/ares_comm/share/ares_comm/cmake/rosidl_cmake-extras.cmake
[1.049s] -- Up-to-date symlink: /home/fideow/ROBOCON25_simulation-master/install/ares_comm/share/ares_comm/cmake/ament_cmake_export_include_directories-extras.cmake
[1.050s] -- Up-to-date symlink: /home/fideow/ROBOCON25_simulation-master/install/ares_comm/share/ares_comm/cmake/ament_cmake_export_libraries-extras.cmake
[1.050s] -- Up-to-date symlink: /home/fideow/ROBOCON25_simulation-master/install/ares_comm/share/ares_comm/cmake/ament_cmake_export_targets-extras.cmake
[1.050s] -- Up-to-date symlink: /home/fideow/ROBOCON25_simulation-master/install/ares_comm/share/ares_comm/cmake/rosidl_cmake_export_typesupport_targets-extras.cmake
[1.050s] -- Up-to-date symlink: /home/fideow/ROBOCON25_simulation-master/install/ares_comm/share/ares_comm/cmake/ament_cmake_export_dependencies-extras.cmake
[1.050s] -- Up-to-date symlink: /home/fideow/ROBOCON25_simulation-master/install/ares_comm/share/ares_comm/cmake/rosidl_cmake_export_typesupport_libraries-extras.cmake
[1.050s] -- Up-to-date symlink: /home/fideow/ROBOCON25_simulation-master/install/ares_comm/share/ares_comm/cmake/ares_commConfig.cmake
[1.050s] -- Up-to-date symlink: /home/fideow/ROBOCON25_simulation-master/install/ares_comm/share/ares_comm/cmake/ares_commConfig-version.cmake
[1.050s] -- Up-to-date symlink: /home/fideow/ROBOCON25_simulation-master/install/ares_comm/share/ares_comm/package.xml
[1.050s] -- Up-to-date: /home/fideow/ROBOCON25_simulation-master/install/ares_comm/lib/libares_comm__rosidl_generator_c.so
[1.050s] -- Up-to-date: /home/fideow/ROBOCON25_simulation-master/install/ares_comm/lib/libares_comm__rosidl_typesupport_fastrtps_c.so
[1.050s] -- Up-to-date: /home/fideow/ROBOCON25_simulation-master/install/ares_comm/lib/libares_comm__rosidl_typesupport_introspection_c.so
[1.050s] -- Up-to-date: /home/fideow/ROBOCON25_simulation-master/install/ares_comm/lib/libares_comm__rosidl_typesupport_c.so
[1.050s] -- Up-to-date: /home/fideow/ROBOCON25_simulation-master/install/ares_comm/lib/libares_comm__rosidl_typesupport_fastrtps_cpp.so
[1.051s] -- Up-to-date: /home/fideow/ROBOCON25_simulation-master/install/ares_comm/lib/libares_comm__rosidl_typesupport_introspection_cpp.so
[1.051s] -- Up-to-date: /home/fideow/ROBOCON25_simulation-master/install/ares_comm/lib/libares_comm__rosidl_typesupport_cpp.so
[1.093s] Listing '/home/fideow/ROBOCON25_simulation-master/install/ares_comm/local/lib/python3.10/dist-packages/ares_comm'...
[1.093s] Listing '/home/fideow/ROBOCON25_simulation-master/install/ares_comm/local/lib/python3.10/dist-packages/ares_comm/msg'...
[1.094s] Listing '/home/fideow/ROBOCON25_simulation-master/install/ares_comm/local/lib/python3.10/dist-packages/ares_comm/srv'...
[1.101s] -- Up-to-date: /home/fideow/ROBOCON25_simulation-master/install/ares_comm/lib/libares_comm__rosidl_generator_py.so
[1.101s] -- Up-to-date: /home/fideow/ROBOCON25_simulation-master/install/ares_comm/lib/libares_comm_lib.so
[1.101s] -- Up-to-date: /home/fideow/ROBOCON25_simulation-master/install/ares_comm/share/ares_comm/cmake/export_ares_comm__rosidl_generator_cExport.cmake
[1.102s] -- Up-to-date: /home/fideow/ROBOCON25_simulation-master/install/ares_comm/share/ares_comm/cmake/export_ares_comm__rosidl_generator_cExport-noconfig.cmake
[1.102s] -- Up-to-date: /home/fideow/ROBOCON25_simulation-master/install/ares_comm/share/ares_comm/cmake/export_ares_comm__rosidl_typesupport_fastrtps_cExport.cmake
[1.102s] -- Up-to-date: /home/fideow/ROBOCON25_simulation-master/install/ares_comm/share/ares_comm/cmake/export_ares_comm__rosidl_typesupport_fastrtps_cExport-noconfig.cmake
[1.102s] -- Up-to-date: /home/fideow/ROBOCON25_simulation-master/install/ares_comm/share/ares_comm/cmake/ares_comm__rosidl_typesupport_introspection_cExport.cmake
[1.102s] -- Up-to-date: /home/fideow/ROBOCON25_simulation-master/install/ares_comm/share/ares_comm/cmake/ares_comm__rosidl_typesupport_introspection_cExport-noconfig.cmake
[1.102s] -- Up-to-date: /home/fideow/ROBOCON25_simulation-master/install/ares_comm/share/ares_comm/cmake/ares_comm__rosidl_typesupport_cExport.cmake
[1.102s] -- Up-to-date: /home/fideow/ROBOCON25_simulation-master/install/ares_comm/share/ares_comm/cmake/ares_comm__rosidl_typesupport_cExport-noconfig.cmake
[1.102s] -- Up-to-date: /home/fideow/ROBOCON25_simulation-master/install/ares_comm/share/ares_comm/cmake/export_ares_comm__rosidl_generator_cppExport.cmake
[1.102s] -- Up-to-date: /home/fideow/ROBOCON25_simulation-master/install/ares_comm/share/ares_comm/cmake/export_ares_comm__rosidl_typesupport_fastrtps_cppExport.cmake
[1.102s] -- Up-to-date: /home/fideow/ROBOCON25_simulation-master/install/ares_comm/share/ares_comm/cmake/export_ares_comm__rosidl_typesupport_fastrtps_cppExport-noconfig.cmake
[1.102s] -- Up-to-date: /home/fideow/ROBOCON25_simulation-master/install/ares_comm/share/ares_comm/cmake/ares_comm__rosidl_typesupport_introspection_cppExport.cmake
[1.103s] -- Up-to-date: /home/fideow/ROBOCON25_simulation-master/install/ares_comm/share/ares_comm/cmake/ares_comm__rosidl_typesupport_introspection_cppExport-noconfig.cmake
[1.103s] -- Up-to-date: /home/fideow/ROBOCON25_simulation-master/install/ares_comm/share/ares_comm/cmake/ares_comm__rosidl_typesupport_cppExport.cmake
[1.103s] -- Up-to-date: /home/fideow/ROBOCON25_simulation-master/install/ares_comm/share/ares_comm/cmake/ares_comm__rosidl_typesupport_cppExport-noconfig.cmake
[1.103s] -- Up-to-date: /home/fideow/ROBOCON25_simulation-master/install/ares_comm/share/ares_comm/cmake/export_ares_comm__rosidl_generator_pyExport.cmake
[1.103s] -- Up-to-date: /home/fideow/ROBOCON25_simulation-master/install/ares_comm/share/ares_comm/cmake/export_ares_comm__rosidl_generator_pyExport-noconfig.cmake
[1.107s] -- Up-to-date: /home/fideow/ROBOCON25_simulation-master/install/ares_comm/share/ares_comm/cmake/export_ares_comm_libExport.cmake
[1.107s] -- Up-to-date: /home/fideow/ROBOCON25_simulation-master/install/ares_comm/share/ares_comm/cmake/export_ares_comm_libExport-noconfig.cmake
[1.141s] Invoked command in '/home/fideow/ROBOCON25_simulation-master/build/ares_comm' returned '0': CMAKE_PREFIX_PATH=/opt/ros/humble /usr/bin/cmake --install /home/fideow/ROBOCON25_simulation-master/build/ares_comm
