running develop
running egg_info
creating visualizer.egg-info
writing visualizer.egg-info/PKG-INFO
writing dependency_links to visualizer.egg-info/dependency_links.txt
writing entry points to visualizer.egg-info/entry_points.txt
writing requirements to visualizer.egg-info/requires.txt
writing top-level names to visualizer.egg-info/top_level.txt
writing manifest file 'visualizer.egg-info/SOURCES.txt'
reading manifest file 'visualizer.egg-info/SOURCES.txt'
writing manifest file 'visualizer.egg-info/SOURCES.txt'
running build_ext
Creating /home/fideow/ROBOCON25_simulation-master/install/visualizer/lib/python3.10/site-packages/visualizer.egg-link (link to .)
Installing trajectory_visualizer script to /home/fideow/ROBOCON25_simulation-master/install/visualizer/lib/visualizer

Installed /home/fideow/ROBOCON25_simulation-master/build/visualizer
running symlink_data
creating /home/fideow/ROBOCON25_simulation-master/install/visualizer/share/ament_index
creating /home/fideow/ROBOCON25_simulation-master/install/visualizer/share/ament_index/resource_index
creating /home/fideow/ROBOCON25_simulation-master/install/visualizer/share/ament_index/resource_index/packages
symbolically linking /home/fideow/ROBOCON25_simulation-master/build/visualizer/resource/visualizer -> /home/fideow/ROBOCON25_simulation-master/install/visualizer/share/ament_index/resource_index/packages
symbolically linking /home/fideow/ROBOCON25_simulation-master/build/visualizer/package.xml -> /home/fideow/ROBOCON25_simulation-master/install/visualizer/share/visualizer
