[1.146s] Invoking command in '/home/fideow/ROBOCON25_simulation-master/build/visualizer': PYTHONPATH=/home/fideow/ROBOCON25_simulation-master/build/visualizer/prefix_override:/usr/lib/python3/dist-packages/colcon_core/task/python/colcon_distutils_commands:/home/fideow/ROBOCON25_simulation-master/install/visualizer/lib/python3.10/site-packages:${PYTHONPATH} /usr/bin/python3 -W ignore:setup.py install is deprecated -W ignore:easy_install command is deprecated setup.py develop --editable --build-directory /home/fideow/ROBOCON25_simulation-master/build/visualizer/build --no-deps symlink_data
[1.595s] running develop
[1.877s] running egg_info
[1.877s] creating visualizer.egg-info
[1.877s] writing visualizer.egg-info/PKG-INFO
[1.878s] writing dependency_links to visualizer.egg-info/dependency_links.txt
[1.878s] writing entry points to visualizer.egg-info/entry_points.txt
[1.878s] writing requirements to visualizer.egg-info/requires.txt
[1.878s] writing top-level names to visualizer.egg-info/top_level.txt
[1.881s] writing manifest file 'visualizer.egg-info/SOURCES.txt'
[1.881s] reading manifest file 'visualizer.egg-info/SOURCES.txt'
[1.882s] writing manifest file 'visualizer.egg-info/SOURCES.txt'
[1.884s] running build_ext
[1.885s] Creating /home/fideow/ROBOCON25_simulation-master/install/visualizer/lib/python3.10/site-packages/visualizer.egg-link (link to .)
[1.886s] Installing trajectory_visualizer script to /home/fideow/ROBOCON25_simulation-master/install/visualizer/lib/visualizer
[1.886s] 
[1.886s] Installed /home/fideow/ROBOCON25_simulation-master/build/visualizer
[1.886s] running symlink_data
[1.886s] creating /home/fideow/ROBOCON25_simulation-master/install/visualizer/share/ament_index
[1.887s] creating /home/fideow/ROBOCON25_simulation-master/install/visualizer/share/ament_index/resource_index
[1.887s] creating /home/fideow/ROBOCON25_simulation-master/install/visualizer/share/ament_index/resource_index/packages
[1.887s] symbolically linking /home/fideow/ROBOCON25_simulation-master/build/visualizer/resource/visualizer -> /home/fideow/ROBOCON25_simulation-master/install/visualizer/share/ament_index/resource_index/packages
[1.887s] symbolically linking /home/fideow/ROBOCON25_simulation-master/build/visualizer/package.xml -> /home/fideow/ROBOCON25_simulation-master/install/visualizer/share/visualizer
[1.931s] Invoked command in '/home/fideow/ROBOCON25_simulation-master/build/visualizer' returned '0': PYTHONPATH=/home/fideow/ROBOCON25_simulation-master/build/visualizer/prefix_override:/usr/lib/python3/dist-packages/colcon_core/task/python/colcon_distutils_commands:/home/fideow/ROBOCON25_simulation-master/install/visualizer/lib/python3.10/site-packages:${PYTHONPATH} /usr/bin/python3 -W ignore:setup.py install is deprecated -W ignore:easy_install command is deprecated setup.py develop --editable --build-directory /home/fideow/ROBOCON25_simulation-master/build/visualizer/build --no-deps symlink_data
