[0.037s] Invoking command in '/home/fideow/ROBOCON25_simulation-master/src/build/ares_bringup': CMAKE_PREFIX_PATH=${CMAKE_PREFIX_PATH}:/opt/ros/humble /usr/bin/cmake /home/fideow/ROBOCON25_simulation-master/src/ares_bringup -DCMAKE_INSTALL_PREFIX=/home/fideow/ROBOCON25_simulation-master/src/install/ares_bringup
[0.870s] -- The C compiler identification is GNU 11.4.0
[0.870s] -- The CXX compiler identification is GNU 11.4.0
[0.870s] -- Detecting C compiler ABI info
[0.870s] -- Detecting C compiler ABI info - done
[0.870s] -- Check for working C compiler: /usr/bin/cc - skipped
[0.870s] -- Detecting C compile features
[0.870s] -- Detecting C compile features - done
[0.870s] -- Detecting CXX compiler ABI info
[0.870s] -- Detecting CXX compiler ABI info - done
[0.870s] -- Check for working CXX compiler: /usr/bin/c++ - skipped
[0.870s] -- Detecting CXX compile features
[0.870s] -- Detecting CXX compile features - done
[0.870s] -- Found ament_cmake_auto: 1.3.11 (/opt/ros/humble/share/ament_cmake_auto/cmake)
[0.870s] -- Found Python3: /usr/bin/python3 (found version "3.10.12") found components: Interpreter 
[0.870s] -- Configuring done
[0.870s] -- Generating done
[0.871s] -- Build files have been written to: /home/fideow/ROBOCON25_simulation-master/src/build/ares_bringup
[1.133s] Invoked command in '/home/fideow/ROBOCON25_simulation-master/src/build/ares_bringup' returned '0': CMAKE_PREFIX_PATH=${CMAKE_PREFIX_PATH}:/opt/ros/humble /usr/bin/cmake /home/fideow/ROBOCON25_simulation-master/src/ares_bringup -DCMAKE_INSTALL_PREFIX=/home/fideow/ROBOCON25_simulation-master/src/install/ares_bringup
[1.135s] Invoking command in '/home/fideow/ROBOCON25_simulation-master/src/build/ares_bringup': CMAKE_PREFIX_PATH=${CMAKE_PREFIX_PATH}:/opt/ros/humble /usr/bin/cmake --build /home/fideow/ROBOCON25_simulation-master/src/build/ares_bringup -- -j8 -l8
[1.187s] Invoked command in '/home/fideow/ROBOCON25_simulation-master/src/build/ares_bringup' returned '0': CMAKE_PREFIX_PATH=${CMAKE_PREFIX_PATH}:/opt/ros/humble /usr/bin/cmake --build /home/fideow/ROBOCON25_simulation-master/src/build/ares_bringup -- -j8 -l8
[1.198s] Invoking command in '/home/fideow/ROBOCON25_simulation-master/src/build/ares_bringup': CMAKE_PREFIX_PATH=${CMAKE_PREFIX_PATH}:/opt/ros/humble /usr/bin/cmake --install /home/fideow/ROBOCON25_simulation-master/src/build/ares_bringup
[1.214s] -- Install configuration: ""
[1.214s] -- Installing: /home/fideow/ROBOCON25_simulation-master/src/install/ares_bringup/share/ares_bringup/launch
[1.215s] -- Installing: /home/fideow/ROBOCON25_simulation-master/src/install/ares_bringup/share/ares_bringup/launch/bringup.launch.py
[1.216s] -- Installing: /home/fideow/ROBOCON25_simulation-master/src/install/ares_bringup/share/ament_index/resource_index/package_run_dependencies/ares_bringup
[1.216s] -- Installing: /home/fideow/ROBOCON25_simulation-master/src/install/ares_bringup/share/ament_index/resource_index/parent_prefix_path/ares_bringup
[1.216s] -- Installing: /home/fideow/ROBOCON25_simulation-master/src/install/ares_bringup/share/ares_bringup/environment/ament_prefix_path.sh
[1.216s] -- Installing: /home/fideow/ROBOCON25_simulation-master/src/install/ares_bringup/share/ares_bringup/environment/ament_prefix_path.dsv
[1.216s] -- Installing: /home/fideow/ROBOCON25_simulation-master/src/install/ares_bringup/share/ares_bringup/environment/path.sh
[1.217s] -- Installing: /home/fideow/ROBOCON25_simulation-master/src/install/ares_bringup/share/ares_bringup/environment/path.dsv
[1.218s] -- Installing: /home/fideow/ROBOCON25_simulation-master/src/install/ares_bringup/share/ares_bringup/local_setup.bash
[1.219s] -- Installing: /home/fideow/ROBOCON25_simulation-master/src/install/ares_bringup/share/ares_bringup/local_setup.sh
[1.222s] -- Installing: /home/fideow/ROBOCON25_simulation-master/src/install/ares_bringup/share/ares_bringup/local_setup.zsh
[1.222s] -- Installing: /home/fideow/ROBOCON25_simulation-master/src/install/ares_bringup/share/ares_bringup/local_setup.dsv
[1.225s] -- Installing: /home/fideow/ROBOCON25_simulation-master/src/install/ares_bringup/share/ares_bringup/package.dsv
[1.225s] -- Installing: /home/fideow/ROBOCON25_simulation-master/src/install/ares_bringup/share/ament_index/resource_index/packages/ares_bringup
[1.225s] -- Installing: /home/fideow/ROBOCON25_simulation-master/src/install/ares_bringup/share/ares_bringup/cmake/ares_bringupConfig.cmake
[1.225s] -- Installing: /home/fideow/ROBOCON25_simulation-master/src/install/ares_bringup/share/ares_bringup/cmake/ares_bringupConfig-version.cmake
[1.225s] -- Installing: /home/fideow/ROBOCON25_simulation-master/src/install/ares_bringup/share/ares_bringup/package.xml
[1.233s] Invoked command in '/home/fideow/ROBOCON25_simulation-master/src/build/ares_bringup' returned '0': CMAKE_PREFIX_PATH=${CMAKE_PREFIX_PATH}:/opt/ros/humble /usr/bin/cmake --install /home/fideow/ROBOCON25_simulation-master/src/build/ares_bringup
