[0.042s] Invoking command in '/home/fideow/ROBOCON25_simulation-master/src/build/ares_bringup': CMAKE_PREFIX_PATH=${CMAKE_PREFIX_PATH}:/opt/ros/humble /usr/bin/cmake --build /home/fideow/ROBOCON25_simulation-master/src/build/ares_bringup -- -j8 -l8
[0.964s] Invoked command in '/home/fideow/ROBOCON25_simulation-master/src/build/ares_bringup' returned '0': CMAKE_PREFIX_PATH=${CMAKE_PREFIX_PATH}:/opt/ros/humble /usr/bin/cmake --build /home/fideow/ROBOCON25_simulation-master/src/build/ares_bringup -- -j8 -l8
[0.965s] Invoking command in '/home/fideow/ROBOCON25_simulation-master/src/build/ares_bringup': CMAKE_PREFIX_PATH=${CMAKE_PREFIX_PATH}:/opt/ros/humble /usr/bin/cmake --install /home/fideow/ROBOCON25_simulation-master/src/build/ares_bringup
[0.987s] -- Install configuration: ""
[0.987s] -- Up-to-date: /home/fideow/ROBOCON25_simulation-master/src/install/ares_bringup/share/ares_bringup/launch
[0.987s] -- Up-to-date: /home/fideow/ROBOCON25_simulation-master/src/install/ares_bringup/share/ares_bringup/launch/bringup.launch.py
[0.987s] -- Up-to-date: /home/fideow/ROBOCON25_simulation-master/src/install/ares_bringup/share/ament_index/resource_index/package_run_dependencies/ares_bringup
[0.987s] -- Up-to-date: /home/fideow/ROBOCON25_simulation-master/src/install/ares_bringup/share/ament_index/resource_index/parent_prefix_path/ares_bringup
[0.987s] -- Up-to-date: /home/fideow/ROBOCON25_simulation-master/src/install/ares_bringup/share/ares_bringup/environment/ament_prefix_path.sh
[0.987s] -- Up-to-date: /home/fideow/ROBOCON25_simulation-master/src/install/ares_bringup/share/ares_bringup/environment/ament_prefix_path.dsv
[0.988s] -- Up-to-date: /home/fideow/ROBOCON25_simulation-master/src/install/ares_bringup/share/ares_bringup/environment/path.sh
[0.988s] -- Up-to-date: /home/fideow/ROBOCON25_simulation-master/src/install/ares_bringup/share/ares_bringup/environment/path.dsv
[0.988s] -- Up-to-date: /home/fideow/ROBOCON25_simulation-master/src/install/ares_bringup/share/ares_bringup/local_setup.bash
[0.988s] -- Up-to-date: /home/fideow/ROBOCON25_simulation-master/src/install/ares_bringup/share/ares_bringup/local_setup.sh
[0.988s] -- Up-to-date: /home/fideow/ROBOCON25_simulation-master/src/install/ares_bringup/share/ares_bringup/local_setup.zsh
[0.988s] -- Up-to-date: /home/fideow/ROBOCON25_simulation-master/src/install/ares_bringup/share/ares_bringup/local_setup.dsv
[0.988s] -- Installing: /home/fideow/ROBOCON25_simulation-master/src/install/ares_bringup/share/ares_bringup/package.dsv
[0.988s] -- Up-to-date: /home/fideow/ROBOCON25_simulation-master/src/install/ares_bringup/share/ament_index/resource_index/packages/ares_bringup
[0.988s] -- Up-to-date: /home/fideow/ROBOCON25_simulation-master/src/install/ares_bringup/share/ares_bringup/cmake/ares_bringupConfig.cmake
[0.988s] -- Up-to-date: /home/fideow/ROBOCON25_simulation-master/src/install/ares_bringup/share/ares_bringup/cmake/ares_bringupConfig-version.cmake
[0.988s] -- Up-to-date: /home/fideow/ROBOCON25_simulation-master/src/install/ares_bringup/share/ares_bringup/package.xml
[1.028s] Invoked command in '/home/fideow/ROBOCON25_simulation-master/src/build/ares_bringup' returned '0': CMAKE_PREFIX_PATH=${CMAKE_PREFIX_PATH}:/opt/ros/humble /usr/bin/cmake --install /home/fideow/ROBOCON25_simulation-master/src/build/ares_bringup
