running develop
Removing /home/fideow/ROBOCON25_simulation-master/install/omni_mpc_controller/lib/python3.10/site-packages/omni-mpc-controller.egg-link (link to .)
running egg_info
writing ../../build/omni_mpc_controller/omni_mpc_controller.egg-info/PKG-INFO
writing dependency_links to ../../build/omni_mpc_controller/omni_mpc_controller.egg-info/dependency_links.txt
writing entry points to ../../build/omni_mpc_controller/omni_mpc_controller.egg-info/entry_points.txt
writing requirements to ../../build/omni_mpc_controller/omni_mpc_controller.egg-info/requires.txt
writing top-level names to ../../build/omni_mpc_controller/omni_mpc_controller.egg-info/top_level.txt
reading manifest file '../../build/omni_mpc_controller/omni_mpc_controller.egg-info/SOURCES.txt'
writing manifest file '../../build/omni_mpc_controller/omni_mpc_controller.egg-info/SOURCES.txt'
running build
running build_py
creating /home/fideow/ROBOCON25_simulation-master/build/omni_mpc_controller/build
creating /home/fideow/ROBOCON25_simulation-master/build/omni_mpc_controller/build/lib
creating /home/fideow/ROBOCON25_simulation-master/build/omni_mpc_controller/build/lib/omni_mpc_controller
copying omni_mpc_controller/__init__.py -> /home/fideow/ROBOCON25_simulation-master/build/omni_mpc_controller/build/lib/omni_mpc_controller
running install
running install_lib
creating /home/fideow/ROBOCON25_simulation-master/install/omni_mpc_controller/lib/python3.10/site-packages/omni_mpc_controller
copying /home/fideow/ROBOCON25_simulation-master/build/omni_mpc_controller/build/lib/omni_mpc_controller/__init__.py -> /home/fideow/ROBOCON25_simulation-master/install/omni_mpc_controller/lib/python3.10/site-packages/omni_mpc_controller
byte-compiling /home/fideow/ROBOCON25_simulation-master/install/omni_mpc_controller/lib/python3.10/site-packages/omni_mpc_controller/__init__.py to __init__.cpython-310.pyc
running install_data
copying resource/omni_mpc_controller -> /home/fideow/ROBOCON25_simulation-master/install/omni_mpc_controller/share/ament_index/resource_index/packages
copying package.xml -> /home/fideow/ROBOCON25_simulation-master/install/omni_mpc_controller/share/omni_mpc_controller
running install_egg_info
Copying ../../build/omni_mpc_controller/omni_mpc_controller.egg-info to /home/fideow/ROBOCON25_simulation-master/install/omni_mpc_controller/lib/python3.10/site-packages/omni_mpc_controller-0.0.0-py3.10.egg-info
running install_scripts
Installing omni_mpc_controller_node script to /home/fideow/ROBOCON25_simulation-master/install/omni_mpc_controller/lib/omni_mpc_controller
writing list of installed files to '/home/fideow/ROBOCON25_simulation-master/build/omni_mpc_controller/install.log'
