[0.639s] Invoking command in '/home/fideow/ROBOCON25_simulation-master/build/omni_mpc_controller': PYTHONPATH=/home/fideow/ROBOCON25_simulation-master/build/omni_mpc_controller/prefix_override:/usr/lib/python3/dist-packages/colcon_core/task/python/colcon_distutils_commands:/home/fideow/ROBOCON25_simulation-master/install/omni_mpc_controller/lib/python3.10/site-packages:${PYTHONPATH} /usr/bin/python3 -W ignore:setup.py install is deprecated -W ignore:easy_install command is deprecated setup.py develop --uninstall --editable --build-directory /home/fideow/ROBOCON25_simulation-master/build/omni_mpc_controller/build
[0.886s] running develop
[1.056s] Removing /home/fideow/ROBOCON25_simulation-master/install/omni_mpc_controller/lib/python3.10/site-packages/omni-mpc-controller.egg-link (link to .)
[1.080s] Invoked command in '/home/fideow/ROBOCON25_simulation-master/build/omni_mpc_controller' returned '0': PYTHONPATH=/home/fideow/ROBOCON25_simulation-master/build/omni_mpc_controller/prefix_override:/usr/lib/python3/dist-packages/colcon_core/task/python/colcon_distutils_commands:/home/fideow/ROBOCON25_simulation-master/install/omni_mpc_controller/lib/python3.10/site-packages:${PYTHONPATH} /usr/bin/python3 -W ignore:setup.py install is deprecated -W ignore:easy_install command is deprecated setup.py develop --uninstall --editable --build-directory /home/fideow/ROBOCON25_simulation-master/build/omni_mpc_controller/build
[1.082s] Invoking command in '/home/fideow/ROBOCON25_simulation-master/src/omni_mpc_controller': PYTHONPATH=/home/fideow/ROBOCON25_simulation-master/build/omni_mpc_controller/prefix_override:/usr/lib/python3/dist-packages/colcon_core/task/python/colcon_distutils_commands:/home/fideow/ROBOCON25_simulation-master/install/omni_mpc_controller/lib/python3.10/site-packages:${PYTHONPATH} /usr/bin/python3 -W ignore:setup.py install is deprecated -W ignore:easy_install command is deprecated setup.py egg_info --egg-base ../../build/omni_mpc_controller build --build-base /home/fideow/ROBOCON25_simulation-master/build/omni_mpc_controller/build install --record /home/fideow/ROBOCON25_simulation-master/build/omni_mpc_controller/install.log --single-version-externally-managed install_data --force
[1.309s] running egg_info
[1.310s] writing ../../build/omni_mpc_controller/omni_mpc_controller.egg-info/PKG-INFO
[1.310s] writing dependency_links to ../../build/omni_mpc_controller/omni_mpc_controller.egg-info/dependency_links.txt
[1.310s] writing entry points to ../../build/omni_mpc_controller/omni_mpc_controller.egg-info/entry_points.txt
[1.310s] writing requirements to ../../build/omni_mpc_controller/omni_mpc_controller.egg-info/requires.txt
[1.310s] writing top-level names to ../../build/omni_mpc_controller/omni_mpc_controller.egg-info/top_level.txt
[1.312s] reading manifest file '../../build/omni_mpc_controller/omni_mpc_controller.egg-info/SOURCES.txt'
[1.312s] writing manifest file '../../build/omni_mpc_controller/omni_mpc_controller.egg-info/SOURCES.txt'
[1.313s] running build
[1.313s] running build_py
[1.313s] creating /home/fideow/ROBOCON25_simulation-master/build/omni_mpc_controller/build
[1.313s] creating /home/fideow/ROBOCON25_simulation-master/build/omni_mpc_controller/build/lib
[1.313s] creating /home/fideow/ROBOCON25_simulation-master/build/omni_mpc_controller/build/lib/omni_mpc_controller
[1.313s] copying omni_mpc_controller/__init__.py -> /home/fideow/ROBOCON25_simulation-master/build/omni_mpc_controller/build/lib/omni_mpc_controller
[1.313s] running install
[1.313s] running install_lib
[1.314s] creating /home/fideow/ROBOCON25_simulation-master/install/omni_mpc_controller/lib/python3.10/site-packages/omni_mpc_controller
[1.314s] copying /home/fideow/ROBOCON25_simulation-master/build/omni_mpc_controller/build/lib/omni_mpc_controller/__init__.py -> /home/fideow/ROBOCON25_simulation-master/install/omni_mpc_controller/lib/python3.10/site-packages/omni_mpc_controller
[1.314s] byte-compiling /home/fideow/ROBOCON25_simulation-master/install/omni_mpc_controller/lib/python3.10/site-packages/omni_mpc_controller/__init__.py to __init__.cpython-310.pyc
[1.315s] running install_data
[1.315s] copying resource/omni_mpc_controller -> /home/fideow/ROBOCON25_simulation-master/install/omni_mpc_controller/share/ament_index/resource_index/packages
[1.315s] copying package.xml -> /home/fideow/ROBOCON25_simulation-master/install/omni_mpc_controller/share/omni_mpc_controller
[1.315s] running install_egg_info
[1.317s] Copying ../../build/omni_mpc_controller/omni_mpc_controller.egg-info to /home/fideow/ROBOCON25_simulation-master/install/omni_mpc_controller/lib/python3.10/site-packages/omni_mpc_controller-0.0.0-py3.10.egg-info
[1.317s] running install_scripts
[1.336s] Installing omni_mpc_controller_node script to /home/fideow/ROBOCON25_simulation-master/install/omni_mpc_controller/lib/omni_mpc_controller
[1.336s] writing list of installed files to '/home/fideow/ROBOCON25_simulation-master/build/omni_mpc_controller/install.log'
[1.356s] Invoked command in '/home/fideow/ROBOCON25_simulation-master/src/omni_mpc_controller' returned '0': PYTHONPATH=/home/fideow/ROBOCON25_simulation-master/build/omni_mpc_controller/prefix_override:/usr/lib/python3/dist-packages/colcon_core/task/python/colcon_distutils_commands:/home/fideow/ROBOCON25_simulation-master/install/omni_mpc_controller/lib/python3.10/site-packages:${PYTHONPATH} /usr/bin/python3 -W ignore:setup.py install is deprecated -W ignore:easy_install command is deprecated setup.py egg_info --egg-base ../../build/omni_mpc_controller build --build-base /home/fideow/ROBOCON25_simulation-master/build/omni_mpc_controller/build install --record /home/fideow/ROBOCON25_simulation-master/build/omni_mpc_controller/install.log --single-version-externally-managed install_data --force
