[0.018s] Invoking command in '/home/fideow/ROBOCON25_simulation-master/build/simulation_bringup': CMAKE_PREFIX_PATH=/home/fideow/ROBOCON25_simulation-master/install/my_robot_description:/home/fideow/ROBOCON25_simulation-master/install/test_serial:/home/fideow/ROBOCON25_simulation-master/install/simulation_bringup:/home/fideow/ROBOCON25_simulation-master/install/myrobot_controller:/home/fideow/ROBOCON25_simulation-master/install/ares_comm:/home/fideow/ROBOCON25_simulation-master/install/ares_bringup:/home/fideow/ROBOCON25_simulation-master/install/visualizer:/home/fideow/ROBOCON25_simulation-master/install/omni_mpc_controller:/home/fideow/ROBOCON25_simulation-master/install/new_teleotwistkeyboard:/home/fideow/ROBOCON25_simulation-master/install/lidar_avoidance:/home/fideow/ROBOCON25_simulation-master/install/laser:/opt/ros/humble /usr/bin/cmake /home/fideow/ROBOCON25_simulation-master/src/simulation_bringup -DAMENT_CMAKE_SYMLINK_INSTALL=1 -DCMAKE_INSTALL_PREFIX=/home/fideow/ROBOCON25_simulation-master/install/simulation_bringup
[0.161s] -- The C compiler identification is GNU 11.4.0
[0.250s] -- The CXX compiler identification is GNU 11.4.0
[0.266s] -- Detecting C compiler ABI info
[0.411s] -- Detecting C compiler ABI info - done
[0.429s] -- Check for working C compiler: /usr/bin/cc - skipped
[0.429s] -- Detecting C compile features
[0.430s] -- Detecting C compile features - done
[0.438s] -- Detecting CXX compiler ABI info
[0.623s] -- Detecting CXX compiler ABI info - done
[0.644s] -- Check for working CXX compiler: /usr/bin/c++ - skipped
[0.644s] -- Detecting CXX compile features
[0.645s] -- Detecting CXX compile features - done
[0.659s] -- Found ament_cmake: 1.3.11 (/opt/ros/humble/share/ament_cmake/cmake)
[1.019s] -- Found Python3: /usr/bin/python3 (found version "3.10.12") found components: Interpreter 
[1.259s] -- Override CMake install command with custom implementation using symlinks instead of copying resources
[1.330s] -- Found rclpy: 3.3.15 (/opt/ros/humble/share/rclpy/cmake)
[1.452s] -- Configuring done
[1.460s] -- Generating done
[1.466s] -- Build files have been written to: /home/fideow/ROBOCON25_simulation-master/build/simulation_bringup
[1.475s] Invoked command in '/home/fideow/ROBOCON25_simulation-master/build/simulation_bringup' returned '0': CMAKE_PREFIX_PATH=/home/fideow/ROBOCON25_simulation-master/install/my_robot_description:/home/fideow/ROBOCON25_simulation-master/install/test_serial:/home/fideow/ROBOCON25_simulation-master/install/simulation_bringup:/home/fideow/ROBOCON25_simulation-master/install/myrobot_controller:/home/fideow/ROBOCON25_simulation-master/install/ares_comm:/home/fideow/ROBOCON25_simulation-master/install/ares_bringup:/home/fideow/ROBOCON25_simulation-master/install/visualizer:/home/fideow/ROBOCON25_simulation-master/install/omni_mpc_controller:/home/fideow/ROBOCON25_simulation-master/install/new_teleotwistkeyboard:/home/fideow/ROBOCON25_simulation-master/install/lidar_avoidance:/home/fideow/ROBOCON25_simulation-master/install/laser:/opt/ros/humble /usr/bin/cmake /home/fideow/ROBOCON25_simulation-master/src/simulation_bringup -DAMENT_CMAKE_SYMLINK_INSTALL=1 -DCMAKE_INSTALL_PREFIX=/home/fideow/ROBOCON25_simulation-master/install/simulation_bringup
[1.476s] Invoking command in '/home/fideow/ROBOCON25_simulation-master/build/simulation_bringup': CMAKE_PREFIX_PATH=/home/fideow/ROBOCON25_simulation-master/install/my_robot_description:/home/fideow/ROBOCON25_simulation-master/install/test_serial:/home/fideow/ROBOCON25_simulation-master/install/simulation_bringup:/home/fideow/ROBOCON25_simulation-master/install/myrobot_controller:/home/fideow/ROBOCON25_simulation-master/install/ares_comm:/home/fideow/ROBOCON25_simulation-master/install/ares_bringup:/home/fideow/ROBOCON25_simulation-master/install/visualizer:/home/fideow/ROBOCON25_simulation-master/install/omni_mpc_controller:/home/fideow/ROBOCON25_simulation-master/install/new_teleotwistkeyboard:/home/fideow/ROBOCON25_simulation-master/install/lidar_avoidance:/home/fideow/ROBOCON25_simulation-master/install/laser:/opt/ros/humble /usr/bin/cmake --build /home/fideow/ROBOCON25_simulation-master/build/simulation_bringup -- -j8 -l8
[1.535s] Invoked command in '/home/fideow/ROBOCON25_simulation-master/build/simulation_bringup' returned '0': CMAKE_PREFIX_PATH=/home/fideow/ROBOCON25_simulation-master/install/my_robot_description:/home/fideow/ROBOCON25_simulation-master/install/test_serial:/home/fideow/ROBOCON25_simulation-master/install/simulation_bringup:/home/fideow/ROBOCON25_simulation-master/install/myrobot_controller:/home/fideow/ROBOCON25_simulation-master/install/ares_comm:/home/fideow/ROBOCON25_simulation-master/install/ares_bringup:/home/fideow/ROBOCON25_simulation-master/install/visualizer:/home/fideow/ROBOCON25_simulation-master/install/omni_mpc_controller:/home/fideow/ROBOCON25_simulation-master/install/new_teleotwistkeyboard:/home/fideow/ROBOCON25_simulation-master/install/lidar_avoidance:/home/fideow/ROBOCON25_simulation-master/install/laser:/opt/ros/humble /usr/bin/cmake --build /home/fideow/ROBOCON25_simulation-master/build/simulation_bringup -- -j8 -l8
[1.536s] Invoking command in '/home/fideow/ROBOCON25_simulation-master/build/simulation_bringup': CMAKE_PREFIX_PATH=/home/fideow/ROBOCON25_simulation-master/install/my_robot_description:/home/fideow/ROBOCON25_simulation-master/install/test_serial:/home/fideow/ROBOCON25_simulation-master/install/simulation_bringup:/home/fideow/ROBOCON25_simulation-master/install/myrobot_controller:/home/fideow/ROBOCON25_simulation-master/install/ares_comm:/home/fideow/ROBOCON25_simulation-master/install/ares_bringup:/home/fideow/ROBOCON25_simulation-master/install/visualizer:/home/fideow/ROBOCON25_simulation-master/install/omni_mpc_controller:/home/fideow/ROBOCON25_simulation-master/install/new_teleotwistkeyboard:/home/fideow/ROBOCON25_simulation-master/install/lidar_avoidance:/home/fideow/ROBOCON25_simulation-master/install/laser:/opt/ros/humble /usr/bin/cmake --install /home/fideow/ROBOCON25_simulation-master/build/simulation_bringup
[1.546s] -- Install configuration: ""
[1.546s] -- Execute custom install script
[1.549s] -- Symlinking: /home/fideow/ROBOCON25_simulation-master/install/simulation_bringup/share/simulation_bringup/launch/my_robot.launch.py
[1.562s] -- Symlinking: /home/fideow/ROBOCON25_simulation-master/install/simulation_bringup/share/simulation_bringup/launch/my_robot_gazebo.launch.xml
[1.574s] -- Symlinking: /home/fideow/ROBOCON25_simulation-master/install/simulation_bringup/share/simulation_bringup/launch/wheel_test.launch.py
[1.586s] -- Symlinking: /home/fideow/ROBOCON25_simulation-master/install/simulation_bringup/share/simulation_bringup/rviz/urdf_config.rviz
[1.599s] -- Symlinking: /home/fideow/ROBOCON25_simulation-master/install/simulation_bringup/share/simulation_bringup/src/robot_controller.py
[1.616s] -- Symlinking: /home/fideow/ROBOCON25_simulation-master/install/simulation_bringup/share/ament_index/resource_index/package_run_dependencies/simulation_bringup
[1.626s] -- Symlinking: /home/fideow/ROBOCON25_simulation-master/install/simulation_bringup/share/ament_index/resource_index/parent_prefix_path/simulation_bringup
[1.639s] -- Symlinking: /home/fideow/ROBOCON25_simulation-master/install/simulation_bringup/share/simulation_bringup/environment/ament_prefix_path.sh
[1.654s] -- Symlinking: /home/fideow/ROBOCON25_simulation-master/install/simulation_bringup/share/simulation_bringup/environment/ament_prefix_path.dsv
[1.676s] -- Symlinking: /home/fideow/ROBOCON25_simulation-master/install/simulation_bringup/share/simulation_bringup/environment/path.sh
[1.699s] -- Symlinking: /home/fideow/ROBOCON25_simulation-master/install/simulation_bringup/share/simulation_bringup/environment/path.dsv
[1.713s] -- Symlinking: /home/fideow/ROBOCON25_simulation-master/install/simulation_bringup/share/simulation_bringup/local_setup.bash
[1.725s] -- Symlinking: /home/fideow/ROBOCON25_simulation-master/install/simulation_bringup/share/simulation_bringup/local_setup.sh
[1.737s] -- Symlinking: /home/fideow/ROBOCON25_simulation-master/install/simulation_bringup/share/simulation_bringup/local_setup.zsh
[1.749s] -- Symlinking: /home/fideow/ROBOCON25_simulation-master/install/simulation_bringup/share/simulation_bringup/local_setup.dsv
[1.764s] -- Symlinking: /home/fideow/ROBOCON25_simulation-master/install/simulation_bringup/share/simulation_bringup/package.dsv
[1.784s] -- Symlinking: /home/fideow/ROBOCON25_simulation-master/install/simulation_bringup/share/ament_index/resource_index/packages/simulation_bringup
[1.803s] -- Symlinking: /home/fideow/ROBOCON25_simulation-master/install/simulation_bringup/share/simulation_bringup/cmake/simulation_bringupConfig.cmake
[1.816s] -- Symlinking: /home/fideow/ROBOCON25_simulation-master/install/simulation_bringup/share/simulation_bringup/cmake/simulation_bringupConfig-version.cmake
[1.828s] -- Symlinking: /home/fideow/ROBOCON25_simulation-master/install/simulation_bringup/share/simulation_bringup/package.xml
[1.846s] Invoked command in '/home/fideow/ROBOCON25_simulation-master/build/simulation_bringup' returned '0': CMAKE_PREFIX_PATH=/home/fideow/ROBOCON25_simulation-master/install/my_robot_description:/home/fideow/ROBOCON25_simulation-master/install/test_serial:/home/fideow/ROBOCON25_simulation-master/install/simulation_bringup:/home/fideow/ROBOCON25_simulation-master/install/myrobot_controller:/home/fideow/ROBOCON25_simulation-master/install/ares_comm:/home/fideow/ROBOCON25_simulation-master/install/ares_bringup:/home/fideow/ROBOCON25_simulation-master/install/visualizer:/home/fideow/ROBOCON25_simulation-master/install/omni_mpc_controller:/home/fideow/ROBOCON25_simulation-master/install/new_teleotwistkeyboard:/home/fideow/ROBOCON25_simulation-master/install/lidar_avoidance:/home/fideow/ROBOCON25_simulation-master/install/laser:/opt/ros/humble /usr/bin/cmake --install /home/fideow/ROBOCON25_simulation-master/build/simulation_bringup
