[1.519s] Invoking command in '/home/fideow/ROBOCON25_simulation-master/src/laser': PYTHONPATH=/home/fideow/ROBOCON25_simulation-master/src/build/laser/prefix_override:/usr/lib/python3/dist-packages/colcon_core/task/python/colcon_distutils_commands:/home/fideow/ROBOCON25_simulation-master/src/install/laser/lib/python3.10/site-packages:${PYTHONPATH} /usr/bin/python3 -W ignore:setup.py install is deprecated -W ignore:easy_install command is deprecated setup.py egg_info --egg-base ../build/laser build --build-base /home/fideow/ROBOCON25_simulation-master/src/build/laser/build install --record /home/fideow/ROBOCON25_simulation-master/src/build/laser/install.log --single-version-externally-managed install_data
[1.846s] running egg_info
[1.847s] writing ../build/laser/laser.egg-info/PKG-INFO
[1.847s] writing dependency_links to ../build/laser/laser.egg-info/dependency_links.txt
[1.847s] writing entry points to ../build/laser/laser.egg-info/entry_points.txt
[1.848s] writing requirements to ../build/laser/laser.egg-info/requires.txt
[1.848s] writing top-level names to ../build/laser/laser.egg-info/top_level.txt
[1.850s] reading manifest file '../build/laser/laser.egg-info/SOURCES.txt'
[1.851s] writing manifest file '../build/laser/laser.egg-info/SOURCES.txt'
[1.851s] running build
[1.851s] running build_py
[1.852s] running install
[1.852s] running install_lib
[1.854s] running install_data
[1.854s] running install_egg_info
[1.856s] removing '/home/fideow/ROBOCON25_simulation-master/src/install/laser/lib/python3.10/site-packages/laser-0.0.0-py3.10.egg-info' (and everything under it)
[1.856s] Copying ../build/laser/laser.egg-info to /home/fideow/ROBOCON25_simulation-master/src/install/laser/lib/python3.10/site-packages/laser-0.0.0-py3.10.egg-info
[1.857s] running install_scripts
[1.885s] Installing laser script to /home/fideow/ROBOCON25_simulation-master/src/install/laser/lib/laser
[1.886s] Installing laser_position script to /home/fideow/ROBOCON25_simulation-master/src/install/laser/lib/laser
[1.886s] writing list of installed files to '/home/fideow/ROBOCON25_simulation-master/src/build/laser/install.log'
[1.920s] Invoked command in '/home/fideow/ROBOCON25_simulation-master/src/laser' returned '0': PYTHONPATH=/home/fideow/ROBOCON25_simulation-master/src/build/laser/prefix_override:/usr/lib/python3/dist-packages/colcon_core/task/python/colcon_distutils_commands:/home/fideow/ROBOCON25_simulation-master/src/install/laser/lib/python3.10/site-packages:${PYTHONPATH} /usr/bin/python3 -W ignore:setup.py install is deprecated -W ignore:easy_install command is deprecated setup.py egg_info --egg-base ../build/laser build --build-base /home/fideow/ROBOCON25_simulation-master/src/build/laser/build install --record /home/fideow/ROBOCON25_simulation-master/src/build/laser/install.log --single-version-externally-managed install_data
