[  1%] Built target ares_comm__cpp
[  9%] Built target ares_comm__rosidl_generator_c
[  9%] Built target ament_cmake_python_copy_ares_comm
[ 16%] Built target ares_comm_lib
[ 24%] Built target ares_comm__rosidl_typesupport_cpp
[ 32%] Built target ares_comm__rosidl_typesupport_introspection_cpp
[ 40%] Built target ares_comm__rosidl_typesupport_fastrtps_cpp
[ 49%] Built target ares_comm__rosidl_typesupport_c
[ 57%] Built target ares_comm__rosidl_typesupport_introspection_c
[ 65%] Built target ares_comm__rosidl_typesupport_fastrtps_c
[ 65%] Built target ares_comm
[ 75%] Built target ares_comm__py
[ 75%] Built target imu_sensor_node
[ 83%] Built target ares_comm_node
[ 90%] Built target ares_comm__rosidl_generator_py
[ 96%] Built target ares_comm__rosidl_typesupport_introspection_c__pyext
[ 96%] Built target ares_comm__rosidl_typesupport_c__pyext
[100%] Built target ares_comm__rosidl_typesupport_fastrtps_c__pyext
running egg_info
writing ares_comm.egg-info/PKG-INFO
writing dependency_links to ares_comm.egg-info/dependency_links.txt
writing top-level names to ares_comm.egg-info/top_level.txt
reading manifest file 'ares_comm.egg-info/SOURCES.txt'
writing manifest file 'ares_comm.egg-info/SOURCES.txt'
[100%] Built target ament_cmake_python_build_ares_comm_egg
-- Install configuration: ""
-- Up-to-date: /home/fideow/ROBOCON25_simulation-master/src/install/ares_comm/share/ament_index/resource_index/rosidl_interfaces/ares_comm
-- Up-to-date: /home/fideow/ROBOCON25_simulation-master/src/install/ares_comm/include/ares_comm/ares_comm
-- Up-to-date: /home/fideow/ROBOCON25_simulation-master/src/install/ares_comm/include/ares_comm/ares_comm/srv
-- Up-to-date: /home/fideow/ROBOCON25_simulation-master/src/install/ares_comm/include/ares_comm/ares_comm/srv/detail
-- Up-to-date: /home/fideow/ROBOCON25_simulation-master/src/install/ares_comm/include/ares_comm/ares_comm/srv/detail/execute__functions.c
-- Up-to-date: /home/fideow/ROBOCON25_simulation-master/src/install/ares_comm/include/ares_comm/ares_comm/srv/detail/execute__type_support.h
-- Up-to-date: /home/fideow/ROBOCON25_simulation-master/src/install/ares_comm/include/ares_comm/ares_comm/srv/detail/execute__struct.h
-- Up-to-date: /home/fideow/ROBOCON25_simulation-master/src/install/ares_comm/include/ares_comm/ares_comm/srv/detail/execute__functions.h
-- Up-to-date: /home/fideow/ROBOCON25_simulation-master/src/install/ares_comm/include/ares_comm/ares_comm/srv/execute.h
-- Up-to-date: /home/fideow/ROBOCON25_simulation-master/src/install/ares_comm/include/ares_comm/ares_comm/msg
-- Up-to-date: /home/fideow/ROBOCON25_simulation-master/src/install/ares_comm/include/ares_comm/ares_comm/msg/detail
-- Up-to-date: /home/fideow/ROBOCON25_simulation-master/src/install/ares_comm/include/ares_comm/ares_comm/msg/detail/data__functions.c
-- Up-to-date: /home/fideow/ROBOCON25_simulation-master/src/install/ares_comm/include/ares_comm/ares_comm/msg/detail/error__functions.h
-- Up-to-date: /home/fideow/ROBOCON25_simulation-master/src/install/ares_comm/include/ares_comm/ares_comm/msg/detail/data__struct.h
-- Up-to-date: /home/fideow/ROBOCON25_simulation-master/src/install/ares_comm/include/ares_comm/ares_comm/msg/detail/data__functions.h
-- Up-to-date: /home/fideow/ROBOCON25_simulation-master/src/install/ares_comm/include/ares_comm/ares_comm/msg/detail/error__functions.c
-- Up-to-date: /home/fideow/ROBOCON25_simulation-master/src/install/ares_comm/include/ares_comm/ares_comm/msg/detail/data__type_support.h
-- Up-to-date: /home/fideow/ROBOCON25_simulation-master/src/install/ares_comm/include/ares_comm/ares_comm/msg/detail/error__type_support.h
-- Up-to-date: /home/fideow/ROBOCON25_simulation-master/src/install/ares_comm/include/ares_comm/ares_comm/msg/detail/error__struct.h
-- Up-to-date: /home/fideow/ROBOCON25_simulation-master/src/install/ares_comm/include/ares_comm/ares_comm/msg/error.h
-- Up-to-date: /home/fideow/ROBOCON25_simulation-master/src/install/ares_comm/include/ares_comm/ares_comm/msg/rosidl_generator_c__visibility_control.h
-- Up-to-date: /home/fideow/ROBOCON25_simulation-master/src/install/ares_comm/include/ares_comm/ares_comm/msg/data.h
-- Up-to-date: /home/fideow/ROBOCON25_simulation-master/src/install/ares_comm/share/ares_comm/environment/library_path.sh
-- Up-to-date: /home/fideow/ROBOCON25_simulation-master/src/install/ares_comm/share/ares_comm/environment/library_path.dsv
-- Up-to-date: /home/fideow/ROBOCON25_simulation-master/src/install/ares_comm/lib/libares_comm__rosidl_generator_c.so
-- Up-to-date: /home/fideow/ROBOCON25_simulation-master/src/install/ares_comm/include/ares_comm/ares_comm
-- Up-to-date: /home/fideow/ROBOCON25_simulation-master/src/install/ares_comm/include/ares_comm/ares_comm/srv
-- Up-to-date: /home/fideow/ROBOCON25_simulation-master/src/install/ares_comm/include/ares_comm/ares_comm/srv/detail
-- Up-to-date: /home/fideow/ROBOCON25_simulation-master/src/install/ares_comm/include/ares_comm/ares_comm/srv/detail/execute__rosidl_typesupport_fastrtps_c.h
-- Up-to-date: /home/fideow/ROBOCON25_simulation-master/src/install/ares_comm/include/ares_comm/ares_comm/msg
-- Up-to-date: /home/fideow/ROBOCON25_simulation-master/src/install/ares_comm/include/ares_comm/ares_comm/msg/detail
-- Up-to-date: /home/fideow/ROBOCON25_simulation-master/src/install/ares_comm/include/ares_comm/ares_comm/msg/detail/data__rosidl_typesupport_fastrtps_c.h
-- Up-to-date: /home/fideow/ROBOCON25_simulation-master/src/install/ares_comm/include/ares_comm/ares_comm/msg/detail/error__rosidl_typesupport_fastrtps_c.h
-- Up-to-date: /home/fideow/ROBOCON25_simulation-master/src/install/ares_comm/include/ares_comm/ares_comm/msg/rosidl_typesupport_fastrtps_c__visibility_control.h
-- Up-to-date: /home/fideow/ROBOCON25_simulation-master/src/install/ares_comm/lib/libares_comm__rosidl_typesupport_fastrtps_c.so
-- Up-to-date: /home/fideow/ROBOCON25_simulation-master/src/install/ares_comm/include/ares_comm/ares_comm
-- Up-to-date: /home/fideow/ROBOCON25_simulation-master/src/install/ares_comm/include/ares_comm/ares_comm/srv
-- Up-to-date: /home/fideow/ROBOCON25_simulation-master/src/install/ares_comm/include/ares_comm/ares_comm/srv/detail
-- Up-to-date: /home/fideow/ROBOCON25_simulation-master/src/install/ares_comm/include/ares_comm/ares_comm/srv/detail/execute__rosidl_typesupport_introspection_c.h
-- Up-to-date: /home/fideow/ROBOCON25_simulation-master/src/install/ares_comm/include/ares_comm/ares_comm/srv/detail/execute__type_support.c
-- Up-to-date: /home/fideow/ROBOCON25_simulation-master/src/install/ares_comm/include/ares_comm/ares_comm/msg
-- Up-to-date: /home/fideow/ROBOCON25_simulation-master/src/install/ares_comm/include/ares_comm/ares_comm/msg/detail
-- Up-to-date: /home/fideow/ROBOCON25_simulation-master/src/install/ares_comm/include/ares_comm/ares_comm/msg/detail/data__rosidl_typesupport_introspection_c.h
-- Up-to-date: /home/fideow/ROBOCON25_simulation-master/src/install/ares_comm/include/ares_comm/ares_comm/msg/detail/error__rosidl_typesupport_introspection_c.h
-- Up-to-date: /home/fideow/ROBOCON25_simulation-master/src/install/ares_comm/include/ares_comm/ares_comm/msg/detail/error__type_support.c
-- Up-to-date: /home/fideow/ROBOCON25_simulation-master/src/install/ares_comm/include/ares_comm/ares_comm/msg/detail/data__type_support.c
-- Up-to-date: /home/fideow/ROBOCON25_simulation-master/src/install/ares_comm/include/ares_comm/ares_comm/msg/rosidl_typesupport_introspection_c__visibility_control.h
-- Up-to-date: /home/fideow/ROBOCON25_simulation-master/src/install/ares_comm/lib/libares_comm__rosidl_typesupport_introspection_c.so
-- Up-to-date: /home/fideow/ROBOCON25_simulation-master/src/install/ares_comm/lib/libares_comm__rosidl_typesupport_c.so
-- Up-to-date: /home/fideow/ROBOCON25_simulation-master/src/install/ares_comm/include/ares_comm/ares_comm
-- Up-to-date: /home/fideow/ROBOCON25_simulation-master/src/install/ares_comm/include/ares_comm/ares_comm/srv
-- Up-to-date: /home/fideow/ROBOCON25_simulation-master/src/install/ares_comm/include/ares_comm/ares_comm/srv/detail
-- Up-to-date: /home/fideow/ROBOCON25_simulation-master/src/install/ares_comm/include/ares_comm/ares_comm/srv/detail/execute__builder.hpp
-- Up-to-date: /home/fideow/ROBOCON25_simulation-master/src/install/ares_comm/include/ares_comm/ares_comm/srv/detail/execute__type_support.hpp
-- Up-to-date: /home/fideow/ROBOCON25_simulation-master/src/install/ares_comm/include/ares_comm/ares_comm/srv/detail/execute__traits.hpp
-- Up-to-date: /home/fideow/ROBOCON25_simulation-master/src/install/ares_comm/include/ares_comm/ares_comm/srv/detail/execute__struct.hpp
-- Up-to-date: /home/fideow/ROBOCON25_simulation-master/src/install/ares_comm/include/ares_comm/ares_comm/srv/execute.hpp
-- Up-to-date: /home/fideow/ROBOCON25_simulation-master/src/install/ares_comm/include/ares_comm/ares_comm/msg
-- Up-to-date: /home/fideow/ROBOCON25_simulation-master/src/install/ares_comm/include/ares_comm/ares_comm/msg/detail
-- Up-to-date: /home/fideow/ROBOCON25_simulation-master/src/install/ares_comm/include/ares_comm/ares_comm/msg/detail/error__struct.hpp
-- Up-to-date: /home/fideow/ROBOCON25_simulation-master/src/install/ares_comm/include/ares_comm/ares_comm/msg/detail/error__traits.hpp
-- Up-to-date: /home/fideow/ROBOCON25_simulation-master/src/install/ares_comm/include/ares_comm/ares_comm/msg/detail/error__type_support.hpp
-- Up-to-date: /home/fideow/ROBOCON25_simulation-master/src/install/ares_comm/include/ares_comm/ares_comm/msg/detail/error__builder.hpp
-- Up-to-date: /home/fideow/ROBOCON25_simulation-master/src/install/ares_comm/include/ares_comm/ares_comm/msg/detail/data__builder.hpp
-- Up-to-date: /home/fideow/ROBOCON25_simulation-master/src/install/ares_comm/include/ares_comm/ares_comm/msg/detail/data__type_support.hpp
-- Up-to-date: /home/fideow/ROBOCON25_simulation-master/src/install/ares_comm/include/ares_comm/ares_comm/msg/detail/data__struct.hpp
-- Up-to-date: /home/fideow/ROBOCON25_simulation-master/src/install/ares_comm/include/ares_comm/ares_comm/msg/detail/data__traits.hpp
-- Up-to-date: /home/fideow/ROBOCON25_simulation-master/src/install/ares_comm/include/ares_comm/ares_comm/msg/data.hpp
-- Up-to-date: /home/fideow/ROBOCON25_simulation-master/src/install/ares_comm/include/ares_comm/ares_comm/msg/error.hpp
-- Up-to-date: /home/fideow/ROBOCON25_simulation-master/src/install/ares_comm/include/ares_comm/ares_comm/msg/rosidl_generator_cpp__visibility_control.hpp
-- Up-to-date: /home/fideow/ROBOCON25_simulation-master/src/install/ares_comm/include/ares_comm/ares_comm
-- Up-to-date: /home/fideow/ROBOCON25_simulation-master/src/install/ares_comm/include/ares_comm/ares_comm/srv
-- Up-to-date: /home/fideow/ROBOCON25_simulation-master/src/install/ares_comm/include/ares_comm/ares_comm/srv/detail
-- Up-to-date: /home/fideow/ROBOCON25_simulation-master/src/install/ares_comm/include/ares_comm/ares_comm/srv/detail/dds_fastrtps
-- Up-to-date: /home/fideow/ROBOCON25_simulation-master/src/install/ares_comm/include/ares_comm/ares_comm/srv/detail/execute__rosidl_typesupport_fastrtps_cpp.hpp
-- Up-to-date: /home/fideow/ROBOCON25_simulation-master/src/install/ares_comm/include/ares_comm/ares_comm/msg
-- Up-to-date: /home/fideow/ROBOCON25_simulation-master/src/install/ares_comm/include/ares_comm/ares_comm/msg/detail
-- Up-to-date: /home/fideow/ROBOCON25_simulation-master/src/install/ares_comm/include/ares_comm/ares_comm/msg/detail/dds_fastrtps
-- Up-to-date: /home/fideow/ROBOCON25_simulation-master/src/install/ares_comm/include/ares_comm/ares_comm/msg/detail/data__rosidl_typesupport_fastrtps_cpp.hpp
-- Up-to-date: /home/fideow/ROBOCON25_simulation-master/src/install/ares_comm/include/ares_comm/ares_comm/msg/detail/error__rosidl_typesupport_fastrtps_cpp.hpp
-- Up-to-date: /home/fideow/ROBOCON25_simulation-master/src/install/ares_comm/include/ares_comm/ares_comm/msg/rosidl_typesupport_fastrtps_cpp__visibility_control.h
-- Up-to-date: /home/fideow/ROBOCON25_simulation-master/src/install/ares_comm/lib/libares_comm__rosidl_typesupport_fastrtps_cpp.so
-- Up-to-date: /home/fideow/ROBOCON25_simulation-master/src/install/ares_comm/include/ares_comm/ares_comm
-- Up-to-date: /home/fideow/ROBOCON25_simulation-master/src/install/ares_comm/include/ares_comm/ares_comm/srv
-- Up-to-date: /home/fideow/ROBOCON25_simulation-master/src/install/ares_comm/include/ares_comm/ares_comm/srv/detail
-- Up-to-date: /home/fideow/ROBOCON25_simulation-master/src/install/ares_comm/include/ares_comm/ares_comm/srv/detail/execute__type_support.cpp
-- Up-to-date: /home/fideow/ROBOCON25_simulation-master/src/install/ares_comm/include/ares_comm/ares_comm/srv/detail/execute__rosidl_typesupport_introspection_cpp.hpp
-- Up-to-date: /home/fideow/ROBOCON25_simulation-master/src/install/ares_comm/include/ares_comm/ares_comm/msg
-- Up-to-date: /home/fideow/ROBOCON25_simulation-master/src/install/ares_comm/include/ares_comm/ares_comm/msg/detail
-- Up-to-date: /home/fideow/ROBOCON25_simulation-master/src/install/ares_comm/include/ares_comm/ares_comm/msg/detail/data__rosidl_typesupport_introspection_cpp.hpp
-- Up-to-date: /home/fideow/ROBOCON25_simulation-master/src/install/ares_comm/include/ares_comm/ares_comm/msg/detail/data__type_support.cpp
-- Up-to-date: /home/fideow/ROBOCON25_simulation-master/src/install/ares_comm/include/ares_comm/ares_comm/msg/detail/error__type_support.cpp
-- Up-to-date: /home/fideow/ROBOCON25_simulation-master/src/install/ares_comm/include/ares_comm/ares_comm/msg/detail/error__rosidl_typesupport_introspection_cpp.hpp
-- Up-to-date: /home/fideow/ROBOCON25_simulation-master/src/install/ares_comm/lib/libares_comm__rosidl_typesupport_introspection_cpp.so
-- Up-to-date: /home/fideow/ROBOCON25_simulation-master/src/install/ares_comm/lib/libares_comm__rosidl_typesupport_cpp.so
-- Up-to-date: /home/fideow/ROBOCON25_simulation-master/src/install/ares_comm/share/ares_comm/environment/pythonpath.sh
-- Up-to-date: /home/fideow/ROBOCON25_simulation-master/src/install/ares_comm/share/ares_comm/environment/pythonpath.dsv
-- Up-to-date: /home/fideow/ROBOCON25_simulation-master/src/install/ares_comm/local/lib/python3.10/dist-packages/ares_comm-0.0.0-py3.10.egg-info
-- Installing: /home/fideow/ROBOCON25_simulation-master/src/install/ares_comm/local/lib/python3.10/dist-packages/ares_comm-0.0.0-py3.10.egg-info/top_level.txt
-- Installing: /home/fideow/ROBOCON25_simulation-master/src/install/ares_comm/local/lib/python3.10/dist-packages/ares_comm-0.0.0-py3.10.egg-info/PKG-INFO
-- Installing: /home/fideow/ROBOCON25_simulation-master/src/install/ares_comm/local/lib/python3.10/dist-packages/ares_comm-0.0.0-py3.10.egg-info/dependency_links.txt
-- Installing: /home/fideow/ROBOCON25_simulation-master/src/install/ares_comm/local/lib/python3.10/dist-packages/ares_comm-0.0.0-py3.10.egg-info/SOURCES.txt
-- Up-to-date: /home/fideow/ROBOCON25_simulation-master/src/install/ares_comm/local/lib/python3.10/dist-packages/ares_comm
-- Up-to-date: /home/fideow/ROBOCON25_simulation-master/src/install/ares_comm/local/lib/python3.10/dist-packages/ares_comm/_ares_comm_s.ep.rosidl_typesupport_fastrtps_c.c
-- Up-to-date: /home/fideow/ROBOCON25_simulation-master/src/install/ares_comm/local/lib/python3.10/dist-packages/ares_comm/libares_comm__rosidl_generator_py.so
-- Up-to-date: /home/fideow/ROBOCON25_simulation-master/src/install/ares_comm/local/lib/python3.10/dist-packages/ares_comm/ares_comm_s__rosidl_typesupport_introspection_c.cpython-310-x86_64-linux-gnu.so
-- Up-to-date: /home/fideow/ROBOCON25_simulation-master/src/install/ares_comm/local/lib/python3.10/dist-packages/ares_comm/_ares_comm_s.ep.rosidl_typesupport_c.c
-- Up-to-date: /home/fideow/ROBOCON25_simulation-master/src/install/ares_comm/local/lib/python3.10/dist-packages/ares_comm/__init__.py
-- Up-to-date: /home/fideow/ROBOCON25_simulation-master/src/install/ares_comm/local/lib/python3.10/dist-packages/ares_comm/srv
-- Up-to-date: /home/fideow/ROBOCON25_simulation-master/src/install/ares_comm/local/lib/python3.10/dist-packages/ares_comm/srv/__init__.py
-- Up-to-date: /home/fideow/ROBOCON25_simulation-master/src/install/ares_comm/local/lib/python3.10/dist-packages/ares_comm/srv/_execute_s.c
-- Up-to-date: /home/fideow/ROBOCON25_simulation-master/src/install/ares_comm/local/lib/python3.10/dist-packages/ares_comm/srv/_execute.py
-- Up-to-date: /home/fideow/ROBOCON25_simulation-master/src/install/ares_comm/local/lib/python3.10/dist-packages/ares_comm/ares_comm_s__rosidl_typesupport_fastrtps_c.cpython-310-x86_64-linux-gnu.so
-- Up-to-date: /home/fideow/ROBOCON25_simulation-master/src/install/ares_comm/local/lib/python3.10/dist-packages/ares_comm/ares_comm_s__rosidl_typesupport_c.cpython-310-x86_64-linux-gnu.so
-- Up-to-date: /home/fideow/ROBOCON25_simulation-master/src/install/ares_comm/local/lib/python3.10/dist-packages/ares_comm/_ares_comm_s.ep.rosidl_typesupport_introspection_c.c
-- Up-to-date: /home/fideow/ROBOCON25_simulation-master/src/install/ares_comm/local/lib/python3.10/dist-packages/ares_comm/msg
-- Up-to-date: /home/fideow/ROBOCON25_simulation-master/src/install/ares_comm/local/lib/python3.10/dist-packages/ares_comm/msg/_error.py
-- Up-to-date: /home/fideow/ROBOCON25_simulation-master/src/install/ares_comm/local/lib/python3.10/dist-packages/ares_comm/msg/_data_s.c
-- Up-to-date: /home/fideow/ROBOCON25_simulation-master/src/install/ares_comm/local/lib/python3.10/dist-packages/ares_comm/msg/__init__.py
-- Up-to-date: /home/fideow/ROBOCON25_simulation-master/src/install/ares_comm/local/lib/python3.10/dist-packages/ares_comm/msg/_error_s.c
-- Up-to-date: /home/fideow/ROBOCON25_simulation-master/src/install/ares_comm/local/lib/python3.10/dist-packages/ares_comm/msg/_data.py
Listing '/home/fideow/ROBOCON25_simulation-master/src/install/ares_comm/local/lib/python3.10/dist-packages/ares_comm'...
Listing '/home/fideow/ROBOCON25_simulation-master/src/install/ares_comm/local/lib/python3.10/dist-packages/ares_comm/msg'...
Listing '/home/fideow/ROBOCON25_simulation-master/src/install/ares_comm/local/lib/python3.10/dist-packages/ares_comm/srv'...
-- Up-to-date: /home/fideow/ROBOCON25_simulation-master/src/install/ares_comm/local/lib/python3.10/dist-packages/ares_comm/ares_comm_s__rosidl_typesupport_fastrtps_c.cpython-310-x86_64-linux-gnu.so
-- Up-to-date: /home/fideow/ROBOCON25_simulation-master/src/install/ares_comm/local/lib/python3.10/dist-packages/ares_comm/ares_comm_s__rosidl_typesupport_introspection_c.cpython-310-x86_64-linux-gnu.so
-- Up-to-date: /home/fideow/ROBOCON25_simulation-master/src/install/ares_comm/local/lib/python3.10/dist-packages/ares_comm/ares_comm_s__rosidl_typesupport_c.cpython-310-x86_64-linux-gnu.so
-- Up-to-date: /home/fideow/ROBOCON25_simulation-master/src/install/ares_comm/lib/libares_comm__rosidl_generator_py.so
-- Up-to-date: /home/fideow/ROBOCON25_simulation-master/src/install/ares_comm/share/ares_comm/msg/Data.idl
-- Up-to-date: /home/fideow/ROBOCON25_simulation-master/src/install/ares_comm/share/ares_comm/msg/Error.idl
-- Up-to-date: /home/fideow/ROBOCON25_simulation-master/src/install/ares_comm/share/ares_comm/srv/Execute.idl
-- Up-to-date: /home/fideow/ROBOCON25_simulation-master/src/install/ares_comm/share/ares_comm/msg/Data.msg
-- Up-to-date: /home/fideow/ROBOCON25_simulation-master/src/install/ares_comm/share/ares_comm/msg/Error.msg
-- Up-to-date: /home/fideow/ROBOCON25_simulation-master/src/install/ares_comm/share/ares_comm/srv/Execute.srv
-- Up-to-date: /home/fideow/ROBOCON25_simulation-master/src/install/ares_comm/share/ares_comm/srv/Execute_Request.msg
-- Up-to-date: /home/fideow/ROBOCON25_simulation-master/src/install/ares_comm/share/ares_comm/srv/Execute_Response.msg
-- Up-to-date: /home/fideow/ROBOCON25_simulation-master/src/install/ares_comm/lib/libares_comm_lib.so
-- Up-to-date: /home/fideow/ROBOCON25_simulation-master/src/install/ares_comm/lib/ares_comm/ares_comm_node
-- Up-to-date: /home/fideow/ROBOCON25_simulation-master/src/install/ares_comm/lib/ares_comm/imu_sensor_node
-- Up-to-date: /home/fideow/ROBOCON25_simulation-master/src/install/ares_comm/share/ares_comm//launch
-- Up-to-date: /home/fideow/ROBOCON25_simulation-master/src/install/ares_comm/share/ares_comm//launch/imu_sensor.launch.py
-- Up-to-date: /home/fideow/ROBOCON25_simulation-master/src/install/ares_comm/share/ares_comm//launch/ares_comm.launch.py
-- Up-to-date: /home/fideow/ROBOCON25_simulation-master/src/install/ares_comm/include
-- Up-to-date: /home/fideow/ROBOCON25_simulation-master/src/install/ares_comm/include/ares_comm
-- Up-to-date: /home/fideow/ROBOCON25_simulation-master/src/install/ares_comm/include/ares_comm/protocol_parser.hpp
-- Up-to-date: /home/fideow/ROBOCON25_simulation-master/src/install/ares_comm/include/ares_comm/serial_interface.hpp
-- Up-to-date: /home/fideow/ROBOCON25_simulation-master/src/install/ares_comm/include/ares_comm/crc.hpp
-- Up-to-date: /home/fideow/ROBOCON25_simulation-master/src/install/ares_comm/share/ament_index/resource_index/package_run_dependencies/ares_comm
-- Up-to-date: /home/fideow/ROBOCON25_simulation-master/src/install/ares_comm/share/ament_index/resource_index/parent_prefix_path/ares_comm
-- Up-to-date: /home/fideow/ROBOCON25_simulation-master/src/install/ares_comm/share/ares_comm/environment/ament_prefix_path.sh
-- Up-to-date: /home/fideow/ROBOCON25_simulation-master/src/install/ares_comm/share/ares_comm/environment/ament_prefix_path.dsv
-- Up-to-date: /home/fideow/ROBOCON25_simulation-master/src/install/ares_comm/share/ares_comm/environment/path.sh
-- Up-to-date: /home/fideow/ROBOCON25_simulation-master/src/install/ares_comm/share/ares_comm/environment/path.dsv
-- Up-to-date: /home/fideow/ROBOCON25_simulation-master/src/install/ares_comm/share/ares_comm/local_setup.bash
-- Up-to-date: /home/fideow/ROBOCON25_simulation-master/src/install/ares_comm/share/ares_comm/local_setup.sh
-- Up-to-date: /home/fideow/ROBOCON25_simulation-master/src/install/ares_comm/share/ares_comm/local_setup.zsh
-- Up-to-date: /home/fideow/ROBOCON25_simulation-master/src/install/ares_comm/share/ares_comm/local_setup.dsv
-- Installing: /home/fideow/ROBOCON25_simulation-master/src/install/ares_comm/share/ares_comm/package.dsv
-- Up-to-date: /home/fideow/ROBOCON25_simulation-master/src/install/ares_comm/share/ament_index/resource_index/packages/ares_comm
-- Up-to-date: /home/fideow/ROBOCON25_simulation-master/src/install/ares_comm/share/ares_comm/cmake/export_ares_comm__rosidl_generator_cExport.cmake
-- Up-to-date: /home/fideow/ROBOCON25_simulation-master/src/install/ares_comm/share/ares_comm/cmake/export_ares_comm__rosidl_generator_cExport-noconfig.cmake
-- Up-to-date: /home/fideow/ROBOCON25_simulation-master/src/install/ares_comm/share/ares_comm/cmake/export_ares_comm__rosidl_typesupport_fastrtps_cExport.cmake
-- Up-to-date: /home/fideow/ROBOCON25_simulation-master/src/install/ares_comm/share/ares_comm/cmake/export_ares_comm__rosidl_typesupport_fastrtps_cExport-noconfig.cmake
-- Up-to-date: /home/fideow/ROBOCON25_simulation-master/src/install/ares_comm/share/ares_comm/cmake/ares_comm__rosidl_typesupport_introspection_cExport.cmake
-- Up-to-date: /home/fideow/ROBOCON25_simulation-master/src/install/ares_comm/share/ares_comm/cmake/ares_comm__rosidl_typesupport_introspection_cExport-noconfig.cmake
-- Up-to-date: /home/fideow/ROBOCON25_simulation-master/src/install/ares_comm/share/ares_comm/cmake/ares_comm__rosidl_typesupport_cExport.cmake
-- Up-to-date: /home/fideow/ROBOCON25_simulation-master/src/install/ares_comm/share/ares_comm/cmake/ares_comm__rosidl_typesupport_cExport-noconfig.cmake
-- Up-to-date: /home/fideow/ROBOCON25_simulation-master/src/install/ares_comm/share/ares_comm/cmake/export_ares_comm__rosidl_generator_cppExport.cmake
-- Up-to-date: /home/fideow/ROBOCON25_simulation-master/src/install/ares_comm/share/ares_comm/cmake/export_ares_comm__rosidl_typesupport_fastrtps_cppExport.cmake
-- Up-to-date: /home/fideow/ROBOCON25_simulation-master/src/install/ares_comm/share/ares_comm/cmake/export_ares_comm__rosidl_typesupport_fastrtps_cppExport-noconfig.cmake
-- Up-to-date: /home/fideow/ROBOCON25_simulation-master/src/install/ares_comm/share/ares_comm/cmake/ares_comm__rosidl_typesupport_introspection_cppExport.cmake
-- Up-to-date: /home/fideow/ROBOCON25_simulation-master/src/install/ares_comm/share/ares_comm/cmake/ares_comm__rosidl_typesupport_introspection_cppExport-noconfig.cmake
-- Up-to-date: /home/fideow/ROBOCON25_simulation-master/src/install/ares_comm/share/ares_comm/cmake/ares_comm__rosidl_typesupport_cppExport.cmake
-- Up-to-date: /home/fideow/ROBOCON25_simulation-master/src/install/ares_comm/share/ares_comm/cmake/ares_comm__rosidl_typesupport_cppExport-noconfig.cmake
-- Up-to-date: /home/fideow/ROBOCON25_simulation-master/src/install/ares_comm/share/ares_comm/cmake/export_ares_comm__rosidl_generator_pyExport.cmake
-- Up-to-date: /home/fideow/ROBOCON25_simulation-master/src/install/ares_comm/share/ares_comm/cmake/export_ares_comm__rosidl_generator_pyExport-noconfig.cmake
-- Up-to-date: /home/fideow/ROBOCON25_simulation-master/src/install/ares_comm/share/ares_comm/cmake/export_ares_comm_libExport.cmake
-- Up-to-date: /home/fideow/ROBOCON25_simulation-master/src/install/ares_comm/share/ares_comm/cmake/export_ares_comm_libExport-noconfig.cmake
-- Up-to-date: /home/fideow/ROBOCON25_simulation-master/src/install/ares_comm/share/ares_comm/cmake/rosidl_cmake-extras.cmake
-- Up-to-date: /home/fideow/ROBOCON25_simulation-master/src/install/ares_comm/share/ares_comm/cmake/ament_cmake_export_include_directories-extras.cmake
-- Up-to-date: /home/fideow/ROBOCON25_simulation-master/src/install/ares_comm/share/ares_comm/cmake/ament_cmake_export_libraries-extras.cmake
-- Up-to-date: /home/fideow/ROBOCON25_simulation-master/src/install/ares_comm/share/ares_comm/cmake/ament_cmake_export_targets-extras.cmake
-- Up-to-date: /home/fideow/ROBOCON25_simulation-master/src/install/ares_comm/share/ares_comm/cmake/rosidl_cmake_export_typesupport_targets-extras.cmake
-- Up-to-date: /home/fideow/ROBOCON25_simulation-master/src/install/ares_comm/share/ares_comm/cmake/ament_cmake_export_dependencies-extras.cmake
-- Up-to-date: /home/fideow/ROBOCON25_simulation-master/src/install/ares_comm/share/ares_comm/cmake/rosidl_cmake_export_typesupport_libraries-extras.cmake
-- Up-to-date: /home/fideow/ROBOCON25_simulation-master/src/install/ares_comm/share/ares_comm/cmake/ares_commConfig.cmake
-- Up-to-date: /home/fideow/ROBOCON25_simulation-master/src/install/ares_comm/share/ares_comm/cmake/ares_commConfig-version.cmake
-- Up-to-date: /home/fideow/ROBOCON25_simulation-master/src/install/ares_comm/share/ares_comm/package.xml
