[1.914s] Invoking command in '/home/fideow/ROBOCON25_simulation-master/build/omni_mpc_controller': PYTHONPATH=/home/fideow/ROBOCON25_simulation-master/build/omni_mpc_controller/prefix_override:/usr/lib/python3/dist-packages/colcon_core/task/python/colcon_distutils_commands:/home/fideow/ROBOCON25_simulation-master/install/omni_mpc_controller/lib/python3.10/site-packages:${PYTHONPATH} /usr/bin/python3 -W ignore:setup.py install is deprecated -W ignore:easy_install command is deprecated setup.py develop --editable --build-directory /home/fideow/ROBOCON25_simulation-master/build/omni_mpc_controller/build --no-deps symlink_data
[2.370s] running develop
[2.716s] running egg_info
[2.716s] creating omni_mpc_controller.egg-info
[2.716s] writing omni_mpc_controller.egg-info/PKG-INFO
[2.716s] writing dependency_links to omni_mpc_controller.egg-info/dependency_links.txt
[2.716s] writing entry points to omni_mpc_controller.egg-info/entry_points.txt
[2.716s] writing requirements to omni_mpc_controller.egg-info/requires.txt
[2.716s] writing top-level names to omni_mpc_controller.egg-info/top_level.txt
[2.716s] writing manifest file 'omni_mpc_controller.egg-info/SOURCES.txt'
[2.717s] reading manifest file 'omni_mpc_controller.egg-info/SOURCES.txt'
[2.718s] writing manifest file 'omni_mpc_controller.egg-info/SOURCES.txt'
[2.721s] running build_ext
[2.722s] Creating /home/fideow/ROBOCON25_simulation-master/install/omni_mpc_controller/lib/python3.10/site-packages/omni-mpc-controller.egg-link (link to .)
[2.723s] Installing omni_mpc_controller_node script to /home/fideow/ROBOCON25_simulation-master/install/omni_mpc_controller/lib/omni_mpc_controller
[2.723s] 
[2.723s] Installed /home/fideow/ROBOCON25_simulation-master/build/omni_mpc_controller
[2.723s] running symlink_data
[2.724s] creating /home/fideow/ROBOCON25_simulation-master/install/omni_mpc_controller/share/ament_index
[2.724s] creating /home/fideow/ROBOCON25_simulation-master/install/omni_mpc_controller/share/ament_index/resource_index
[2.724s] creating /home/fideow/ROBOCON25_simulation-master/install/omni_mpc_controller/share/ament_index/resource_index/packages
[2.724s] symbolically linking /home/fideow/ROBOCON25_simulation-master/build/omni_mpc_controller/resource/omni_mpc_controller -> /home/fideow/ROBOCON25_simulation-master/install/omni_mpc_controller/share/ament_index/resource_index/packages
[2.724s] symbolically linking /home/fideow/ROBOCON25_simulation-master/build/omni_mpc_controller/package.xml -> /home/fideow/ROBOCON25_simulation-master/install/omni_mpc_controller/share/omni_mpc_controller
[2.801s] Invoked command in '/home/fideow/ROBOCON25_simulation-master/build/omni_mpc_controller' returned '0': PYTHONPATH=/home/fideow/ROBOCON25_simulation-master/build/omni_mpc_controller/prefix_override:/usr/lib/python3/dist-packages/colcon_core/task/python/colcon_distutils_commands:/home/fideow/ROBOCON25_simulation-master/install/omni_mpc_controller/lib/python3.10/site-packages:${PYTHONPATH} /usr/bin/python3 -W ignore:setup.py install is deprecated -W ignore:easy_install command is deprecated setup.py develop --editable --build-directory /home/fideow/ROBOCON25_simulation-master/build/omni_mpc_controller/build --no-deps symlink_data
