-- The C compiler identification is GNU 11.4.0
-- The CXX compiler identification is GNU 11.4.0
-- Detecting C compiler ABI info
-- Detecting C compiler ABI info - done
-- Check for working C compiler: /usr/bin/cc - skipped
-- Detecting C compile features
-- Detecting C compile features - done
-- Detecting CXX compiler ABI info
-- Detecting CXX compiler ABI info - done
-- Check for working CXX compiler: /usr/bin/c++ - skipped
-- Detecting CXX compile features
-- Detecting CXX compile features - done
-- Found ament_cmake: 1.3.11 (/opt/ros/humble/share/ament_cmake/cmake)
-- Found Python3: /usr/bin/python3 (found version "3.10.12") found components: Interpreter 
-- Override CMake install command with custom implementation using symlinks instead of copying resources
-- Found rosidl_default_generators: 1.2.0 (/opt/ros/humble/share/rosidl_default_generators/cmake)
-- Using all available rosidl_typesupport_c: rosidl_typesupport_fastrtps_c;rosidl_typesupport_introspection_c
-- Found rosidl_adapter: 3.1.6 (/opt/ros/humble/share/rosidl_adapter/cmake)
-- Using all available rosidl_typesupport_cpp: rosidl_typesupport_fastrtps_cpp;rosidl_typesupport_introspection_cpp
-- Found rosidl_default_runtime: 1.2.0 (/opt/ros/humble/share/rosidl_default_runtime/cmake)
-- Found rclcpp: 16.0.11 (/opt/ros/humble/share/rclcpp/cmake)
-- Found rmw_implementation_cmake: 6.1.2 (/opt/ros/humble/share/rmw_implementation_cmake/cmake)
-- Found rmw_fastrtps_cpp: 6.2.7 (/opt/ros/humble/share/rmw_fastrtps_cpp/cmake)
-- Found OpenSSL: /usr/lib/x86_64-linux-gnu/libcrypto.so (found version "3.0.2")  
-- Found FastRTPS: /opt/ros/humble/include  
-- Using RMW implementation 'rmw_fastrtps_cpp' as default
-- Looking for pthread.h
-- Looking for pthread.h - found
-- Performing Test CMAKE_HAVE_LIBC_PTHREAD
-- Performing Test CMAKE_HAVE_LIBC_PTHREAD - Success
-- Found Threads: TRUE  
-- Found geometry_msgs: 4.2.4 (/opt/ros/humble/share/geometry_msgs/cmake)
-- Found ament_cmake_ros: 0.10.0 (/opt/ros/humble/share/ament_cmake_ros/cmake)
-- Using all available rosidl_typesupport_c: rosidl_typesupport_fastrtps_c;rosidl_typesupport_introspection_c
-- Using all available rosidl_typesupport_cpp: rosidl_typesupport_fastrtps_cpp;rosidl_typesupport_introspection_cpp
-- Found PythonInterp: /usr/bin/python3 (found suitable version "3.10.12", minimum required is "3.6") 
-- Found python_cmake_module: 0.10.0 (/opt/ros/humble/share/python_cmake_module/cmake)
-- Found PythonLibs: /usr/lib/x86_64-linux-gnu/libpython3.10.so (found suitable version "3.10.12", minimum required is "3.5") 
-- Using PYTHON_EXECUTABLE: /usr/bin/python3
-- Using PYTHON_INCLUDE_DIRS: /usr/include/python3.10
-- Using PYTHON_LIBRARIES: /usr/lib/x86_64-linux-gnu/libpython3.10.so
-- Found PythonExtra: .so  
-- Configuring done
-- Generating done
-- Build files have been written to: /home/fideow/ROBOCON25_simulation-master/build/ares_comm
[  1%] [34m[1mGenerating C code for ROS interfaces[0m
[  3%] [34m[1mGenerating C++ code for ROS interfaces[0m
[  3%] Built target ament_cmake_python_symlink_ares_comm
[  4%] [32mBuilding CXX object CMakeFiles/ares_comm_lib.dir/src/crc.cpp.o[0m
[  6%] [32mBuilding CXX object CMakeFiles/ares_comm_lib.dir/src/protocol_parser.cpp.o[0m
[  8%] [32mBuilding CXX object CMakeFiles/ares_comm_lib.dir/src/serial_interface.cpp.o[0m
running egg_info
creating ares_comm.egg-info
writing ares_comm.egg-info/PKG-INFO
writing dependency_links to ares_comm.egg-info/dependency_links.txt
writing top-level names to ares_comm.egg-info/top_level.txt
writing manifest file 'ares_comm.egg-info/SOURCES.txt'
reading manifest file 'ares_comm.egg-info/SOURCES.txt'
writing manifest file 'ares_comm.egg-info/SOURCES.txt'
[  8%] Built target ament_cmake_python_build_ares_comm_egg
[  9%] [32m[1mLinking CXX shared library libares_comm_lib.so[0m
[ 14%] [32mBuilding C object CMakeFiles/ares_comm__rosidl_generator_c.dir/rosidl_generator_c/ares_comm/msg/detail/data__functions.c.o[0m
[ 14%] [32mBuilding C object CMakeFiles/ares_comm__rosidl_generator_c.dir/rosidl_generator_c/ares_comm/msg/detail/error__functions.c.o[0m
[ 14%] [32mBuilding C object CMakeFiles/ares_comm__rosidl_generator_c.dir/rosidl_generator_c/ares_comm/srv/detail/execute__functions.c.o[0m
[ 16%] [32m[1mLinking C shared library libares_comm__rosidl_generator_c.so[0m
[ 16%] Built target ares_comm__cpp
[ 18%] [34m[1mGenerating C++ type support dispatch for ROS interfaces[0m
[ 19%] [34m[1mGenerating C++ introspection for ROS interfaces[0m
[ 21%] [34m[1mGenerating C++ type support for eProsima Fast-RTPS[0m
[ 21%] Built target ares_comm_lib
[ 21%] Built target ares_comm__rosidl_generator_c
[ 22%] [34m[1mGenerating C introspection for ROS interfaces[0m
[ 24%] [34m[1mGenerating C type support for eProsima Fast-RTPS[0m
[ 26%] [34m[1mGenerating C type support dispatch for ROS interfaces[0m
[ 27%] [32mBuilding CXX object CMakeFiles/ares_comm__rosidl_typesupport_c.dir/rosidl_typesupport_c/ares_comm/msg/data__type_support.cpp.o[0m
[ 29%] [32mBuilding CXX object CMakeFiles/ares_comm__rosidl_typesupport_c.dir/rosidl_typesupport_c/ares_comm/msg/error__type_support.cpp.o[0m
[ 31%] [32mBuilding CXX object CMakeFiles/ares_comm__rosidl_typesupport_c.dir/rosidl_typesupport_c/ares_comm/srv/execute__type_support.cpp.o[0m
[ 32%] [32m[1mLinking CXX shared library libares_comm__rosidl_typesupport_c.so[0m
[ 34%] [32mBuilding CXX object CMakeFiles/ares_comm__rosidl_typesupport_introspection_cpp.dir/rosidl_typesupport_introspection_cpp/ares_comm/msg/detail/data__type_support.cpp.o[0m
[ 36%] [32mBuilding CXX object CMakeFiles/ares_comm__rosidl_typesupport_cpp.dir/rosidl_typesupport_cpp/ares_comm/msg/data__type_support.cpp.o[0m
[ 39%] [32mBuilding CXX object CMakeFiles/ares_comm__rosidl_typesupport_introspection_cpp.dir/rosidl_typesupport_introspection_cpp/ares_comm/srv/detail/execute__type_support.cpp.o[0m
[ 37%] [32mBuilding CXX object CMakeFiles/ares_comm__rosidl_typesupport_introspection_cpp.dir/rosidl_typesupport_introspection_cpp/ares_comm/msg/detail/error__type_support.cpp.o[0m
[ 39%] Built target ares_comm__rosidl_typesupport_c
[ 40%] [32mBuilding CXX object CMakeFiles/ares_comm__rosidl_typesupport_cpp.dir/rosidl_typesupport_cpp/ares_comm/msg/error__type_support.cpp.o[0m
[ 42%] [32mBuilding CXX object CMakeFiles/ares_comm__rosidl_typesupport_fastrtps_c.dir/rosidl_typesupport_fastrtps_c/ares_comm/msg/detail/data__type_support_c.cpp.o[0m
[ 44%] [32mBuilding CXX object CMakeFiles/ares_comm__rosidl_typesupport_fastrtps_cpp.dir/rosidl_typesupport_fastrtps_cpp/ares_comm/msg/detail/dds_fastrtps/data__type_support.cpp.o[0m
[ 45%] [32mBuilding C object CMakeFiles/ares_comm__rosidl_typesupport_introspection_c.dir/rosidl_typesupport_introspection_c/ares_comm/msg/detail/data__type_support.c.o[0m
[ 49%] [32mBuilding CXX object CMakeFiles/ares_comm__rosidl_typesupport_fastrtps_cpp.dir/rosidl_typesupport_fastrtps_cpp/ares_comm/msg/detail/dds_fastrtps/error__type_support.cpp.o[0m
[ 49%] [32mBuilding C object CMakeFiles/ares_comm__rosidl_typesupport_introspection_c.dir/rosidl_typesupport_introspection_c/ares_comm/msg/detail/error__type_support.c.o[0m
[ 50%] [32mBuilding CXX object CMakeFiles/ares_comm__rosidl_typesupport_cpp.dir/rosidl_typesupport_cpp/ares_comm/srv/execute__type_support.cpp.o[0m
[ 52%] [32mBuilding C object CMakeFiles/ares_comm__rosidl_typesupport_introspection_c.dir/rosidl_typesupport_introspection_c/ares_comm/srv/detail/execute__type_support.c.o[0m
[ 54%] [32m[1mLinking C shared library libares_comm__rosidl_typesupport_introspection_c.so[0m
[ 55%] [32mBuilding CXX object CMakeFiles/ares_comm__rosidl_typesupport_fastrtps_cpp.dir/rosidl_typesupport_fastrtps_cpp/ares_comm/srv/detail/dds_fastrtps/execute__type_support.cpp.o[0m
[ 55%] Built target ares_comm__rosidl_typesupport_introspection_c
[ 57%] [32mBuilding CXX object CMakeFiles/ares_comm__rosidl_typesupport_fastrtps_c.dir/rosidl_typesupport_fastrtps_c/ares_comm/msg/detail/error__type_support_c.cpp.o[0m
[ 59%] [32mBuilding CXX object CMakeFiles/ares_comm__rosidl_typesupport_fastrtps_c.dir/rosidl_typesupport_fastrtps_c/ares_comm/srv/detail/execute__type_support_c.cpp.o[0m
[ 60%] [32m[1mLinking CXX shared library libares_comm__rosidl_typesupport_introspection_cpp.so[0m
[ 60%] Built target ares_comm__rosidl_typesupport_introspection_cpp
[ 62%] [32m[1mLinking CXX shared library libares_comm__rosidl_typesupport_cpp.so[0m
[ 62%] Built target ares_comm__rosidl_typesupport_cpp
[ 63%] [32m[1mLinking CXX shared library libares_comm__rosidl_typesupport_fastrtps_cpp.so[0m
[ 65%] [32m[1mLinking CXX shared library libares_comm__rosidl_typesupport_fastrtps_c.so[0m
[ 65%] Built target ares_comm__rosidl_typesupport_fastrtps_cpp
[ 65%] Built target ares_comm__rosidl_typesupport_fastrtps_c
[ 65%] Built target ares_comm
[ 67%] [34m[1mGenerating Python code for ROS interfaces[0m
[ 72%] [32mBuilding CXX object CMakeFiles/imu_sensor_node.dir/src/crc.cpp.o[0m
[ 72%] [32mBuilding CXX object CMakeFiles/imu_sensor_node.dir/src/imu_sensor_node.cpp.o[0m
[ 72%] [32mBuilding CXX object CMakeFiles/ares_comm_node.dir/src/ares_comm_node.cpp.o[0m
[ 73%] [32mBuilding CXX object CMakeFiles/ares_comm_node.dir/src/crc.cpp.o[0m
[ 75%] [32mBuilding CXX object CMakeFiles/imu_sensor_node.dir/src/serial_interface.cpp.o[0m
[ 77%] [32mBuilding CXX object CMakeFiles/imu_sensor_node.dir/src/protocol_parser.cpp.o[0m
[ 78%] [32mBuilding CXX object CMakeFiles/ares_comm_node.dir/src/protocol_parser.cpp.o[0m
[ 80%] [32mBuilding CXX object CMakeFiles/ares_comm_node.dir/src/serial_interface.cpp.o[0m
[ 80%] Built target ares_comm__py
[ 81%] [32mBuilding C object CMakeFiles/ares_comm__rosidl_generator_py.dir/rosidl_generator_py/ares_comm/msg/_error_s.c.o[0m
[ 83%] [32mBuilding C object CMakeFiles/ares_comm__rosidl_generator_py.dir/rosidl_generator_py/ares_comm/msg/_data_s.c.o[0m
[ 85%] [32mBuilding C object CMakeFiles/ares_comm__rosidl_generator_py.dir/rosidl_generator_py/ares_comm/srv/_execute_s.c.o[0m
[ 86%] [32m[1mLinking C shared library rosidl_generator_py/ares_comm/libares_comm__rosidl_generator_py.so[0m
[ 86%] Built target ares_comm__rosidl_generator_py
[ 90%] [32mBuilding C object CMakeFiles/ares_comm__rosidl_typesupport_introspection_c__pyext.dir/rosidl_generator_py/ares_comm/_ares_comm_s.ep.rosidl_typesupport_introspection_c.c.o[0m
[ 90%] [32mBuilding C object CMakeFiles/ares_comm__rosidl_typesupport_c__pyext.dir/rosidl_generator_py/ares_comm/_ares_comm_s.ep.rosidl_typesupport_c.c.o[0m
[ 91%] [32mBuilding C object CMakeFiles/ares_comm__rosidl_typesupport_fastrtps_c__pyext.dir/rosidl_generator_py/ares_comm/_ares_comm_s.ep.rosidl_typesupport_fastrtps_c.c.o[0m
[ 93%] [32m[1mLinking C shared library rosidl_generator_py/ares_comm/ares_comm_s__rosidl_typesupport_c.cpython-310-x86_64-linux-gnu.so[0m
[ 95%] [32m[1mLinking C shared library rosidl_generator_py/ares_comm/ares_comm_s__rosidl_typesupport_fastrtps_c.cpython-310-x86_64-linux-gnu.so[0m
[ 96%] [32m[1mLinking C shared library rosidl_generator_py/ares_comm/ares_comm_s__rosidl_typesupport_introspection_c.cpython-310-x86_64-linux-gnu.so[0m
[ 96%] Built target ares_comm__rosidl_typesupport_c__pyext
[ 96%] Built target ares_comm__rosidl_typesupport_fastrtps_c__pyext
[ 96%] Built target ares_comm__rosidl_typesupport_introspection_c__pyext
[ 98%] [32m[1mLinking CXX executable imu_sensor_node[0m
[ 98%] Built target imu_sensor_node
[100%] [32m[1mLinking CXX executable ares_comm_node[0m
[100%] Built target ares_comm_node
-- Install configuration: ""
-- Execute custom install script
-- Symlinking: /home/fideow/ROBOCON25_simulation-master/install/ares_comm/share/ament_index/resource_index/rosidl_interfaces/ares_comm
-- Symlinking: /home/fideow/ROBOCON25_simulation-master/install/ares_comm/include/ares_comm/ares_comm/msg/data.h
-- Symlinking: /home/fideow/ROBOCON25_simulation-master/install/ares_comm/include/ares_comm/ares_comm/msg/detail/data__functions.h
-- Symlinking: /home/fideow/ROBOCON25_simulation-master/install/ares_comm/include/ares_comm/ares_comm/msg/detail/data__struct.h
-- Symlinking: /home/fideow/ROBOCON25_simulation-master/install/ares_comm/include/ares_comm/ares_comm/msg/detail/data__type_support.h
-- Symlinking: /home/fideow/ROBOCON25_simulation-master/install/ares_comm/include/ares_comm/ares_comm/msg/detail/error__functions.h
-- Symlinking: /home/fideow/ROBOCON25_simulation-master/install/ares_comm/include/ares_comm/ares_comm/msg/detail/error__struct.h
-- Symlinking: /home/fideow/ROBOCON25_simulation-master/install/ares_comm/include/ares_comm/ares_comm/msg/detail/error__type_support.h
-- Symlinking: /home/fideow/ROBOCON25_simulation-master/install/ares_comm/include/ares_comm/ares_comm/msg/error.h
-- Symlinking: /home/fideow/ROBOCON25_simulation-master/install/ares_comm/include/ares_comm/ares_comm/msg/rosidl_generator_c__visibility_control.h
-- Symlinking: /home/fideow/ROBOCON25_simulation-master/install/ares_comm/include/ares_comm/ares_comm/srv/detail/execute__functions.h
-- Symlinking: /home/fideow/ROBOCON25_simulation-master/install/ares_comm/include/ares_comm/ares_comm/srv/detail/execute__struct.h
-- Symlinking: /home/fideow/ROBOCON25_simulation-master/install/ares_comm/include/ares_comm/ares_comm/srv/detail/execute__type_support.h
-- Symlinking: /home/fideow/ROBOCON25_simulation-master/install/ares_comm/include/ares_comm/ares_comm/srv/execute.h
-- Symlinking: /home/fideow/ROBOCON25_simulation-master/install/ares_comm/share/ares_comm/environment/library_path.sh
-- Symlinking: /home/fideow/ROBOCON25_simulation-master/install/ares_comm/share/ares_comm/environment/library_path.dsv
-- Symlinking: /home/fideow/ROBOCON25_simulation-master/install/ares_comm/include/ares_comm/ares_comm/msg/detail/data__rosidl_typesupport_fastrtps_c.h
-- Symlinking: /home/fideow/ROBOCON25_simulation-master/install/ares_comm/include/ares_comm/ares_comm/msg/detail/error__rosidl_typesupport_fastrtps_c.h
-- Symlinking: /home/fideow/ROBOCON25_simulation-master/install/ares_comm/include/ares_comm/ares_comm/msg/rosidl_typesupport_fastrtps_c__visibility_control.h
-- Symlinking: /home/fideow/ROBOCON25_simulation-master/install/ares_comm/include/ares_comm/ares_comm/srv/detail/execute__rosidl_typesupport_fastrtps_c.h
-- Symlinking: /home/fideow/ROBOCON25_simulation-master/install/ares_comm/include/ares_comm/ares_comm/msg/detail/data__rosidl_typesupport_introspection_c.h
-- Symlinking: /home/fideow/ROBOCON25_simulation-master/install/ares_comm/include/ares_comm/ares_comm/msg/detail/error__rosidl_typesupport_introspection_c.h
-- Symlinking: /home/fideow/ROBOCON25_simulation-master/install/ares_comm/include/ares_comm/ares_comm/msg/rosidl_typesupport_introspection_c__visibility_control.h
-- Symlinking: /home/fideow/ROBOCON25_simulation-master/install/ares_comm/include/ares_comm/ares_comm/srv/detail/execute__rosidl_typesupport_introspection_c.h
-- Symlinking: /home/fideow/ROBOCON25_simulation-master/install/ares_comm/include/ares_comm/ares_comm/msg/data.hpp
-- Symlinking: /home/fideow/ROBOCON25_simulation-master/install/ares_comm/include/ares_comm/ares_comm/msg/detail/data__builder.hpp
-- Symlinking: /home/fideow/ROBOCON25_simulation-master/install/ares_comm/include/ares_comm/ares_comm/msg/detail/data__struct.hpp
-- Symlinking: /home/fideow/ROBOCON25_simulation-master/install/ares_comm/include/ares_comm/ares_comm/msg/detail/data__traits.hpp
-- Symlinking: /home/fideow/ROBOCON25_simulation-master/install/ares_comm/include/ares_comm/ares_comm/msg/detail/data__type_support.hpp
-- Symlinking: /home/fideow/ROBOCON25_simulation-master/install/ares_comm/include/ares_comm/ares_comm/msg/detail/error__builder.hpp
-- Symlinking: /home/fideow/ROBOCON25_simulation-master/install/ares_comm/include/ares_comm/ares_comm/msg/detail/error__struct.hpp
-- Symlinking: /home/fideow/ROBOCON25_simulation-master/install/ares_comm/include/ares_comm/ares_comm/msg/detail/error__traits.hpp
-- Symlinking: /home/fideow/ROBOCON25_simulation-master/install/ares_comm/include/ares_comm/ares_comm/msg/detail/error__type_support.hpp
-- Symlinking: /home/fideow/ROBOCON25_simulation-master/install/ares_comm/include/ares_comm/ares_comm/msg/error.hpp
-- Symlinking: /home/fideow/ROBOCON25_simulation-master/install/ares_comm/include/ares_comm/ares_comm/msg/rosidl_generator_cpp__visibility_control.hpp
-- Symlinking: /home/fideow/ROBOCON25_simulation-master/install/ares_comm/include/ares_comm/ares_comm/srv/detail/execute__builder.hpp
-- Symlinking: /home/fideow/ROBOCON25_simulation-master/install/ares_comm/include/ares_comm/ares_comm/srv/detail/execute__struct.hpp
-- Symlinking: /home/fideow/ROBOCON25_simulation-master/install/ares_comm/include/ares_comm/ares_comm/srv/detail/execute__traits.hpp
-- Symlinking: /home/fideow/ROBOCON25_simulation-master/install/ares_comm/include/ares_comm/ares_comm/srv/detail/execute__type_support.hpp
-- Symlinking: /home/fideow/ROBOCON25_simulation-master/install/ares_comm/include/ares_comm/ares_comm/srv/execute.hpp
-- Symlinking: /home/fideow/ROBOCON25_simulation-master/install/ares_comm/include/ares_comm/ares_comm/msg/detail/data__rosidl_typesupport_fastrtps_cpp.hpp
-- Symlinking: /home/fideow/ROBOCON25_simulation-master/install/ares_comm/include/ares_comm/ares_comm/msg/detail/error__rosidl_typesupport_fastrtps_cpp.hpp
-- Symlinking: /home/fideow/ROBOCON25_simulation-master/install/ares_comm/include/ares_comm/ares_comm/msg/rosidl_typesupport_fastrtps_cpp__visibility_control.h
-- Symlinking: /home/fideow/ROBOCON25_simulation-master/install/ares_comm/include/ares_comm/ares_comm/srv/detail/execute__rosidl_typesupport_fastrtps_cpp.hpp
-- Symlinking: /home/fideow/ROBOCON25_simulation-master/install/ares_comm/include/ares_comm/ares_comm/msg/detail/data__rosidl_typesupport_introspection_cpp.hpp
-- Symlinking: /home/fideow/ROBOCON25_simulation-master/install/ares_comm/include/ares_comm/ares_comm/msg/detail/error__rosidl_typesupport_introspection_cpp.hpp
-- Symlinking: /home/fideow/ROBOCON25_simulation-master/install/ares_comm/include/ares_comm/ares_comm/srv/detail/execute__rosidl_typesupport_introspection_cpp.hpp
-- Symlinking: /home/fideow/ROBOCON25_simulation-master/install/ares_comm/share/ares_comm/environment/pythonpath.sh
-- Symlinking: /home/fideow/ROBOCON25_simulation-master/install/ares_comm/share/ares_comm/environment/pythonpath.dsv
-- Symlinking: /home/fideow/ROBOCON25_simulation-master/install/ares_comm/local/lib/python3.10/dist-packages/ares_comm-0.0.0-py3.10.egg-info/PKG-INFO
-- Symlinking: /home/fideow/ROBOCON25_simulation-master/install/ares_comm/local/lib/python3.10/dist-packages/ares_comm-0.0.0-py3.10.egg-info/SOURCES.txt
-- Symlinking: /home/fideow/ROBOCON25_simulation-master/install/ares_comm/local/lib/python3.10/dist-packages/ares_comm-0.0.0-py3.10.egg-info/dependency_links.txt
-- Symlinking: /home/fideow/ROBOCON25_simulation-master/install/ares_comm/local/lib/python3.10/dist-packages/ares_comm-0.0.0-py3.10.egg-info/top_level.txt
-- Symlinking: /home/fideow/ROBOCON25_simulation-master/install/ares_comm/local/lib/python3.10/dist-packages/ares_comm/__init__.py
-- Symlinking: /home/fideow/ROBOCON25_simulation-master/install/ares_comm/local/lib/python3.10/dist-packages/ares_comm/_ares_comm_s.ep.rosidl_typesupport_c.c
-- Symlinking: /home/fideow/ROBOCON25_simulation-master/install/ares_comm/local/lib/python3.10/dist-packages/ares_comm/_ares_comm_s.ep.rosidl_typesupport_fastrtps_c.c
-- Symlinking: /home/fideow/ROBOCON25_simulation-master/install/ares_comm/local/lib/python3.10/dist-packages/ares_comm/_ares_comm_s.ep.rosidl_typesupport_introspection_c.c
-- Symlinking: /home/fideow/ROBOCON25_simulation-master/install/ares_comm/local/lib/python3.10/dist-packages/ares_comm/ares_comm_s__rosidl_typesupport_c.cpython-310-x86_64-linux-gnu.so
-- Symlinking: /home/fideow/ROBOCON25_simulation-master/install/ares_comm/local/lib/python3.10/dist-packages/ares_comm/ares_comm_s__rosidl_typesupport_fastrtps_c.cpython-310-x86_64-linux-gnu.so
-- Symlinking: /home/fideow/ROBOCON25_simulation-master/install/ares_comm/local/lib/python3.10/dist-packages/ares_comm/ares_comm_s__rosidl_typesupport_introspection_c.cpython-310-x86_64-linux-gnu.so
-- Symlinking: /home/fideow/ROBOCON25_simulation-master/install/ares_comm/local/lib/python3.10/dist-packages/ares_comm/libares_comm__rosidl_generator_py.so
-- Symlinking: /home/fideow/ROBOCON25_simulation-master/install/ares_comm/local/lib/python3.10/dist-packages/ares_comm/msg/__init__.py
-- Symlinking: /home/fideow/ROBOCON25_simulation-master/install/ares_comm/local/lib/python3.10/dist-packages/ares_comm/msg/_data.py
-- Symlinking: /home/fideow/ROBOCON25_simulation-master/install/ares_comm/local/lib/python3.10/dist-packages/ares_comm/msg/_data_s.c
-- Symlinking: /home/fideow/ROBOCON25_simulation-master/install/ares_comm/local/lib/python3.10/dist-packages/ares_comm/msg/_error.py
-- Symlinking: /home/fideow/ROBOCON25_simulation-master/install/ares_comm/local/lib/python3.10/dist-packages/ares_comm/msg/_error_s.c
-- Symlinking: /home/fideow/ROBOCON25_simulation-master/install/ares_comm/local/lib/python3.10/dist-packages/ares_comm/srv/__init__.py
-- Symlinking: /home/fideow/ROBOCON25_simulation-master/install/ares_comm/local/lib/python3.10/dist-packages/ares_comm/srv/_execute.py
-- Symlinking: /home/fideow/ROBOCON25_simulation-master/install/ares_comm/local/lib/python3.10/dist-packages/ares_comm/srv/_execute_s.c
-- Up-to-date symlink: /home/fideow/ROBOCON25_simulation-master/install/ares_comm/local/lib/python3.10/dist-packages/ares_comm/ares_comm_s__rosidl_typesupport_fastrtps_c.cpython-310-x86_64-linux-gnu.so
-- Up-to-date symlink: /home/fideow/ROBOCON25_simulation-master/install/ares_comm/local/lib/python3.10/dist-packages/ares_comm/ares_comm_s__rosidl_typesupport_introspection_c.cpython-310-x86_64-linux-gnu.so
-- Up-to-date symlink: /home/fideow/ROBOCON25_simulation-master/install/ares_comm/local/lib/python3.10/dist-packages/ares_comm/ares_comm_s__rosidl_typesupport_c.cpython-310-x86_64-linux-gnu.so
-- Symlinking: /home/fideow/ROBOCON25_simulation-master/install/ares_comm/share/ares_comm/msg/Data.idl
-- Symlinking: /home/fideow/ROBOCON25_simulation-master/install/ares_comm/share/ares_comm/msg/Error.idl
-- Symlinking: /home/fideow/ROBOCON25_simulation-master/install/ares_comm/share/ares_comm/srv/Execute.idl
-- Symlinking: /home/fideow/ROBOCON25_simulation-master/install/ares_comm/share/ares_comm/msg/Data.msg
-- Symlinking: /home/fideow/ROBOCON25_simulation-master/install/ares_comm/share/ares_comm/msg/Error.msg
-- Symlinking: /home/fideow/ROBOCON25_simulation-master/install/ares_comm/share/ares_comm/srv/Execute.srv
-- Symlinking: /home/fideow/ROBOCON25_simulation-master/install/ares_comm/share/ares_comm/srv/Execute_Request.msg
-- Symlinking: /home/fideow/ROBOCON25_simulation-master/install/ares_comm/share/ares_comm/srv/Execute_Response.msg
-- Symlinking: /home/fideow/ROBOCON25_simulation-master/install/ares_comm/lib/ares_comm/ares_comm_node
-- Symlinking: /home/fideow/ROBOCON25_simulation-master/install/ares_comm/lib/ares_comm/imu_sensor_node
-- Symlinking: /home/fideow/ROBOCON25_simulation-master/install/ares_comm/share/ares_comm//launch/ares_comm.launch.py
-- Symlinking: /home/fideow/ROBOCON25_simulation-master/install/ares_comm/share/ares_comm//launch/imu_sensor.launch.py
-- Symlinking: /home/fideow/ROBOCON25_simulation-master/install/ares_comm/include/ares_comm/crc.hpp
-- Symlinking: /home/fideow/ROBOCON25_simulation-master/install/ares_comm/include/ares_comm/protocol_parser.hpp
-- Symlinking: /home/fideow/ROBOCON25_simulation-master/install/ares_comm/include/ares_comm/serial_interface.hpp
-- Symlinking: /home/fideow/ROBOCON25_simulation-master/install/ares_comm/share/ament_index/resource_index/package_run_dependencies/ares_comm
-- Symlinking: /home/fideow/ROBOCON25_simulation-master/install/ares_comm/share/ament_index/resource_index/parent_prefix_path/ares_comm
-- Symlinking: /home/fideow/ROBOCON25_simulation-master/install/ares_comm/share/ares_comm/environment/ament_prefix_path.sh
-- Symlinking: /home/fideow/ROBOCON25_simulation-master/install/ares_comm/share/ares_comm/environment/ament_prefix_path.dsv
-- Symlinking: /home/fideow/ROBOCON25_simulation-master/install/ares_comm/share/ares_comm/environment/path.sh
-- Symlinking: /home/fideow/ROBOCON25_simulation-master/install/ares_comm/share/ares_comm/environment/path.dsv
-- Symlinking: /home/fideow/ROBOCON25_simulation-master/install/ares_comm/share/ares_comm/local_setup.bash
-- Symlinking: /home/fideow/ROBOCON25_simulation-master/install/ares_comm/share/ares_comm/local_setup.sh
-- Symlinking: /home/fideow/ROBOCON25_simulation-master/install/ares_comm/share/ares_comm/local_setup.zsh
-- Symlinking: /home/fideow/ROBOCON25_simulation-master/install/ares_comm/share/ares_comm/local_setup.dsv
-- Symlinking: /home/fideow/ROBOCON25_simulation-master/install/ares_comm/share/ares_comm/package.dsv
-- Symlinking: /home/fideow/ROBOCON25_simulation-master/install/ares_comm/share/ament_index/resource_index/packages/ares_comm
-- Symlinking: /home/fideow/ROBOCON25_simulation-master/install/ares_comm/share/ares_comm/cmake/rosidl_cmake-extras.cmake
-- Symlinking: /home/fideow/ROBOCON25_simulation-master/install/ares_comm/share/ares_comm/cmake/ament_cmake_export_include_directories-extras.cmake
-- Symlinking: /home/fideow/ROBOCON25_simulation-master/install/ares_comm/share/ares_comm/cmake/ament_cmake_export_libraries-extras.cmake
-- Symlinking: /home/fideow/ROBOCON25_simulation-master/install/ares_comm/share/ares_comm/cmake/ament_cmake_export_targets-extras.cmake
-- Symlinking: /home/fideow/ROBOCON25_simulation-master/install/ares_comm/share/ares_comm/cmake/rosidl_cmake_export_typesupport_targets-extras.cmake
-- Symlinking: /home/fideow/ROBOCON25_simulation-master/install/ares_comm/share/ares_comm/cmake/ament_cmake_export_dependencies-extras.cmake
-- Symlinking: /home/fideow/ROBOCON25_simulation-master/install/ares_comm/share/ares_comm/cmake/rosidl_cmake_export_typesupport_libraries-extras.cmake
-- Symlinking: /home/fideow/ROBOCON25_simulation-master/install/ares_comm/share/ares_comm/cmake/ares_commConfig.cmake
-- Symlinking: /home/fideow/ROBOCON25_simulation-master/install/ares_comm/share/ares_comm/cmake/ares_commConfig-version.cmake
-- Symlinking: /home/fideow/ROBOCON25_simulation-master/install/ares_comm/share/ares_comm/package.xml
-- Installing: /home/fideow/ROBOCON25_simulation-master/install/ares_comm/lib/libares_comm__rosidl_generator_c.so
-- Set runtime path of "/home/fideow/ROBOCON25_simulation-master/install/ares_comm/lib/libares_comm__rosidl_generator_c.so" to ""
-- Installing: /home/fideow/ROBOCON25_simulation-master/install/ares_comm/lib/libares_comm__rosidl_typesupport_fastrtps_c.so
-- Set runtime path of "/home/fideow/ROBOCON25_simulation-master/install/ares_comm/lib/libares_comm__rosidl_typesupport_fastrtps_c.so" to ""
-- Installing: /home/fideow/ROBOCON25_simulation-master/install/ares_comm/lib/libares_comm__rosidl_typesupport_introspection_c.so
-- Set runtime path of "/home/fideow/ROBOCON25_simulation-master/install/ares_comm/lib/libares_comm__rosidl_typesupport_introspection_c.so" to ""
-- Installing: /home/fideow/ROBOCON25_simulation-master/install/ares_comm/lib/libares_comm__rosidl_typesupport_c.so
-- Set runtime path of "/home/fideow/ROBOCON25_simulation-master/install/ares_comm/lib/libares_comm__rosidl_typesupport_c.so" to ""
-- Installing: /home/fideow/ROBOCON25_simulation-master/install/ares_comm/lib/libares_comm__rosidl_typesupport_fastrtps_cpp.so
-- Set runtime path of "/home/fideow/ROBOCON25_simulation-master/install/ares_comm/lib/libares_comm__rosidl_typesupport_fastrtps_cpp.so" to ""
-- Installing: /home/fideow/ROBOCON25_simulation-master/install/ares_comm/lib/libares_comm__rosidl_typesupport_introspection_cpp.so
-- Set runtime path of "/home/fideow/ROBOCON25_simulation-master/install/ares_comm/lib/libares_comm__rosidl_typesupport_introspection_cpp.so" to ""
-- Installing: /home/fideow/ROBOCON25_simulation-master/install/ares_comm/lib/libares_comm__rosidl_typesupport_cpp.so
-- Set runtime path of "/home/fideow/ROBOCON25_simulation-master/install/ares_comm/lib/libares_comm__rosidl_typesupport_cpp.so" to ""
Listing '/home/fideow/ROBOCON25_simulation-master/install/ares_comm/local/lib/python3.10/dist-packages/ares_comm'...
Compiling '/home/fideow/ROBOCON25_simulation-master/install/ares_comm/local/lib/python3.10/dist-packages/ares_comm/__init__.py'...
Listing '/home/fideow/ROBOCON25_simulation-master/install/ares_comm/local/lib/python3.10/dist-packages/ares_comm/msg'...
Compiling '/home/fideow/ROBOCON25_simulation-master/install/ares_comm/local/lib/python3.10/dist-packages/ares_comm/msg/__init__.py'...
Compiling '/home/fideow/ROBOCON25_simulation-master/install/ares_comm/local/lib/python3.10/dist-packages/ares_comm/msg/_data.py'...
Compiling '/home/fideow/ROBOCON25_simulation-master/install/ares_comm/local/lib/python3.10/dist-packages/ares_comm/msg/_error.py'...
Listing '/home/fideow/ROBOCON25_simulation-master/install/ares_comm/local/lib/python3.10/dist-packages/ares_comm/srv'...
Compiling '/home/fideow/ROBOCON25_simulation-master/install/ares_comm/local/lib/python3.10/dist-packages/ares_comm/srv/__init__.py'...
Compiling '/home/fideow/ROBOCON25_simulation-master/install/ares_comm/local/lib/python3.10/dist-packages/ares_comm/srv/_execute.py'...
-- Installing: /home/fideow/ROBOCON25_simulation-master/install/ares_comm/lib/libares_comm__rosidl_generator_py.so
-- Set runtime path of "/home/fideow/ROBOCON25_simulation-master/install/ares_comm/lib/libares_comm__rosidl_generator_py.so" to ""
-- Installing: /home/fideow/ROBOCON25_simulation-master/install/ares_comm/lib/libares_comm_lib.so
-- Set runtime path of "/home/fideow/ROBOCON25_simulation-master/install/ares_comm/lib/libares_comm_lib.so" to ""
-- Installing: /home/fideow/ROBOCON25_simulation-master/install/ares_comm/share/ares_comm/cmake/export_ares_comm__rosidl_generator_cExport.cmake
-- Installing: /home/fideow/ROBOCON25_simulation-master/install/ares_comm/share/ares_comm/cmake/export_ares_comm__rosidl_generator_cExport-noconfig.cmake
-- Installing: /home/fideow/ROBOCON25_simulation-master/install/ares_comm/share/ares_comm/cmake/export_ares_comm__rosidl_typesupport_fastrtps_cExport.cmake
-- Installing: /home/fideow/ROBOCON25_simulation-master/install/ares_comm/share/ares_comm/cmake/export_ares_comm__rosidl_typesupport_fastrtps_cExport-noconfig.cmake
-- Installing: /home/fideow/ROBOCON25_simulation-master/install/ares_comm/share/ares_comm/cmake/ares_comm__rosidl_typesupport_introspection_cExport.cmake
-- Installing: /home/fideow/ROBOCON25_simulation-master/install/ares_comm/share/ares_comm/cmake/ares_comm__rosidl_typesupport_introspection_cExport-noconfig.cmake
-- Installing: /home/fideow/ROBOCON25_simulation-master/install/ares_comm/share/ares_comm/cmake/ares_comm__rosidl_typesupport_cExport.cmake
-- Installing: /home/fideow/ROBOCON25_simulation-master/install/ares_comm/share/ares_comm/cmake/ares_comm__rosidl_typesupport_cExport-noconfig.cmake
-- Installing: /home/fideow/ROBOCON25_simulation-master/install/ares_comm/share/ares_comm/cmake/export_ares_comm__rosidl_generator_cppExport.cmake
-- Installing: /home/fideow/ROBOCON25_simulation-master/install/ares_comm/share/ares_comm/cmake/export_ares_comm__rosidl_typesupport_fastrtps_cppExport.cmake
-- Installing: /home/fideow/ROBOCON25_simulation-master/install/ares_comm/share/ares_comm/cmake/export_ares_comm__rosidl_typesupport_fastrtps_cppExport-noconfig.cmake
-- Installing: /home/fideow/ROBOCON25_simulation-master/install/ares_comm/share/ares_comm/cmake/ares_comm__rosidl_typesupport_introspection_cppExport.cmake
-- Installing: /home/fideow/ROBOCON25_simulation-master/install/ares_comm/share/ares_comm/cmake/ares_comm__rosidl_typesupport_introspection_cppExport-noconfig.cmake
-- Installing: /home/fideow/ROBOCON25_simulation-master/install/ares_comm/share/ares_comm/cmake/ares_comm__rosidl_typesupport_cppExport.cmake
-- Installing: /home/fideow/ROBOCON25_simulation-master/install/ares_comm/share/ares_comm/cmake/ares_comm__rosidl_typesupport_cppExport-noconfig.cmake
-- Installing: /home/fideow/ROBOCON25_simulation-master/install/ares_comm/share/ares_comm/cmake/export_ares_comm__rosidl_generator_pyExport.cmake
-- Installing: /home/fideow/ROBOCON25_simulation-master/install/ares_comm/share/ares_comm/cmake/export_ares_comm__rosidl_generator_pyExport-noconfig.cmake
-- Installing: /home/fideow/ROBOCON25_simulation-master/install/ares_comm/share/ares_comm/cmake/export_ares_comm_libExport.cmake
-- Installing: /home/fideow/ROBOCON25_simulation-master/install/ares_comm/share/ares_comm/cmake/export_ares_comm_libExport-noconfig.cmake
