[1.449s] Invoking command in '/home/fideow/ROBOCON25_simulation-master/src/omni_mpc_controller': PYTHONPATH=/home/fideow/ROBOCON25_simulation-master/src/build/omni_mpc_controller/prefix_override:/usr/lib/python3/dist-packages/colcon_core/task/python/colcon_distutils_commands:/home/fideow/ROBOCON25_simulation-master/src/install/omni_mpc_controller/lib/python3.10/site-packages:${PYTHONPATH} /usr/bin/python3 -W ignore:setup.py install is deprecated -W ignore:easy_install command is deprecated setup.py egg_info --egg-base ../build/omni_mpc_controller build --build-base /home/fideow/ROBOCON25_simulation-master/src/build/omni_mpc_controller/build install --record /home/fideow/ROBOCON25_simulation-master/src/build/omni_mpc_controller/install.log --single-version-externally-managed install_data
[1.789s] running egg_info
[1.789s] writing ../build/omni_mpc_controller/omni_mpc_controller.egg-info/PKG-INFO
[1.789s] writing dependency_links to ../build/omni_mpc_controller/omni_mpc_controller.egg-info/dependency_links.txt
[1.789s] writing entry points to ../build/omni_mpc_controller/omni_mpc_controller.egg-info/entry_points.txt
[1.789s] writing requirements to ../build/omni_mpc_controller/omni_mpc_controller.egg-info/requires.txt
[1.789s] writing top-level names to ../build/omni_mpc_controller/omni_mpc_controller.egg-info/top_level.txt
[1.789s] reading manifest file '../build/omni_mpc_controller/omni_mpc_controller.egg-info/SOURCES.txt'
[1.789s] writing manifest file '../build/omni_mpc_controller/omni_mpc_controller.egg-info/SOURCES.txt'
[1.790s] running build
[1.790s] running build_py
[1.790s] running install
[1.791s] running install_lib
[1.793s] running install_data
[1.793s] running install_egg_info
[1.796s] removing '/home/fideow/ROBOCON25_simulation-master/src/install/omni_mpc_controller/lib/python3.10/site-packages/omni_mpc_controller-0.0.0-py3.10.egg-info' (and everything under it)
[1.797s] Copying ../build/omni_mpc_controller/omni_mpc_controller.egg-info to /home/fideow/ROBOCON25_simulation-master/src/install/omni_mpc_controller/lib/python3.10/site-packages/omni_mpc_controller-0.0.0-py3.10.egg-info
[1.798s] running install_scripts
[1.828s] Installing omni_mpc_controller_node script to /home/fideow/ROBOCON25_simulation-master/src/install/omni_mpc_controller/lib/omni_mpc_controller
[1.828s] writing list of installed files to '/home/fideow/ROBOCON25_simulation-master/src/build/omni_mpc_controller/install.log'
[1.871s] Invoked command in '/home/fideow/ROBOCON25_simulation-master/src/omni_mpc_controller' returned '0': PYTHONPATH=/home/fideow/ROBOCON25_simulation-master/src/build/omni_mpc_controller/prefix_override:/usr/lib/python3/dist-packages/colcon_core/task/python/colcon_distutils_commands:/home/fideow/ROBOCON25_simulation-master/src/install/omni_mpc_controller/lib/python3.10/site-packages:${PYTHONPATH} /usr/bin/python3 -W ignore:setup.py install is deprecated -W ignore:easy_install command is deprecated setup.py egg_info --egg-base ../build/omni_mpc_controller build --build-base /home/fideow/ROBOCON25_simulation-master/src/build/omni_mpc_controller/build install --record /home/fideow/ROBOCON25_simulation-master/src/build/omni_mpc_controller/install.log --single-version-externally-managed install_data
