[1.925s] Invoking command in '/home/fideow/ROBOCON25_simulation-master/build/new_teleotwistkeyboard': PYTHONPATH=/home/fideow/ROBOCON25_simulation-master/build/new_teleotwistkeyboard/prefix_override:/usr/lib/python3/dist-packages/colcon_core/task/python/colcon_distutils_commands:/home/fideow/ROBOCON25_simulation-master/install/new_teleotwistkeyboard/lib/python3.10/site-packages:${PYTHONPATH} /usr/bin/python3 -W ignore:setup.py install is deprecated -W ignore:easy_install command is deprecated setup.py develop --editable --build-directory /home/fideow/ROBOCON25_simulation-master/build/new_teleotwistkeyboard/build --no-deps symlink_data
[2.360s] running develop
[2.774s] running egg_info
[2.774s] creating new_teleotwistkeyboard.egg-info
[2.774s] writing new_teleotwistkeyboard.egg-info/PKG-INFO
[2.774s] writing dependency_links to new_teleotwistkeyboard.egg-info/dependency_links.txt
[2.776s] writing entry points to new_teleotwistkeyboard.egg-info/entry_points.txt
[2.776s] writing requirements to new_teleotwistkeyboard.egg-info/requires.txt
[2.776s] writing top-level names to new_teleotwistkeyboard.egg-info/top_level.txt
[2.776s] writing manifest file 'new_teleotwistkeyboard.egg-info/SOURCES.txt'
[2.785s] reading manifest file 'new_teleotwistkeyboard.egg-info/SOURCES.txt'
[2.788s] writing manifest file 'new_teleotwistkeyboard.egg-info/SOURCES.txt'
[2.793s] running build_ext
[2.793s] Creating /home/fideow/ROBOCON25_simulation-master/install/new_teleotwistkeyboard/lib/python3.10/site-packages/new-teleotwistkeyboard.egg-link (link to .)
[2.797s] Installing ares_keyboard script to /home/fideow/ROBOCON25_simulation-master/install/new_teleotwistkeyboard/lib/new_teleotwistkeyboard
[2.802s] 
[2.802s] Installed /home/fideow/ROBOCON25_simulation-master/build/new_teleotwistkeyboard
[2.802s] running symlink_data
[2.802s] creating /home/fideow/ROBOCON25_simulation-master/install/new_teleotwistkeyboard/share/ament_index
[2.802s] creating /home/fideow/ROBOCON25_simulation-master/install/new_teleotwistkeyboard/share/ament_index/resource_index
[2.802s] creating /home/fideow/ROBOCON25_simulation-master/install/new_teleotwistkeyboard/share/ament_index/resource_index/packages
[2.802s] symbolically linking /home/fideow/ROBOCON25_simulation-master/build/new_teleotwistkeyboard/resource/new_teleotwistkeyboard -> /home/fideow/ROBOCON25_simulation-master/install/new_teleotwistkeyboard/share/ament_index/resource_index/packages
[2.802s] symbolically linking /home/fideow/ROBOCON25_simulation-master/build/new_teleotwistkeyboard/package.xml -> /home/fideow/ROBOCON25_simulation-master/install/new_teleotwistkeyboard/share/new_teleotwistkeyboard
[2.846s] Invoked command in '/home/fideow/ROBOCON25_simulation-master/build/new_teleotwistkeyboard' returned '0': PYTHONPATH=/home/fideow/ROBOCON25_simulation-master/build/new_teleotwistkeyboard/prefix_override:/usr/lib/python3/dist-packages/colcon_core/task/python/colcon_distutils_commands:/home/fideow/ROBOCON25_simulation-master/install/new_teleotwistkeyboard/lib/python3.10/site-packages:${PYTHONPATH} /usr/bin/python3 -W ignore:setup.py install is deprecated -W ignore:easy_install command is deprecated setup.py develop --editable --build-directory /home/fideow/ROBOCON25_simulation-master/build/new_teleotwistkeyboard/build --no-deps symlink_data
