[1.929s] Invoking command in '/home/fideow/ROBOCON25_simulation-master/build/lidar_avoidance': PYTHONPATH=/home/fideow/ROBOCON25_simulation-master/build/lidar_avoidance/prefix_override:/usr/lib/python3/dist-packages/colcon_core/task/python/colcon_distutils_commands:/home/fideow/ROBOCON25_simulation-master/install/lidar_avoidance/lib/python3.10/site-packages:${PYTHONPATH} /usr/bin/python3 -W ignore:setup.py install is deprecated -W ignore:easy_install command is deprecated setup.py develop --editable --build-directory /home/fideow/ROBOCON25_simulation-master/build/lidar_avoidance/build --no-deps symlink_data
[2.328s] running develop
[2.713s] running egg_info
[2.713s] creating lidar_avoidance.egg-info
[2.713s] writing lidar_avoidance.egg-info/PKG-INFO
[2.713s] writing dependency_links to lidar_avoidance.egg-info/dependency_links.txt
[2.713s] writing entry points to lidar_avoidance.egg-info/entry_points.txt
[2.713s] writing requirements to lidar_avoidance.egg-info/requires.txt
[2.713s] writing top-level names to lidar_avoidance.egg-info/top_level.txt
[2.713s] writing manifest file 'lidar_avoidance.egg-info/SOURCES.txt'
[2.714s] reading manifest file 'lidar_avoidance.egg-info/SOURCES.txt'
[2.714s] writing manifest file 'lidar_avoidance.egg-info/SOURCES.txt'
[2.715s] running build_ext
[2.716s] Creating /home/fideow/ROBOCON25_simulation-master/install/lidar_avoidance/lib/python3.10/site-packages/lidar-avoidance.egg-link (link to .)
[2.717s] Installing lidar_avoidance script to /home/fideow/ROBOCON25_simulation-master/install/lidar_avoidance/lib/lidar_avoidance
[2.717s] 
[2.717s] Installed /home/fideow/ROBOCON25_simulation-master/build/lidar_avoidance
[2.717s] running symlink_data
[2.718s] creating /home/fideow/ROBOCON25_simulation-master/install/lidar_avoidance/share/ament_index
[2.718s] creating /home/fideow/ROBOCON25_simulation-master/install/lidar_avoidance/share/ament_index/resource_index
[2.719s] creating /home/fideow/ROBOCON25_simulation-master/install/lidar_avoidance/share/ament_index/resource_index/packages
[2.723s] symbolically linking /home/fideow/ROBOCON25_simulation-master/build/lidar_avoidance/resource/lidar_avoidance -> /home/fideow/ROBOCON25_simulation-master/install/lidar_avoidance/share/ament_index/resource_index/packages
[2.723s] symbolically linking /home/fideow/ROBOCON25_simulation-master/build/lidar_avoidance/package.xml -> /home/fideow/ROBOCON25_simulation-master/install/lidar_avoidance/share/lidar_avoidance
[2.723s] creating /home/fideow/ROBOCON25_simulation-master/install/lidar_avoidance/share/lidar_avoidance/launch
[2.723s] symbolically linking /home/fideow/ROBOCON25_simulation-master/build/lidar_avoidance/launch/avoidance.launch.py -> /home/fideow/ROBOCON25_simulation-master/install/lidar_avoidance/share/lidar_avoidance/launch
[2.800s] Invoked command in '/home/fideow/ROBOCON25_simulation-master/build/lidar_avoidance' returned '0': PYTHONPATH=/home/fideow/ROBOCON25_simulation-master/build/lidar_avoidance/prefix_override:/usr/lib/python3/dist-packages/colcon_core/task/python/colcon_distutils_commands:/home/fideow/ROBOCON25_simulation-master/install/lidar_avoidance/lib/python3.10/site-packages:${PYTHONPATH} /usr/bin/python3 -W ignore:setup.py install is deprecated -W ignore:easy_install command is deprecated setup.py develop --editable --build-directory /home/fideow/ROBOCON25_simulation-master/build/lidar_avoidance/build --no-deps symlink_data
