[0.294s] Invoking command in '/home/furry/Desktop/ARES_simulation_master/build/myrobot_controller': CMAKE_PREFIX_PATH=${CMAKE_PREFIX_PATH}:/home/furry/Desktop/dog/install/laser:/opt/ros/humble /usr/bin/cmake /home/furry/Desktop/ARES_simulation_master/src/myrobot_controller -DAMENT_CMAKE_SYMLINK_INSTALL=1 -DCMAKE_INSTALL_PREFIX=/home/furry/Desktop/ARES_simulation_master/install/myrobot_controller
[0.589s] -- The C compiler identification is GNU 11.4.0
[0.589s] -- The CXX compiler identification is GNU 11.4.0
[0.590s] -- Detecting C compiler ABI info
[0.590s] -- Detecting C compiler ABI info - done
[0.590s] -- Check for working C compiler: /usr/bin/cc - skipped
[0.590s] -- Detecting C compile features
[0.590s] -- Detecting C compile features - done
[0.590s] -- Detecting CXX compiler ABI info
[0.590s] -- Detecting CXX compiler ABI info - done
[0.590s] -- Check for working CXX compiler: /usr/bin/c++ - skipped
[0.590s] -- Detecting CXX compile features
[0.590s] -- Detecting CXX compile features - done
[0.590s] -- Found ament_cmake: 1.3.11 (/opt/ros/humble/share/ament_cmake/cmake)
[0.590s] -- Found Python3: /usr/bin/python3 (found version "3.10.12") found components: Interpreter 
[0.631s] -- Override CMake install command with custom implementation using symlinks instead of copying resources
[0.647s] -- Found rclpy: 3.3.15 (/opt/ros/humble/share/rclpy/cmake)
[0.648s] -- Found std_msgs: 4.2.4 (/opt/ros/humble/share/std_msgs/cmake)
[0.666s] -- Found rosidl_generator_c: 3.1.6 (/opt/ros/humble/share/rosidl_generator_c/cmake)
[0.669s] -- Found rosidl_adapter: 3.1.6 (/opt/ros/humble/share/rosidl_adapter/cmake)
[0.673s] -- Found rosidl_generator_cpp: 3.1.6 (/opt/ros/humble/share/rosidl_generator_cpp/cmake)
[0.680s] -- Using all available rosidl_typesupport_c: rosidl_typesupport_fastrtps_c;rosidl_typesupport_introspection_c
[0.688s] -- Using all available rosidl_typesupport_cpp: rosidl_typesupport_fastrtps_cpp;rosidl_typesupport_introspection_cpp
[0.703s] -- Found geometry_msgs: 4.2.4 (/opt/ros/humble/share/geometry_msgs/cmake)
[0.711s] -- Found rclcpp: 16.0.11 (/opt/ros/humble/share/rclcpp/cmake)
[0.733s] -- Found rmw_implementation_cmake: 6.1.2 (/opt/ros/humble/share/rmw_implementation_cmake/cmake)
[0.734s] -- Found rmw_fastrtps_cpp: 6.2.7 (/opt/ros/humble/share/rmw_fastrtps_cpp/cmake)
[0.796s] -- Found OpenSSL: /usr/lib/x86_64-linux-gnu/libcrypto.so (found version "3.0.2")  
[0.814s] -- Found FastRTPS: /opt/ros/humble/include  
[0.842s] -- Using RMW implementation 'rmw_fastrtps_cpp' as default
[0.847s] -- Looking for pthread.h
[0.904s] -- Looking for pthread.h - found
[0.904s] -- Performing Test CMAKE_HAVE_LIBC_PTHREAD
[0.970s] -- Performing Test CMAKE_HAVE_LIBC_PTHREAD - Success
[0.971s] -- Found Threads: TRUE  
[1.068s] -- Found ament_lint_auto: 0.12.11 (/opt/ros/humble/share/ament_lint_auto/cmake)
[1.122s] -- Added test 'cppcheck' to perform static code analysis on C / C++ code
[1.122s] -- Configured cppcheck include dirs: /home/furry/Desktop/ARES_simulation_master/src/myrobot_controller/include
[1.122s] -- Configured cppcheck exclude dirs and/or files: 
[1.122s] -- Added test 'flake8' to check Python code syntax and style conventions
[1.123s] -- Added test 'lint_cmake' to check CMake code style
[1.123s] -- Added test 'pep257' to check Python code against some of the docstring style conventions in PEP 257
[1.124s] -- Added test 'uncrustify' to check C / C++ code style
[1.124s] -- Configured uncrustify additional arguments: 
[1.124s] -- Added test 'xmllint' to check XML markup files
[1.125s] -- Configuring done
[1.132s] -- Generating done
[1.134s] -- Build files have been written to: /home/furry/Desktop/ARES_simulation_master/build/myrobot_controller
[1.143s] Invoked command in '/home/furry/Desktop/ARES_simulation_master/build/myrobot_controller' returned '0': CMAKE_PREFIX_PATH=${CMAKE_PREFIX_PATH}:/home/furry/Desktop/dog/install/laser:/opt/ros/humble /usr/bin/cmake /home/furry/Desktop/ARES_simulation_master/src/myrobot_controller -DAMENT_CMAKE_SYMLINK_INSTALL=1 -DCMAKE_INSTALL_PREFIX=/home/furry/Desktop/ARES_simulation_master/install/myrobot_controller
[1.144s] Invoking command in '/home/furry/Desktop/ARES_simulation_master/build/myrobot_controller': CMAKE_PREFIX_PATH=${CMAKE_PREFIX_PATH}:/home/furry/Desktop/dog/install/laser:/opt/ros/humble /usr/bin/cmake --build /home/furry/Desktop/ARES_simulation_master/build/myrobot_controller -- -j24 -l24
[1.184s] [ 50%] [32mBuilding CXX object CMakeFiles/simple_controller.dir/src/simple_controller.cpp.o[0m
[1.190s] [ 50%] Built target ament_cmake_python_symlink_myrobot_controller
[1.340s] running egg_info
[1.340s] creating myrobot_controller.egg-info
[1.340s] writing myrobot_controller.egg-info/PKG-INFO
[1.340s] writing dependency_links to myrobot_controller.egg-info/dependency_links.txt
[1.341s] writing top-level names to myrobot_controller.egg-info/top_level.txt
[1.341s] writing manifest file 'myrobot_controller.egg-info/SOURCES.txt'
[1.342s] reading manifest file 'myrobot_controller.egg-info/SOURCES.txt'
[1.343s] writing manifest file 'myrobot_controller.egg-info/SOURCES.txt'
[1.364s] [ 50%] Built target ament_cmake_python_build_myrobot_controller_egg
[7.174s] [100%] [32m[1mLinking CXX executable simple_controller[0m
[7.398s] [100%] Built target simple_controller
[7.449s] Invoked command in '/home/furry/Desktop/ARES_simulation_master/build/myrobot_controller' returned '0': CMAKE_PREFIX_PATH=${CMAKE_PREFIX_PATH}:/home/furry/Desktop/dog/install/laser:/opt/ros/humble /usr/bin/cmake --build /home/furry/Desktop/ARES_simulation_master/build/myrobot_controller -- -j24 -l24
[7.449s] Invoking command in '/home/furry/Desktop/ARES_simulation_master/build/myrobot_controller': CMAKE_PREFIX_PATH=${CMAKE_PREFIX_PATH}:/home/furry/Desktop/dog/install/laser:/opt/ros/humble /usr/bin/cmake --install /home/furry/Desktop/ARES_simulation_master/build/myrobot_controller
[7.456s] -- Install configuration: ""
[7.456s] -- Execute custom install script
[7.456s] -- Symlinking: /home/furry/Desktop/ARES_simulation_master/install/myrobot_controller/share/myrobot_controller/environment/pythonpath.sh
[7.462s] -- Symlinking: /home/furry/Desktop/ARES_simulation_master/install/myrobot_controller/share/myrobot_controller/environment/pythonpath.dsv
[7.466s] -- Symlinking: /home/furry/Desktop/ARES_simulation_master/install/myrobot_controller/local/lib/python3.10/dist-packages/myrobot_controller-0.0.0-py3.10.egg-info/PKG-INFO
[7.473s] -- Symlinking: /home/furry/Desktop/ARES_simulation_master/install/myrobot_controller/local/lib/python3.10/dist-packages/myrobot_controller-0.0.0-py3.10.egg-info/SOURCES.txt
[7.479s] -- Symlinking: /home/furry/Desktop/ARES_simulation_master/install/myrobot_controller/local/lib/python3.10/dist-packages/myrobot_controller-0.0.0-py3.10.egg-info/dependency_links.txt
[7.483s] -- Symlinking: /home/furry/Desktop/ARES_simulation_master/install/myrobot_controller/local/lib/python3.10/dist-packages/myrobot_controller-0.0.0-py3.10.egg-info/top_level.txt
[7.488s] -- Symlinking: /home/furry/Desktop/ARES_simulation_master/install/myrobot_controller/local/lib/python3.10/dist-packages/myrobot_controller/__init__.py
[7.493s] -- Symlinking: /home/furry/Desktop/ARES_simulation_master/install/myrobot_controller/local/lib/python3.10/dist-packages/myrobot_controller/read_imu_yaw.py
[7.500s] -- Symlinking: /home/furry/Desktop/ARES_simulation_master/install/myrobot_controller/local/lib/python3.10/dist-packages/myrobot_controller/read_laser copy.py
[7.504s] -- Symlinking: /home/furry/Desktop/ARES_simulation_master/install/myrobot_controller/local/lib/python3.10/dist-packages/myrobot_controller/read_laser.py
[7.510s] -- Symlinking: /home/furry/Desktop/ARES_simulation_master/install/myrobot_controller/local/lib/python3.10/dist-packages/myrobot_controller/simple_controller.py
[7.515s] -- Symlinking: /home/furry/Desktop/ARES_simulation_master/install/myrobot_controller/local/lib/python3.10/dist-packages/myrobot_controller/test_cmd.py
[7.522s] -- Symlinking: /home/furry/Desktop/ARES_simulation_master/install/myrobot_controller/include/include/myrobot_controller/simple_controller.hpp
[7.527s] -- Symlinking: /home/furry/Desktop/ARES_simulation_master/install/myrobot_controller/lib/myrobot_controller/simple_controller
[7.532s] -- Symlinking: /home/furry/Desktop/ARES_simulation_master/install/myrobot_controller/share/myrobot_controller/config/joy_config.yaml
[7.538s] -- Symlinking: /home/furry/Desktop/ARES_simulation_master/install/myrobot_controller/share/myrobot_controller/config/joy_teleop.yaml
[7.543s] -- Symlinking: /home/furry/Desktop/ARES_simulation_master/install/myrobot_controller/share/myrobot_controller/config/myrobot_controllers.yaml
[7.549s] -- Symlinking: /home/furry/Desktop/ARES_simulation_master/install/myrobot_controller/share/myrobot_controller/launch/controller.launch.py
[7.554s] -- Symlinking: /home/furry/Desktop/ARES_simulation_master/install/myrobot_controller/share/myrobot_controller/launch/joystick_teleop.launch.py
[7.560s] -- Symlinking: /home/furry/Desktop/ARES_simulation_master/install/myrobot_controller/lib/myrobot_controller/simple_controller.py
[7.565s] -- Symlinking: /home/furry/Desktop/ARES_simulation_master/install/myrobot_controller/share/ament_index/resource_index/package_run_dependencies/myrobot_controller
[7.571s] -- Symlinking: /home/furry/Desktop/ARES_simulation_master/install/myrobot_controller/share/ament_index/resource_index/parent_prefix_path/myrobot_controller
[7.576s] -- Symlinking: /home/furry/Desktop/ARES_simulation_master/install/myrobot_controller/share/myrobot_controller/environment/ament_prefix_path.sh
[7.580s] -- Symlinking: /home/furry/Desktop/ARES_simulation_master/install/myrobot_controller/share/myrobot_controller/environment/ament_prefix_path.dsv
[7.586s] -- Symlinking: /home/furry/Desktop/ARES_simulation_master/install/myrobot_controller/share/myrobot_controller/environment/path.sh
[7.592s] -- Symlinking: /home/furry/Desktop/ARES_simulation_master/install/myrobot_controller/share/myrobot_controller/environment/path.dsv
[7.597s] -- Symlinking: /home/furry/Desktop/ARES_simulation_master/install/myrobot_controller/share/myrobot_controller/local_setup.bash
[7.602s] -- Symlinking: /home/furry/Desktop/ARES_simulation_master/install/myrobot_controller/share/myrobot_controller/local_setup.sh
[7.608s] -- Symlinking: /home/furry/Desktop/ARES_simulation_master/install/myrobot_controller/share/myrobot_controller/local_setup.zsh
[7.613s] -- Symlinking: /home/furry/Desktop/ARES_simulation_master/install/myrobot_controller/share/myrobot_controller/local_setup.dsv
[7.617s] -- Symlinking: /home/furry/Desktop/ARES_simulation_master/install/myrobot_controller/share/myrobot_controller/package.dsv
[7.623s] -- Symlinking: /home/furry/Desktop/ARES_simulation_master/install/myrobot_controller/share/ament_index/resource_index/packages/myrobot_controller
[7.628s] -- Symlinking: /home/furry/Desktop/ARES_simulation_master/install/myrobot_controller/share/myrobot_controller/cmake/myrobot_controllerConfig.cmake
[7.632s] -- Symlinking: /home/furry/Desktop/ARES_simulation_master/install/myrobot_controller/share/myrobot_controller/cmake/myrobot_controllerConfig-version.cmake
[7.637s] -- Symlinking: /home/furry/Desktop/ARES_simulation_master/install/myrobot_controller/share/myrobot_controller/package.xml
[7.665s] Listing '/home/furry/Desktop/ARES_simulation_master/install/myrobot_controller/local/lib/python3.10/dist-packages/myrobot_controller'...
[7.665s] Compiling '/home/furry/Desktop/ARES_simulation_master/install/myrobot_controller/local/lib/python3.10/dist-packages/myrobot_controller/__init__.py'...
[7.665s] Compiling '/home/furry/Desktop/ARES_simulation_master/install/myrobot_controller/local/lib/python3.10/dist-packages/myrobot_controller/read_imu_yaw.py'...
[7.666s] Compiling '/home/furry/Desktop/ARES_simulation_master/install/myrobot_controller/local/lib/python3.10/dist-packages/myrobot_controller/read_laser copy.py'...
[7.666s] Compiling '/home/furry/Desktop/ARES_simulation_master/install/myrobot_controller/local/lib/python3.10/dist-packages/myrobot_controller/read_laser.py'...
[7.666s] Compiling '/home/furry/Desktop/ARES_simulation_master/install/myrobot_controller/local/lib/python3.10/dist-packages/myrobot_controller/simple_controller.py'...
[7.666s] Compiling '/home/furry/Desktop/ARES_simulation_master/install/myrobot_controller/local/lib/python3.10/dist-packages/myrobot_controller/test_cmd.py'...
[7.670s] Invoked command in '/home/furry/Desktop/ARES_simulation_master/build/myrobot_controller' returned '0': CMAKE_PREFIX_PATH=${CMAKE_PREFIX_PATH}:/home/furry/Desktop/dog/install/laser:/opt/ros/humble /usr/bin/cmake --install /home/furry/Desktop/ARES_simulation_master/build/myrobot_controller
