[0.035s] Invoking command in '/home/fideow/ROBOCON25_simulation-master/src/build/ares_bringup': CMAKE_PREFIX_PATH=${CMAKE_PREFIX_PATH}:/opt/ros/humble /usr/bin/cmake --build /home/fideow/ROBOCON25_simulation-master/src/build/ares_bringup -- -j8 -l8
[0.995s] Invoked command in '/home/fideow/ROBOCON25_simulation-master/src/build/ares_bringup' returned '0': CMAKE_PREFIX_PATH=${CMAKE_PREFIX_PATH}:/opt/ros/humble /usr/bin/cmake --build /home/fideow/ROBOCON25_simulation-master/src/build/ares_bringup -- -j8 -l8
[1.004s] Invoking command in '/home/fideow/ROBOCON25_simulation-master/src/build/ares_bringup': CMAKE_PREFIX_PATH=${CMAKE_PREFIX_PATH}:/opt/ros/humble /usr/bin/cmake --install /home/fideow/ROBOCON25_simulation-master/src/build/ares_bringup
[1.016s] -- Install configuration: ""
[1.016s] -- Up-to-date: /home/fideow/ROBOCON25_simulation-master/src/install/ares_bringup/share/ares_bringup/launch
[1.016s] -- Up-to-date: /home/fideow/ROBOCON25_simulation-master/src/install/ares_bringup/share/ares_bringup/launch/bringup.launch.py
[1.016s] -- Up-to-date: /home/fideow/ROBOCON25_simulation-master/src/install/ares_bringup/share/ament_index/resource_index/package_run_dependencies/ares_bringup
[1.016s] -- Up-to-date: /home/fideow/ROBOCON25_simulation-master/src/install/ares_bringup/share/ament_index/resource_index/parent_prefix_path/ares_bringup
[1.016s] -- Up-to-date: /home/fideow/ROBOCON25_simulation-master/src/install/ares_bringup/share/ares_bringup/environment/ament_prefix_path.sh
[1.016s] -- Up-to-date: /home/fideow/ROBOCON25_simulation-master/src/install/ares_bringup/share/ares_bringup/environment/ament_prefix_path.dsv
[1.017s] -- Up-to-date: /home/fideow/ROBOCON25_simulation-master/src/install/ares_bringup/share/ares_bringup/environment/path.sh
[1.017s] -- Up-to-date: /home/fideow/ROBOCON25_simulation-master/src/install/ares_bringup/share/ares_bringup/environment/path.dsv
[1.017s] -- Up-to-date: /home/fideow/ROBOCON25_simulation-master/src/install/ares_bringup/share/ares_bringup/local_setup.bash
[1.017s] -- Up-to-date: /home/fideow/ROBOCON25_simulation-master/src/install/ares_bringup/share/ares_bringup/local_setup.sh
[1.017s] -- Up-to-date: /home/fideow/ROBOCON25_simulation-master/src/install/ares_bringup/share/ares_bringup/local_setup.zsh
[1.017s] -- Up-to-date: /home/fideow/ROBOCON25_simulation-master/src/install/ares_bringup/share/ares_bringup/local_setup.dsv
[1.017s] -- Up-to-date: /home/fideow/ROBOCON25_simulation-master/src/install/ares_bringup/share/ares_bringup/package.dsv
[1.017s] -- Up-to-date: /home/fideow/ROBOCON25_simulation-master/src/install/ares_bringup/share/ament_index/resource_index/packages/ares_bringup
[1.017s] -- Up-to-date: /home/fideow/ROBOCON25_simulation-master/src/install/ares_bringup/share/ares_bringup/cmake/ares_bringupConfig.cmake
[1.017s] -- Up-to-date: /home/fideow/ROBOCON25_simulation-master/src/install/ares_bringup/share/ares_bringup/cmake/ares_bringupConfig-version.cmake
[1.017s] -- Up-to-date: /home/fideow/ROBOCON25_simulation-master/src/install/ares_bringup/share/ares_bringup/package.xml
[1.058s] Invoked command in '/home/fideow/ROBOCON25_simulation-master/src/build/ares_bringup' returned '0': CMAKE_PREFIX_PATH=${CMAKE_PREFIX_PATH}:/opt/ros/humble /usr/bin/cmake --install /home/fideow/ROBOCON25_simulation-master/src/build/ares_bringup
