[1.462s] Invoking command in '/home/fideow/ROBOCON25_simulation-master/src/lidar_avoidance': PYTHONPATH=/home/fideow/ROBOCON25_simulation-master/src/build/lidar_avoidance/prefix_override:/usr/lib/python3/dist-packages/colcon_core/task/python/colcon_distutils_commands:/home/fideow/ROBOCON25_simulation-master/src/install/lidar_avoidance/lib/python3.10/site-packages:${PYTHONPATH} /usr/bin/python3 -W ignore:setup.py install is deprecated -W ignore:easy_install command is deprecated setup.py egg_info --egg-base ../build/lidar_avoidance build --build-base /home/fideow/ROBOCON25_simulation-master/src/build/lidar_avoidance/build install --record /home/fideow/ROBOCON25_simulation-master/src/build/lidar_avoidance/install.log --single-version-externally-managed install_data
[1.715s] running egg_info
[1.716s] writing ../build/lidar_avoidance/lidar_avoidance.egg-info/PKG-INFO
[1.716s] writing dependency_links to ../build/lidar_avoidance/lidar_avoidance.egg-info/dependency_links.txt
[1.716s] writing entry points to ../build/lidar_avoidance/lidar_avoidance.egg-info/entry_points.txt
[1.716s] writing requirements to ../build/lidar_avoidance/lidar_avoidance.egg-info/requires.txt
[1.716s] writing top-level names to ../build/lidar_avoidance/lidar_avoidance.egg-info/top_level.txt
[1.720s] reading manifest file '../build/lidar_avoidance/lidar_avoidance.egg-info/SOURCES.txt'
[1.722s] writing manifest file '../build/lidar_avoidance/lidar_avoidance.egg-info/SOURCES.txt'
[1.722s] running build
[1.722s] running build_py
[1.722s] running install
[1.722s] running install_lib
[1.724s] running install_data
[1.724s] running install_egg_info
[1.725s] removing '/home/fideow/ROBOCON25_simulation-master/src/install/lidar_avoidance/lib/python3.10/site-packages/lidar_avoidance-0.0.0-py3.10.egg-info' (and everything under it)
[1.725s] Copying ../build/lidar_avoidance/lidar_avoidance.egg-info to /home/fideow/ROBOCON25_simulation-master/src/install/lidar_avoidance/lib/python3.10/site-packages/lidar_avoidance-0.0.0-py3.10.egg-info
[1.726s] running install_scripts
[1.784s] Installing lidar_avoidance script to /home/fideow/ROBOCON25_simulation-master/src/install/lidar_avoidance/lib/lidar_avoidance
[1.786s] writing list of installed files to '/home/fideow/ROBOCON25_simulation-master/src/build/lidar_avoidance/install.log'
[1.820s] Invoked command in '/home/fideow/ROBOCON25_simulation-master/src/lidar_avoidance' returned '0': PYTHONPATH=/home/fideow/ROBOCON25_simulation-master/src/build/lidar_avoidance/prefix_override:/usr/lib/python3/dist-packages/colcon_core/task/python/colcon_distutils_commands:/home/fideow/ROBOCON25_simulation-master/src/install/lidar_avoidance/lib/python3.10/site-packages:${PYTHONPATH} /usr/bin/python3 -W ignore:setup.py install is deprecated -W ignore:easy_install command is deprecated setup.py egg_info --egg-base ../build/lidar_avoidance build --build-base /home/fideow/ROBOCON25_simulation-master/src/build/lidar_avoidance/build install --record /home/fideow/ROBOCON25_simulation-master/src/build/lidar_avoidance/install.log --single-version-externally-managed install_data
