[0.024s] Invoking command in '/home/fideow/ROBOCON25_simulation-master/build/ares_comm': CMAKE_PREFIX_PATH=/opt/ros/humble /usr/bin/cmake --build /home/fideow/ROBOCON25_simulation-master/build/ares_comm -- -j8 -l8
[0.637s] [35m[1mConsolidate compiler generated dependencies of target ares_comm__rosidl_generator_c[0m
[0.637s] [35m[1mConsolidate compiler generated dependencies of target ares_comm_lib[0m
[0.637s] [  1%] Built target ares_comm__cpp
[0.638s] [  9%] Built target ares_comm__rosidl_generator_c
[0.638s] [  9%] Built target ament_cmake_python_symlink_ares_comm
[0.638s] [35m[1mConsolidate compiler generated dependencies of target ares_comm__rosidl_typesupport_cpp[0m
[0.638s] [35m[1mConsolidate compiler generated dependencies of target ares_comm__rosidl_typesupport_fastrtps_cpp[0m
[0.638s] [ 16%] Built target ares_comm_lib
[0.638s] [35m[1mConsolidate compiler generated dependencies of target ares_comm__rosidl_typesupport_introspection_cpp[0m
[0.638s] [35m[1mConsolidate compiler generated dependencies of target ares_comm__rosidl_typesupport_c[0m
[0.638s] [35m[1mConsolidate compiler generated dependencies of target ares_comm__rosidl_typesupport_introspection_c[0m
[0.638s] [35m[1mConsolidate compiler generated dependencies of target ares_comm__rosidl_typesupport_fastrtps_c[0m
[0.638s] [ 24%] Built target ares_comm__rosidl_typesupport_cpp
[0.638s] [ 32%] Built target ares_comm__rosidl_typesupport_fastrtps_cpp
[0.638s] [ 49%] Built target ares_comm__rosidl_typesupport_introspection_c
[0.639s] [ 49%] Built target ares_comm__rosidl_typesupport_c
[0.639s] [ 57%] Built target ares_comm__rosidl_typesupport_introspection_cpp
[0.639s] [ 65%] Built target ares_comm__rosidl_typesupport_fastrtps_c
[0.639s] [ 65%] Built target ares_comm
[0.639s] [35m[1mConsolidate compiler generated dependencies of target imu_sensor_node[0m
[0.639s] [35m[1mConsolidate compiler generated dependencies of target ares_comm_node[0m
[0.639s] [ 67%] Built target ares_comm__py
[0.639s] [35m[1mConsolidate compiler generated dependencies of target ares_comm__rosidl_generator_py[0m
[0.639s] [ 75%] Built target ares_comm_node
[0.639s] [ 83%] Built target imu_sensor_node
[0.639s] [ 90%] Built target ares_comm__rosidl_generator_py
[0.639s] [35m[1mConsolidate compiler generated dependencies of target ares_comm__rosidl_typesupport_c__pyext[0m
[0.639s] [35m[1mConsolidate compiler generated dependencies of target ares_comm__rosidl_typesupport_introspection_c__pyext[0m
[0.639s] [35m[1mConsolidate compiler generated dependencies of target ares_comm__rosidl_typesupport_fastrtps_c__pyext[0m
[0.639s] [ 93%] Built target ares_comm__rosidl_typesupport_c__pyext
[0.640s] [ 96%] Built target ares_comm__rosidl_typesupport_introspection_c__pyext
[0.640s] [100%] Built target ares_comm__rosidl_typesupport_fastrtps_c__pyext
[0.640s] running egg_info
[0.640s] writing ares_comm.egg-info/PKG-INFO
[0.640s] writing dependency_links to ares_comm.egg-info/dependency_links.txt
[0.640s] writing top-level names to ares_comm.egg-info/top_level.txt
[0.640s] reading manifest file 'ares_comm.egg-info/SOURCES.txt'
[0.640s] writing manifest file 'ares_comm.egg-info/SOURCES.txt'
[0.640s] [100%] Built target ament_cmake_python_build_ares_comm_egg
[0.857s] Invoked command in '/home/fideow/ROBOCON25_simulation-master/build/ares_comm' returned '0': CMAKE_PREFIX_PATH=/opt/ros/humble /usr/bin/cmake --build /home/fideow/ROBOCON25_simulation-master/build/ares_comm -- -j8 -l8
[0.859s] Invoking command in '/home/fideow/ROBOCON25_simulation-master/build/ares_comm': CMAKE_PREFIX_PATH=/opt/ros/humble /usr/bin/cmake --install /home/fideow/ROBOCON25_simulation-master/build/ares_comm
[0.865s] -- Install configuration: ""
[0.866s] -- Execute custom install script
[0.867s] -- Up-to-date symlink: /home/fideow/ROBOCON25_simulation-master/install/ares_comm/share/ament_index/resource_index/rosidl_interfaces/ares_comm
[0.867s] -- Up-to-date symlink: /home/fideow/ROBOCON25_simulation-master/install/ares_comm/include/ares_comm/ares_comm/msg/data.h
[0.869s] -- Up-to-date symlink: /home/fideow/ROBOCON25_simulation-master/install/ares_comm/include/ares_comm/ares_comm/msg/detail/data__functions.h
[0.869s] -- Up-to-date symlink: /home/fideow/ROBOCON25_simulation-master/install/ares_comm/include/ares_comm/ares_comm/msg/detail/data__struct.h
[0.871s] -- Up-to-date symlink: /home/fideow/ROBOCON25_simulation-master/install/ares_comm/include/ares_comm/ares_comm/msg/detail/data__type_support.h
[0.871s] -- Up-to-date symlink: /home/fideow/ROBOCON25_simulation-master/install/ares_comm/include/ares_comm/ares_comm/msg/detail/error__functions.h
[0.871s] -- Up-to-date symlink: /home/fideow/ROBOCON25_simulation-master/install/ares_comm/include/ares_comm/ares_comm/msg/detail/error__struct.h
[0.871s] -- Up-to-date symlink: /home/fideow/ROBOCON25_simulation-master/install/ares_comm/include/ares_comm/ares_comm/msg/detail/error__type_support.h
[0.871s] -- Up-to-date symlink: /home/fideow/ROBOCON25_simulation-master/install/ares_comm/include/ares_comm/ares_comm/msg/error.h
[0.874s] -- Up-to-date symlink: /home/fideow/ROBOCON25_simulation-master/install/ares_comm/include/ares_comm/ares_comm/msg/rosidl_generator_c__visibility_control.h
[0.874s] -- Up-to-date symlink: /home/fideow/ROBOCON25_simulation-master/install/ares_comm/include/ares_comm/ares_comm/srv/detail/execute__functions.h
[0.874s] -- Up-to-date symlink: /home/fideow/ROBOCON25_simulation-master/install/ares_comm/include/ares_comm/ares_comm/srv/detail/execute__struct.h
[0.874s] -- Up-to-date symlink: /home/fideow/ROBOCON25_simulation-master/install/ares_comm/include/ares_comm/ares_comm/srv/detail/execute__type_support.h
[0.875s] -- Up-to-date symlink: /home/fideow/ROBOCON25_simulation-master/install/ares_comm/include/ares_comm/ares_comm/srv/execute.h
[0.875s] -- Up-to-date symlink: /home/fideow/ROBOCON25_simulation-master/install/ares_comm/share/ares_comm/environment/library_path.sh
[0.875s] -- Up-to-date symlink: /home/fideow/ROBOCON25_simulation-master/install/ares_comm/share/ares_comm/environment/library_path.dsv
[0.875s] -- Up-to-date symlink: /home/fideow/ROBOCON25_simulation-master/install/ares_comm/include/ares_comm/ares_comm/msg/detail/data__rosidl_typesupport_fastrtps_c.h
[0.875s] -- Up-to-date symlink: /home/fideow/ROBOCON25_simulation-master/install/ares_comm/include/ares_comm/ares_comm/msg/detail/error__rosidl_typesupport_fastrtps_c.h
[0.875s] -- Up-to-date symlink: /home/fideow/ROBOCON25_simulation-master/install/ares_comm/include/ares_comm/ares_comm/msg/rosidl_typesupport_fastrtps_c__visibility_control.h
[0.875s] -- Up-to-date symlink: /home/fideow/ROBOCON25_simulation-master/install/ares_comm/include/ares_comm/ares_comm/srv/detail/execute__rosidl_typesupport_fastrtps_c.h
[0.875s] -- Up-to-date symlink: /home/fideow/ROBOCON25_simulation-master/install/ares_comm/include/ares_comm/ares_comm/msg/detail/data__rosidl_typesupport_introspection_c.h
[0.875s] -- Up-to-date symlink: /home/fideow/ROBOCON25_simulation-master/install/ares_comm/include/ares_comm/ares_comm/msg/detail/error__rosidl_typesupport_introspection_c.h
[0.875s] -- Up-to-date symlink: /home/fideow/ROBOCON25_simulation-master/install/ares_comm/include/ares_comm/ares_comm/msg/rosidl_typesupport_introspection_c__visibility_control.h
[0.875s] -- Up-to-date symlink: /home/fideow/ROBOCON25_simulation-master/install/ares_comm/include/ares_comm/ares_comm/srv/detail/execute__rosidl_typesupport_introspection_c.h
[0.875s] -- Up-to-date symlink: /home/fideow/ROBOCON25_simulation-master/install/ares_comm/include/ares_comm/ares_comm/msg/data.hpp
[0.875s] -- Up-to-date symlink: /home/fideow/ROBOCON25_simulation-master/install/ares_comm/include/ares_comm/ares_comm/msg/detail/data__builder.hpp
[0.875s] -- Up-to-date symlink: /home/fideow/ROBOCON25_simulation-master/install/ares_comm/include/ares_comm/ares_comm/msg/detail/data__struct.hpp
[0.875s] -- Up-to-date symlink: /home/fideow/ROBOCON25_simulation-master/install/ares_comm/include/ares_comm/ares_comm/msg/detail/data__traits.hpp
[0.875s] -- Up-to-date symlink: /home/fideow/ROBOCON25_simulation-master/install/ares_comm/include/ares_comm/ares_comm/msg/detail/data__type_support.hpp
[0.875s] -- Up-to-date symlink: /home/fideow/ROBOCON25_simulation-master/install/ares_comm/include/ares_comm/ares_comm/msg/detail/error__builder.hpp
[0.876s] -- Up-to-date symlink: /home/fideow/ROBOCON25_simulation-master/install/ares_comm/include/ares_comm/ares_comm/msg/detail/error__struct.hpp
[0.876s] -- Up-to-date symlink: /home/fideow/ROBOCON25_simulation-master/install/ares_comm/include/ares_comm/ares_comm/msg/detail/error__traits.hpp
[0.876s] -- Up-to-date symlink: /home/fideow/ROBOCON25_simulation-master/install/ares_comm/include/ares_comm/ares_comm/msg/detail/error__type_support.hpp
[0.876s] -- Up-to-date symlink: /home/fideow/ROBOCON25_simulation-master/install/ares_comm/include/ares_comm/ares_comm/msg/error.hpp
[0.876s] -- Up-to-date symlink: /home/fideow/ROBOCON25_simulation-master/install/ares_comm/include/ares_comm/ares_comm/msg/rosidl_generator_cpp__visibility_control.hpp
[0.876s] -- Up-to-date symlink: /home/fideow/ROBOCON25_simulation-master/install/ares_comm/include/ares_comm/ares_comm/srv/detail/execute__builder.hpp
[0.876s] -- Up-to-date symlink: /home/fideow/ROBOCON25_simulation-master/install/ares_comm/include/ares_comm/ares_comm/srv/detail/execute__struct.hpp
[0.876s] -- Up-to-date symlink: /home/fideow/ROBOCON25_simulation-master/install/ares_comm/include/ares_comm/ares_comm/srv/detail/execute__traits.hpp
[0.876s] -- Up-to-date symlink: /home/fideow/ROBOCON25_simulation-master/install/ares_comm/include/ares_comm/ares_comm/srv/detail/execute__type_support.hpp
[0.876s] -- Up-to-date symlink: /home/fideow/ROBOCON25_simulation-master/install/ares_comm/include/ares_comm/ares_comm/srv/execute.hpp
[0.886s] -- Up-to-date symlink: /home/fideow/ROBOCON25_simulation-master/install/ares_comm/include/ares_comm/ares_comm/msg/detail/data__rosidl_typesupport_fastrtps_cpp.hpp
[0.886s] -- Up-to-date symlink: /home/fideow/ROBOCON25_simulation-master/install/ares_comm/include/ares_comm/ares_comm/msg/detail/error__rosidl_typesupport_fastrtps_cpp.hpp
[0.886s] -- Up-to-date symlink: /home/fideow/ROBOCON25_simulation-master/install/ares_comm/include/ares_comm/ares_comm/msg/rosidl_typesupport_fastrtps_cpp__visibility_control.h
[0.887s] -- Up-to-date symlink: /home/fideow/ROBOCON25_simulation-master/install/ares_comm/include/ares_comm/ares_comm/srv/detail/execute__rosidl_typesupport_fastrtps_cpp.hpp
[0.887s] -- Up-to-date symlink: /home/fideow/ROBOCON25_simulation-master/install/ares_comm/include/ares_comm/ares_comm/msg/detail/data__rosidl_typesupport_introspection_cpp.hpp
[0.887s] -- Up-to-date symlink: /home/fideow/ROBOCON25_simulation-master/install/ares_comm/include/ares_comm/ares_comm/msg/detail/error__rosidl_typesupport_introspection_cpp.hpp
[0.887s] -- Up-to-date symlink: /home/fideow/ROBOCON25_simulation-master/install/ares_comm/include/ares_comm/ares_comm/srv/detail/execute__rosidl_typesupport_introspection_cpp.hpp
[0.887s] -- Up-to-date symlink: /home/fideow/ROBOCON25_simulation-master/install/ares_comm/share/ares_comm/environment/pythonpath.sh
[0.887s] -- Up-to-date symlink: /home/fideow/ROBOCON25_simulation-master/install/ares_comm/share/ares_comm/environment/pythonpath.dsv
[0.887s] -- Up-to-date symlink: /home/fideow/ROBOCON25_simulation-master/install/ares_comm/local/lib/python3.10/dist-packages/ares_comm-0.0.0-py3.10.egg-info/PKG-INFO
[0.887s] -- Up-to-date symlink: /home/fideow/ROBOCON25_simulation-master/install/ares_comm/local/lib/python3.10/dist-packages/ares_comm-0.0.0-py3.10.egg-info/SOURCES.txt
[0.887s] -- Up-to-date symlink: /home/fideow/ROBOCON25_simulation-master/install/ares_comm/local/lib/python3.10/dist-packages/ares_comm-0.0.0-py3.10.egg-info/dependency_links.txt
[0.887s] -- Up-to-date symlink: /home/fideow/ROBOCON25_simulation-master/install/ares_comm/local/lib/python3.10/dist-packages/ares_comm-0.0.0-py3.10.egg-info/top_level.txt
[0.887s] -- Up-to-date symlink: /home/fideow/ROBOCON25_simulation-master/install/ares_comm/local/lib/python3.10/dist-packages/ares_comm/__init__.py
[0.887s] -- Up-to-date symlink: /home/fideow/ROBOCON25_simulation-master/install/ares_comm/local/lib/python3.10/dist-packages/ares_comm/_ares_comm_s.ep.rosidl_typesupport_c.c
[0.887s] -- Up-to-date symlink: /home/fideow/ROBOCON25_simulation-master/install/ares_comm/local/lib/python3.10/dist-packages/ares_comm/_ares_comm_s.ep.rosidl_typesupport_fastrtps_c.c
[0.887s] -- Up-to-date symlink: /home/fideow/ROBOCON25_simulation-master/install/ares_comm/local/lib/python3.10/dist-packages/ares_comm/_ares_comm_s.ep.rosidl_typesupport_introspection_c.c
[0.887s] -- Up-to-date symlink: /home/fideow/ROBOCON25_simulation-master/install/ares_comm/local/lib/python3.10/dist-packages/ares_comm/ares_comm_s__rosidl_typesupport_c.cpython-310-x86_64-linux-gnu.so
[0.887s] -- Up-to-date symlink: /home/fideow/ROBOCON25_simulation-master/install/ares_comm/local/lib/python3.10/dist-packages/ares_comm/ares_comm_s__rosidl_typesupport_fastrtps_c.cpython-310-x86_64-linux-gnu.so
[0.888s] -- Up-to-date symlink: /home/fideow/ROBOCON25_simulation-master/install/ares_comm/local/lib/python3.10/dist-packages/ares_comm/ares_comm_s__rosidl_typesupport_introspection_c.cpython-310-x86_64-linux-gnu.so
[0.888s] -- Up-to-date symlink: /home/fideow/ROBOCON25_simulation-master/install/ares_comm/local/lib/python3.10/dist-packages/ares_comm/libares_comm__rosidl_generator_py.so
[0.888s] -- Up-to-date symlink: /home/fideow/ROBOCON25_simulation-master/install/ares_comm/local/lib/python3.10/dist-packages/ares_comm/msg/__init__.py
[0.888s] -- Up-to-date symlink: /home/fideow/ROBOCON25_simulation-master/install/ares_comm/local/lib/python3.10/dist-packages/ares_comm/msg/_data.py
[0.888s] -- Up-to-date symlink: /home/fideow/ROBOCON25_simulation-master/install/ares_comm/local/lib/python3.10/dist-packages/ares_comm/msg/_data_s.c
[0.888s] -- Up-to-date symlink: /home/fideow/ROBOCON25_simulation-master/install/ares_comm/local/lib/python3.10/dist-packages/ares_comm/msg/_error.py
[0.888s] -- Up-to-date symlink: /home/fideow/ROBOCON25_simulation-master/install/ares_comm/local/lib/python3.10/dist-packages/ares_comm/msg/_error_s.c
[0.888s] -- Up-to-date symlink: /home/fideow/ROBOCON25_simulation-master/install/ares_comm/local/lib/python3.10/dist-packages/ares_comm/srv/__init__.py
[0.888s] -- Up-to-date symlink: /home/fideow/ROBOCON25_simulation-master/install/ares_comm/local/lib/python3.10/dist-packages/ares_comm/srv/_execute.py
[0.888s] -- Up-to-date symlink: /home/fideow/ROBOCON25_simulation-master/install/ares_comm/local/lib/python3.10/dist-packages/ares_comm/srv/_execute_s.c
[0.888s] -- Up-to-date symlink: /home/fideow/ROBOCON25_simulation-master/install/ares_comm/local/lib/python3.10/dist-packages/ares_comm/ares_comm_s__rosidl_typesupport_fastrtps_c.cpython-310-x86_64-linux-gnu.so
[0.888s] -- Up-to-date symlink: /home/fideow/ROBOCON25_simulation-master/install/ares_comm/local/lib/python3.10/dist-packages/ares_comm/ares_comm_s__rosidl_typesupport_introspection_c.cpython-310-x86_64-linux-gnu.so
[0.890s] -- Up-to-date symlink: /home/fideow/ROBOCON25_simulation-master/install/ares_comm/local/lib/python3.10/dist-packages/ares_comm/ares_comm_s__rosidl_typesupport_c.cpython-310-x86_64-linux-gnu.so
[0.890s] -- Up-to-date symlink: /home/fideow/ROBOCON25_simulation-master/install/ares_comm/share/ares_comm/msg/Data.idl
[0.890s] -- Up-to-date symlink: /home/fideow/ROBOCON25_simulation-master/install/ares_comm/share/ares_comm/msg/Error.idl
[0.890s] -- Up-to-date symlink: /home/fideow/ROBOCON25_simulation-master/install/ares_comm/share/ares_comm/srv/Execute.idl
[0.891s] -- Up-to-date symlink: /home/fideow/ROBOCON25_simulation-master/install/ares_comm/share/ares_comm/msg/Data.msg
[0.891s] -- Up-to-date symlink: /home/fideow/ROBOCON25_simulation-master/install/ares_comm/share/ares_comm/msg/Error.msg
[0.891s] -- Up-to-date symlink: /home/fideow/ROBOCON25_simulation-master/install/ares_comm/share/ares_comm/srv/Execute.srv
[0.891s] -- Up-to-date symlink: /home/fideow/ROBOCON25_simulation-master/install/ares_comm/share/ares_comm/srv/Execute_Request.msg
[0.891s] -- Up-to-date symlink: /home/fideow/ROBOCON25_simulation-master/install/ares_comm/share/ares_comm/srv/Execute_Response.msg
[0.891s] -- Up-to-date symlink: /home/fideow/ROBOCON25_simulation-master/install/ares_comm/lib/ares_comm/ares_comm_node
[0.891s] -- Up-to-date symlink: /home/fideow/ROBOCON25_simulation-master/install/ares_comm/lib/ares_comm/imu_sensor_node
[0.891s] -- Up-to-date symlink: /home/fideow/ROBOCON25_simulation-master/install/ares_comm/share/ares_comm//launch/ares_comm.launch.py
[0.891s] -- Up-to-date symlink: /home/fideow/ROBOCON25_simulation-master/install/ares_comm/share/ares_comm//launch/imu_sensor.launch.py
[0.891s] -- Up-to-date symlink: /home/fideow/ROBOCON25_simulation-master/install/ares_comm/include/ares_comm/crc.hpp
[0.891s] -- Up-to-date symlink: /home/fideow/ROBOCON25_simulation-master/install/ares_comm/include/ares_comm/protocol_parser.hpp
[0.891s] -- Up-to-date symlink: /home/fideow/ROBOCON25_simulation-master/install/ares_comm/include/ares_comm/serial_interface.hpp
[0.891s] -- Up-to-date symlink: /home/fideow/ROBOCON25_simulation-master/install/ares_comm/share/ament_index/resource_index/package_run_dependencies/ares_comm
[0.891s] -- Up-to-date symlink: /home/fideow/ROBOCON25_simulation-master/install/ares_comm/share/ament_index/resource_index/parent_prefix_path/ares_comm
[0.891s] -- Up-to-date symlink: /home/fideow/ROBOCON25_simulation-master/install/ares_comm/share/ares_comm/environment/ament_prefix_path.sh
[0.891s] -- Up-to-date symlink: /home/fideow/ROBOCON25_simulation-master/install/ares_comm/share/ares_comm/environment/ament_prefix_path.dsv
[0.891s] -- Up-to-date symlink: /home/fideow/ROBOCON25_simulation-master/install/ares_comm/share/ares_comm/environment/path.sh
[0.892s] -- Up-to-date symlink: /home/fideow/ROBOCON25_simulation-master/install/ares_comm/share/ares_comm/environment/path.dsv
[0.892s] -- Up-to-date symlink: /home/fideow/ROBOCON25_simulation-master/install/ares_comm/share/ares_comm/local_setup.bash
[0.892s] -- Up-to-date symlink: /home/fideow/ROBOCON25_simulation-master/install/ares_comm/share/ares_comm/local_setup.sh
[0.892s] -- Up-to-date symlink: /home/fideow/ROBOCON25_simulation-master/install/ares_comm/share/ares_comm/local_setup.zsh
[0.892s] -- Up-to-date symlink: /home/fideow/ROBOCON25_simulation-master/install/ares_comm/share/ares_comm/local_setup.dsv
[0.892s] -- Symlinking: /home/fideow/ROBOCON25_simulation-master/install/ares_comm/share/ares_comm/package.dsv
[0.905s] -- Up-to-date symlink: /home/fideow/ROBOCON25_simulation-master/install/ares_comm/share/ament_index/resource_index/packages/ares_comm
[0.905s] -- Up-to-date symlink: /home/fideow/ROBOCON25_simulation-master/install/ares_comm/share/ares_comm/cmake/rosidl_cmake-extras.cmake
[0.906s] -- Up-to-date symlink: /home/fideow/ROBOCON25_simulation-master/install/ares_comm/share/ares_comm/cmake/ament_cmake_export_include_directories-extras.cmake
[0.906s] -- Up-to-date symlink: /home/fideow/ROBOCON25_simulation-master/install/ares_comm/share/ares_comm/cmake/ament_cmake_export_libraries-extras.cmake
[0.906s] -- Up-to-date symlink: /home/fideow/ROBOCON25_simulation-master/install/ares_comm/share/ares_comm/cmake/ament_cmake_export_targets-extras.cmake
[0.906s] -- Up-to-date symlink: /home/fideow/ROBOCON25_simulation-master/install/ares_comm/share/ares_comm/cmake/rosidl_cmake_export_typesupport_targets-extras.cmake
[0.906s] -- Up-to-date symlink: /home/fideow/ROBOCON25_simulation-master/install/ares_comm/share/ares_comm/cmake/ament_cmake_export_dependencies-extras.cmake
[0.906s] -- Up-to-date symlink: /home/fideow/ROBOCON25_simulation-master/install/ares_comm/share/ares_comm/cmake/rosidl_cmake_export_typesupport_libraries-extras.cmake
[0.906s] -- Up-to-date symlink: /home/fideow/ROBOCON25_simulation-master/install/ares_comm/share/ares_comm/cmake/ares_commConfig.cmake
[0.906s] -- Up-to-date symlink: /home/fideow/ROBOCON25_simulation-master/install/ares_comm/share/ares_comm/cmake/ares_commConfig-version.cmake
[0.906s] -- Up-to-date symlink: /home/fideow/ROBOCON25_simulation-master/install/ares_comm/share/ares_comm/package.xml
[0.906s] -- Up-to-date: /home/fideow/ROBOCON25_simulation-master/install/ares_comm/lib/libares_comm__rosidl_generator_c.so
[0.907s] -- Up-to-date: /home/fideow/ROBOCON25_simulation-master/install/ares_comm/lib/libares_comm__rosidl_typesupport_fastrtps_c.so
[0.907s] -- Up-to-date: /home/fideow/ROBOCON25_simulation-master/install/ares_comm/lib/libares_comm__rosidl_typesupport_introspection_c.so
[0.907s] -- Up-to-date: /home/fideow/ROBOCON25_simulation-master/install/ares_comm/lib/libares_comm__rosidl_typesupport_c.so
[0.907s] -- Up-to-date: /home/fideow/ROBOCON25_simulation-master/install/ares_comm/lib/libares_comm__rosidl_typesupport_fastrtps_cpp.so
[0.907s] -- Up-to-date: /home/fideow/ROBOCON25_simulation-master/install/ares_comm/lib/libares_comm__rosidl_typesupport_introspection_cpp.so
[0.909s] -- Up-to-date: /home/fideow/ROBOCON25_simulation-master/install/ares_comm/lib/libares_comm__rosidl_typesupport_cpp.so
[0.952s] Listing '/home/fideow/ROBOCON25_simulation-master/install/ares_comm/local/lib/python3.10/dist-packages/ares_comm'...
[0.952s] Listing '/home/fideow/ROBOCON25_simulation-master/install/ares_comm/local/lib/python3.10/dist-packages/ares_comm/msg'...
[0.952s] Listing '/home/fideow/ROBOCON25_simulation-master/install/ares_comm/local/lib/python3.10/dist-packages/ares_comm/srv'...
[0.971s] -- Up-to-date: /home/fideow/ROBOCON25_simulation-master/install/ares_comm/lib/libares_comm__rosidl_generator_py.so
[0.971s] -- Up-to-date: /home/fideow/ROBOCON25_simulation-master/install/ares_comm/lib/libares_comm_lib.so
[0.971s] -- Up-to-date: /home/fideow/ROBOCON25_simulation-master/install/ares_comm/share/ares_comm/cmake/export_ares_comm__rosidl_generator_cExport.cmake
[0.971s] -- Up-to-date: /home/fideow/ROBOCON25_simulation-master/install/ares_comm/share/ares_comm/cmake/export_ares_comm__rosidl_generator_cExport-noconfig.cmake
[0.971s] -- Up-to-date: /home/fideow/ROBOCON25_simulation-master/install/ares_comm/share/ares_comm/cmake/export_ares_comm__rosidl_typesupport_fastrtps_cExport.cmake
[0.971s] -- Up-to-date: /home/fideow/ROBOCON25_simulation-master/install/ares_comm/share/ares_comm/cmake/export_ares_comm__rosidl_typesupport_fastrtps_cExport-noconfig.cmake
[0.971s] -- Up-to-date: /home/fideow/ROBOCON25_simulation-master/install/ares_comm/share/ares_comm/cmake/ares_comm__rosidl_typesupport_introspection_cExport.cmake
[0.971s] -- Up-to-date: /home/fideow/ROBOCON25_simulation-master/install/ares_comm/share/ares_comm/cmake/ares_comm__rosidl_typesupport_introspection_cExport-noconfig.cmake
[0.971s] -- Up-to-date: /home/fideow/ROBOCON25_simulation-master/install/ares_comm/share/ares_comm/cmake/ares_comm__rosidl_typesupport_cExport.cmake
[0.971s] -- Up-to-date: /home/fideow/ROBOCON25_simulation-master/install/ares_comm/share/ares_comm/cmake/ares_comm__rosidl_typesupport_cExport-noconfig.cmake
[0.971s] -- Up-to-date: /home/fideow/ROBOCON25_simulation-master/install/ares_comm/share/ares_comm/cmake/export_ares_comm__rosidl_generator_cppExport.cmake
[0.971s] -- Up-to-date: /home/fideow/ROBOCON25_simulation-master/install/ares_comm/share/ares_comm/cmake/export_ares_comm__rosidl_typesupport_fastrtps_cppExport.cmake
[0.971s] -- Up-to-date: /home/fideow/ROBOCON25_simulation-master/install/ares_comm/share/ares_comm/cmake/export_ares_comm__rosidl_typesupport_fastrtps_cppExport-noconfig.cmake
[0.972s] -- Up-to-date: /home/fideow/ROBOCON25_simulation-master/install/ares_comm/share/ares_comm/cmake/ares_comm__rosidl_typesupport_introspection_cppExport.cmake
[0.972s] -- Up-to-date: /home/fideow/ROBOCON25_simulation-master/install/ares_comm/share/ares_comm/cmake/ares_comm__rosidl_typesupport_introspection_cppExport-noconfig.cmake
[0.972s] -- Up-to-date: /home/fideow/ROBOCON25_simulation-master/install/ares_comm/share/ares_comm/cmake/ares_comm__rosidl_typesupport_cppExport.cmake
[0.972s] -- Up-to-date: /home/fideow/ROBOCON25_simulation-master/install/ares_comm/share/ares_comm/cmake/ares_comm__rosidl_typesupport_cppExport-noconfig.cmake
[0.973s] -- Up-to-date: /home/fideow/ROBOCON25_simulation-master/install/ares_comm/share/ares_comm/cmake/export_ares_comm__rosidl_generator_pyExport.cmake
[0.974s] -- Up-to-date: /home/fideow/ROBOCON25_simulation-master/install/ares_comm/share/ares_comm/cmake/export_ares_comm__rosidl_generator_pyExport-noconfig.cmake
[0.978s] -- Up-to-date: /home/fideow/ROBOCON25_simulation-master/install/ares_comm/share/ares_comm/cmake/export_ares_comm_libExport.cmake
[0.978s] -- Up-to-date: /home/fideow/ROBOCON25_simulation-master/install/ares_comm/share/ares_comm/cmake/export_ares_comm_libExport-noconfig.cmake
[1.264s] Invoked command in '/home/fideow/ROBOCON25_simulation-master/build/ares_comm' returned '0': CMAKE_PREFIX_PATH=/opt/ros/humble /usr/bin/cmake --install /home/fideow/ROBOCON25_simulation-master/build/ares_comm
