running egg_info
creating ../build/laser/laser.egg-info
writing ../build/laser/laser.egg-info/PKG-INFO
writing dependency_links to ../build/laser/laser.egg-info/dependency_links.txt
writing entry points to ../build/laser/laser.egg-info/entry_points.txt
writing requirements to ../build/laser/laser.egg-info/requires.txt
writing top-level names to ../build/laser/laser.egg-info/top_level.txt
writing manifest file '../build/laser/laser.egg-info/SOURCES.txt'
reading manifest file '../build/laser/laser.egg-info/SOURCES.txt'
writing manifest file '../build/laser/laser.egg-info/SOURCES.txt'
running build
running build_py
creating /home/fideow/ROBOCON25_simulation-master/src/build/laser/build
creating /home/fideow/ROBOCON25_simulation-master/src/build/laser/build/lib
creating /home/fideow/ROBOCON25_simulation-master/src/build/laser/build/lib/laser
copying laser/Real.py -> /home/fideow/ROBOCON25_simulation-master/src/build/laser/build/lib/laser
copying laser/get.py -> /home/fideow/ROBOCON25_simulation-master/src/build/laser/build/lib/laser
copying laser/laser.py -> /home/fideow/ROBOCON25_simulation-master/src/build/laser/build/lib/laser
copying laser/__init__.py -> /home/fideow/ROBOCON25_simulation-master/src/build/laser/build/lib/laser
running install
running install_lib
creating /home/fideow/ROBOCON25_simulation-master/src/install/laser/lib/python3.10/site-packages/laser
copying /home/fideow/ROBOCON25_simulation-master/src/build/laser/build/lib/laser/Real.py -> /home/fideow/ROBOCON25_simulation-master/src/install/laser/lib/python3.10/site-packages/laser
copying /home/fideow/ROBOCON25_simulation-master/src/build/laser/build/lib/laser/get.py -> /home/fideow/ROBOCON25_simulation-master/src/install/laser/lib/python3.10/site-packages/laser
copying /home/fideow/ROBOCON25_simulation-master/src/build/laser/build/lib/laser/laser.py -> /home/fideow/ROBOCON25_simulation-master/src/install/laser/lib/python3.10/site-packages/laser
copying /home/fideow/ROBOCON25_simulation-master/src/build/laser/build/lib/laser/__init__.py -> /home/fideow/ROBOCON25_simulation-master/src/install/laser/lib/python3.10/site-packages/laser
byte-compiling /home/fideow/ROBOCON25_simulation-master/src/install/laser/lib/python3.10/site-packages/laser/Real.py to Real.cpython-310.pyc
byte-compiling /home/fideow/ROBOCON25_simulation-master/src/install/laser/lib/python3.10/site-packages/laser/get.py to get.cpython-310.pyc
byte-compiling /home/fideow/ROBOCON25_simulation-master/src/install/laser/lib/python3.10/site-packages/laser/laser.py to laser.cpython-310.pyc
byte-compiling /home/fideow/ROBOCON25_simulation-master/src/install/laser/lib/python3.10/site-packages/laser/__init__.py to __init__.cpython-310.pyc
running install_data
creating /home/fideow/ROBOCON25_simulation-master/src/install/laser/share/ament_index
creating /home/fideow/ROBOCON25_simulation-master/src/install/laser/share/ament_index/resource_index
creating /home/fideow/ROBOCON25_simulation-master/src/install/laser/share/ament_index/resource_index/packages
copying resource/laser -> /home/fideow/ROBOCON25_simulation-master/src/install/laser/share/ament_index/resource_index/packages
copying package.xml -> /home/fideow/ROBOCON25_simulation-master/src/install/laser/share/laser
running install_egg_info
Copying ../build/laser/laser.egg-info to /home/fideow/ROBOCON25_simulation-master/src/install/laser/lib/python3.10/site-packages/laser-0.0.0-py3.10.egg-info
running install_scripts
Installing laser script to /home/fideow/ROBOCON25_simulation-master/src/install/laser/lib/laser
Installing laser_position script to /home/fideow/ROBOCON25_simulation-master/src/install/laser/lib/laser
writing list of installed files to '/home/fideow/ROBOCON25_simulation-master/src/build/laser/install.log'
