[1.755s] Invoking command in '/home/fideow/ROBOCON25_simulation-master/src/laser': PYTHONPATH=/home/fideow/ROBOCON25_simulation-master/src/build/laser/prefix_override:/usr/lib/python3/dist-packages/colcon_core/task/python/colcon_distutils_commands:/home/fideow/ROBOCON25_simulation-master/src/install/laser/lib/python3.10/site-packages:${PYTHONPATH} /usr/bin/python3 -W ignore:setup.py install is deprecated -W ignore:easy_install command is deprecated setup.py egg_info --egg-base ../build/laser build --build-base /home/fideow/ROBOCON25_simulation-master/src/build/laser/build install --record /home/fideow/ROBOCON25_simulation-master/src/build/laser/install.log --single-version-externally-managed install_data
[2.213s] running egg_info
[2.215s] creating ../build/laser/laser.egg-info
[2.215s] writing ../build/laser/laser.egg-info/PKG-INFO
[2.215s] writing dependency_links to ../build/laser/laser.egg-info/dependency_links.txt
[2.215s] writing entry points to ../build/laser/laser.egg-info/entry_points.txt
[2.215s] writing requirements to ../build/laser/laser.egg-info/requires.txt
[2.215s] writing top-level names to ../build/laser/laser.egg-info/top_level.txt
[2.215s] writing manifest file '../build/laser/laser.egg-info/SOURCES.txt'
[2.217s] reading manifest file '../build/laser/laser.egg-info/SOURCES.txt'
[2.217s] writing manifest file '../build/laser/laser.egg-info/SOURCES.txt'
[2.217s] running build
[2.217s] running build_py
[2.217s] creating /home/fideow/ROBOCON25_simulation-master/src/build/laser/build
[2.217s] creating /home/fideow/ROBOCON25_simulation-master/src/build/laser/build/lib
[2.217s] creating /home/fideow/ROBOCON25_simulation-master/src/build/laser/build/lib/laser
[2.217s] copying laser/Real.py -> /home/fideow/ROBOCON25_simulation-master/src/build/laser/build/lib/laser
[2.217s] copying laser/get.py -> /home/fideow/ROBOCON25_simulation-master/src/build/laser/build/lib/laser
[2.217s] copying laser/laser.py -> /home/fideow/ROBOCON25_simulation-master/src/build/laser/build/lib/laser
[2.218s] copying laser/__init__.py -> /home/fideow/ROBOCON25_simulation-master/src/build/laser/build/lib/laser
[2.223s] running install
[2.223s] running install_lib
[2.223s] creating /home/fideow/ROBOCON25_simulation-master/src/install/laser/lib/python3.10/site-packages/laser
[2.223s] copying /home/fideow/ROBOCON25_simulation-master/src/build/laser/build/lib/laser/Real.py -> /home/fideow/ROBOCON25_simulation-master/src/install/laser/lib/python3.10/site-packages/laser
[2.223s] copying /home/fideow/ROBOCON25_simulation-master/src/build/laser/build/lib/laser/get.py -> /home/fideow/ROBOCON25_simulation-master/src/install/laser/lib/python3.10/site-packages/laser
[2.223s] copying /home/fideow/ROBOCON25_simulation-master/src/build/laser/build/lib/laser/laser.py -> /home/fideow/ROBOCON25_simulation-master/src/install/laser/lib/python3.10/site-packages/laser
[2.223s] copying /home/fideow/ROBOCON25_simulation-master/src/build/laser/build/lib/laser/__init__.py -> /home/fideow/ROBOCON25_simulation-master/src/install/laser/lib/python3.10/site-packages/laser
[2.224s] byte-compiling /home/fideow/ROBOCON25_simulation-master/src/install/laser/lib/python3.10/site-packages/laser/Real.py to Real.cpython-310.pyc
[2.226s] byte-compiling /home/fideow/ROBOCON25_simulation-master/src/install/laser/lib/python3.10/site-packages/laser/get.py to get.cpython-310.pyc
[2.226s] byte-compiling /home/fideow/ROBOCON25_simulation-master/src/install/laser/lib/python3.10/site-packages/laser/laser.py to laser.cpython-310.pyc
[2.226s] byte-compiling /home/fideow/ROBOCON25_simulation-master/src/install/laser/lib/python3.10/site-packages/laser/__init__.py to __init__.cpython-310.pyc
[2.227s] running install_data
[2.227s] creating /home/fideow/ROBOCON25_simulation-master/src/install/laser/share/ament_index
[2.227s] creating /home/fideow/ROBOCON25_simulation-master/src/install/laser/share/ament_index/resource_index
[2.227s] creating /home/fideow/ROBOCON25_simulation-master/src/install/laser/share/ament_index/resource_index/packages
[2.227s] copying resource/laser -> /home/fideow/ROBOCON25_simulation-master/src/install/laser/share/ament_index/resource_index/packages
[2.227s] copying package.xml -> /home/fideow/ROBOCON25_simulation-master/src/install/laser/share/laser
[2.228s] running install_egg_info
[2.230s] Copying ../build/laser/laser.egg-info to /home/fideow/ROBOCON25_simulation-master/src/install/laser/lib/python3.10/site-packages/laser-0.0.0-py3.10.egg-info
[2.231s] running install_scripts
[2.260s] Installing laser script to /home/fideow/ROBOCON25_simulation-master/src/install/laser/lib/laser
[2.260s] Installing laser_position script to /home/fideow/ROBOCON25_simulation-master/src/install/laser/lib/laser
[2.260s] writing list of installed files to '/home/fideow/ROBOCON25_simulation-master/src/build/laser/install.log'
[2.303s] Invoked command in '/home/fideow/ROBOCON25_simulation-master/src/laser' returned '0': PYTHONPATH=/home/fideow/ROBOCON25_simulation-master/src/build/laser/prefix_override:/usr/lib/python3/dist-packages/colcon_core/task/python/colcon_distutils_commands:/home/fideow/ROBOCON25_simulation-master/src/install/laser/lib/python3.10/site-packages:${PYTHONPATH} /usr/bin/python3 -W ignore:setup.py install is deprecated -W ignore:easy_install command is deprecated setup.py egg_info --egg-base ../build/laser build --build-base /home/fideow/ROBOCON25_simulation-master/src/build/laser/build install --record /home/fideow/ROBOCON25_simulation-master/src/build/laser/install.log --single-version-externally-managed install_data
