running develop
running egg_info
creating laser.egg-info
writing laser.egg-info/PKG-INFO
writing dependency_links to laser.egg-info/dependency_links.txt
writing entry points to laser.egg-info/entry_points.txt
writing requirements to laser.egg-info/requires.txt
writing top-level names to laser.egg-info/top_level.txt
writing manifest file 'laser.egg-info/SOURCES.txt'
reading manifest file 'laser.egg-info/SOURCES.txt'
writing manifest file 'laser.egg-info/SOURCES.txt'
running build_ext
Creating /home/fideow/ROBOCON25_simulation-master/install/laser/lib/python3.10/site-packages/laser.egg-link (link to .)
Installing laser script to /home/fideow/ROBOCON25_simulation-master/install/laser/lib/laser
Installing laser_position script to /home/fideow/ROBOCON25_simulation-master/install/laser/lib/laser

Installed /home/fideow/ROBOCON25_simulation-master/build/laser
running symlink_data
creating /home/fideow/ROBOCON25_simulation-master/install/laser/share/ament_index
creating /home/fideow/ROBOCON25_simulation-master/install/laser/share/ament_index/resource_index
creating /home/fideow/ROBOCON25_simulation-master/install/laser/share/ament_index/resource_index/packages
symbolically linking /home/fideow/ROBOCON25_simulation-master/build/laser/resource/laser -> /home/fideow/ROBOCON25_simulation-master/install/laser/share/ament_index/resource_index/packages
symbolically linking /home/fideow/ROBOCON25_simulation-master/build/laser/package.xml -> /home/fideow/ROBOCON25_simulation-master/install/laser/share/laser
