[1.939s] Invoking command in '/home/fideow/ROBOCON25_simulation-master/build/laser': PYTHONPATH=/home/fideow/ROBOCON25_simulation-master/build/laser/prefix_override:/usr/lib/python3/dist-packages/colcon_core/task/python/colcon_distutils_commands:/home/fideow/ROBOCON25_simulation-master/install/laser/lib/python3.10/site-packages:${PYTHONPATH} /usr/bin/python3 -W ignore:setup.py install is deprecated -W ignore:easy_install command is deprecated setup.py develop --editable --build-directory /home/fideow/ROBOCON25_simulation-master/build/laser/build --no-deps symlink_data
[2.444s] running develop
[2.765s] running egg_info
[2.765s] creating laser.egg-info
[2.767s] writing laser.egg-info/PKG-INFO
[2.768s] writing dependency_links to laser.egg-info/dependency_links.txt
[2.768s] writing entry points to laser.egg-info/entry_points.txt
[2.768s] writing requirements to laser.egg-info/requires.txt
[2.768s] writing top-level names to laser.egg-info/top_level.txt
[2.773s] writing manifest file 'laser.egg-info/SOURCES.txt'
[2.773s] reading manifest file 'laser.egg-info/SOURCES.txt'
[2.773s] writing manifest file 'laser.egg-info/SOURCES.txt'
[2.775s] running build_ext
[2.776s] Creating /home/fideow/ROBOCON25_simulation-master/install/laser/lib/python3.10/site-packages/laser.egg-link (link to .)
[2.780s] Installing laser script to /home/fideow/ROBOCON25_simulation-master/install/laser/lib/laser
[2.780s] Installing laser_position script to /home/fideow/ROBOCON25_simulation-master/install/laser/lib/laser
[2.780s] 
[2.781s] Installed /home/fideow/ROBOCON25_simulation-master/build/laser
[2.781s] running symlink_data
[2.781s] creating /home/fideow/ROBOCON25_simulation-master/install/laser/share/ament_index
[2.781s] creating /home/fideow/ROBOCON25_simulation-master/install/laser/share/ament_index/resource_index
[2.781s] creating /home/fideow/ROBOCON25_simulation-master/install/laser/share/ament_index/resource_index/packages
[2.781s] symbolically linking /home/fideow/ROBOCON25_simulation-master/build/laser/resource/laser -> /home/fideow/ROBOCON25_simulation-master/install/laser/share/ament_index/resource_index/packages
[2.781s] symbolically linking /home/fideow/ROBOCON25_simulation-master/build/laser/package.xml -> /home/fideow/ROBOCON25_simulation-master/install/laser/share/laser
[2.849s] Invoked command in '/home/fideow/ROBOCON25_simulation-master/build/laser' returned '0': PYTHONPATH=/home/fideow/ROBOCON25_simulation-master/build/laser/prefix_override:/usr/lib/python3/dist-packages/colcon_core/task/python/colcon_distutils_commands:/home/fideow/ROBOCON25_simulation-master/install/laser/lib/python3.10/site-packages:${PYTHONPATH} /usr/bin/python3 -W ignore:setup.py install is deprecated -W ignore:easy_install command is deprecated setup.py develop --editable --build-directory /home/fideow/ROBOCON25_simulation-master/build/laser/build --no-deps symlink_data
