[1.739s] Invoking command in '/home/fideow/ROBOCON25_simulation-master/src/omni_mpc_controller': PYTHONPATH=/home/fideow/ROBOCON25_simulation-master/src/build/omni_mpc_controller/prefix_override:/usr/lib/python3/dist-packages/colcon_core/task/python/colcon_distutils_commands:/home/fideow/ROBOCON25_simulation-master/src/install/omni_mpc_controller/lib/python3.10/site-packages:${PYTHONPATH} /usr/bin/python3 -W ignore:setup.py install is deprecated -W ignore:easy_install command is deprecated setup.py egg_info --egg-base ../build/omni_mpc_controller build --build-base /home/fideow/ROBOCON25_simulation-master/src/build/omni_mpc_controller/build install --record /home/fideow/ROBOCON25_simulation-master/src/build/omni_mpc_controller/install.log --single-version-externally-managed install_data
[2.174s] running egg_info
[2.174s] creating ../build/omni_mpc_controller/omni_mpc_controller.egg-info
[2.174s] writing ../build/omni_mpc_controller/omni_mpc_controller.egg-info/PKG-INFO
[2.175s] writing dependency_links to ../build/omni_mpc_controller/omni_mpc_controller.egg-info/dependency_links.txt
[2.175s] writing entry points to ../build/omni_mpc_controller/omni_mpc_controller.egg-info/entry_points.txt
[2.175s] writing requirements to ../build/omni_mpc_controller/omni_mpc_controller.egg-info/requires.txt
[2.175s] writing top-level names to ../build/omni_mpc_controller/omni_mpc_controller.egg-info/top_level.txt
[2.175s] writing manifest file '../build/omni_mpc_controller/omni_mpc_controller.egg-info/SOURCES.txt'
[2.175s] reading manifest file '../build/omni_mpc_controller/omni_mpc_controller.egg-info/SOURCES.txt'
[2.175s] writing manifest file '../build/omni_mpc_controller/omni_mpc_controller.egg-info/SOURCES.txt'
[2.183s] running build
[2.184s] running build_py
[2.184s] creating /home/fideow/ROBOCON25_simulation-master/src/build/omni_mpc_controller/build
[2.184s] creating /home/fideow/ROBOCON25_simulation-master/src/build/omni_mpc_controller/build/lib
[2.184s] creating /home/fideow/ROBOCON25_simulation-master/src/build/omni_mpc_controller/build/lib/omni_mpc_controller
[2.184s] copying omni_mpc_controller/__init__.py -> /home/fideow/ROBOCON25_simulation-master/src/build/omni_mpc_controller/build/lib/omni_mpc_controller
[2.184s] running install
[2.184s] running install_lib
[2.184s] creating /home/fideow/ROBOCON25_simulation-master/src/install/omni_mpc_controller/lib/python3.10/site-packages/omni_mpc_controller
[2.184s] copying /home/fideow/ROBOCON25_simulation-master/src/build/omni_mpc_controller/build/lib/omni_mpc_controller/__init__.py -> /home/fideow/ROBOCON25_simulation-master/src/install/omni_mpc_controller/lib/python3.10/site-packages/omni_mpc_controller
[2.184s] byte-compiling /home/fideow/ROBOCON25_simulation-master/src/install/omni_mpc_controller/lib/python3.10/site-packages/omni_mpc_controller/__init__.py to __init__.cpython-310.pyc
[2.184s] running install_data
[2.184s] creating /home/fideow/ROBOCON25_simulation-master/src/install/omni_mpc_controller/share/ament_index
[2.185s] creating /home/fideow/ROBOCON25_simulation-master/src/install/omni_mpc_controller/share/ament_index/resource_index
[2.185s] creating /home/fideow/ROBOCON25_simulation-master/src/install/omni_mpc_controller/share/ament_index/resource_index/packages
[2.185s] copying resource/omni_mpc_controller -> /home/fideow/ROBOCON25_simulation-master/src/install/omni_mpc_controller/share/ament_index/resource_index/packages
[2.185s] copying package.xml -> /home/fideow/ROBOCON25_simulation-master/src/install/omni_mpc_controller/share/omni_mpc_controller
[2.185s] running install_egg_info
[2.185s] Copying ../build/omni_mpc_controller/omni_mpc_controller.egg-info to /home/fideow/ROBOCON25_simulation-master/src/install/omni_mpc_controller/lib/python3.10/site-packages/omni_mpc_controller-0.0.0-py3.10.egg-info
[2.185s] running install_scripts
[2.185s] Installing omni_mpc_controller_node script to /home/fideow/ROBOCON25_simulation-master/src/install/omni_mpc_controller/lib/omni_mpc_controller
[2.185s] writing list of installed files to '/home/fideow/ROBOCON25_simulation-master/src/build/omni_mpc_controller/install.log'
[2.197s] Invoked command in '/home/fideow/ROBOCON25_simulation-master/src/omni_mpc_controller' returned '0': PYTHONPATH=/home/fideow/ROBOCON25_simulation-master/src/build/omni_mpc_controller/prefix_override:/usr/lib/python3/dist-packages/colcon_core/task/python/colcon_distutils_commands:/home/fideow/ROBOCON25_simulation-master/src/install/omni_mpc_controller/lib/python3.10/site-packages:${PYTHONPATH} /usr/bin/python3 -W ignore:setup.py install is deprecated -W ignore:easy_install command is deprecated setup.py egg_info --egg-base ../build/omni_mpc_controller build --build-base /home/fideow/ROBOCON25_simulation-master/src/build/omni_mpc_controller/build install --record /home/fideow/ROBOCON25_simulation-master/src/build/omni_mpc_controller/install.log --single-version-externally-managed install_data
