[0.021s] Invoking command in '/home/furry/Desktop/ARES_simulation_master/build/simulation_bringup': AMENT_PREFIX_PATH=/home/furry/Desktop/ARES_simulation_master/install/my_robot_description:${AMENT_PREFIX_PATH} CMAKE_PREFIX_PATH=/home/furry/Desktop/ARES_simulation_master/install/my_robot_description:/home/furry/Desktop/dog/install/myrobot_controller:/home/furry/Desktop/dog/install/my_robot_bringup:/home/furry/Desktop/dog/install/my_robot_description:/home/furry/Desktop/dog/install/laser_position:/home/furry/Desktop/dog/install/laser:/opt/ros/humble /usr/bin/cmake /home/furry/Desktop/ARES_simulation_master/src/simulation_bringup -DAMENT_CMAKE_SYMLINK_INSTALL=1 -DCMAKE_INSTALL_PREFIX=/home/furry/Desktop/ARES_simulation_master/install/simulation_bringup
[0.064s] -- The C compiler identification is GNU 11.4.0
[0.104s] -- The CXX compiler identification is GNU 11.4.0
[0.113s] -- Detecting C compiler ABI info
[0.172s] -- Detecting C compiler ABI info - done
[0.177s] -- Check for working C compiler: /usr/bin/cc - skipped
[0.177s] -- Detecting C compile features
[0.177s] -- Detecting C compile features - done
[0.179s] -- Detecting CXX compiler ABI info
[0.247s] -- Detecting CXX compiler ABI info - done
[0.255s] -- Check for working CXX compiler: /usr/bin/c++ - skipped
[0.255s] -- Detecting CXX compile features
[0.256s] -- Detecting CXX compile features - done
[0.259s] -- Found ament_cmake: 1.3.11 (/opt/ros/humble/share/ament_cmake/cmake)
[0.391s] -- Found Python3: /usr/bin/python3 (found version "3.10.12") found components: Interpreter 
[0.448s] -- Override CMake install command with custom implementation using symlinks instead of copying resources
[0.470s] -- Found rclpy: 3.3.15 (/opt/ros/humble/share/rclpy/cmake)
[0.521s] -- Configuring done
[0.524s] -- Generating done
[0.525s] -- Build files have been written to: /home/furry/Desktop/ARES_simulation_master/build/simulation_bringup
[0.529s] Invoked command in '/home/furry/Desktop/ARES_simulation_master/build/simulation_bringup' returned '0': AMENT_PREFIX_PATH=/home/furry/Desktop/ARES_simulation_master/install/my_robot_description:${AMENT_PREFIX_PATH} CMAKE_PREFIX_PATH=/home/furry/Desktop/ARES_simulation_master/install/my_robot_description:/home/furry/Desktop/dog/install/myrobot_controller:/home/furry/Desktop/dog/install/my_robot_bringup:/home/furry/Desktop/dog/install/my_robot_description:/home/furry/Desktop/dog/install/laser_position:/home/furry/Desktop/dog/install/laser:/opt/ros/humble /usr/bin/cmake /home/furry/Desktop/ARES_simulation_master/src/simulation_bringup -DAMENT_CMAKE_SYMLINK_INSTALL=1 -DCMAKE_INSTALL_PREFIX=/home/furry/Desktop/ARES_simulation_master/install/simulation_bringup
[0.531s] Invoking command in '/home/furry/Desktop/ARES_simulation_master/build/simulation_bringup': AMENT_PREFIX_PATH=/home/furry/Desktop/ARES_simulation_master/install/my_robot_description:${AMENT_PREFIX_PATH} CMAKE_PREFIX_PATH=/home/furry/Desktop/ARES_simulation_master/install/my_robot_description:/home/furry/Desktop/dog/install/myrobot_controller:/home/furry/Desktop/dog/install/my_robot_bringup:/home/furry/Desktop/dog/install/my_robot_description:/home/furry/Desktop/dog/install/laser_position:/home/furry/Desktop/dog/install/laser:/opt/ros/humble /usr/bin/cmake --build /home/furry/Desktop/ARES_simulation_master/build/simulation_bringup -- -j24 -l24
[0.560s] Invoked command in '/home/furry/Desktop/ARES_simulation_master/build/simulation_bringup' returned '0': AMENT_PREFIX_PATH=/home/furry/Desktop/ARES_simulation_master/install/my_robot_description:${AMENT_PREFIX_PATH} CMAKE_PREFIX_PATH=/home/furry/Desktop/ARES_simulation_master/install/my_robot_description:/home/furry/Desktop/dog/install/myrobot_controller:/home/furry/Desktop/dog/install/my_robot_bringup:/home/furry/Desktop/dog/install/my_robot_description:/home/furry/Desktop/dog/install/laser_position:/home/furry/Desktop/dog/install/laser:/opt/ros/humble /usr/bin/cmake --build /home/furry/Desktop/ARES_simulation_master/build/simulation_bringup -- -j24 -l24
[0.561s] Invoking command in '/home/furry/Desktop/ARES_simulation_master/build/simulation_bringup': AMENT_PREFIX_PATH=/home/furry/Desktop/ARES_simulation_master/install/my_robot_description:${AMENT_PREFIX_PATH} CMAKE_PREFIX_PATH=/home/furry/Desktop/ARES_simulation_master/install/my_robot_description:/home/furry/Desktop/dog/install/myrobot_controller:/home/furry/Desktop/dog/install/my_robot_bringup:/home/furry/Desktop/dog/install/my_robot_description:/home/furry/Desktop/dog/install/laser_position:/home/furry/Desktop/dog/install/laser:/opt/ros/humble /usr/bin/cmake --install /home/furry/Desktop/ARES_simulation_master/build/simulation_bringup
[0.568s] -- Install configuration: ""
[0.568s] -- Execute custom install script
[0.568s] -- Symlinking: /home/furry/Desktop/ARES_simulation_master/install/simulation_bringup/share/simulation_bringup/launch/my_robot.launch.py
[0.578s] -- Symlinking: /home/furry/Desktop/ARES_simulation_master/install/simulation_bringup/share/simulation_bringup/launch/my_robot_gazebo.launch.xml
[0.587s] -- Symlinking: /home/furry/Desktop/ARES_simulation_master/install/simulation_bringup/share/simulation_bringup/launch/wheel_test.launch.py
[0.597s] -- Symlinking: /home/furry/Desktop/ARES_simulation_master/install/simulation_bringup/share/simulation_bringup/rviz/urdf_config.rviz
[0.604s] -- Symlinking: /home/furry/Desktop/ARES_simulation_master/install/simulation_bringup/share/simulation_bringup/src/robot_controller.py
[0.616s] -- Symlinking: /home/furry/Desktop/ARES_simulation_master/install/simulation_bringup/share/ament_index/resource_index/package_run_dependencies/simulation_bringup
[0.625s] -- Symlinking: /home/furry/Desktop/ARES_simulation_master/install/simulation_bringup/share/ament_index/resource_index/parent_prefix_path/simulation_bringup
[0.633s] -- Symlinking: /home/furry/Desktop/ARES_simulation_master/install/simulation_bringup/share/simulation_bringup/environment/ament_prefix_path.sh
[0.642s] -- Symlinking: /home/furry/Desktop/ARES_simulation_master/install/simulation_bringup/share/simulation_bringup/environment/ament_prefix_path.dsv
[0.651s] -- Symlinking: /home/furry/Desktop/ARES_simulation_master/install/simulation_bringup/share/simulation_bringup/environment/path.sh
[0.656s] -- Symlinking: /home/furry/Desktop/ARES_simulation_master/install/simulation_bringup/share/simulation_bringup/environment/path.dsv
[0.665s] -- Symlinking: /home/furry/Desktop/ARES_simulation_master/install/simulation_bringup/share/simulation_bringup/local_setup.bash
[0.673s] -- Symlinking: /home/furry/Desktop/ARES_simulation_master/install/simulation_bringup/share/simulation_bringup/local_setup.sh
[0.683s] -- Symlinking: /home/furry/Desktop/ARES_simulation_master/install/simulation_bringup/share/simulation_bringup/local_setup.zsh
[0.690s] -- Symlinking: /home/furry/Desktop/ARES_simulation_master/install/simulation_bringup/share/simulation_bringup/local_setup.dsv
[0.699s] -- Symlinking: /home/furry/Desktop/ARES_simulation_master/install/simulation_bringup/share/simulation_bringup/package.dsv
[0.705s] -- Symlinking: /home/furry/Desktop/ARES_simulation_master/install/simulation_bringup/share/ament_index/resource_index/packages/simulation_bringup
[0.714s] -- Symlinking: /home/furry/Desktop/ARES_simulation_master/install/simulation_bringup/share/simulation_bringup/cmake/simulation_bringupConfig.cmake
[0.721s] -- Symlinking: /home/furry/Desktop/ARES_simulation_master/install/simulation_bringup/share/simulation_bringup/cmake/simulation_bringupConfig-version.cmake
[0.727s] -- Symlinking: /home/furry/Desktop/ARES_simulation_master/install/simulation_bringup/share/simulation_bringup/package.xml
[0.738s] Invoked command in '/home/furry/Desktop/ARES_simulation_master/build/simulation_bringup' returned '0': AMENT_PREFIX_PATH=/home/furry/Desktop/ARES_simulation_master/install/my_robot_description:${AMENT_PREFIX_PATH} CMAKE_PREFIX_PATH=/home/furry/Desktop/ARES_simulation_master/install/my_robot_description:/home/furry/Desktop/dog/install/myrobot_controller:/home/furry/Desktop/dog/install/my_robot_bringup:/home/furry/Desktop/dog/install/my_robot_description:/home/furry/Desktop/dog/install/laser_position:/home/furry/Desktop/dog/install/laser:/opt/ros/humble /usr/bin/cmake --install /home/furry/Desktop/ARES_simulation_master/build/simulation_bringup
