[0.043s] Invoking command in '/home/fideow/ROBOCON25_simulation-master/src/build/my_robot_description': CMAKE_PREFIX_PATH=${CMAKE_PREFIX_PATH}:/opt/ros/humble /usr/bin/cmake --build /home/fideow/ROBOCON25_simulation-master/src/build/my_robot_description -- -j8 -l8
[0.969s] Invoked command in '/home/fideow/ROBOCON25_simulation-master/src/build/my_robot_description' returned '0': CMAKE_PREFIX_PATH=${CMAKE_PREFIX_PATH}:/opt/ros/humble /usr/bin/cmake --build /home/fideow/ROBOCON25_simulation-master/src/build/my_robot_description -- -j8 -l8
[0.970s] Invoking command in '/home/fideow/ROBOCON25_simulation-master/src/build/my_robot_description': CMAKE_PREFIX_PATH=${CMAKE_PREFIX_PATH}:/opt/ros/humble /usr/bin/cmake --install /home/fideow/ROBOCON25_simulation-master/src/build/my_robot_description
[1.012s] -- Install configuration: ""
[1.012s] -- Up-to-date: /home/fideow/ROBOCON25_simulation-master/src/install/my_robot_description/share/my_robot_description//worlds
[1.012s] -- Up-to-date: /home/fideow/ROBOCON25_simulation-master/src/install/my_robot_description/share/my_robot_description//worlds/basketball.world
[1.012s] -- Up-to-date: /home/fideow/ROBOCON25_simulation-master/src/install/my_robot_description/share/my_robot_description//worlds/new_vision.world
[1.012s] -- Up-to-date: /home/fideow/ROBOCON25_simulation-master/src/install/my_robot_description/share/my_robot_description//worlds/robocon25.world
[1.012s] -- Up-to-date: /home/fideow/ROBOCON25_simulation-master/src/install/my_robot_description/share/my_robot_description//models
[1.012s] -- Up-to-date: /home/fideow/ROBOCON25_simulation-master/src/install/my_robot_description/share/my_robot_description//models/hoop1
[1.012s] -- Up-to-date: /home/fideow/ROBOCON25_simulation-master/src/install/my_robot_description/share/my_robot_description//models/hoop1/model.dae
[1.012s] -- Up-to-date: /home/fideow/ROBOCON25_simulation-master/src/install/my_robot_description/share/my_robot_description//models/hoop1/hoop.sdf
[1.012s] -- Up-to-date: /home/fideow/ROBOCON25_simulation-master/src/install/my_robot_description/share/my_robot_description//models/hoop1/model.config
[1.012s] -- Up-to-date: /home/fideow/ROBOCON25_simulation-master/src/install/my_robot_description/share/my_robot_description//models/hoop1/model
[1.012s] -- Up-to-date: /home/fideow/ROBOCON25_simulation-master/src/install/my_robot_description/share/my_robot_description//models/hoop1/model/model.config
[1.013s] -- Up-to-date: /home/fideow/ROBOCON25_simulation-master/src/install/my_robot_description/share/my_robot_description//models/hoop1/model/BB2140.jpg
[1.013s] -- Up-to-date: /home/fideow/ROBOCON25_simulation-master/src/install/my_robot_description/share/my_robot_description//models/basketball
[1.013s] -- Up-to-date: /home/fideow/ROBOCON25_simulation-master/src/install/my_robot_description/share/my_robot_description//models/basketball/model.dae
[1.013s] -- Up-to-date: /home/fideow/ROBOCON25_simulation-master/src/install/my_robot_description/share/my_robot_description//models/basketball/basketball.sdf
[1.013s] -- Up-to-date: /home/fideow/ROBOCON25_simulation-master/src/install/my_robot_description/share/my_robot_description//models/basketball/model.config
[1.013s] -- Up-to-date: /home/fideow/ROBOCON25_simulation-master/src/install/my_robot_description/share/my_robot_description//models/model.config
[1.013s] -- Up-to-date: /home/fideow/ROBOCON25_simulation-master/src/install/my_robot_description/share/my_robot_description//models/RoboCon25_Field
[1.013s] -- Up-to-date: /home/fideow/ROBOCON25_simulation-master/src/install/my_robot_description/share/my_robot_description//models/RoboCon25_Field/materials
[1.013s] -- Up-to-date: /home/fideow/ROBOCON25_simulation-master/src/install/my_robot_description/share/my_robot_description//models/RoboCon25_Field/materials/textures
[1.013s] -- Up-to-date: /home/fideow/ROBOCON25_simulation-master/src/install/my_robot_description/share/my_robot_description//models/RoboCon25_Field/materials/textures/carpet.jpg
[1.013s] -- Up-to-date: /home/fideow/ROBOCON25_simulation-master/src/install/my_robot_description/share/my_robot_description//models/RoboCon25_Field/materials/textures/lines.png
[1.013s] -- Up-to-date: /home/fideow/ROBOCON25_simulation-master/src/install/my_robot_description/share/my_robot_description//models/RoboCon25_Field/materials/scripts
[1.013s] -- Up-to-date: /home/fideow/ROBOCON25_simulation-master/src/install/my_robot_description/share/my_robot_description//models/RoboCon25_Field/materials/scripts/robocon25_field.material
[1.014s] -- Up-to-date: /home/fideow/ROBOCON25_simulation-master/src/install/my_robot_description/share/my_robot_description//models/RoboCon25_Field/model.config
[1.014s] -- Up-to-date: /home/fideow/ROBOCON25_simulation-master/src/install/my_robot_description/share/my_robot_description//models/RoboCon25_Field/model.sdf
[1.014s] -- Up-to-date: /home/fideow/ROBOCON25_simulation-master/src/install/my_robot_description/share/my_robot_description//models/hoop2
[1.019s] -- Up-to-date: /home/fideow/ROBOCON25_simulation-master/src/install/my_robot_description/share/my_robot_description//models/hoop2/model.dae
[1.019s] -- Up-to-date: /home/fideow/ROBOCON25_simulation-master/src/install/my_robot_description/share/my_robot_description//models/hoop2/hoop.sdf
[1.019s] -- Up-to-date: /home/fideow/ROBOCON25_simulation-master/src/install/my_robot_description/share/my_robot_description//models/hoop2/model.config
[1.019s] -- Up-to-date: /home/fideow/ROBOCON25_simulation-master/src/install/my_robot_description/share/my_robot_description//models/hoop2/model
[1.020s] -- Up-to-date: /home/fideow/ROBOCON25_simulation-master/src/install/my_robot_description/share/my_robot_description//models/hoop2/model/model.config
[1.020s] -- Up-to-date: /home/fideow/ROBOCON25_simulation-master/src/install/my_robot_description/share/my_robot_description//models/hoop2/model/BB2140.jpg
[1.020s] -- Up-to-date: /home/fideow/ROBOCON25_simulation-master/src/install/my_robot_description/share/my_robot_description//models/hoopC
[1.020s] -- Up-to-date: /home/fideow/ROBOCON25_simulation-master/src/install/my_robot_description/share/my_robot_description//models/hoopC/model.dae
[1.020s] -- Up-to-date: /home/fideow/ROBOCON25_simulation-master/src/install/my_robot_description/share/my_robot_description//models/hoopC/model.config
[1.020s] -- Up-to-date: /home/fideow/ROBOCON25_simulation-master/src/install/my_robot_description/share/my_robot_description//models/robot.model
[1.020s] -- Up-to-date: /home/fideow/ROBOCON25_simulation-master/src/install/my_robot_description/share/my_robot_description//urdf
[1.020s] -- Up-to-date: /home/fideow/ROBOCON25_simulation-master/src/install/my_robot_description/share/my_robot_description//urdf/common_inertia.xacro
[1.020s] -- Up-to-date: /home/fideow/ROBOCON25_simulation-master/src/install/my_robot_description/share/my_robot_description//urdf/myrobot_ros2_control.xacro
[1.020s] -- Up-to-date: /home/fideow/ROBOCON25_simulation-master/src/install/my_robot_description/share/my_robot_description//urdf/my_robot.urdf.xacro
[1.020s] -- Up-to-date: /home/fideow/ROBOCON25_simulation-master/src/install/my_robot_description/share/my_robot_description//urdf/color.xacro
[1.020s] -- Up-to-date: /home/fideow/ROBOCON25_simulation-master/src/install/my_robot_description/share/my_robot_description//urdf/舵轮底盘0.csv
[1.020s] -- Up-to-date: /home/fideow/ROBOCON25_simulation-master/src/install/my_robot_description/share/my_robot_description//urdf/my_robot.urdf_bak.xacro
[1.021s] -- Up-to-date: /home/fideow/ROBOCON25_simulation-master/src/install/my_robot_description/share/my_robot_description//urdf/my_robot.urdf1.xacro
[1.021s] -- Up-to-date: /home/fideow/ROBOCON25_simulation-master/src/install/my_robot_description/share/my_robot_description//urdf/actuator
[1.021s] -- Up-to-date: /home/fideow/ROBOCON25_simulation-master/src/install/my_robot_description/share/my_robot_description//urdf/actuator/wheel.urdf.xacro
[1.021s] -- Up-to-date: /home/fideow/ROBOCON25_simulation-master/src/install/my_robot_description/share/my_robot_description//urdf/my_robot.urdf_bak1.xacro
[1.021s] -- Up-to-date: /home/fideow/ROBOCON25_simulation-master/src/install/my_robot_description/share/my_robot_description//urdf/plugin
[1.021s] -- Up-to-date: /home/fideow/ROBOCON25_simulation-master/src/install/my_robot_description/share/my_robot_description//urdf/plugin/laser_plugin_single.xacro
[1.021s] -- Up-to-date: /home/fideow/ROBOCON25_simulation-master/src/install/my_robot_description/share/my_robot_description//urdf/plugin/imu_plugin copy.xacro
[1.021s] -- Up-to-date: /home/fideow/ROBOCON25_simulation-master/src/install/my_robot_description/share/my_robot_description//urdf/plugin/imu_plugin.xacro
[1.021s] -- Up-to-date: /home/fideow/ROBOCON25_simulation-master/src/install/my_robot_description/share/my_robot_description//urdf/plugin/laser_plugin.xacro
[1.021s] -- Up-to-date: /home/fideow/ROBOCON25_simulation-master/src/install/my_robot_description/share/my_robot_description//urdf/sensor
[1.021s] -- Up-to-date: /home/fideow/ROBOCON25_simulation-master/src/install/my_robot_description/share/my_robot_description//urdf/sensor/laser.urdf.xacro
[1.021s] -- Up-to-date: /home/fideow/ROBOCON25_simulation-master/src/install/my_robot_description/share/my_robot_description//urdf/sensor/laser_single.urdf.xacro
[1.021s] -- Up-to-date: /home/fideow/ROBOCON25_simulation-master/src/install/my_robot_description/share/my_robot_description//urdf/sensor/imu.urdf.xacro
[1.022s] -- Up-to-date: /home/fideow/ROBOCON25_simulation-master/src/install/my_robot_description/share/my_robot_description//urdf/sensor/imu.urdf copy.xacro
[1.022s] -- Up-to-date: /home/fideow/ROBOCON25_simulation-master/src/install/my_robot_description/share/my_robot_description//launch
[1.022s] -- Up-to-date: /home/fideow/ROBOCON25_simulation-master/src/install/my_robot_description/share/my_robot_description//launch/load_world.launch.xml
[1.022s] -- Up-to-date: /home/fideow/ROBOCON25_simulation-master/src/install/my_robot_description/share/my_robot_description//launch/load_world.launch.py
[1.022s] -- Up-to-date: /home/fideow/ROBOCON25_simulation-master/src/install/my_robot_description/share/my_robot_description//launch/display.launch.xml
[1.026s] -- Up-to-date: /home/fideow/ROBOCON25_simulation-master/src/install/my_robot_description/share/my_robot_description//launch/control.launch.py
[1.026s] -- Up-to-date: /home/fideow/ROBOCON25_simulation-master/src/install/my_robot_description/share/my_robot_description//rviz
[1.026s] -- Up-to-date: /home/fideow/ROBOCON25_simulation-master/src/install/my_robot_description/share/my_robot_description//rviz/urdf_config.rviz
[1.026s] -- Up-to-date: /home/fideow/ROBOCON25_simulation-master/src/install/my_robot_description/share/my_robot_description//meshes
[1.026s] -- Up-to-date: /home/fideow/ROBOCON25_simulation-master/src/install/my_robot_description/share/my_robot_description//meshes/wheel1_1.STL
[1.026s] -- Up-to-date: /home/fideow/ROBOCON25_simulation-master/src/install/my_robot_description/share/my_robot_description//meshes/base_link.STL
[1.026s] -- Up-to-date: /home/fideow/ROBOCON25_simulation-master/src/install/my_robot_description/share/my_robot_description//meshes/wheel3.STL
[1.026s] -- Up-to-date: /home/fideow/ROBOCON25_simulation-master/src/install/my_robot_description/share/my_robot_description//meshes/wheel1.STL
[1.026s] -- Up-to-date: /home/fideow/ROBOCON25_simulation-master/src/install/my_robot_description/share/my_robot_description//meshes/wheel2_2.STL
[1.027s] -- Up-to-date: /home/fideow/ROBOCON25_simulation-master/src/install/my_robot_description/share/my_robot_description//meshes/wheel3_3.STL
[1.027s] -- Up-to-date: /home/fideow/ROBOCON25_simulation-master/src/install/my_robot_description/share/my_robot_description//meshes/wheel2.STL
[1.027s] -- Up-to-date: /home/fideow/ROBOCON25_simulation-master/src/install/my_robot_description/share/my_robot_description//config
[1.027s] -- Up-to-date: /home/fideow/ROBOCON25_simulation-master/src/install/my_robot_description/share/my_robot_description//config/joint_names_舵轮底盘0.yaml
[1.027s] -- Up-to-date: /home/fideow/ROBOCON25_simulation-master/src/install/my_robot_description/share/ament_index/resource_index/package_run_dependencies/my_robot_description
[1.027s] -- Up-to-date: /home/fideow/ROBOCON25_simulation-master/src/install/my_robot_description/share/ament_index/resource_index/parent_prefix_path/my_robot_description
[1.027s] -- Up-to-date: /home/fideow/ROBOCON25_simulation-master/src/install/my_robot_description/share/my_robot_description/environment/ament_prefix_path.sh
[1.027s] -- Up-to-date: /home/fideow/ROBOCON25_simulation-master/src/install/my_robot_description/share/my_robot_description/environment/ament_prefix_path.dsv
[1.027s] -- Up-to-date: /home/fideow/ROBOCON25_simulation-master/src/install/my_robot_description/share/my_robot_description/environment/path.sh
[1.027s] -- Up-to-date: /home/fideow/ROBOCON25_simulation-master/src/install/my_robot_description/share/my_robot_description/environment/path.dsv
[1.027s] -- Up-to-date: /home/fideow/ROBOCON25_simulation-master/src/install/my_robot_description/share/my_robot_description/local_setup.bash
[1.027s] -- Up-to-date: /home/fideow/ROBOCON25_simulation-master/src/install/my_robot_description/share/my_robot_description/local_setup.sh
[1.027s] -- Up-to-date: /home/fideow/ROBOCON25_simulation-master/src/install/my_robot_description/share/my_robot_description/local_setup.zsh
[1.028s] -- Up-to-date: /home/fideow/ROBOCON25_simulation-master/src/install/my_robot_description/share/my_robot_description/local_setup.dsv
[1.028s] -- Installing: /home/fideow/ROBOCON25_simulation-master/src/install/my_robot_description/share/my_robot_description/package.dsv
[1.028s] -- Up-to-date: /home/fideow/ROBOCON25_simulation-master/src/install/my_robot_description/share/ament_index/resource_index/packages/my_robot_description
[1.028s] -- Up-to-date: /home/fideow/ROBOCON25_simulation-master/src/install/my_robot_description/share/my_robot_description/cmake/my_robot_descriptionConfig.cmake
[1.028s] -- Up-to-date: /home/fideow/ROBOCON25_simulation-master/src/install/my_robot_description/share/my_robot_description/cmake/my_robot_descriptionConfig-version.cmake
[1.028s] -- Up-to-date: /home/fideow/ROBOCON25_simulation-master/src/install/my_robot_description/share/my_robot_description/package.xml
[1.060s] Invoked command in '/home/fideow/ROBOCON25_simulation-master/src/build/my_robot_description' returned '0': CMAKE_PREFIX_PATH=${CMAKE_PREFIX_PATH}:/opt/ros/humble /usr/bin/cmake --install /home/fideow/ROBOCON25_simulation-master/src/build/my_robot_description
